#
# A fatal error has been detected by the Java Runtime Environment:
#
#  SIGSEGV (0xb) at pc=0x00007fbe9e7147d0, pid=3334, tid=0x00007fbe8464d700
#
# JRE version: Java(TM) SE Runtime Environment (8.0_101-b13) (build 1.8.0_101-b13)
# Java VM: Java HotSpot(TM) 64-Bit Server VM (25.101-b13 mixed mode linux-amd64 compressed oops)
# Problematic frame:
# V  [libjvm.so+0x8187d0]  PhaseIdealLoop::build_loop_late(VectorSet&, Node_List&, Node_Stack&)+0x180
#
# Failed to write core dump. Core dumps have been disabled. To enable core dumping, try "ulimit -c unlimited" before starting Java again
#
# If you would like to submit a bug report, please visit:
#   http://bugreport.java.com/bugreport/crash.jsp
#

---------------  T H R E A D  ---------------

Current thread (0x00007fbe980b8000):  JavaThread "C2 CompilerThread0" daemon [_thread_in_native, id=3346, stack(0x00007fbe8454d000,0x00007fbe8464e000)]

siginfo: si_signo: 11 (SIGSEGV), si_code: 1 (SEGV_MAPERR), si_addr: 0x0000000000000000

Registers:
RAX=0x0000000000000000, RBX=0x00007fbe84648450, RCX=0x0000000000000068, RDX=0x0000000000000068
RSP=0x00007fbe84648170, RBP=0x00007fbe846481c0, RSI=0x00007fbe8464a410, RDI=0x0000000000000161
R8 =0x00007fbe9eeaf760, R9 =0x0000000010000002, R10=0x00007fbe5d073a68, R11=0x0000000000000000
R12=0x00007fbe5c478388, R13=0x00007fbe84648490, R14=0x0000000000000003, R15=0x0000000000000e22
RIP=0x00007fbe9e7147d0, EFLAGS=0x0000000000010202, CSGSFS=0x0000000000000033, ERR=0x0000000000000004
  TRAPNO=0x000000000000000e

Top of Stack: (sp=0x00007fbe84648170)
0x00007fbe84648170:   00007fbe10000002 00007fbe5c478ac8
0x00007fbe84648180:   00007fbe84648470 00007fbe8464a410
0x00007fbe84648190:   00007fbe8464adc8 0000000000000001
0x00007fbe846481a0:   00007fbe545a9410 00007fbe8464a410
0x00007fbe846481b0:   00007fbe84648470 00007fbe980b8b70
0x00007fbe846481c0:   00007fbe846484e0 00007fbe9e7173a5
0x00007fbe846481d0:   00007fbe846481e0 00007fbe84648490
0x00007fbe846481e0:   00007fbe84648450 01007fbe9e978e6d
0x00007fbe846481f0:   00007fbe8464a430 00007fbe00000004
0x00007fbe84648200:   00007fbe980b8b70 00007fbe00000004
0x00007fbe84648210:   00007fbe547385d0 00007fbe00000000
0x00007fbe84648220:   dc69023d00000000 00007fbe5c00aca0
0x00007fbe84648230:   00007fbe542096a0 00007fbe5c0fc0a0
0x00007fbe84648240:   00007fbe9ee82640 00007fbe846499c0
0x00007fbe84648250:   00007fbe0000007b 0000000000020010
0x00007fbe84648260:   00007fbe846482d0 00007fbe5c690298
0x00007fbe84648270:   00007fbe5c00aca0 00007fbe5c690298
0x00007fbe84648280:   ffff80417b9b7d31 00007fbe846482cf
0x00007fbe84648290:   0000000000000800 0000083000002002
0x00007fbe846482a0:   0000000000000100 0000000000000020
0x00007fbe846482b0:   0000008e0000015b 0000000000000004
0x00007fbe846482c0:   0000000000000000 0000007c0000007b
0x00007fbe846482d0:   00007fbe9ea576e0 00007fbe9e97b384
0x00007fbe846482e0:   00007fbe542096a0 0000000000000001
0x00007fbe846482f0:   0000000088ca6bff 00007fbe5c000020
0x00007fbe84648300:   0000000000020010 0000000000020010
0x00007fbe84648310:   0000000000000000 0000000000000000
0x00007fbe84648320:   00007fbe84648390 00007fbe9ef6d5a4
0x00007fbe84648330:   0000000000000001 00007fbe9ee81158
0x00007fbe84648340:   00007fbe84648380 00007fbe9e8173c5
0x00007fbe84648350:   0000000c5c00aca0 00007fbe84648390
0x00007fbe84648360:   0000000000020010 00007fbe84648390 

Instructions: (pc=0x00007fbe9e7147d0)
0x00007fbe9e7147b0:   e9 3f ff ff ff 0f 1f 00 48 89 d6 89 ca 48 8b 46
0x00007fbe9e7147c0:   30 48 83 3c d0 00 0f 84 52 ff ff ff 49 8b 40 08
0x00007fbe9e7147d0:   48 83 38 00 0f 84 87 00 00 00 49 8b 00 4c 89 c7
0x00007fbe9e7147e0:   4c 89 45 b8 44 89 4d b0 ff 50 10 84 c0 4c 8b 45 

Register to memory mapping:

RAX=0x0000000000000000 is an unknown value
RBX=0x00007fbe84648450 is pointing into the stack for thread: 0x00007fbe980b8000
RCX=0x0000000000000068 is an unknown value
RDX=0x0000000000000068 is an unknown value
RSP=0x00007fbe84648170 is pointing into the stack for thread: 0x00007fbe980b8000
RBP=0x00007fbe846481c0 is pointing into the stack for thread: 0x00007fbe980b8000
RSI=0x00007fbe8464a410 is pointing into the stack for thread: 0x00007fbe980b8000
RDI=0x0000000000000161 is an unknown value
R8 =0x00007fbe9eeaf760: <offset 0xfb3760> in /usr/lib/jvm/java-8-oracle/jre/lib/amd64/server/libjvm.so at 0x00007fbe9defc000
R9 =0x0000000010000002 is an unknown value
R10=0x00007fbe5d073a68 is an unknown value
R11=0x0000000000000000 is an unknown value
R12=0x00007fbe5c478388 is an unknown value
R13=0x00007fbe84648490 is pointing into the stack for thread: 0x00007fbe980b8000
R14=0x0000000000000003 is an unknown value
R15=0x0000000000000e22 is an unknown value


Stack: [0x00007fbe8454d000,0x00007fbe8464e000],  sp=0x00007fbe84648170,  free space=1004k
Native frames: (J=compiled Java code, j=interpreted, Vv=VM code, C=native code)
V  [libjvm.so+0x8187d0]  PhaseIdealLoop::build_loop_late(VectorSet&, Node_List&, Node_Stack&)+0x180
V  [libjvm.so+0x81b3a5]  PhaseIdealLoop::build_and_optimize(bool, bool)+0x835
V  [libjvm.so+0x4a25f0]  Compile::Optimize()+0xbe0
V  [libjvm.so+0x4a684b]  Compile::Compile(ciEnv*, C2Compiler*, ciMethod*, int, bool, bool, bool)+0x13cb
V  [libjvm.so+0x3f20a8]  C2Compiler::compile_method(ciEnv*, ciMethod*, int)+0x198
V  [libjvm.so+0x4af61a]  CompileBroker::invoke_compiler_on_method(CompileTask*)+0xc9a
V  [libjvm.so+0x4b05c6]  CompileBroker::compiler_thread_loop()+0x5d6
V  [libjvm.so+0xa7343f]  JavaThread::thread_main_inner()+0xdf
V  [libjvm.so+0xa7356c]  JavaThread::run()+0x11c
V  [libjvm.so+0x924698]  java_start(Thread*)+0x108
C  [libpthread.so.0+0x76fa]  start_thread+0xca


Current CompileTask:
C2:  27299 5228       4       org.codehaus.groovy.runtime.metaclass.MetaMethodIndex::addMethodToList (290 bytes)


---------------  P R O C E S S  ---------------

Java Threads: ( => current thread )
  0x00007fbe309f6800 JavaThread "File lock request listener" [_thread_in_native, id=3372, stack(0x00007fbe514c2000,0x00007fbe515c3000)]
  0x00007fbe3063d800 JavaThread "process reaper" daemon [_thread_blocked, id=3371, stack(0x00007fbe517c3000,0x00007fbe517fc000)]
  0x00007fbe30005800 JavaThread "Stdin handler" [_thread_blocked, id=3365, stack(0x00007fbe52276000,0x00007fbe52377000)]
  0x00007fbe30010800 JavaThread "Asynchronous log dispatcher for org.gradle.launcher.daemon.server.DefaultDaemonConnection@4fe72dd7" [_thread_blocked, id=3364, stack(0x00007fbe52377000,0x00007fbe52478000)]
  0x00007fbe44007000 JavaThread "Daemon worker" [_thread_in_Java, id=3361, stack(0x00007fbe52478000,0x00007fbe52579000)]
  0x00007fbe4400c800 JavaThread "Cancel handler" [_thread_blocked, id=3360, stack(0x00007fbe52579000,0x00007fbe5267a000)]
  0x00007fbe44003800 JavaThread "Handler for socket connection from /127.0.0.1:35893 to /127.0.0.1:39562" [_thread_in_native, id=3359, stack(0x00007fbe5267a000,0x00007fbe5277b000)]
  0x00007fbe40015800 JavaThread "Daemon" [_thread_blocked, id=3358, stack(0x00007fbe5277b000,0x00007fbe5287c000)]
  0x00007fbe98b3b000 JavaThread "Incoming local TCP Connector on port 35893" [_thread_in_native, id=3356, stack(0x00007fbe52a83000,0x00007fbe52b84000)]
  0x00007fbe98b1e000 JavaThread "pool-1-thread-1" [_thread_blocked, id=3355, stack(0x00007fbe52b84000,0x00007fbe52c85000)]
  0x00007fbe980c0000 JavaThread "Service Thread" daemon [_thread_blocked, id=3349, stack(0x00007fbe8424a000,0x00007fbe8434b000)]
  0x00007fbe980bd000 JavaThread "C1 CompilerThread2" daemon [_thread_blocked, id=3348, stack(0x00007fbe8434b000,0x00007fbe8444c000)]
  0x00007fbe980bb000 JavaThread "C2 CompilerThread1" daemon [_thread_in_native, id=3347, stack(0x00007fbe8444c000,0x00007fbe8454d000)]
=>0x00007fbe980b8000 JavaThread "C2 CompilerThread0" daemon [_thread_in_native, id=3346, stack(0x00007fbe8454d000,0x00007fbe8464e000)]
  0x00007fbe980b7000 JavaThread "Signal Dispatcher" daemon [_thread_blocked, id=3345, stack(0x00007fbe8464e000,0x00007fbe8474f000)]
  0x00007fbe98084000 JavaThread "Finalizer" daemon [_thread_blocked, id=3344, stack(0x00007fbe8510e000,0x00007fbe8520f000)]
  0x00007fbe9807f800 JavaThread "Reference Handler" daemon [_thread_blocked, id=3343, stack(0x00007fbe8520f000,0x00007fbe85310000)]
  0x00007fbe9800a000 JavaThread "main" [_thread_blocked, id=3336, stack(0x00007fbe9f9ef000,0x00007fbe9faf0000)]

Other Threads:
  0x00007fbe98077800 VMThread [stack: 0x00007fbe85310000,0x00007fbe85411000] [id=3342]
  0x00007fbe980c3000 WatcherThread [stack: 0x00007fbe84149000,0x00007fbe8424a000] [id=3350]

VM state:not at safepoint (normal execution)

VM Mutex/Monitor currently owned by a thread: None

Heap:
 PSYoungGen      total 117760K, used 29207K [0x00000000eab00000, 0x00000000f2e80000, 0x0000000100000000)
  eden space 104960K, 15% used [0x00000000eab00000,0x00000000ebb332f0,0x00000000f1180000)
  from space 12800K, 98% used [0x00000000f1f80000,0x00000000f2bd2a50,0x00000000f2c00000)
  to   space 14336K, 0% used [0x00000000f1180000,0x00000000f1180000,0x00000000f1f80000)
 ParOldGen       total 97280K, used 19023K [0x00000000c0000000, 0x00000000c5f00000, 0x00000000eab00000)
  object space 97280K, 19% used [0x00000000c0000000,0x00000000c1293ca8,0x00000000c5f00000)
 Metaspace       used 43721K, capacity 44532K, committed 44800K, reserved 1087488K
  class space    used 6090K, capacity 6297K, committed 6400K, reserved 1048576K

Card table byte_map: [0x00007fbe9c594000,0x00007fbe9c795000] byte_map_base: 0x00007fbe9bf94000

Marking Bits: (ParMarkBitMap*) 0x00007fbe9eebd120
 Begin Bits: [0x00007fbe87000000, 0x00007fbe88000000)
 End Bits:   [0x00007fbe88000000, 0x00007fbe89000000)

Polling page: 0x00007fbe9fb0c000

CodeCache: size=245760Kb used=17317Kb max_used=17317Kb free=228442Kb
 bounds [0x00007fbe89000000, 0x00007fbe8a110000, 0x00007fbe98000000]
 total_blobs=5501 nmethods=4807 adapters=606
 compilation: enabled

Compilation events (10 events):
Event: 27.277 Thread 0x00007fbe980bd000 5283       3       org.gradle.internal.metaobject.BeanDynamicObject::getProperty (10 bytes)
Event: 27.277 Thread 0x00007fbe980bd000 nmethod 5283 0x00007fbe8985e4d0 code [0x00007fbe8985e640, 0x00007fbe8985e848]
Event: 27.277 Thread 0x00007fbe980bd000 5284   !   3       org.gradle.internal.metaobject.BeanDynamicObject$MetaClassAdapter::getProperty (242 bytes)
Event: 27.279 Thread 0x00007fbe980bd000 nmethod 5284 0x00007fbe89821fd0 code [0x00007fbe898222c0, 0x00007fbe89824028]
Event: 27.279 Thread 0x00007fbe980bd000 5285       3       org.codehaus.groovy.runtime.metaclass.MetaMethodIndex::copyNonPrivateMethods (24 bytes)
Event: 27.280 Thread 0x00007fbe980bd000 nmethod 5285 0x00007fbe89821a90 code [0x00007fbe89821c00, 0x00007fbe89821e68]
Event: 27.294 Thread 0x00007fbe980bd000 5286       3       org.gradle.internal.metaobject.CompositeDynamicObject::getProperty (49 bytes)
Event: 27.294 Thread 0x00007fbe980bd000 nmethod 5286 0x00007fbe898213d0 code [0x00007fbe89821560, 0x00007fbe898218e8]
Event: 27.295 Thread 0x00007fbe980bd000 5287       3       org.gradle.internal.metaobject.GetPropertyResult::<init> (5 bytes)
Event: 27.295 Thread 0x00007fbe980bd000 nmethod 5287 0x00007fbe89821010 code [0x00007fbe89821180, 0x00007fbe89821330]

GC Heap History (10 events):
Event: 19.922 GC heap before
{Heap before GC invocations=10 (full 1):
 PSYoungGen      total 76288K, used 71383K [0x00000000eab00000, 0x00000000eff80000, 0x0000000100000000)
  eden space 66048K, 100% used [0x00000000eab00000,0x00000000eeb80000,0x00000000eeb80000)
  from space 10240K, 52% used [0x00000000ef580000,0x00000000efab5fb8,0x00000000eff80000)
  to   space 10240K, 0% used [0x00000000eeb80000,0x00000000eeb80000,0x00000000ef580000)
 ParOldGen       total 63488K, used 9468K [0x00000000c0000000, 0x00000000c3e00000, 0x00000000eab00000)
  object space 63488K, 14% used [0x00000000c0000000,0x00000000c093f088,0x00000000c3e00000)
 Metaspace       used 32979K, capacity 33506K, committed 33664K, reserved 1079296K
  class space    used 4553K, capacity 4696K, committed 4736K, reserved 1048576K
Event: 19.954 GC heap after
Heap after GC invocations=10 (full 1):
 PSYoungGen      total 76288K, used 10232K [0x00000000eab00000, 0x00000000f1580000, 0x0000000100000000)
  eden space 66048K, 0% used [0x00000000eab00000,0x00000000eab00000,0x00000000eeb80000)
  from space 10240K, 99% used [0x00000000eeb80000,0x00000000ef57e230,0x00000000ef580000)
  to   space 11264K, 0% used [0x00000000f0a80000,0x00000000f0a80000,0x00000000f1580000)
 ParOldGen       total 63488K, used 9813K [0x00000000c0000000, 0x00000000c3e00000, 0x00000000eab00000)
  object space 63488K, 15% used [0x00000000c0000000,0x00000000c0995558,0x00000000c3e00000)
 Metaspace       used 32979K, capacity 33506K, committed 33664K, reserved 1079296K
  class space    used 4553K, capacity 4696K, committed 4736K, reserved 1048576K
}
Event: 21.124 GC heap before
{Heap before GC invocations=11 (full 1):
 PSYoungGen      total 76288K, used 47440K [0x00000000eab00000, 0x00000000f1580000, 0x0000000100000000)
  eden space 66048K, 56% used [0x00000000eab00000,0x00000000ecf56120,0x00000000eeb80000)
  from space 10240K, 99% used [0x00000000eeb80000,0x00000000ef57e230,0x00000000ef580000)
  to   space 11264K, 0% used [0x00000000f0a80000,0x00000000f0a80000,0x00000000f1580000)
 ParOldGen       total 63488K, used 9813K [0x00000000c0000000, 0x00000000c3e00000, 0x00000000eab00000)
  object space 63488K, 15% used [0x00000000c0000000,0x00000000c0995558,0x00000000c3e00000)
 Metaspace       used 34817K, capacity 35418K, committed 35456K, reserved 1079296K
  class space    used 4847K, capacity 4991K, committed 4992K, reserved 1048576K
Event: 21.141 GC heap after
Heap after GC invocations=11 (full 1):
 PSYoungGen      total 95744K, used 11234K [0x00000000eab00000, 0x00000000f1b00000, 0x0000000100000000)
  eden space 84480K, 0% used [0x00000000eab00000,0x00000000eab00000,0x00000000efd80000)
  from space 11264K, 99% used [0x00000000f0a80000,0x00000000f1578aa8,0x00000000f1580000)
  to   space 13312K, 0% used [0x00000000efd80000,0x00000000efd80000,0x00000000f0a80000)
 ParOldGen       total 63488K, used 10786K [0x00000000c0000000, 0x00000000c3e00000, 0x00000000eab00000)
  object space 63488K, 16% used [0x00000000c0000000,0x00000000c0a888b0,0x00000000c3e00000)
 Metaspace       used 34817K, capacity 35418K, committed 35456K, reserved 1079296K
  class space    used 4847K, capacity 4991K, committed 4992K, reserved 1048576K
}
Event: 21.141 GC heap before
{Heap before GC invocations=12 (full 2):
 PSYoungGen      total 95744K, used 11234K [0x00000000eab00000, 0x00000000f1b00000, 0x0000000100000000)
  eden space 84480K, 0% used [0x00000000eab00000,0x00000000eab00000,0x00000000efd80000)
  from space 11264K, 99% used [0x00000000f0a80000,0x00000000f1578aa8,0x00000000f1580000)
  to   space 13312K, 0% used [0x00000000efd80000,0x00000000efd80000,0x00000000f0a80000)
 ParOldGen       total 63488K, used 10786K [0x00000000c0000000, 0x00000000c3e00000, 0x00000000eab00000)
  object space 63488K, 16% used [0x00000000c0000000,0x00000000c0a888b0,0x00000000c3e00000)
 Metaspace       used 34817K, capacity 35418K, committed 35456K, reserved 1079296K
  class space    used 4847K, capacity 4991K, committed 4992K, reserved 1048576K
Event: 21.282 GC heap after
Heap after GC invocations=12 (full 2):
 PSYoungGen      total 95744K, used 0K [0x00000000eab00000, 0x00000000f1b00000, 0x0000000100000000)
  eden space 84480K, 0% used [0x00000000eab00000,0x00000000eab00000,0x00000000efd80000)
  from space 11264K, 0% used [0x00000000f0a80000,0x00000000f0a80000,0x00000000f1580000)
  to   space 13312K, 0% used [0x00000000efd80000,0x00000000efd80000,0x00000000f0a80000)
 ParOldGen       total 97280K, used 18943K [0x00000000c0000000, 0x00000000c5f00000, 0x00000000eab00000)
  object space 97280K, 19% used [0x00000000c0000000,0x00000000c127fc98,0x00000000c5f00000)
 Metaspace       used 34817K, capacity 35418K, committed 35456K, reserved 1079296K
  class space    used 4847K, capacity 4991K, committed 4992K, reserved 1048576K
}
Event: 23.838 GC heap before
{Heap before GC invocations=13 (full 2):
 PSYoungGen      total 95744K, used 84480K [0x00000000eab00000, 0x00000000f1b00000, 0x0000000100000000)
  eden space 84480K, 100% used [0x00000000eab00000,0x00000000efd80000,0x00000000efd80000)
  from space 11264K, 0% used [0x00000000f0a80000,0x00000000f0a80000,0x00000000f1580000)
  to   space 13312K, 0% used [0x00000000efd80000,0x00000000efd80000,0x00000000f0a80000)
 ParOldGen       total 97280K, used 18943K [0x00000000c0000000, 0x00000000c5f00000, 0x00000000eab00000)
  object space 97280K, 19% used [0x00000000c0000000,0x00000000c127fc98,0x00000000c5f00000)
 Metaspace       used 39073K, capacity 39738K, committed 39808K, reserved 1083392K
  class space    used 5353K, capacity 5503K, committed 5504K, reserved 1048576K
Event: 23.846 GC heap after
Heap after GC invocations=13 (full 2):
 PSYoungGen      total 97792K, used 6472K [0x00000000eab00000, 0x00000000f2c00000, 0x0000000100000000)
  eden space 84480K, 0% used [0x00000000eab00000,0x00000000eab00000,0x00000000efd80000)
  from space 13312K, 48% used [0x00000000efd80000,0x00000000f03d2390,0x00000000f0a80000)
  to   space 12800K, 0% used [0x00000000f1f80000,0x00000000f1f80000,0x00000000f2c00000)
 ParOldGen       total 97280K, used 18951K [0x00000000c0000000, 0x00000000c5f00000, 0x00000000eab00000)
  object space 97280K, 19% used [0x00000000c0000000,0x00000000c1281c98,0x00000000c5f00000)
 Metaspace       used 39073K, capacity 39738K, committed 39808K, reserved 1083392K
  class space    used 5353K, capacity 5503K, committed 5504K, reserved 1048576K
}
Event: 26.790 GC heap before
{Heap before GC invocations=14 (full 2):
 PSYoungGen      total 97792K, used 90952K [0x00000000eab00000, 0x00000000f2c00000, 0x0000000100000000)
  eden space 84480K, 100% used [0x00000000eab00000,0x00000000efd80000,0x00000000efd80000)
  from space 13312K, 48% used [0x00000000efd80000,0x00000000f03d2390,0x00000000f0a80000)
  to   space 12800K, 0% used [0x00000000f1f80000,0x00000000f1f80000,0x00000000f2c00000)
 ParOldGen       total 97280K, used 18951K [0x00000000c0000000, 0x00000000c5f00000, 0x00000000eab00000)
  object space 97280K, 19% used [0x00000000c0000000,0x00000000c1281c98,0x00000000c5f00000)
 Metaspace       used 43042K, capacity 43812K, committed 44160K, reserved 1087488K
  class space    used 5993K, capacity 6193K, committed 6272K, reserved 1048576K
Event: 26.811 GC heap after
Heap after GC invocations=14 (full 2):
 PSYoungGen      total 117760K, used 12618K [0x00000000eab00000, 0x00000000f2e80000, 0x0000000100000000)
  eden space 104960K, 0% used [0x00000000eab00000,0x00000000eab00000,0x00000000f1180000)
  from space 12800K, 98% used [0x00000000f1f80000,0x00000000f2bd2a50,0x00000000f2c00000)
  to   space 14336K, 0% used [0x00000000f1180000,0x00000000f1180000,0x00000000f1f80000)
 ParOldGen       total 97280K, used 19023K [0x00000000c0000000, 0x00000000c5f00000, 0x00000000eab00000)
  object space 97280K, 19% used [0x00000000c0000000,0x00000000c1293ca8,0x00000000c5f00000)
 Metaspace       used 43042K, capacity 43812K, committed 44160K, reserved 1087488K
  class space    used 5993K, capacity 6193K, committed 6272K, reserved 1048576K
}

Deoptimization events (10 events):
Event: 26.581 Thread 0x00007fbe44007000 Uncommon trap: reason=class_check action=maybe_recompile pc=0x00007fbe8916df10 method=org.apache.xerces.impl.XMLDocumentFragmentScannerImpl.scanContent()I @ 82
Event: 26.583 Thread 0x00007fbe44007000 Uncommon trap: reason=class_check action=maybe_recompile pc=0x00007fbe8916df10 method=org.apache.xerces.impl.XMLDocumentFragmentScannerImpl.scanContent()I @ 82
Event: 26.583 Thread 0x00007fbe44007000 Uncommon trap: reason=class_check action=maybe_recompile pc=0x00007fbe8916df10 method=org.apache.xerces.impl.XMLDocumentFragmentScannerImpl.scanContent()I @ 82
Event: 26.583 Thread 0x00007fbe44007000 Uncommon trap: reason=class_check action=maybe_recompile pc=0x00007fbe8916df10 method=org.apache.xerces.impl.XMLDocumentFragmentScannerImpl.scanContent()I @ 82
Event: 27.121 Thread 0x00007fbe44007000 Uncommon trap: reason=class_check action=maybe_recompile pc=0x00007fbe89880960 method=java.util.Hashtable.get(Ljava/lang/Object;)Ljava/lang/Object; @ 45
Event: 27.121 Thread 0x00007fbe44007000 Uncommon trap: reason=class_check action=maybe_recompile pc=0x00007fbe893c4388 method=java.util.Hashtable.put(Ljava/lang/Object;Ljava/lang/Object;)Ljava/lang/Object; @ 60
Event: 27.121 Thread 0x00007fbe44007000 Uncommon trap: reason=class_check action=maybe_recompile pc=0x00007fbe89880960 method=java.util.Hashtable.get(Ljava/lang/Object;)Ljava/lang/Object; @ 45
Event: 27.121 Thread 0x00007fbe44007000 Uncommon trap: reason=class_check action=maybe_recompile pc=0x00007fbe893c4388 method=java.util.Hashtable.put(Ljava/lang/Object;Ljava/lang/Object;)Ljava/lang/Object; @ 60
Event: 27.164 Thread 0x00007fbe44007000 Uncommon trap: reason=class_check action=maybe_recompile pc=0x00007fbe89880960 method=java.util.Hashtable.get(Ljava/lang/Object;)Ljava/lang/Object; @ 45
Event: 27.164 Thread 0x00007fbe44007000 Uncommon trap: reason=class_check action=maybe_recompile pc=0x00007fbe89880960 method=java.util.Hashtable.get(Ljava/lang/Object;)Ljava/lang/Object; @ 45

Internal exceptions (10 events):
Event: 27.195 Thread 0x00007fbe44007000 Exception <a 'java/lang/ClassNotFoundException': groovy/util/BuilderSupportBeanInfo> (0x00000000eb7f6d78) thrown at [/HUDSON3/workspace/8-2-build-linux-amd64/jdk8u101/7261/hotspot/src/share/vm/classfile/systemDictionary.cpp, line 210]
Event: 27.195 Thread 0x00007fbe44007000 Exception <a 'java/lang/ClassNotFoundException': groovy/util/BuilderSupportCustomizer> (0x00000000eb803ed0) thrown at [/HUDSON3/workspace/8-2-build-linux-amd64/jdk8u101/7261/hotspot/src/share/vm/classfile/systemDictionary.cpp, line 210]
Event: 27.196 Thread 0x00007fbe44007000 Exception <a 'java/lang/ClassNotFoundException': groovy/util/AntBuilderCustomizer> (0x00000000eb813258) thrown at [/HUDSON3/workspace/8-2-build-linux-amd64/jdk8u101/7261/hotspot/src/share/vm/classfile/systemDictionary.cpp, line 210]
Event: 27.197 Thread 0x00007fbe44007000 Exception <a 'java/lang/ClassNotFoundException': org/gradle/api/AntBuilderCustomizer> (0x00000000eb8261f0) thrown at [/HUDSON3/workspace/8-2-build-linux-amd64/jdk8u101/7261/hotspot/src/share/vm/classfile/systemDictionary.cpp, line 210]
Event: 27.198 Thread 0x00007fbe44007000 Exception <a 'java/lang/ClassNotFoundException': org/gradle/api/internal/project/ant/BasicAntBuilderCustomizer> (0x00000000eb844460) thrown at [/HUDSON3/workspace/8-2-build-linux-amd64/jdk8u101/7261/hotspot/src/share/vm/classfile/systemDictionary.cpp, lin
Event: 27.199 Thread 0x00007fbe44007000 Exception <a 'java/lang/ClassNotFoundException': org/gradle/api/internal/project/DefaultAntBuilderCustomizer> (0x00000000eb86a588) thrown at [/HUDSON3/workspace/8-2-build-linux-amd64/jdk8u101/7261/hotspot/src/share/vm/classfile/systemDictionary.cpp, line 
Event: 27.287 Thread 0x00007fbe44007000 Exception <a 'java/lang/ClassNotFoundException': com/android/build/gradle/internal/tasks/DeviceProviderInstrumentTestTask_DecoratedBeanInfo> (0x00000000eb9d54a8) thrown at [/HUDSON3/workspace/8-2-build-linux-amd64/jdk8u101/7261/hotspot/src/share/vm/classf
Event: 27.288 Thread 0x00007fbe44007000 Exception <a 'java/lang/ClassNotFoundException': com/android/build/gradle/internal/tasks/DeviceProviderInstrumentTestTaskBeanInfo> (0x00000000eb9ead30) thrown at [/HUDSON3/workspace/8-2-build-linux-amd64/jdk8u101/7261/hotspot/src/share/vm/classfile/system
Event: 27.288 Thread 0x00007fbe44007000 Exception <a 'java/lang/ClassNotFoundException': com/android/build/gradle/internal/tasks/DeviceProviderInstrumentTestTaskCustomizer> (0x00000000eba00610) thrown at [/HUDSON3/workspace/8-2-build-linux-amd64/jdk8u101/7261/hotspot/src/share/vm/classfile/syst
Event: 27.290 Thread 0x00007fbe44007000 Exception <a 'java/lang/ClassNotFoundException': com/android/build/gradle/internal/tasks/DeviceProviderInstrumentTestTask_DecoratedCustomizer> (0x00000000eba47850) thrown at [/HUDSON3/workspace/8-2-build-linux-amd64/jdk8u101/7261/hotspot/src/share/vm/clas

Events (10 events):
Event: 27.293 loading class com/android/build/gradle/internal/tasks/DeviceProviderInstrumentTestTask$ConfigAction$2
Event: 27.293 loading class com/android/build/gradle/internal/tasks/DeviceProviderInstrumentTestTask$ConfigAction$2 done
Event: 27.293 loading class com/android/build/gradle/internal/tasks/DeviceProviderInstrumentTestTask$ConfigAction$3
Event: 27.293 loading class com/android/build/gradle/internal/tasks/DeviceProviderInstrumentTestTask$ConfigAction$3 done
Event: 27.294 loading class com/android/build/gradle/internal/tasks/DeviceProviderInstrumentTestTask$ConfigAction$4
Event: 27.294 loading class com/android/build/gradle/internal/tasks/DeviceProviderInstrumentTestTask$ConfigAction$4 done
Event: 27.296 loading class org/gradle/api/internal/AbstractTask$9
Event: 27.296 loading class org/gradle/api/internal/AbstractTask$9 done
Event: 27.296 loading class com/android/build/gradle/internal/TaskManager$38
Event: 27.296 loading class com/android/build/gradle/internal/TaskManager$38 done


Dynamic libraries:
00400000-00401000 r-xp 00000000 08:01 4592730                            /usr/lib/jvm/java-8-oracle/bin/java
00600000-00601000 rw-p 00000000 08:01 4592730                            /usr/lib/jvm/java-8-oracle/bin/java
006aa000-006cb000 rw-p 00000000 00:00 0                                  [heap]
c0000000-c5f00000 rw-p 00000000 00:00 0 
c5f00000-eab00000 ---p 00000000 00:00 0 
eab00000-f2e80000 rw-p 00000000 00:00 0 
f2e80000-100000000 ---p 00000000 00:00 0 
100000000-100640000 rw-p 00000000 00:00 0 
100640000-140000000 ---p 00000000 00:00 0 
7fbe20000000-7fbe20021000 rw-p 00000000 00:00 0 
7fbe20021000-7fbe24000000 ---p 00000000 00:00 0 
7fbe28000000-7fbe28021000 rw-p 00000000 00:00 0 
7fbe28021000-7fbe2c000000 ---p 00000000 00:00 0 
7fbe2c000000-7fbe2c021000 rw-p 00000000 00:00 0 
7fbe2c021000-7fbe30000000 ---p 00000000 00:00 0 
7fbe30000000-7fbe31535000 rw-p 00000000 00:00 0 
7fbe31535000-7fbe34000000 ---p 00000000 00:00 0 
7fbe34000000-7fbe34021000 rw-p 00000000 00:00 0 
7fbe34021000-7fbe38000000 ---p 00000000 00:00 0 
7fbe38000000-7fbe38021000 rw-p 00000000 00:00 0 
7fbe38021000-7fbe3c000000 ---p 00000000 00:00 0 
7fbe3c000000-7fbe3c021000 rw-p 00000000 00:00 0 
7fbe3c021000-7fbe40000000 ---p 00000000 00:00 0 
7fbe40000000-7fbe40071000 rw-p 00000000 00:00 0 
7fbe40071000-7fbe44000000 ---p 00000000 00:00 0 
7fbe44000000-7fbe44021000 rw-p 00000000 00:00 0 
7fbe44021000-7fbe48000000 ---p 00000000 00:00 0 
7fbe48000000-7fbe48021000 rw-p 00000000 00:00 0 
7fbe48021000-7fbe4c000000 ---p 00000000 00:00 0 
7fbe4c000000-7fbe4c021000 rw-p 00000000 00:00 0 
7fbe4c021000-7fbe50000000 ---p 00000000 00:00 0 
7fbe50354000-7fbe504d4000 rw-p 00000000 00:00 0 
7fbe504d4000-7fbe50554000 ---p 00000000 00:00 0 
7fbe50554000-7fbe50754000 rw-p 00000000 00:00 0 
7fbe50754000-7fbe50954000 rw-p 00000000 00:00 0 
7fbe50954000-7fbe50967000 r--s 00345000 08:01 4592857                    /usr/lib/jvm/java-8-oracle/jre/lib/resources.jar
7fbe50967000-7fbe50b67000 rw-p 00000000 00:00 0 
7fbe50b67000-7fbe50d67000 rw-p 00000000 00:00 0 
7fbe50d67000-7fbe50f67000 rw-p 00000000 00:00 0 
7fbe50f67000-7fbe51167000 rw-p 00000000 00:00 0 
7fbe51167000-7fbe51169000 r--s 00005000 08:01 6295952                    /home/ming/Downloads/android studio/android-studio/gradle/m2repository/org/abego/treelayout/org.abego.treelayout.core/1.0.1/org.abego.treelayout.core-1.0.1.jar
7fbe51169000-7fbe51171000 r--s 000a8000 08:01 6428173                    /home/ming/Downloads/android studio/android-studio/gradle/m2repository/com/android/tools/external/lombok/lombok-ast/0.2.3/lombok-ast-0.2.3.jar
7fbe51171000-7fbe51173000 r--s 0000d000 08:01 6557193                    /home/ming/Downloads/android studio/android-studio/gradle/m2repository/commons-codec/commons-codec/1.4/commons-codec-1.4.jar
7fbe51173000-7fbe51175000 r--s 0000d000 08:01 6169048                    /home/ming/Downloads/android studio/android-studio/gradle/m2repository/commons-logging/commons-logging/1.1.1/commons-logging-1.1.1.jar
7fbe51175000-7fbe5117a000 r--s 00028000 08:01 6295904                    /home/ming/Downloads/android studio/android-studio/gradle/m2repository/org/apache/httpcomponents/httpcore/4.1/httpcore-4.1.jar
7fbe5117a000-7fbe5117b000 r--s 00004000 08:01 6296369                    /home/ming/Downloads/android studio/android-studio/gradle/m2repository/com/intellij/annotations/12.0/annotations-12.0.jar
7fbe5117b000-7fbe5117f000 r--s 00037000 08:01 6295841                    /home/ming/Downloads/android studio/android-studio/gradle/m2repository/org/antlr/ST4/4.0.8/ST4-4.0.8.jar
7fbe5117f000-7fbe51182000 r--s 00026000 08:01 6295855                    /home/ming/Downloads/android studio/android-studio/gradle/m2repository/org/antlr/antlr-runtime/3.5.2/antlr-runtime-3.5.2.jar
7fbe51182000-7fbe51183000 r--s 00002000 08:01 6295967                    /home/ming/Downloads/android studio/android-studio/gradle/m2repository/com/tunnelvisionlabs/antlr4-annotations/4.5/antlr4-annotations-4.5.jar
7fbe51183000-7fbe5118a000 r--s 00062000 08:01 6295962                    /home/ming/Downloads/android studio/android-studio/gradle/m2repository/com/tunnelvisionlabs/antlr4-runtime/4.5/antlr4-runtime-4.5.jar
7fbe5118a000-7fbe5118b000 r--s 00004000 08:01 6169089                    /home/ming/Downloads/android studio/android-studio/gradle/m2repository/org/ow2/asm/asm-analysis/5.0.3/asm-analysis-5.0.3.jar
7fbe5118b000-7fbe5118e000 r--s 00030000 08:01 6557123                    /home/ming/Downloads/android studio/android-studio/gradle/m2repository/com/android/tools/lint/lint-api/25.1.3/lint-api-25.1.3.jar
7fbe5118e000-7fbe5118f000 r--s 0000a000 08:01 6557155                    /home/ming/Downloads/android studio/android-studio/gradle/m2repository/net/sf/kxml/kxml2/2.3.0/kxml2-2.3.0.jar
7fbe5118f000-7fbe51191000 r--s 00005000 08:01 6295895                    /home/ming/Downloads/android studio/android-studio/gradle/m2repository/org/apache/httpcomponents/httpmime/4.1/httpmime-4.1.jar
7fbe51191000-7fbe51199000 r--s 0004e000 08:01 6295915                    /home/ming/Downloads/android studio/android-studio/gradle/m2repository/org/apache/httpcomponents/httpclient/4.1.1/httpclient-4.1.1.jar
7fbe51199000-7fbe511a0000 r--s 00053000 08:01 6295927                    /home/ming/Downloads/android studio/android-studio/gradle/m2repository/org/apache/commons/commons-compress/1.8.1/commons-compress-1.8.1.jar
7fbe511a0000-7fbe511a5000 r--s 0002a000 08:01 6296402                    /home/ming/Downloads/android studio/android-studio/gradle/m2repository/com/google/code/gson/gson/2.2.4/gson-2.2.4.jar
7fbe511a5000-7fbe511a9000 r--s 00026000 08:01 6428179                    /home/ming/Downloads/android studio/android-studio/gradle/m2repository/com/android/tools/repository/25.1.3/repository-25.1.3.jar
7fbe511a9000-7fbe511aa000 r--s 00005000 08:01 6428159                    /home/ming/Downloads/android studio/android-studio/gradle/m2repository/com/android/tools/dvlib/25.1.3/dvlib-25.1.3.jar
7fbe511aa000-7fbe511ad000 r--s 00014000 08:01 6428126                    /home/ming/Downloads/android studio/android-studio/gradle/m2repository/com/android/tools/layoutlib/layoutlib-api/25.1.3/layoutlib-api-25.1.3.jar
7fbe511ad000-7fbe511b2000 r--s 00058000 08:01 6169066                    /home/ming/Downloads/android studio/android-studio/gradle/m2repository/org/ow2/asm/asm-debug-all/5.0.4/asm-debug-all-5.0.4.jar
7fbe511b2000-7fbe511c2000 r--s 000d6000 08:01 6557167                    /home/ming/Downloads/android studio/android-studio/gradle/m2repository/net/sf/proguard/proguard-base/5.2.1/proguard-base-5.2.1.jar
7fbe511c2000-7fbe511c5000 r--s 00033000 08:01 6296376                    /home/ming/Downloads/android studio/android-studio/gradle/m2repository/com/googlecode/juniversalchardet/juniversalchardet/1.0.3/juniversalchardet-1.0.3.jar
7fbe511c5000-7fbe511c9000 r--s 0002a000 08:01 6169041                    /home/ming/Downloads/android studio/android-studio/gradle/m2repository/commons-io/commons-io/2.4/commons-io-2.4.jar
7fbe511c9000-7fbe511d3000 r--s 00099000 08:01 6295972                    /home/ming/Downloads/android studio/android-studio/gradle/m2repository/com/tunnelvisionlabs/antlr4/4.5/antlr4-4.5.jar
7fbe511d3000-7fbe511d4000 r--s 00002000 08:01 6296409                    /home/ming/Downloads/android studio/android-studio/gradle/m2repository/com/android/databinding/baseLibrary/2.1.3/baseLibrary-2.1.3.jar
7fbe511d4000-7fbe511ff000 r--s 001f9000 08:01 6296394                    /home/ming/Downloads/android studio/android-studio/gradle/m2repository/com/google/guava/guava/17.0/guava-17.0.jar
7fbe511ff000-7fbe51200000 r--s 00001000 08:01 6296430                    /home/ming/Downloads/android studio/android-studio/gradle/m2repository/com/android/tools/annotations/25.1.3/annotations-25.1.3.jar
7fbe51200000-7fbe51212000 r--s 00223000 08:01 6295812                    /home/ming/Downloads/android studio/android-studio/gradle/m2repository/org/eclipse/jdt/core/compiler/ecj/4.4.2/ecj-4.4.2.jar
7fbe51212000-7fbe51219000 r--s 000be000 08:01 6428187                    /home/ming/Downloads/android studio/android-studio/gradle/m2repository/com/android/tools/lint/lint-checks/25.1.3/lint-checks-25.1.3.jar
7fbe51219000-7fbe5121b000 r--s 00006000 08:01 6169101                    /home/ming/Downloads/android studio/android-studio/gradle/m2repository/org/ow2/asm/asm-tree/5.0.3/asm-tree-5.0.3.jar
7fbe5121b000-7fbe5124e000 r--s 00203000 08:01 6295862                    /home/ming/Downloads/android studio/android-studio/gradle/m2repository/org/bouncycastle/bcprov-jdk15on/1.48/bcprov-jdk15on-1.48.jar
7fbe5124e000-7fbe5125c000 r--s 00081000 08:01 6295867                    /home/ming/Downloads/android studio/android-studio/gradle/m2repository/org/bouncycastle/bcpkix-jdk15on/1.48/bcpkix-jdk15on-1.48.jar
7fbe5125c000-7fbe5125e000 r--s 00002000 08:01 6296384                    /home/ming/Downloads/android studio/android-studio/gradle/m2repository/com/squareup/javawriter/2.5.0/javawriter-2.5.0.jar
7fbe5125e000-7fbe5125f000 r--s 00001000 08:01 6428134                    /home/ming/Downloads/android studio/android-studio/gradle/m2repository/com/android/tools/jill/jill-api/0.10.0/jill-api-0.10.0.jar
7fbe5125f000-7fbe51261000 r--s 00003000 08:01 6557138                    /home/ming/Downloads/android studio/android-studio/gradle/m2repository/com/android/tools/jack/jack-api/0.10.0/jack-api-0.10.0.jar
7fbe51261000-7fbe51267000 r--s 0004a000 08:01 6428152                    /home/ming/Downloads/android studio/android-studio/gradle/m2repository/com/android/tools/ddms/ddmlib/25.1.3/ddmlib-25.1.3.jar
7fbe51267000-7fbe5126a000 r--s 00028000 08:01 6296467                    /home/ming/Downloads/android studio/android-studio/gradle/m2repository/com/android/tools/build/manifest-merger/25.1.3/manifest-merger-25.1.3.jar
7fbe5126a000-7fbe5126c000 r--s 00018000 08:01 6557146                    /home/ming/Downloads/android studio/android-studio/gradle/m2repository/com/android/tools/common/25.1.3/common-25.1.3.jar
7fbe5126c000-7fbe51274000 r--s 0007c000 08:01 6428143                    /home/ming/Downloads/android studio/android-studio/gradle/m2repository/com/android/tools/sdk-common/25.1.3/sdk-common-25.1.3.jar
7fbe51274000-7fbe5127c000 r--s 00078000 08:01 6557130                    /home/ming/Downloads/android studio/android-studio/gradle/m2repository/com/android/tools/sdklib/25.1.3/sdklib-25.1.3.jar
7fbe5127c000-7fbe5127d000 r--s 00002000 08:01 6296452                    /home/ming/Downloads/android studio/android-studio/gradle/m2repository/com/android/tools/build/builder-test-api/2.1.3/builder-test-api-2.1.3.jar
7fbe5127d000-7fbe5127f000 r--s 00005000 08:01 6296488                    /home/ming/Downloads/android studio/android-studio/gradle/m2repository/com/android/tools/build/builder-model/2.1.3/builder-model-2.1.3.jar
7fbe5127f000-7fbe51283000 r--s 0001e000 08:01 6295878                    /home/ming/Downloads/android studio/android-studio/gradle/m2repository/org/jacoco/org.jacoco.core/0.7.6.201602180812/org.jacoco.core-0.7.6.201602180812.jar
7fbe51283000-7fbe51284000 r--s 00002000 08:01 6557183                    /home/ming/Downloads/android studio/android-studio/gradle/m2repository/net/sf/proguard/proguard-gradle/5.2.1/proguard-gradle-5.2.1.jar
7fbe51284000-7fbe51286000 r--s 00009000 08:01 6293929                    /home/ming/Downloads/android studio/android-studio/gradle/m2repository/org/ow2/asm/asm-commons/5.0.3/asm-commons-5.0.3.jar
7fbe51286000-7fbe51287000 r--s 0000c000 08:01 6295796                    /home/ming/Downloads/android studio/android-studio/gradle/m2repository/org/ow2/asm/asm/5.0.3/asm-5.0.3.jar
7fbe51287000-7fbe5128b000 r--s 0002b000 08:01 6296422                    /home/ming/Downloads/android studio/android-studio/gradle/m2repository/com/android/databinding/compilerCommon/2.1.3/compilerCommon-2.1.3.jar
7fbe5128b000-7fbe5128c000 r--s 00002000 08:01 6296459                    /home/ming/Downloads/android studio/android-studio/gradle/m2repository/com/android/tools/build/gradle-api/2.1.3/gradle-api-2.1.3.jar
7fbe5128c000-7fbe5128d000 r--s 00000000 08:01 6296480                    /home/ming/Downloads/android studio/android-studio/gradle/m2repository/com/android/tools/build/transform-api/2.0.0-deprecated-use-gradle-api/transform-api-2.0.0-deprecated-use-gradle-api.jar
7fbe5128d000-7fbe5128f000 r--s 00023000 08:01 6428194                    /home/ming/Downloads/android studio/android-studio/gradle/m2repository/com/android/tools/lint/lint/25.1.3/lint-25.1.3.jar
7fbe5128f000-7fbe512a3000 r--s 00130000 08:01 6296446                    /home/ming/Downloads/android studio/android-studio/gradle/m2repository/com/android/tools/build/builder/2.1.3/builder-2.1.3.jar
7fbe512a3000-7fbe512c0000 r--s 0017c000 08:01 6296474                    /home/ming/Downloads/android studio/android-studio/gradle/m2repository/com/android/tools/build/gradle-core/2.1.3/gradle-core-2.1.3.jar
7fbe512c0000-7fbe512c2000 r--s 0000c000 08:01 6296496                    /home/ming/Downloads/android studio/android-studio/gradle/m2repository/com/android/tools/build/gradle/2.1.3/gradle-2.1.3.jar
7fbe512c2000-7fbe514c2000 rw-p 00000000 00:00 0 
7fbe514c2000-7fbe514c5000 ---p 00000000 00:00 0 
7fbe514c5000-7fbe517c3000 rw-p 00000000 00:00 0 
7fbe517c3000-7fbe517c6000 ---p 00000000 00:00 0 
7fbe517c6000-7fbe517fc000 rw-p 00000000 00:00 0 
7fbe517fc000-7fbe517fd000 r--p 00000000 00:00 0 
7fbe517fd000-7fbe519fd000 rw-p 00000000 00:00 0 
7fbe519fd000-7fbe51bfd000 rw-p 00000000 00:00 0 
7fbe51bfd000-7fbe51dfd000 rw-p 00000000 00:00 0 
7fbe51dfd000-7fbe51ffd000 rw-p 00000000 00:00 0 
7fbe51ffd000-7fbe52076000 r--s 010e5000 08:01 4461945                    /usr/lib/jvm/java-8-oracle/lib/tools.jar
7fbe52076000-7fbe52276000 rw-p 00000000 00:00 0 
7fbe52276000-7fbe52279000 ---p 00000000 00:00 0 
7fbe52279000-7fbe52377000 rw-p 00000000 00:00 0 
7fbe52377000-7fbe5237a000 ---p 00000000 00:00 0 
7fbe5237a000-7fbe52478000 rw-p 00000000 00:00 0 
7fbe52478000-7fbe5247b000 ---p 00000000 00:00 0 
7fbe5247b000-7fbe52579000 rw-p 00000000 00:00 0 
7fbe52579000-7fbe5257c000 ---p 00000000 00:00 0 
7fbe5257c000-7fbe5267a000 rw-p 00000000 00:00 0 
7fbe5267a000-7fbe5267d000 ---p 00000000 00:00 0 
7fbe5267d000-7fbe5277b000 rw-p 00000000 00:00 0 
7fbe5277b000-7fbe5277e000 ---p 00000000 00:00 0 
7fbe5277e000-7fbe5287c000 rw-p 00000000 00:00 0 
7fbe5287c000-7fbe52883000 r--s 00000000 08:01 4721045                    /usr/lib/x86_64-linux-gnu/gconv/gconv-modules.cache
7fbe52883000-7fbe52a83000 rw-p 00000000 00:00 0 
7fbe52a83000-7fbe52a86000 ---p 00000000 00:00 0 
7fbe52a86000-7fbe52b84000 rw-p 00000000 00:00 0 
7fbe52b84000-7fbe52b87000 ---p 00000000 00:00 0 
7fbe52b87000-7fbe52c85000 rw-p 00000000 00:00 0 
7fbe52c85000-7fbe52c8e000 r-xp 00000000 08:01 4592820                    /usr/lib/jvm/java-8-oracle/jre/lib/amd64/libmanagement.so
7fbe52c8e000-7fbe52e8d000 ---p 00009000 08:01 4592820                    /usr/lib/jvm/java-8-oracle/jre/lib/amd64/libmanagement.so
7fbe52e8d000-7fbe52e8e000 rw-p 00008000 08:01 4592820                    /usr/lib/jvm/java-8-oracle/jre/lib/amd64/libmanagement.so
7fbe52e8e000-7fbe52e92000 r--s 00097000 08:01 4592756                    /usr/lib/jvm/java-8-oracle/jre/lib/jsse.jar
7fbe52e92000-7fbe52e94000 r--s 00007000 08:01 5245820                    /home/ming/Downloads/android studio/android-studio/gradle/gradle-2.14.1/lib/plugins/gradle-tooling-api-builders-2.14.1.jar
7fbe52e94000-7fbe52e97000 r--s 00008000 08:01 5245814                    /home/ming/Downloads/android studio/android-studio/gradle/gradle-2.14.1/lib/plugins/gradle-testing-native-2.14.1.jar
7fbe52e97000-7fbe52e99000 r--s 00009000 08:01 5245895                    /home/ming/Downloads/android studio/android-studio/gradle/gradle-2.14.1/lib/plugins/hamcrest-core-1.3.jar
7fbe52e99000-7fbe52e9f000 r--s 00033000 08:01 5245825                    /home/ming/Downloads/android studio/android-studio/gradle/gradle-2.14.1/lib/plugins/snakeyaml-1.6.jar
7fbe52e9f000-7fbe52ea1000 r--s 00006000 08:01 5245846                    /home/ming/Downloads/android studio/android-studio/gradle/gradle-2.14.1/lib/plugins/jcommander-1.12.jar
7fbe52ea1000-7fbe52ea6000 r--s 00040000 08:01 5245823                    /home/ming/Downloads/android studio/android-studio/gradle/gradle-2.14.1/lib/plugins/bsh-2.0b4.jar
7fbe52ea6000-7fbe52eaf000 r--s 00089000 08:01 5245849                    /home/ming/Downloads/android studio/android-studio/gradle/gradle-2.14.1/lib/plugins/testng-6.3.1.jar
7fbe52eaf000-7fbe52eb7000 r--s 00045000 08:01 5245854                    /home/ming/Downloads/android studio/android-studio/gradle/gradle-2.14.1/lib/plugins/junit-4.12.jar
7fbe52eb7000-7fbe52ebd000 r--s 0002e000 08:01 5245830                    /home/ming/Downloads/android studio/android-studio/gradle/gradle-2.14.1/lib/plugins/gradle-testing-jvm-2.14.1.jar
7fbe52ebd000-7fbe52ec2000 r--s 00015000 08:01 5245839                    /home/ming/Downloads/android studio/android-studio/gradle/gradle-2.14.1/lib/plugins/gradle-testing-base-2.14.1.jar
7fbe52ec2000-7fbe52ec3000 r--s 00002000 08:01 5245852                    /home/ming/Downloads/android studio/android-studio/gradle/gradle-2.14.1/lib/plugins/sonar-batch-bootstrapper-2.9.jar
7fbe52ec3000-7fbe52ec6000 r--s 00015000 08:01 5245829                    /home/ming/Downloads/android studio/android-studio/gradle/gradle-2.14.1/lib/plugins/gradle-sonar-2.14.1.jar
7fbe52ec6000-7fbe52ecd000 r--s 00038000 08:01 5245870                    /home/ming/Downloads/android studio/android-studio/gradle/gradle-2.14.1/lib/plugins/bcpg-jdk15on-1.51.jar
7fbe52ecd000-7fbe52ecf000 r--s 0000d000 08:01 5245876                    /home/ming/Downloads/android studio/android-studio/gradle/gradle-2.14.1/lib/plugins/gradle-signing-2.14.1.jar
7fbe52ecf000-7fbe52ed2000 r--s 00009000 08:01 5245859                    /home/ming/Downloads/android studio/android-studio/gradle/gradle-2.14.1/lib/plugins/gradle-scala-2.14.1.jar
7fbe52ed2000-7fbe52ed3000 r--s 00004000 08:01 5245883                    /home/ming/Downloads/android studio/android-studio/gradle/gradle-2.14.1/lib/plugins/gradle-resources-sftp-2.14.1.jar
7fbe52ed3000-7fbe52ee3000 r--s 00088000 08:01 5245836                    /home/ming/Downloads/android studio/android-studio/gradle/gradle-2.14.1/lib/plugins/joda-time-2.8.2.jar
7fbe52ee3000-7fbe52ef4000 r--s 000cf000 08:01 5245902                    /home/ming/Downloads/android studio/android-studio/gradle/gradle-2.14.1/lib/plugins/jackson-databind-2.3.2.jar
7fbe52ef4000-7fbe52ef6000 r--s 00007000 08:01 5245865                    /home/ming/Downloads/android studio/android-studio/gradle/gradle-2.14.1/lib/plugins/jackson-annotations-2.3.2.jar
7fbe52ef6000-7fbe52ef9000 r--s 0002e000 08:01 5245872                    /home/ming/Downloads/android studio/android-studio/gradle/gradle-2.14.1/lib/plugins/jackson-core-2.3.2.jar
7fbe52ef9000-7fbe52f04000 r--s 0006b000 08:01 5245919                    /home/ming/Downloads/android studio/android-studio/gradle/gradle-2.14.1/lib/plugins/aws-java-sdk-core-1.9.19.jar
7fbe52f04000-7fbe52f0a000 r--s 00036000 08:01 5245864                    /home/ming/Downloads/android studio/android-studio/gradle/gradle-2.14.1/lib/plugins/aws-java-sdk-kms-1.9.19.jar
7fbe52f0a000-7fbe52f15000 r--s 00079000 08:01 5245851                    /home/ming/Downloads/android studio/android-studio/gradle/gradle-2.14.1/lib/plugins/aws-java-sdk-s3-1.9.19.jar
7fbe52f15000-7fbe52f16000 r--s 00003000 08:01 5245898                    /home/ming/Downloads/android studio/android-studio/gradle/gradle-2.14.1/lib/plugins/gradle-resources-s3-2.14.1.jar
7fbe52f16000-7fbe52f18000 r--s 00005000 08:01 5245893                    /home/ming/Downloads/android studio/android-studio/gradle/gradle-2.14.1/lib/plugins/jatl-0.2.2.jar
7fbe52f18000-7fbe52f1a000 r--s 0000f000 08:01 5245910                    /home/ming/Downloads/android studio/android-studio/gradle/gradle-2.14.1/lib/plugins/gradle-reporting-2.14.1.jar
7fbe52f1a000-7fbe52f1c000 r--s 00002000 08:01 5245869                    /home/ming/Downloads/android studio/android-studio/gradle/gradle-2.14.1/lib/plugins/gradle-publish-2.14.1.jar
7fbe52f1c000-7fbe52f1e000 r--s 00009000 08:01 5245842                    /home/ming/Downloads/android studio/android-studio/gradle/gradle-2.14.1/lib/plugins/commons-cli-1.2.jar
7fbe52f1e000-7fbe52f24000 r--s 00033000 08:01 5245853                    /home/ming/Downloads/android studio/android-studio/gradle/gradle-2.14.1/lib/plugins/gradle-plugins-2.14.1.jar
7fbe52f24000-7fbe52f26000 r--s 00007000 08:01 5245817                    /home/ming/Downloads/android studio/android-studio/gradle/gradle-2.14.1/lib/plugins/gradle-plugin-development-2.14.1.jar
7fbe52f26000-7fbe52f2c000 r--s 0002a000 08:01 5245875                    /home/ming/Downloads/android studio/android-studio/gradle/gradle-2.14.1/lib/plugins/gradle-platform-play-2.14.1.jar
7fbe52f2c000-7fbe52f39000 r--s 0004d000 08:01 5245874                    /home/ming/Downloads/android studio/android-studio/gradle/gradle-2.14.1/lib/plugins/gradle-platform-native-2.14.1.jar
7fbe52f39000-7fbe52f3d000 r--s 0001a000 08:01 5245896                    /home/ming/Downloads/android studio/android-studio/gradle/gradle-2.14.1/lib/plugins/gradle-platform-jvm-2.14.1.jar
7fbe52f3d000-7fbe52f44000 r--s 00029000 08:01 5245845                    /home/ming/Downloads/android studio/android-studio/gradle/gradle-2.14.1/lib/plugins/gradle-platform-base-2.14.1.jar
7fbe52f44000-7fbe52f65000 r--s 001c3000 08:01 5245821                    /home/ming/Downloads/android studio/android-studio/gradle/gradle-2.14.1/lib/plugins/bndlib-2.4.0.jar
7fbe52f65000-7fbe52f67000 r--s 00003000 08:01 5245901                    /home/ming/Downloads/android studio/android-studio/gradle/gradle-2.14.1/lib/plugins/gradle-osgi-2.14.1.jar
7fbe52f67000-7fbe52f6a000 r--s 0000c000 08:01 5245905                    /home/ming/Downloads/android studio/android-studio/gradle/gradle-2.14.1/lib/plugins/pmaven-groovy-0.8-20100325.jar
7fbe52f6a000-7fbe52f6b000 r--s 00004000 08:01 5245891                    /home/ming/Downloads/android studio/android-studio/gradle/gradle-2.14.1/lib/plugins/pmaven-common-0.8-20100325.jar
7fbe52f6b000-7fbe52f71000 r--s 00022000 08:01 5245844                    /home/ming/Downloads/android studio/android-studio/gradle/gradle-2.14.1/lib/plugins/gradle-maven-2.14.1.jar
7fbe52f71000-7fbe52f73000 r--s 0000a000 08:01 5245826                    /home/ming/Downloads/android studio/android-studio/gradle/gradle-2.14.1/lib/plugins/gradle-language-scala-2.14.1.jar
7fbe52f73000-7fbe52f79000 r--s 0001a000 08:01 5245831                    /home/ming/Downloads/android studio/android-studio/gradle/gradle-2.14.1/lib/plugins/gradle-language-native-2.14.1.jar
7fbe52f79000-7fbe52f7b000 r--s 00008000 08:01 5245819                    /home/ming/Downloads/android studio/android-studio/gradle/gradle-2.14.1/lib/plugins/gradle-language-jvm-2.14.1.jar
7fbe52f7b000-7fbe52f81000 r--s 00024000 08:01 5245892                    /home/ming/Downloads/android studio/android-studio/gradle/gradle-2.14.1/lib/plugins/gradle-language-java-2.14.1.jar
7fbe52f81000-7fbe52f83000 r--s 0000a000 08:01 5245873                    /home/ming/Downloads/android studio/android-studio/gradle/gradle-2.14.1/lib/plugins/gradle-language-groovy-2.14.1.jar
7fbe52f83000-7fbe52f86000 r--s 0001e000 08:01 5245813                    /home/ming/Downloads/android studio/android-studio/gradle/gradle-2.14.1/lib/plugins/jsp-api-2.1-6.1.14.jar
7fbe52f86000-7fbe52fa9000 r--s 00344000 08:01 5245866                    /home/ming/Downloads/android studio/android-studio/gradle/gradle-2.14.1/lib/plugins/core-3.1.1.jar
7fbe52fa9000-7fbe52faa000 r--s 00006000 08:01 5245903                    /home/ming/Downloads/android studio/android-studio/gradle/gradle-2.14.1/lib/plugins/jetty-naming-6.1.25.jar
7fbe52faa000-7fbe52fab000 r--s 00002000 08:01 5245861                    /home/ming/Downloads/android studio/android-studio/gradle/gradle-2.14.1/lib/plugins/geronimo-annotation_1.0_spec-1.0.jar
7fbe52fab000-7fbe52fad000 r--s 00002000 08:01 5245899                    /home/ming/Downloads/android studio/android-studio/gradle/gradle-2.14.1/lib/plugins/jetty-annotations-6.1.25.jar
7fbe52fad000-7fbe52fbe000 r--s 000ea000 08:01 5245912                    /home/ming/Downloads/android studio/android-studio/gradle/gradle-2.14.1/lib/plugins/jsp-2.1-6.1.14.jar
7fbe52fbe000-7fbe52fc0000 r--s 0000d000 08:01 5245867                    /home/ming/Downloads/android studio/android-studio/gradle/gradle-2.14.1/lib/plugins/jetty-plus-6.1.25.jar
7fbe52fc0000-7fbe52fc2000 r--s 0001f000 08:01 5245926                    /home/ming/Downloads/android studio/android-studio/gradle/gradle-2.14.1/lib/plugins/servlet-api-2.5-20081211.jar
7fbe52fc2000-7fbe52fc6000 r--s 00028000 08:01 5245847                    /home/ming/Downloads/android studio/android-studio/gradle/gradle-2.14.1/lib/plugins/jetty-util-6.1.25.jar
7fbe52fc6000-7fbe52fcd000 r--s 0007d000 08:01 5245855                    /home/ming/Downloads/android studio/android-studio/gradle/gradle-2.14.1/lib/plugins/jetty-6.1.25.jar
7fbe52fcd000-7fbe52fcf000 r--s 00009000 08:01 5245908                    /home/ming/Downloads/android studio/android-studio/gradle/gradle-2.14.1/lib/plugins/gradle-jetty-2.14.1.jar
7fbe52fcf000-7fbe52fd6000 r--s 00035000 08:01 5245922                    /home/ming/Downloads/android studio/android-studio/gradle/gradle-2.14.1/lib/plugins/simple-4.1.21.jar
7fbe52fd6000-7fbe52fe2000 r--s 00100000 08:01 5245837                    /home/ming/Downloads/android studio/android-studio/gradle/gradle-2.14.1/lib/plugins/rhino-1.7R3.jar
7fbe52fe2000-7fbe52fe6000 r--s 00011000 08:01 5245890                    /home/ming/Downloads/android studio/android-studio/gradle/gradle-2.14.1/lib/plugins/gradle-javascript-2.14.1.jar
7fbe52fe6000-7fbe52fe8000 r--s 0000c000 08:01 5245924                    /home/ming/Downloads/android studio/android-studio/gradle/gradle-2.14.1/lib/plugins/gradle-jacoco-2.14.1.jar
7fbe52fe8000-7fbe52feb000 r--s 0000e000 08:01 5245921                    /home/ming/Downloads/android studio/android-studio/gradle/gradle-2.14.1/lib/plugins/gradle-ivy-2.14.1.jar
7fbe52feb000-7fbe52fec000 r--s 00002000 08:01 5245913                    /home/ming/Downloads/android studio/android-studio/gradle/gradle-2.14.1/lib/plugins/gradle-ide-play-2.14.1.jar
7fbe52fec000-7fbe52ff1000 r--s 0002b000 08:01 5245909                    /home/ming/Downloads/android studio/android-studio/gradle/gradle-2.14.1/lib/plugins/gradle-ide-native-2.14.1.jar
7fbe52ff1000-7fbe52ffc000 r--s 00066000 08:01 5245827                    /home/ming/Downloads/android studio/android-studio/gradle/gradle-2.14.1/lib/plugins/gradle-ide-2.14.1.jar
7fbe52ffc000-7fbe52ffd000 r--s 00008000 08:01 5245824                    /home/ming/Downloads/android studio/android-studio/gradle/gradle-2.14.1/lib/plugins/gradle-ear-2.14.1.jar
7fbe52ffd000-7fbe53003000 r--s 00032000 08:01 5245835                    /home/ming/Downloads/android studio/android-studio/gradle/gradle-2.14.1/lib/plugins/gradle-diagnostics-2.14.1.jar
7fbe53003000-7fbe53007000 r--s 00021000 08:01 5245911                    /home/ming/Downloads/android studio/android-studio/gradle/gradle-2.14.1/lib/plugins/gradle-code-quality-2.14.1.jar
7fbe53007000-7fbe5300b000 r--s 0001f000 08:01 5245834                    /home/ming/Downloads/android studio/android-studio/gradle/gradle-2.14.1/lib/plugins/gradle-build-init-2.14.1.jar
7fbe5300b000-7fbe53012000 r--s 0008e000 08:01 5245918                    /home/ming/Downloads/android studio/android-studio/gradle/gradle-2.14.1/lib/plugins/gradle-build-comparison-2.14.1.jar
7fbe53012000-7fbe53014000 r--s 00008000 08:01 5245894                    /home/ming/Downloads/android studio/android-studio/gradle/gradle-2.14.1/lib/plugins/gradle-antlr-2.14.1.jar
7fbe53014000-7fbe53016000 r--s 00004000 08:01 5245920                    /home/ming/Downloads/android studio/android-studio/gradle/gradle-2.14.1/lib/plugins/gradle-announce-2.14.1.jar
7fbe53016000-7fbe5302e000 r--s 00115000 08:01 5245858                    /home/ming/Downloads/android studio/android-studio/gradle/gradle-2.14.1/lib/plugins/xercesImpl-2.9.1.jar
7fbe5302e000-7fbe53036000 r--s 00028000 08:01 5245886                    /home/ming/Downloads/android studio/android-studio/gradle/gradle-2.14.1/lib/plugins/xml-apis-1.3.04.jar
7fbe53036000-7fbe5303c000 r--s 0005b000 08:01 5245877                    /home/ming/Downloads/android studio/android-studio/gradle/gradle-2.14.1/lib/plugins/jcifs-1.3.17.jar
7fbe5303c000-7fbe53043000 r--s 00049000 08:01 5245888                    /home/ming/Downloads/android studio/android-studio/gradle/gradle-2.14.1/lib/plugins/httpcore-4.4.4.jar
7fbe53043000-7fbe53049000 r--s 00033000 08:01 5245833                    /home/ming/Downloads/android studio/android-studio/gradle/gradle-2.14.1/lib/plugins/commons-codec-1.6.jar
7fbe53049000-7fbe5304c000 r--s 0001c000 08:01 5245828                    /home/ming/Downloads/android studio/android-studio/gradle/gradle-2.14.1/lib/plugins/nekohtml-1.9.14.jar
7fbe5304c000-7fbe53059000 r--s 000a4000 08:01 5245906                    /home/ming/Downloads/android studio/android-studio/gradle/gradle-2.14.1/lib/plugins/httpclient-4.4.1.jar
7fbe53059000-7fbe5305b000 r--s 0000a000 08:01 5245815                    /home/ming/Downloads/android studio/android-studio/gradle/gradle-2.14.1/lib/plugins/gradle-resources-http-2.14.1.jar
7fbe5305b000-7fbe5305f000 r--s 00014000 08:01 5245880                    /home/ming/Downloads/android studio/android-studio/gradle/gradle-2.14.1/lib/plugins/gradle-plugin-use-2.14.1.jar
7fbe5305f000-7fbe53060000 r--s 00000000 08:01 5245771                    /home/ming/Downloads/android studio/android-studio/gradle/gradle-2.14.1/lib/gradle-installation-beacon-2.14.1.jar
7fbe53060000-7fbe53061000 r--s 00007000 08:01 5245843                    /home/ming/Downloads/android studio/android-studio/gradle/gradle-2.14.1/lib/plugins/wagon-http-shared4-2.4.jar
7fbe53061000-7fbe53065000 r--s 00033000 08:01 5245897                    /home/ming/Downloads/android studio/android-studio/gradle/gradle-2.14.1/lib/plugins/plexus-utils-2.0.6.jar
7fbe53065000-7fbe53069000 r--s 00021000 08:01 5245879                    /home/ming/Downloads/android studio/android-studio/gradle/gradle-2.14.1/lib/plugins/maven-model-builder-3.0.4.jar
7fbe53069000-7fbe5306a000 r--s 00002000 08:01 5245832                    /home/ming/Downloads/android studio/android-studio/gradle/gradle-2.14.1/lib/plugins/wagon-file-2.4.jar
7fbe5306a000-7fbe5306c000 r--s 00002000 08:01 5245889                    /home/ming/Downloads/android studio/android-studio/gradle/gradle-2.14.1/lib/plugins/plexus-cipher-1.7.jar
7fbe5306c000-7fbe5306f000 r--s 00013000 08:01 5245925                    /home/ming/Downloads/android studio/android-studio/gradle/gradle-2.14.1/lib/plugins/aether-api-1.13.1.jar
7fbe5306f000-7fbe53071000 r--s 0000a000 08:01 5245848                    /home/ming/Downloads/android studio/android-studio/gradle/gradle-2.14.1/lib/plugins/maven-settings-3.0.4.jar
7fbe53071000-7fbe53073000 r--s 0000d000 08:01 5245881                    /home/ming/Downloads/android studio/android-studio/gradle/gradle-2.14.1/lib/plugins/plexus-interpolation-1.14.jar
7fbe53073000-7fbe53075000 r--s 0000b000 08:01 5245904                    /home/ming/Downloads/android studio/android-studio/gradle/gradle-2.14.1/lib/plugins/maven-artifact-3.0.4.jar
7fbe53075000-7fbe5307c000 r--s 0002e000 08:01 5245840                    /home/ming/Downloads/android studio/android-studio/gradle/gradle-2.14.1/lib/plugins/plexus-container-default-1.5.5.jar
7fbe5307c000-7fbe5307e000 r--s 0000b000 08:01 5245868                    /home/ming/Downloads/android studio/android-studio/gradle/gradle-2.14.1/lib/plugins/maven-plugin-api-3.0.4.jar
7fbe5307e000-7fbe53080000 r--s 00000000 08:01 5245871                    /home/ming/Downloads/android studio/android-studio/gradle/gradle-2.14.1/lib/plugins/plexus-component-annotations-1.5.5.jar
7fbe53080000-7fbe53086000 r--s 0003f000 08:01 5245882                    /home/ming/Downloads/android studio/android-studio/gradle/gradle-2.14.1/lib/plugins/maven-compat-3.0.4.jar
7fbe53086000-7fbe53089000 r--s 00008000 08:01 5245856                    /home/ming/Downloads/android studio/android-studio/gradle/gradle-2.14.1/lib/plugins/maven-settings-builder-3.0.4.jar
7fbe53089000-7fbe5308a000 r--s 00002000 08:01 5245812                    /home/ming/Downloads/android studio/android-studio/gradle/gradle-2.14.1/lib/plugins/wagon-http-2.4.jar
7fbe5308a000-7fbe5308c000 r--s 00026000 08:01 5245923                    /home/ming/Downloads/android studio/android-studio/gradle/gradle-2.14.1/lib/plugins/maven-model-3.0.4.jar
7fbe5308c000-7fbe5308e000 r--s 00006000 08:01 5245900                    /home/ming/Downloads/android studio/android-studio/gradle/gradle-2.14.1/lib/plugins/aether-connector-wagon-1.13.1.jar
7fbe5308e000-7fbe53090000 r--s 0000a000 08:01 5245841                    /home/ming/Downloads/android studio/android-studio/gradle/gradle-2.14.1/lib/plugins/plexus-classworlds-2.4.jar
7fbe53090000-7fbe53092000 r--s 00006000 08:01 5245884                    /home/ming/Downloads/android studio/android-studio/gradle/gradle-2.14.1/lib/plugins/maven-repository-metadata-3.0.4.jar
7fbe53092000-7fbe53094000 r--s 0000c000 08:01 5245860                    /home/ming/Downloads/android studio/android-studio/gradle/gradle-2.14.1/lib/plugins/maven-aether-provider-3.0.4.jar
7fbe53094000-7fbe53096000 r--s 0000b000 08:01 5245850                    /home/ming/Downloads/android studio/android-studio/gradle/gradle-2.14.1/lib/plugins/wagon-provider-api-2.4.jar
7fbe53096000-7fbe5309a000 r--s 0001c000 08:01 5245914                    /home/ming/Downloads/android studio/android-studio/gradle/gradle-2.14.1/lib/plugins/aether-util-1.13.1.jar
7fbe5309a000-7fbe5309d000 r--s 0001d000 08:01 5245878                    /home/ming/Downloads/android studio/android-studio/gradle/gradle-2.14.1/lib/plugins/aether-impl-1.13.1.jar
7fbe5309d000-7fbe530a2000 r--s 00040000 08:01 5245818                    /home/ming/Downloads/android studio/android-studio/gradle/gradle-2.14.1/lib/plugins/jsch-0.1.53.jar
7fbe530a2000-7fbe530e2000 r--s 00277000 08:01 5245822                    /home/ming/Downloads/android studio/android-studio/gradle/gradle-2.14.1/lib/plugins/bcprov-jdk15on-1.51.jar
7fbe530e2000-7fbe530ee000 r--s 0007d000 08:01 5245887                    /home/ming/Downloads/android studio/android-studio/gradle/gradle-2.14.1/lib/plugins/maven-core-3.0.4.jar
7fbe530ee000-7fbe5310a000 r--s 000d3000 08:01 5245862                    /home/ming/Downloads/android studio/android-studio/gradle/gradle-2.14.1/lib/plugins/gradle-dependency-management-2.14.1.jar
7fbe5310a000-7fbe53120000 r-xp 00000000 08:01 1839527                    /lib/x86_64-linux-gnu/libgcc_s.so.1
7fbe53120000-7fbe5331f000 ---p 00016000 08:01 1839527                    /lib/x86_64-linux-gnu/libgcc_s.so.1
7fbe5331f000-7fbe53320000 rw-p 00015000 08:01 1839527                    /lib/x86_64-linux-gnu/libgcc_s.so.1
7fbe53320000-7fbe53492000 r-xp 00000000 08:01 4327421                    /usr/lib/x86_64-linux-gnu/libstdc++.so.6.0.21
7fbe53492000-7fbe53692000 ---p 00172000 08:01 4327421                    /usr/lib/x86_64-linux-gnu/libstdc++.so.6.0.21
7fbe53692000-7fbe5369c000 r--p 00172000 08:01 4327421                    /usr/lib/x86_64-linux-gnu/libstdc++.so.6.0.21
7fbe5369c000-7fbe5369e000 rw-p 0017c000 08:01 4327421                    /usr/lib/x86_64-linux-gnu/libstdc++.so.6.0.21
7fbe5369e000-7fbe536a2000 rw-p 00000000 00:00 0 
7fbe536a2000-7fbe536a3000 r--s 00003000 08:01 5245816                    /home/ming/Downloads/android studio/android-studio/gradle/gradle-2.14.1/lib/plugins/aether-spi-1.13.1.jar
7fbe536a3000-7fbe536a7000 r--s 0001d000 08:01 5245863                    /home/ming/Downloads/android studio/android-studio/gradle/gradle-2.14.1/lib/plugins/xbean-reflect-3.4.jar
7fbe536a7000-7fbe536ac000 r--s 0002a000 08:01 5245857                    /home/ming/Downloads/android studio/android-studio/gradle/gradle-2.14.1/lib/plugins/gson-2.2.4.jar
7fbe536ac000-7fbe536bb000 r--s 000d9000 08:01 5245838                    /home/ming/Downloads/android studio/android-studio/gradle/gradle-2.14.1/lib/plugins/ivy-2.2.0.jar
7fbe536bb000-7fbe536bf000 r-xp 00000000 08:01 7342835                    /home/ming/.gradle/native/19/linux-amd64/libnative-platform.so
7fbe536bf000-7fbe538be000 ---p 00004000 08:01 7342835                    /home/ming/.gradle/native/19/linux-amd64/libnative-platform.so
7fbe538be000-7fbe538bf000 rw-p 00003000 08:01 7342835                    /home/ming/.gradle/native/19/linux-amd64/libnative-platform.so
7fbe538bf000-7fbe538d0000 r-xp 00000000 08:01 4592809                    /usr/lib/jvm/java-8-oracle/jre/lib/amd64/libnio.so
7fbe538d0000-7fbe53acf000 ---p 00011000 08:01 4592809                    /usr/lib/jvm/java-8-oracle/jre/lib/amd64/libnio.so
7fbe53acf000-7fbe53ad0000 rw-p 00010000 08:01 4592809                    /usr/lib/jvm/java-8-oracle/jre/lib/amd64/libnio.so
7fbe53ad0000-7fbe53dd1000 rw-p 00000000 00:00 0 
7fbe53dd1000-7fbe53de7000 r-xp 00000000 08:01 4592786                    /usr/lib/jvm/java-8-oracle/jre/lib/amd64/libnet.so
7fbe53de7000-7fbe53fe7000 ---p 00016000 08:01 4592786                    /usr/lib/jvm/java-8-oracle/jre/lib/amd64/libnet.so
7fbe53fe7000-7fbe53fe8000 rw-p 00016000 08:01 4592786                    /usr/lib/jvm/java-8-oracle/jre/lib/amd64/libnet.so
7fbe53fe8000-7fbe53fea000 r--s 00005000 08:01 5245781                    /home/ming/Downloads/android studio/android-studio/gradle/gradle-2.14.1/lib/gradle-wrapper-2.14.1.jar
7fbe53fea000-7fbe53ff8000 r--s 0004f000 08:01 5245766                    /home/ming/Downloads/android studio/android-studio/gradle/gradle-2.14.1/lib/gradle-tooling-api-2.14.1.jar
7fbe53ff8000-7fbe53ffa000 r--s 00002000 08:01 5245770                    /home/ming/Downloads/android studio/android-studio/gradle/gradle-2.14.1/lib/gradle-open-api-2.14.1.jar
7fbe53ffa000-7fbe54000000 r--s 00032000 08:01 5245804                    /home/ming/Downloads/android studio/android-studio/gradle/gradle-2.14.1/lib/jaxen-1.1.jar
7fbe54000000-7fbe54a60000 rw-p 00000000 00:00 0 
7fbe54a60000-7fbe58000000 ---p 00000000 00:00 0 
7fbe58000000-7fbe58021000 rw-p 00000000 00:00 0 
7fbe58021000-7fbe5c000000 ---p 00000000 00:00 0 
7fbe5c000000-7fbe5e68e000 rw-p 00000000 00:00 0 
7fbe5e68e000-7fbe60000000 ---p 00000000 00:00 0 
7fbe60000000-7fbe6238f000 rw-p 00000000 00:00 0 
7fbe6238f000-7fbe64000000 ---p 00000000 00:00 0 
7fbe64000000-7fbe64021000 rw-p 00000000 00:00 0 
7fbe64021000-7fbe68000000 ---p 00000000 00:00 0 
7fbe68000000-7fbe68021000 rw-p 00000000 00:00 0 
7fbe68021000-7fbe6c000000 ---p 00000000 00:00 0 
7fbe6c000000-7fbe6c0a3000 rw-p 00000000 00:00 0 
7fbe6c0a3000-7fbe70000000 ---p 00000000 00:00 0 
7fbe70000000-7fbe70021000 rw-p 00000000 00:00 0 
7fbe70021000-7fbe74000000 ---p 00000000 00:00 0 
7fbe74000000-7fbe74021000 rw-p 00000000 00:00 0 
7fbe74021000-7fbe78000000 ---p 00000000 00:00 0 
7fbe78000000-7fbe78026000 rw-p 00000000 00:00 0 
7fbe78026000-7fbe7c000000 ---p 00000000 00:00 0 
7fbe7c000000-7fbe7c02c000 rw-p 00000000 00:00 0 
7fbe7c02c000-7fbe80000000 ---p 00000000 00:00 0 
7fbe80000000-7fbe80021000 rw-p 00000000 00:00 0 
7fbe80021000-7fbe84000000 ---p 00000000 00:00 0 
7fbe84000000-7fbe84001000 r--s 00006000 08:01 5245885                    /home/ming/Downloads/android studio/android-studio/gradle/gradle-2.14.1/lib/plugins/plexus-sec-dispatcher-1.3.jar
7fbe84001000-7fbe84006000 r--s 00048000 08:01 5245769                    /home/ming/Downloads/android studio/android-studio/gradle/gradle-2.14.1/lib/dom4j-1.6.1.jar
7fbe84006000-7fbe84011000 r--s 00059000 08:01 5245798                    /home/ming/Downloads/android studio/android-studio/gradle/gradle-2.14.1/lib/gradle-ui-2.14.1.jar
7fbe84011000-7fbe84014000 r--s 0000b000 08:01 5245927                    /home/ming/Downloads/android studio/android-studio/gradle/gradle-2.14.1/lib/gradle-resources-2.14.1.jar
7fbe84014000-7fbe84016000 r--s 00003000 08:01 5245807                    /home/ming/Downloads/android studio/android-studio/gradle/gradle-2.14.1/lib/jcl-over-slf4j-1.7.10.jar
7fbe84016000-7fbe84017000 r--s 00005000 08:01 5245801                    /home/ming/Downloads/android studio/android-studio/gradle/gradle-2.14.1/lib/log4j-over-slf4j-1.7.10.jar
7fbe84017000-7fbe84019000 r--s 00000000 08:01 5245928                    /home/ming/Downloads/android studio/android-studio/gradle/gradle-2.14.1/lib/jul-to-slf4j-1.7.10.jar
7fbe84019000-7fbe8401e000 r--s 0001c000 08:01 5245779                    /home/ming/Downloads/android studio/android-studio/gradle/gradle-2.14.1/lib/gradle-logging-2.14.1.jar
7fbe8401e000-7fbe84020000 r--s 00007000 08:01 5245810                    /home/ming/Downloads/android studio/android-studio/gradle/gradle-2.14.1/lib/objenesis-1.2.jar
7fbe84020000-7fbe84022000 r--s 00000000 08:01 5245774                    /home/ming/Downloads/android studio/android-studio/gradle/gradle-2.14.1/lib/minlog-1.2.jar
7fbe84022000-7fbe84024000 r--s 0000f000 08:01 5245785                    /home/ming/Downloads/android studio/android-studio/gradle/gradle-2.14.1/lib/reflectasm-1.07-shaded.jar
7fbe84024000-7fbe84028000 r--s 00026000 08:01 5245799                    /home/ming/Downloads/android studio/android-studio/gradle/gradle-2.14.1/lib/kryo-2.20.jar
7fbe84028000-7fbe8402e000 r--s 00025000 08:01 5245768                    /home/ming/Downloads/android studio/android-studio/gradle/gradle-2.14.1/lib/gradle-messaging-2.14.1.jar
7fbe8402e000-7fbe8402f000 r--s 00003000 08:01 5245806                    /home/ming/Downloads/android studio/android-studio/gradle/gradle-2.14.1/lib/native-platform-freebsd-amd64-0.10.jar
7fbe8402f000-7fbe84030000 r--s 00003000 08:01 5245788                    /home/ming/Downloads/android studio/android-studio/gradle/gradle-2.14.1/lib/native-platform-freebsd-i386-0.10.jar
7fbe84030000-7fbe84031000 r--s 00005000 08:01 5245776                    /home/ming/Downloads/android studio/android-studio/gradle/gradle-2.14.1/lib/native-platform-windows-i386-0.10.jar
7fbe84031000-7fbe84032000 r--s 00005000 08:01 5245775                    /home/ming/Downloads/android studio/android-studio/gradle/gradle-2.14.1/lib/native-platform-windows-amd64-0.10.jar
7fbe84032000-7fbe84033000 r--s 00003000 08:01 5245789                    /home/ming/Downloads/android studio/android-studio/gradle/gradle-2.14.1/lib/native-platform-linux-i386-0.10.jar
7fbe84033000-7fbe84034000 r--s 00003000 08:01 5245773                    /home/ming/Downloads/android studio/android-studio/gradle/gradle-2.14.1/lib/native-platform-linux-amd64-0.10.jar
7fbe84034000-7fbe84035000 r--s 00002000 08:01 5245772                    /home/ming/Downloads/android studio/android-studio/gradle/gradle-2.14.1/lib/native-platform-osx-amd64-0.10.jar
7fbe84035000-7fbe84037000 r--s 00008000 08:01 5245803                    /home/ming/Downloads/android studio/android-studio/gradle/gradle-2.14.1/lib/jansi-1.2.1.jar
7fbe84037000-7fbe8403a000 r--s 0000d000 08:01 5245797                    /home/ming/Downloads/android studio/android-studio/gradle/gradle-2.14.1/lib/native-platform-0.10.jar
7fbe8403a000-7fbe8403e000 r--s 000e4000 08:01 5245796                    /home/ming/Downloads/android studio/android-studio/gradle/gradle-2.14.1/lib/jna-3.2.7.jar
7fbe8403e000-7fbe84040000 r--s 00009000 08:01 5245808                    /home/ming/Downloads/android studio/android-studio/gradle/gradle-2.14.1/lib/gradle-native-2.14.1.jar
7fbe84040000-7fbe8404f000 r--s 00080000 08:01 5245794                    /home/ming/Downloads/android studio/android-studio/gradle/gradle-2.14.1/lib/gradle-model-core-2.14.1.jar
7fbe8404f000-7fbe8405c000 r--s 00083000 08:01 5245929                    /home/ming/Downloads/android studio/android-studio/gradle/gradle-2.14.1/lib/commons-collections-3.2.2.jar
7fbe8405c000-7fbe840cb000 r--s 0063e000 08:01 5245931                    /home/ming/Downloads/android studio/android-studio/gradle/gradle-2.14.1/lib/groovy-all-2.4.4.jar
7fbe840cb000-7fbe840f3000 r--s 001cf000 08:01 5245782                    /home/ming/Downloads/android studio/android-studio/gradle/gradle-2.14.1/lib/guava-jdk5-17.0.jar
7fbe840f3000-7fbe84112000 r--s 001d1000 08:01 5245780                    /home/ming/Downloads/android studio/android-studio/gradle/gradle-2.14.1/lib/ant-1.9.6.jar
7fbe84112000-7fbe84149000 r--s 001bd000 08:01 5245783                    /home/ming/Downloads/android studio/android-studio/gradle/gradle-2.14.1/lib/gradle-core-2.14.1.jar
7fbe84149000-7fbe8414a000 ---p 00000000 00:00 0 
7fbe8414a000-7fbe8424a000 rw-p 00000000 00:00 0 
7fbe8424a000-7fbe8424d000 ---p 00000000 00:00 0 
7fbe8424d000-7fbe8434b000 rw-p 00000000 00:00 0 
7fbe8434b000-7fbe8434e000 ---p 00000000 00:00 0 
7fbe8434e000-7fbe8444c000 rw-p 00000000 00:00 0 
7fbe8444c000-7fbe8444f000 ---p 00000000 00:00 0 
7fbe8444f000-7fbe8454d000 rw-p 00000000 00:00 0 
7fbe8454d000-7fbe84550000 ---p 00000000 00:00 0 
7fbe84550000-7fbe8464e000 rw-p 00000000 00:00 0 
7fbe8464e000-7fbe84651000 ---p 00000000 00:00 0 
7fbe84651000-7fbe8474f000 rw-p 00000000 00:00 0 
7fbe8474f000-7fbe8510e000 r--p 00000000 08:01 4332457                    /usr/lib/locale/locale-archive
7fbe8510e000-7fbe85111000 ---p 00000000 00:00 0 
7fbe85111000-7fbe8520f000 rw-p 00000000 00:00 0 
7fbe8520f000-7fbe85212000 ---p 00000000 00:00 0 
7fbe85212000-7fbe85310000 rw-p 00000000 00:00 0 
7fbe85310000-7fbe85311000 ---p 00000000 00:00 0 
7fbe85311000-7fbe863b1000 rw-p 00000000 00:00 0 
7fbe863b1000-7fbe8658a000 r--s 03d29000 08:01 4592778                    /usr/lib/jvm/java-8-oracle/jre/lib/rt.jar
7fbe8658a000-7fbe89000000 rw-p 00000000 00:00 0 
7fbe89000000-7fbe8a110000 rwxp 00000000 00:00 0 
7fbe8a110000-7fbe98000000 ---p 00000000 00:00 0 
7fbe98000000-7fbe98b7e000 rw-p 00000000 00:00 0 
7fbe98b7e000-7fbe9c000000 ---p 00000000 00:00 0 
7fbe9c000000-7fbe9c001000 r--s 00002000 08:01 5245802                    /home/ming/Downloads/android studio/android-studio/gradle/gradle-2.14.1/lib/native-platform-osx-i386-0.10.jar
7fbe9c001000-7fbe9c003000 r--s 00005000 08:01 5245809                    /home/ming/Downloads/android studio/android-studio/gradle/gradle-2.14.1/lib/gradle-cli-2.14.1.jar
7fbe9c003000-7fbe9c005000 r--s 00007000 08:01 5245778                    /home/ming/Downloads/android studio/android-studio/gradle/gradle-2.14.1/lib/gradle-model-groovy-2.14.1.jar
7fbe9c005000-7fbe9c006000 r--s 00006000 08:01 5245793                    /home/ming/Downloads/android studio/android-studio/gradle/gradle-2.14.1/lib/gradle-base-services-groovy-2.14.1.jar
7fbe9c006000-7fbe9c007000 r--s 00002000 08:01 5245786                    /home/ming/Downloads/android studio/android-studio/gradle/gradle-2.14.1/lib/gradle-docs-2.14.1.jar
7fbe9c007000-7fbe9c008000 r--s 00000000 08:01 5245930                    /home/ming/Downloads/android studio/android-studio/gradle/gradle-2.14.1/lib/javax.inject-1.jar
7fbe9c008000-7fbe9c00c000 r--s 00027000 08:01 5245800                    /home/ming/Downloads/android studio/android-studio/gradle/gradle-2.14.1/lib/commons-io-2.2.jar
7fbe9c00c000-7fbe9c011000 r--s 00038000 08:01 5245790                    /home/ming/Downloads/android studio/android-studio/gradle/gradle-2.14.1/lib/asm-all-5.1.jar
7fbe9c011000-7fbe9c019000 r--s 0003a000 08:01 5245791                    /home/ming/Downloads/android studio/android-studio/gradle/gradle-2.14.1/lib/gradle-base-services-2.14.1.jar
7fbe9c019000-7fbe9c03a000 rw-p 00000000 00:00 0 
7fbe9c03a000-7fbe9c03b000 ---p 00000000 00:00 0 
7fbe9c03b000-7fbe9c13b000 rw-p 00000000 00:00 0 
7fbe9c13b000-7fbe9c13c000 ---p 00000000 00:00 0 
7fbe9c13c000-7fbe9c23c000 rw-p 00000000 00:00 0 
7fbe9c23c000-7fbe9c23d000 ---p 00000000 00:00 0 
7fbe9c23d000-7fbe9c33d000 rw-p 00000000 00:00 0 
7fbe9c33d000-7fbe9c33e000 ---p 00000000 00:00 0 
7fbe9c33e000-7fbe9c46e000 rw-p 00000000 00:00 0 
7fbe9c46e000-7fbe9c594000 ---p 00000000 00:00 0 
7fbe9c594000-7fbe9c5c4000 rw-p 00000000 00:00 0 
7fbe9c5c4000-7fbe9c6e9000 ---p 00000000 00:00 0 
7fbe9c6e9000-7fbe9c72c000 rw-p 00000000 00:00 0 
7fbe9c72c000-7fbe9c794000 ---p 00000000 00:00 0 
7fbe9c794000-7fbe9c7da000 rw-p 00000000 00:00 0 
7fbe9c7da000-7fbe9cb55000 ---p 00000000 00:00 0 
7fbe9cb55000-7fbe9cb6f000 r-xp 00000000 08:01 4592807                    /usr/lib/jvm/java-8-oracle/jre/lib/amd64/libzip.so
7fbe9cb6f000-7fbe9cd6f000 ---p 0001a000 08:01 4592807                    /usr/lib/jvm/java-8-oracle/jre/lib/amd64/libzip.so
7fbe9cd6f000-7fbe9cd70000 rw-p 0001a000 08:01 4592807                    /usr/lib/jvm/java-8-oracle/jre/lib/amd64/libzip.so
7fbe9cd70000-7fbe9cd7b000 r-xp 00000000 08:01 1839588                    /lib/x86_64-linux-gnu/libnss_files-2.23.so
7fbe9cd7b000-7fbe9cf7a000 ---p 0000b000 08:01 1839588                    /lib/x86_64-linux-gnu/libnss_files-2.23.so
7fbe9cf7a000-7fbe9cf7b000 r--p 0000a000 08:01 1839588                    /lib/x86_64-linux-gnu/libnss_files-2.23.so
7fbe9cf7b000-7fbe9cf7c000 rw-p 0000b000 08:01 1839588                    /lib/x86_64-linux-gnu/libnss_files-2.23.so
7fbe9cf7c000-7fbe9cf82000 rw-p 00000000 00:00 0 
7fbe9cf82000-7fbe9cf8d000 r-xp 00000000 08:01 1839598                    /lib/x86_64-linux-gnu/libnss_nis-2.23.so
7fbe9cf8d000-7fbe9d18c000 ---p 0000b000 08:01 1839598                    /lib/x86_64-linux-gnu/libnss_nis-2.23.so
7fbe9d18c000-7fbe9d18d000 r--p 0000a000 08:01 1839598                    /lib/x86_64-linux-gnu/libnss_nis-2.23.so
7fbe9d18d000-7fbe9d18e000 rw-p 0000b000 08:01 1839598                    /lib/x86_64-linux-gnu/libnss_nis-2.23.so
7fbe9d18e000-7fbe9d1a4000 r-xp 00000000 08:01 1839582                    /lib/x86_64-linux-gnu/libnsl-2.23.so
7fbe9d1a4000-7fbe9d3a3000 ---p 00016000 08:01 1839582                    /lib/x86_64-linux-gnu/libnsl-2.23.so
7fbe9d3a3000-7fbe9d3a4000 r--p 00015000 08:01 1839582                    /lib/x86_64-linux-gnu/libnsl-2.23.so
7fbe9d3a4000-7fbe9d3a5000 rw-p 00016000 08:01 1839582                    /lib/x86_64-linux-gnu/libnsl-2.23.so
7fbe9d3a5000-7fbe9d3a7000 rw-p 00000000 00:00 0 
7fbe9d3a7000-7fbe9d3af000 r-xp 00000000 08:01 1839584                    /lib/x86_64-linux-gnu/libnss_compat-2.23.so
7fbe9d3af000-7fbe9d5ae000 ---p 00008000 08:01 1839584                    /lib/x86_64-linux-gnu/libnss_compat-2.23.so
7fbe9d5ae000-7fbe9d5af000 r--p 00007000 08:01 1839584                    /lib/x86_64-linux-gnu/libnss_compat-2.23.so
7fbe9d5af000-7fbe9d5b0000 rw-p 00008000 08:01 1839584                    /lib/x86_64-linux-gnu/libnss_compat-2.23.so
7fbe9d5b0000-7fbe9d5da000 r-xp 00000000 08:01 4592831                    /usr/lib/jvm/java-8-oracle/jre/lib/amd64/libjava.so
7fbe9d5da000-7fbe9d7da000 ---p 0002a000 08:01 4592831                    /usr/lib/jvm/java-8-oracle/jre/lib/amd64/libjava.so
7fbe9d7da000-7fbe9d7dc000 rw-p 0002a000 08:01 4592831                    /usr/lib/jvm/java-8-oracle/jre/lib/amd64/libjava.so
7fbe9d7dc000-7fbe9d7e9000 r-xp 00000000 08:01 4592787                    /usr/lib/jvm/java-8-oracle/jre/lib/amd64/libverify.so
7fbe9d7e9000-7fbe9d9e9000 ---p 0000d000 08:01 4592787                    /usr/lib/jvm/java-8-oracle/jre/lib/amd64/libverify.so
7fbe9d9e9000-7fbe9d9eb000 rw-p 0000d000 08:01 4592787                    /usr/lib/jvm/java-8-oracle/jre/lib/amd64/libverify.so
7fbe9d9eb000-7fbe9d9f2000 r-xp 00000000 08:01 1839643                    /lib/x86_64-linux-gnu/librt-2.23.so
7fbe9d9f2000-7fbe9dbf1000 ---p 00007000 08:01 1839643                    /lib/x86_64-linux-gnu/librt-2.23.so
7fbe9dbf1000-7fbe9dbf2000 r--p 00006000 08:01 1839643                    /lib/x86_64-linux-gnu/librt-2.23.so
7fbe9dbf2000-7fbe9dbf3000 rw-p 00007000 08:01 1839643                    /lib/x86_64-linux-gnu/librt-2.23.so
7fbe9dbf3000-7fbe9dcfb000 r-xp 00000000 08:01 1839559                    /lib/x86_64-linux-gnu/libm-2.23.so
7fbe9dcfb000-7fbe9defa000 ---p 00108000 08:01 1839559                    /lib/x86_64-linux-gnu/libm-2.23.so
7fbe9defa000-7fbe9defb000 r--p 00107000 08:01 1839559                    /lib/x86_64-linux-gnu/libm-2.23.so
7fbe9defb000-7fbe9defc000 rw-p 00108000 08:01 1839559                    /lib/x86_64-linux-gnu/libm-2.23.so
7fbe9defc000-7fbe9ebc7000 r-xp 00000000 08:01 4719822                    /usr/lib/jvm/java-8-oracle/jre/lib/amd64/server/libjvm.so
7fbe9ebc7000-7fbe9edc6000 ---p 00ccb000 08:01 4719822                    /usr/lib/jvm/java-8-oracle/jre/lib/amd64/server/libjvm.so
7fbe9edc6000-7fbe9ee9f000 rw-p 00cca000 08:01 4719822                    /usr/lib/jvm/java-8-oracle/jre/lib/amd64/server/libjvm.so
7fbe9ee9f000-7fbe9eeea000 rw-p 00000000 00:00 0 
7fbe9eeea000-7fbe9f0aa000 r-xp 00000000 08:01 1839489                    /lib/x86_64-linux-gnu/libc-2.23.so
7fbe9f0aa000-7fbe9f2a9000 ---p 001c0000 08:01 1839489                    /lib/x86_64-linux-gnu/libc-2.23.so
7fbe9f2a9000-7fbe9f2ad000 r--p 001bf000 08:01 1839489                    /lib/x86_64-linux-gnu/libc-2.23.so
7fbe9f2ad000-7fbe9f2af000 rw-p 001c3000 08:01 1839489                    /lib/x86_64-linux-gnu/libc-2.23.so
7fbe9f2af000-7fbe9f2b3000 rw-p 00000000 00:00 0 
7fbe9f2b3000-7fbe9f2b6000 r-xp 00000000 08:01 1839513                    /lib/x86_64-linux-gnu/libdl-2.23.so
7fbe9f2b6000-7fbe9f4b5000 ---p 00003000 08:01 1839513                    /lib/x86_64-linux-gnu/libdl-2.23.so
7fbe9f4b5000-7fbe9f4b6000 r--p 00002000 08:01 1839513                    /lib/x86_64-linux-gnu/libdl-2.23.so
7fbe9f4b6000-7fbe9f4b7000 rw-p 00003000 08:01 1839513                    /lib/x86_64-linux-gnu/libdl-2.23.so
7fbe9f4b7000-7fbe9f4cc000 r-xp 00000000 08:01 4461942                    /usr/lib/jvm/java-8-oracle/lib/amd64/jli/libjli.so
7fbe9f4cc000-7fbe9f6cc000 ---p 00015000 08:01 4461942                    /usr/lib/jvm/java-8-oracle/lib/amd64/jli/libjli.so
7fbe9f6cc000-7fbe9f6cd000 rw-p 00015000 08:01 4461942                    /usr/lib/jvm/java-8-oracle/lib/amd64/jli/libjli.so
7fbe9f6cd000-7fbe9f6e5000 r-xp 00000000 08:01 1839635                    /lib/x86_64-linux-gnu/libpthread-2.23.so
7fbe9f6e5000-7fbe9f8e4000 ---p 00018000 08:01 1839635                    /lib/x86_64-linux-gnu/libpthread-2.23.so
7fbe9f8e4000-7fbe9f8e5000 r--p 00017000 08:01 1839635                    /lib/x86_64-linux-gnu/libpthread-2.23.so
7fbe9f8e5000-7fbe9f8e6000 rw-p 00018000 08:01 1839635                    /lib/x86_64-linux-gnu/libpthread-2.23.so
7fbe9f8e6000-7fbe9f8ea000 rw-p 00000000 00:00 0 
7fbe9f8ea000-7fbe9f910000 r-xp 00000000 08:01 1839461                    /lib/x86_64-linux-gnu/ld-2.23.so
7fbe9f910000-7fbe9f911000 r--s 00000000 08:01 5245784                    /home/ming/Downloads/android studio/android-studio/gradle/gradle-2.14.1/lib/jcip-annotations-1.0.jar
7fbe9f911000-7fbe9f916000 r--s 00041000 08:01 5245792                    /home/ming/Downloads/android studio/android-studio/gradle/gradle-2.14.1/lib/commons-lang-2.6.jar
7fbe9f916000-7fbe9f9ef000 rw-p 00000000 00:00 0 
7fbe9f9ef000-7fbe9f9f2000 ---p 00000000 00:00 0 
7fbe9f9f2000-7fbe9faf4000 rw-p 00000000 00:00 0 
7fbe9faf4000-7fbe9faf5000 r--s 00001000 08:01 5245805                    /home/ming/Downloads/android studio/android-studio/gradle/gradle-2.14.1/lib/gradle-process-services-2.14.1.jar
7fbe9faf5000-7fbe9faf6000 r--s 00000000 08:01 5245767                    /home/ming/Downloads/android studio/android-studio/gradle/gradle-2.14.1/lib/gradle-jvm-services-2.14.1.jar
7fbe9faf6000-7fbe9faf7000 r--s 00007000 08:01 5245777                    /home/ming/Downloads/android studio/android-studio/gradle/gradle-2.14.1/lib/slf4j-api-1.7.10.jar
7fbe9faf7000-7fbe9faf8000 r--s 00004000 08:01 5245795                    /home/ming/Downloads/android studio/android-studio/gradle/gradle-2.14.1/lib/ant-launcher-1.9.6.jar
7fbe9faf8000-7fbe9fb03000 r--s 00051000 08:01 5245787                    /home/ming/Downloads/android studio/android-studio/gradle/gradle-2.14.1/lib/gradle-launcher-2.14.1.jar
7fbe9fb03000-7fbe9fb0b000 rw-s 00000000 08:01 14680159                   /tmp/hsperfdata_ming/3334
7fbe9fb0b000-7fbe9fb0c000 rw-p 00000000 00:00 0 
7fbe9fb0c000-7fbe9fb0d000 r--p 00000000 00:00 0 
7fbe9fb0d000-7fbe9fb0f000 rw-p 00000000 00:00 0 
7fbe9fb0f000-7fbe9fb10000 r--p 00025000 08:01 1839461                    /lib/x86_64-linux-gnu/ld-2.23.so
7fbe9fb10000-7fbe9fb11000 rw-p 00026000 08:01 1839461                    /lib/x86_64-linux-gnu/ld-2.23.so
7fbe9fb11000-7fbe9fb12000 rw-p 00000000 00:00 0 
7fff3ff9d000-7fff3ffbe000 rw-p 00000000 00:00 0                          [stack]
7fff3ffd6000-7fff3ffd8000 r--p 00000000 00:00 0                          [vvar]
7fff3ffd8000-7fff3ffda000 r-xp 00000000 00:00 0                          [vdso]
ffffffffff600000-ffffffffff601000 r-xp 00000000 00:00 0                  [vsyscall]

VM Arguments:
jvm_args: -XX:MaxPermSize=256m -XX:+HeapDumpOnOutOfMemoryError -Xmx1024m -Dfile.encoding=UTF-8 -Duser.country=IN -Duser.language=en -Duser.variant 
java_command: org.gradle.launcher.daemon.bootstrap.GradleDaemon 2.14.1
java_class_path (initial): /home/ming/Downloads/android studio/android-studio/gradle/gradle-2.14.1/lib/gradle-launcher-2.14.1.jar
Launcher Type: SUN_STANDARD

Environment Variables:
JAVA_HOME=/usr/lib/jvm/java-8-openjdk-amd64
PATH=/home/ming/bin:/home/ming/.local/bin:/usr/local/sbin:/usr/local/bin:/usr/sbin:/usr/bin:/sbin:/bin:/usr/games:/usr/local/games:/snap/bin
SHELL=/bin/bash
DISPLAY=:0

Signal Handlers:
SIGSEGV: [libjvm.so+0xac4790], sa_mask[0]=11111111011111111101111111111110, sa_flags=SA_RESTART|SA_SIGINFO
SIGBUS: [libjvm.so+0xac4790], sa_mask[0]=11111111011111111101111111111110, sa_flags=SA_RESTART|SA_SIGINFO
SIGFPE: [libjvm.so+0x91f140], sa_mask[0]=11111111011111111101111111111110, sa_flags=SA_RESTART|SA_SIGINFO
SIGPIPE: [libjvm.so+0x91f140], sa_mask[0]=11111111011111111101111111111110, sa_flags=SA_RESTART|SA_SIGINFO
SIGXFSZ: [libjvm.so+0x91f140], sa_mask[0]=11111111011111111101111111111110, sa_flags=SA_RESTART|SA_SIGINFO
SIGILL: [libjvm.so+0x91f140], sa_mask[0]=11111111011111111101111111111110, sa_flags=SA_RESTART|SA_SIGINFO
SIGUSR1: SIG_DFL, sa_mask[0]=00000000000000000000000000000000, sa_flags=none
SIGUSR2: [libjvm.so+0x920770], sa_mask[0]=00100000000000000000000000000000, sa_flags=SA_RESTART|SA_SIGINFO
SIGHUP: [libjvm.so+0x921b70], sa_mask[0]=11111111011111111101111111111110, sa_flags=SA_RESTART|SA_SIGINFO
SIGINT: [libjvm.so+0x921b70], sa_mask[0]=11111111011111111101111111111110, sa_flags=SA_RESTART|SA_SIGINFO
SIGTERM: [libjvm.so+0x921b70], sa_mask[0]=11111111011111111101111111111110, sa_flags=SA_RESTART|SA_SIGINFO
SIGQUIT: [libjvm.so+0x921b70], sa_mask[0]=11111111011111111101111111111110, sa_flags=SA_RESTART|SA_SIGINFO


---------------  S Y S T E M  ---------------

OS:DISTRIB_ID=Ubuntu
DISTRIB_RELEASE=16.04
DISTRIB_CODENAME=xenial
DISTRIB_DESCRIPTION="Ubuntu 16.04.1 LTS"

uname:Linux 4.4.0-38-generic #57-Ubuntu SMP Tue Sep 6 15:42:33 UTC 2016 x86_64
libc:glibc 2.23 NPTL 2.23 
rlimit: STACK 8192k, CORE 0k, NPROC 31278, NOFILE 65536, AS infinity
load average:3.45 1.30 0.79

/proc/meminfo:
MemTotal:        8047424 kB
MemFree:         2982492 kB
MemAvailable:    4199064 kB
Buffers:          127852 kB
Cached:          1437028 kB
SwapCached:            0 kB
Active:          3887564 kB
Inactive:         919184 kB
Active(anon):    3244272 kB
Inactive(anon):   168456 kB
Active(file):     643292 kB
Inactive(file):   750728 kB
Unevictable:         200 kB
Mlocked:             200 kB
SwapTotal:             0 kB
SwapFree:              0 kB
Dirty:               636 kB
Writeback:             0 kB
AnonPages:       3242800 kB
Mapped:           399660 kB
Shmem:            170148 kB
Slab:             127388 kB
SReclaimable:      92096 kB
SUnreclaim:        35292 kB
KernelStack:       10880 kB
PageTables:        40292 kB
NFS_Unstable:          0 kB
Bounce:                0 kB
WritebackTmp:          0 kB
CommitLimit:     4023712 kB
Committed_AS:    7141316 kB
VmallocTotal:   34359738367 kB
VmallocUsed:           0 kB
VmallocChunk:          0 kB
HardwareCorrupted:     0 kB
AnonHugePages:   1536000 kB
CmaTotal:              0 kB
CmaFree:               0 kB
HugePages_Total:       0
HugePages_Free:        0
HugePages_Rsvd:        0
HugePages_Surp:        0
Hugepagesize:       2048 kB
DirectMap4k:      122620 kB
DirectMap2M:     8138752 kB


CPU:total 4 (2 cores per cpu, 2 threads per core) family 6 model 58 stepping 9, cmov, cx8, fxsr, mmx, sse, sse2, sse3, ssse3, sse4.1, sse4.2, popcnt, avx, aes, clmul, erms, ht, tsc, tscinvbit, tscinv

/proc/cpuinfo:
processor	: 0
vendor_id	: GenuineIntel
cpu family	: 6
model		: 58
model name	: Intel(R) Core(TM) i5-3337U CPU @ 1.80GHz
stepping	: 9
microcode	: 0x17
cpu MHz		: 2499.960
cache size	: 3072 KB
physical id	: 0
siblings	: 4
core id		: 0
cpu cores	: 2
apicid		: 0
initial apicid	: 0
fpu		: yes
fpu_exception	: yes
cpuid level	: 13
wp		: yes
flags		: fpu vme de pse tsc msr pae mce cx8 apic sep mtrr pge mca cmov pat pse36 clflush dts acpi mmx fxsr sse sse2 ss ht tm pbe syscall nx rdtscp lm constant_tsc arch_perfmon pebs bts rep_good nopl xtopology nonstop_tsc aperfmperf eagerfpu pni pclmulqdq dtes64 monitor ds_cpl vmx est tm2 ssse3 cx16 xtpr pdcm pcid sse4_1 sse4_2 x2apic popcnt tsc_deadline_timer aes xsave avx f16c rdrand lahf_lm epb tpr_shadow vnmi flexpriority ept vpid fsgsbase smep erms xsaveopt dtherm ida arat pln pts
bugs		:
bogomips	: 3591.66
clflush size	: 64
cache_alignment	: 64
address sizes	: 36 bits physical, 48 bits virtual
power management:

processor	: 1
vendor_id	: GenuineIntel
cpu family	: 6
model		: 58
model name	: Intel(R) Core(TM) i5-3337U CPU @ 1.80GHz
stepping	: 9
microcode	: 0x17
cpu MHz		: 2499.960
cache size	: 3072 KB
physical id	: 0
siblings	: 4
core id		: 0
cpu cores	: 2
apicid		: 1
initial apicid	: 1
fpu		: yes
fpu_exception	: yes
cpuid level	: 13
wp		: yes
flags		: fpu vme de pse tsc msr pae mce cx8 apic sep mtrr pge mca cmov pat pse36 clflush dts acpi mmx fxsr sse sse2 ss ht tm pbe syscall nx rdtscp lm constant_tsc arch_perfmon pebs bts rep_good nopl xtopology nonstop_tsc aperfmperf eagerfpu pni pclmulqdq dtes64 monitor ds_cpl vmx est tm2 ssse3 cx16 xtpr pdcm pcid sse4_1 sse4_2 x2apic popcnt tsc_deadline_timer aes xsave avx f16c rdrand lahf_lm epb tpr_shadow vnmi flexpriority ept vpid fsgsbase smep erms xsaveopt dtherm ida arat pln pts
bugs		:
bogomips	: 3591.66
clflush size	: 64
cache_alignment	: 64
address sizes	: 36 bits physical, 48 bits virtual
power management:

processor	: 2
vendor_id	: GenuineIntel
cpu family	: 6
model		: 58
model name	: Intel(R) Core(TM) i5-3337U CPU @ 1.80GHz
stepping	: 9
microcode	: 0x17
cpu MHz		: 2499.960
cache size	: 3072 KB
physical id	: 0
siblings	: 4
core id		: 1
cpu cores	: 2
apicid		: 2
initial apicid	: 2
fpu		: yes
fpu_exception	: yes
cpuid level	: 13
wp		: yes
flags		: fpu vme de pse tsc msr pae mce cx8 apic sep mtrr pge mca cmov pat pse36 clflush dts acpi mmx fxsr sse sse2 ss ht tm pbe syscall nx rdtscp lm constant_tsc arch_perfmon pebs bts rep_good nopl xtopology nonstop_tsc aperfmperf eagerfpu pni pclmulqdq dtes64 monitor ds_cpl vmx est tm2 ssse3 cx16 xtpr pdcm pcid sse4_1 sse4_2 x2apic popcnt tsc_deadline_timer aes xsave avx f16c rdrand lahf_lm epb tpr_shadow vnmi flexpriority ept vpid fsgsbase smep erms xsaveopt dtherm ida arat pln pts
bugs		:
bogomips	: 3591.66
clflush size	: 64
cache_alignment	: 64
address sizes	: 36 bits physical, 48 bits virtual
power management:

processor	: 3
vendor_id	: GenuineIntel
cpu family	: 6
model		: 58
model name	: Intel(R) Core(TM) i5-3337U CPU @ 1.80GHz
stepping	: 9
microcode	: 0x17
cpu MHz		: 2499.960
cache size	: 3072 KB
physical id	: 0
siblings	: 4
core id		: 1
cpu cores	: 2
apicid		: 3
initial apicid	: 3
fpu		: yes
fpu_exception	: yes
cpuid level	: 13
wp		: yes
flags		: fpu vme de pse tsc msr pae mce cx8 apic sep mtrr pge mca cmov pat pse36 clflush dts acpi mmx fxsr sse sse2 ss ht tm pbe syscall nx rdtscp lm constant_tsc arch_perfmon pebs bts rep_good nopl xtopology nonstop_tsc aperfmperf eagerfpu pni pclmulqdq dtes64 monitor ds_cpl vmx est tm2 ssse3 cx16 xtpr pdcm pcid sse4_1 sse4_2 x2apic popcnt tsc_deadline_timer aes xsave avx f16c rdrand lahf_lm epb tpr_shadow vnmi flexpriority ept vpid fsgsbase smep erms xsaveopt dtherm ida arat pln pts
bugs		:
bogomips	: 3591.66
clflush size	: 64
cache_alignment	: 64
address sizes	: 36 bits physical, 48 bits virtual
power management:



Memory: 4k page, physical 8047424k(2982492k free), swap 0k(0k free)

vm_info: Java HotSpot(TM) 64-Bit Server VM (25.101-b13) for linux-amd64 JRE (1.8.0_101-b13), built on Jun 22 2016 02:59:44 by "java_re" with gcc 4.3.0 20080428 (Red Hat 4.3.0-8)

time: Fri Sep 23 14:26:56 2016
elapsed time: 27 seconds (0d 0h 0m 27s)

