#
# A fatal error has been detected by the Java Runtime Environment:
#
#  SIGSEGV (0xb) at pc=0x00007f0e62912f62, pid=2942, tid=0x00007f0e4884d700
#
# JRE version: Java(TM) SE Runtime Environment (8.0_101-b13) (build 1.8.0_101-b13)
# Java VM: Java HotSpot(TM) 64-Bit Server VM (25.101-b13 mixed mode linux-amd64 compressed oops)
# Problematic frame:
# V  [libjvm.so+0x814f62]  PhaseIdealLoop::build_loop_early(VectorSet&, Node_List&, Node_Stack&)+0x92
#
# Failed to write core dump. Core dumps have been disabled. To enable core dumping, try "ulimit -c unlimited" before starting Java again
#
# If you would like to submit a bug report, please visit:
#   http://bugreport.java.com/bugreport/crash.jsp
#

---------------  T H R E A D  ---------------

Current thread (0x00007f0e5c0b8000):  JavaThread "C2 CompilerThread0" daemon [_thread_in_native, id=2958, stack(0x00007f0e4874d000,0x00007f0e4884e000)]

siginfo: si_signo: 11 (SIGSEGV), si_code: 2 (SEGV_ACCERR), si_addr: 0x00007f0e38110a08

Registers:
RAX=0x00007f0e281113a0, RBX=0x00007f0e38110a08, RCX=0x00007f0e28111350, RDX=0x0000000000000001
RSP=0x00007f0e48848160, RBP=0x00007f0e488481c0, RSI=0x0000000000004000, RDI=0x00007f0e1cd4d998
R8 =0x00007f0e28976570, R9 =0x0000000000000000, R10=0x00007f0e283ed180, R11=0x00007f0e62376a10
R12=0x0000000000002116, R13=0x0000000000000002, R14=0x00007f0e2017fd60, R15=0x00007f0e4884a410
RIP=0x00007f0e62912f62, EFLAGS=0x0000000000010202, CSGSFS=0x0000000000000033, ERR=0x0000000000000004
  TRAPNO=0x000000000000000e

Top of Stack: (sp=0x00007f0e48848160)
0x00007f0e48848160:   00007f0e2014ff90 00007f0e48848470
0x00007f0e48848170:   00007f0e48848450 00007f0e48848490
0x00007f0e48848180:   00007f0e4884a430 00007f0e28111350
0x00007f0e48848190:   000000034884a348 00007f0e28086830
0x00007f0e488481a0:   000000000000d870 00007f0e4884a410
0x00007f0e488481b0:   00007f0e48848470 00007f0e5c0b8b70
0x00007f0e488481c0:   00007f0e488484e0 00007f0e629192d5
0x00007f0e488481d0:   00007f0e1db83d40 00007f0e48848490
0x00007f0e488481e0:   00007f0e48848450 0000000000000001
0x00007f0e488481f0:   00007f0e4884a430 00007f0e0000001c
0x00007f0e48848200:   00007f0e5c0b8b70 0000000000000004
0x00007f0e48848210:   00007f0e29292780 00007f0e00000000
0x00007f0e48848220:   0000000000000001 00007f0e28c0fb58
0x00007f0e48848230:   000000007fffffff 0000000000000000
0x00007f0e48848240:   00007f0e48848340 00007f0e62b854ae
0x00007f0e48848250:   000000000000007b 0000000000020010
0x00007f0e48848260:   00007f0e488482d0 00007f0e00b84feb
0x00007f0e48848270:   00007f0e630a57b8 0000000000000000
0x00007f0e48848280:   ffff80f1b77b7d31 00007f0e488482cf
0x00007f0e48848290:   0000000000000800 0000083000002002
0x00007f0e488482a0:   0000000000000100 0000000000000020
0x00007f0e488482b0:   0000008e0000015b 0000000000000004
0x00007f0e488482c0:   0000000000000000 0000007c0000007b
0x00007f0e488482d0:   00007f0e1c4d8a90 0000000000000002
0x00007f0e488482e0:   00007f0e48848450 00007f0e62504a6b
0x00007f0e488482f0:   0000000063084640 00007f0e28000020
0x00007f0e48848300:   0000000000020010 0000000000020010
0x00007f0e48848310:   0000000000000000 0000000000000000
0x00007f0e48848320:   00007f0e48848390 00007f0e6316f5a4
0x00007f0e48848330:   00007f0e48848340 00007f0e63083158
0x00007f0e48848340:   00007f0e48848380 00007f0e62a193c5
0x00007f0e48848350:   0000000c2800aca0 00007f0e48848390 

Instructions: (pc=0x00007f0e62912f62)
0x00007f0e62912f42:   6d d4 0f 83 c3 00 00 00 48 8b 4d c8 44 89 ea 41
0x00007f0e62912f52:   83 c5 01 48 8b 41 08 48 8b 1c d0 48 85 db 74 de
0x00007f0e62912f62:   48 8b 03 48 89 df ff 90 b0 00 00 00 84 c0 0f 85
0x00007f0e62912f72:   2a 01 00 00 8b 4b 28 48 8b 55 b8 89 c8 c1 e8 05 

Register to memory mapping:

RAX=0x00007f0e281113a0 is an unknown value
RBX=0x00007f0e38110a08 is an unknown value
RCX=0x00007f0e28111350 is an unknown value
RDX=0x0000000000000001 is an unknown value
RSP=0x00007f0e48848160 is pointing into the stack for thread: 0x00007f0e5c0b8000
RBP=0x00007f0e488481c0 is pointing into the stack for thread: 0x00007f0e5c0b8000
RSI=0x0000000000004000 is an unknown value
RDI=0x00007f0e1cd4d998 is an unknown value
R8 =0x00007f0e28976570 is an unknown value
R9 =0x0000000000000000 is an unknown value
R10=0x00007f0e283ed180 is an unknown value
R11=0x00007f0e62376a10: <offset 0x278a10> in /usr/lib/jvm/java-8-oracle/jre/lib/amd64/server/libjvm.so at 0x00007f0e620fe000
R12=0x0000000000002116 is an unknown value
R13=0x0000000000000002 is an unknown value
R14=0x00007f0e2017fd60 is an unknown value
R15=0x00007f0e4884a410 is pointing into the stack for thread: 0x00007f0e5c0b8000


Stack: [0x00007f0e4874d000,0x00007f0e4884e000],  sp=0x00007f0e48848160,  free space=1004k
Native frames: (J=compiled Java code, j=interpreted, Vv=VM code, C=native code)
V  [libjvm.so+0x814f62]  PhaseIdealLoop::build_loop_early(VectorSet&, Node_List&, Node_Stack&)+0x92
V  [libjvm.so+0x81b2d5]  PhaseIdealLoop::build_and_optimize(bool, bool)+0x765
V  [libjvm.so+0x4a2456]  Compile::Optimize()+0xa46
V  [libjvm.so+0x4a684b]  Compile::Compile(ciEnv*, C2Compiler*, ciMethod*, int, bool, bool, bool)+0x13cb
V  [libjvm.so+0x3f20a8]  C2Compiler::compile_method(ciEnv*, ciMethod*, int)+0x198
V  [libjvm.so+0x4af61a]  CompileBroker::invoke_compiler_on_method(CompileTask*)+0xc9a
V  [libjvm.so+0x4b05c6]  CompileBroker::compiler_thread_loop()+0x5d6
V  [libjvm.so+0xa7343f]  JavaThread::thread_main_inner()+0xdf
V  [libjvm.so+0xa7356c]  JavaThread::run()+0x11c
V  [libjvm.so+0x924698]  java_start(Thread*)+0x108
C  [libpthread.so.0+0x76fa]  start_thread+0xca


Current CompileTask:
C2:  10253 3299       4       java.lang.reflect.Method::toString (20 bytes)


---------------  P R O C E S S  ---------------

Java Threads: ( => current thread )
  0x00007f0df4307000 JavaThread "File lock request listener" [_thread_in_native, id=2979, stack(0x00007f0e116c4000,0x00007f0e117c5000)]
  0x00007f0df4ae3000 JavaThread "process reaper" daemon [_thread_blocked, id=2978, stack(0x00007f0e119c5000,0x00007f0e119fe000)]
  0x00007f0df4007800 JavaThread "Stdin handler" [_thread_blocked, id=2976, stack(0x00007f0e12478000,0x00007f0e12579000)]
  0x00007f0df4006800 JavaThread "Asynchronous log dispatcher for org.gradle.launcher.daemon.server.DefaultDaemonConnection@5279f5eb" [_thread_blocked, id=2975, stack(0x00007f0e12579000,0x00007f0e1267a000)]
  0x00007f0e0800f000 JavaThread "Daemon worker" [_thread_blocked, id=2972, stack(0x00007f0e1267a000,0x00007f0e1277b000)]
  0x00007f0e08009000 JavaThread "Cancel handler" [_thread_blocked, id=2971, stack(0x00007f0e1277b000,0x00007f0e1287c000)]
  0x00007f0e08003800 JavaThread "Handler for socket connection from /127.0.0.1:46551 to /127.0.0.1:51732" [_thread_in_native, id=2970, stack(0x00007f0e1287c000,0x00007f0e1297d000)]
  0x00007f0e04015800 JavaThread "Daemon" [_thread_blocked, id=2969, stack(0x00007f0e1297d000,0x00007f0e12a7e000)]
  0x00007f0e5cc13800 JavaThread "Incoming local TCP Connector on port 46551" [_thread_in_native, id=2968, stack(0x00007f0e12c85000,0x00007f0e12d86000)]
  0x00007f0e5cbf4800 JavaThread "pool-1-thread-1" [_thread_blocked, id=2967, stack(0x00007f0e12d86000,0x00007f0e12e87000)]
  0x00007f0e5c0c0000 JavaThread "Service Thread" daemon [_thread_blocked, id=2961, stack(0x00007f0e4844a000,0x00007f0e4854b000)]
  0x00007f0e5c0bd000 JavaThread "C1 CompilerThread2" daemon [_thread_in_vm, id=2960, stack(0x00007f0e4854b000,0x00007f0e4864c000)]
  0x00007f0e5c0bb000 JavaThread "C2 CompilerThread1" daemon [_thread_in_native, id=2959, stack(0x00007f0e4864c000,0x00007f0e4874d000)]
=>0x00007f0e5c0b8000 JavaThread "C2 CompilerThread0" daemon [_thread_in_native, id=2958, stack(0x00007f0e4874d000,0x00007f0e4884e000)]
  0x00007f0e5c0b7000 JavaThread "Signal Dispatcher" daemon [_thread_blocked, id=2957, stack(0x00007f0e4884e000,0x00007f0e4894f000)]
  0x00007f0e5c084000 JavaThread "Finalizer" daemon [_thread_blocked, id=2956, stack(0x00007f0e4930e000,0x00007f0e4940f000)]
  0x00007f0e5c07f800 JavaThread "Reference Handler" daemon [_thread_blocked, id=2955, stack(0x00007f0e4940f000,0x00007f0e49510000)]
  0x00007f0e5c00a000 JavaThread "main" [_thread_blocked, id=2946, stack(0x00007f0e63bf1000,0x00007f0e63cf2000)]

Other Threads:
  0x00007f0e5c077800 VMThread [stack: 0x00007f0e49510000,0x00007f0e49611000] [id=2954]
  0x00007f0e5c0c2800 WatcherThread [stack: 0x00007f0e48349000,0x00007f0e4844a000] [id=2962]

VM state:not at safepoint (normal execution)

VM Mutex/Monitor currently owned by a thread:  ([mutex/lock_event])
[0x00007f0e5c0055c0] CodeCache_lock - owner thread: 0x00007f0e5c0bd000
[0x00007f0e5c006c40] Compile_lock - owner thread: 0x00007f0e5c0bd000
[0x00007f0e5c006d40] MethodCompileQueue_lock - owner thread: 0x00007f0e5c0bd000

Heap:
 PSYoungGen      total 119808K, used 56761K [0x00000000eab00000, 0x00000000f3200000, 0x0000000100000000)
  eden space 114688K, 45% used [0x00000000eab00000,0x00000000edd73800,0x00000000f1b00000)
  from space 5120K, 99% used [0x00000000f2700000,0x00000000f2bfada0,0x00000000f2c00000)
  to   space 6144K, 0% used [0x00000000f2c00000,0x00000000f2c00000,0x00000000f3200000)
 ParOldGen       total 71680K, used 14829K [0x00000000c0000000, 0x00000000c4600000, 0x00000000eab00000)
  object space 71680K, 20% used [0x00000000c0000000,0x00000000c0e7b778,0x00000000c4600000)
 Metaspace       used 30623K, capacity 31192K, committed 31360K, reserved 1077248K
  class space    used 4250K, capacity 4401K, committed 4480K, reserved 1048576K

Card table byte_map: [0x00007f0e60796000,0x00007f0e60997000] byte_map_base: 0x00007f0e60196000

Marking Bits: (ParMarkBitMap*) 0x00007f0e630bf120
 Begin Bits: [0x00007f0e4b000000, 0x00007f0e4c000000)
 End Bits:   [0x00007f0e4c000000, 0x00007f0e4d000000)

Polling page: 0x00007f0e63d0e000

CodeCache: size=245760Kb used=11958Kb max_used=12006Kb free=233801Kb
 bounds [0x00007f0e4d000000, 0x00007f0e4dbd0000, 0x00007f0e5c000000]
 total_blobs=3888 nmethods=3248 adapters=552
 compilation: enabled

Compilation events (10 events):
Event: 10.197 Thread 0x00007f0e5c0bd000 3434       3       com.google.common.collect.RegularImmutableAsList::<init> (15 bytes)
Event: 10.198 Thread 0x00007f0e5c0bd000 nmethod 3434 0x00007f0e4d15a650 code [0x00007f0e4d15a7e0, 0x00007f0e4d15ab30]
Event: 10.198 Thread 0x00007f0e5c0bd000 3435       3       com.google.common.collect.RegularImmutableMap::createEntrySet (10 bytes)
Event: 10.198 Thread 0x00007f0e5c0bd000 nmethod 3435 0x00007f0e4d1df810 code [0x00007f0e4d1df9a0, 0x00007f0e4d1dfdf0]
Event: 10.198 Thread 0x00007f0e5c0bd000 3436       3       com.google.common.collect.RegularImmutableMap$EntrySet::<init> (6 bytes)
Event: 10.198 Thread 0x00007f0e5c0bd000 nmethod 3436 0x00007f0e4d1df090 code [0x00007f0e4d1df220, 0x00007f0e4d1df5d0]
Event: 10.198 Thread 0x00007f0e5c0bd000 3437       3       com.google.common.collect.RegularImmutableMap$EntrySet::<init> (10 bytes)
Event: 10.199 Thread 0x00007f0e5c0bd000 nmethod 3437 0x00007f0e4d1de9d0 code [0x00007f0e4d1deb60, 0x00007f0e4d1deeb0]
Event: 10.199 Thread 0x00007f0e5c0bd000 3438       3       com.google.common.collect.ImmutableMapEntrySet::<init> (5 bytes)
Event: 10.200 Thread 0x00007f0e5c0bd000 nmethod 3438 0x00007f0e4d1de410 code [0x00007f0e4d1de580, 0x00007f0e4d1de850]

GC Heap History (10 events):
Event: 1.549 GC heap before
{Heap before GC invocations=2 (full 0):
 PSYoungGen      total 36864K, used 35592K [0x00000000eab00000, 0x00000000ef300000, 0x0000000100000000)
  eden space 31744K, 100% used [0x00000000eab00000,0x00000000eca00000,0x00000000eca00000)
  from space 5120K, 75% used [0x00000000eca00000,0x00000000ecdc2290,0x00000000ecf00000)
  to   space 5120K, 0% used [0x00000000eee00000,0x00000000eee00000,0x00000000ef300000)
 ParOldGen       total 84992K, used 8K [0x00000000c0000000, 0x00000000c5300000, 0x00000000eab00000)
  object space 84992K, 0% used [0x00000000c0000000,0x00000000c0002000,0x00000000c5300000)
 Metaspace       used 11719K, capacity 12020K, committed 12288K, reserved 1060864K
  class space    used 1620K, capacity 1710K, committed 1792K, reserved 1048576K
Event: 1.557 GC heap after
Heap after GC invocations=2 (full 0):
 PSYoungGen      total 68608K, used 5089K [0x00000000eab00000, 0x00000000ef300000, 0x0000000100000000)
  eden space 63488K, 0% used [0x00000000eab00000,0x00000000eab00000,0x00000000ee900000)
  from space 5120K, 99% used [0x00000000eee00000,0x00000000ef2f86f0,0x00000000ef300000)
  to   space 5120K, 0% used [0x00000000ee900000,0x00000000ee900000,0x00000000eee00000)
 ParOldGen       total 84992K, used 607K [0x00000000c0000000, 0x00000000c5300000, 0x00000000eab00000)
  object space 84992K, 0% used [0x00000000c0000000,0x00000000c0097c08,0x00000000c5300000)
 Metaspace       used 11719K, capacity 12020K, committed 12288K, reserved 1060864K
  class space    used 1620K, capacity 1710K, committed 1792K, reserved 1048576K
}
Event: 4.093 GC heap before
{Heap before GC invocations=3 (full 0):
 PSYoungGen      total 68608K, used 65500K [0x00000000eab00000, 0x00000000ef300000, 0x0000000100000000)
  eden space 63488K, 95% used [0x00000000eab00000,0x00000000ee5fea88,0x00000000ee900000)
  from space 5120K, 99% used [0x00000000eee00000,0x00000000ef2f86f0,0x00000000ef300000)
  to   space 5120K, 0% used [0x00000000ee900000,0x00000000ee900000,0x00000000eee00000)
 ParOldGen       total 84992K, used 607K [0x00000000c0000000, 0x00000000c5300000, 0x00000000eab00000)
  object space 84992K, 0% used [0x00000000c0000000,0x00000000c0097c08,0x00000000c5300000)
 Metaspace       used 20785K, capacity 21132K, committed 21296K, reserved 1067008K
  class space    used 2818K, capacity 2933K, committed 2944K, reserved 1048576K
Event: 4.119 GC heap after
Heap after GC invocations=3 (full 0):
 PSYoungGen      total 68608K, used 5104K [0x00000000eab00000, 0x00000000f3100000, 0x0000000100000000)
  eden space 63488K, 0% used [0x00000000eab00000,0x00000000eab00000,0x00000000ee900000)
  from space 5120K, 99% used [0x00000000ee900000,0x00000000eedfc020,0x00000000eee00000)
  to   space 5120K, 0% used [0x00000000f2c00000,0x00000000f2c00000,0x00000000f3100000)
 ParOldGen       total 84992K, used 8345K [0x00000000c0000000, 0x00000000c5300000, 0x00000000eab00000)
  object space 84992K, 9% used [0x00000000c0000000,0x00000000c0826598,0x00000000c5300000)
 Metaspace       used 20785K, capacity 21132K, committed 21296K, reserved 1067008K
  class space    used 2818K, capacity 2933K, committed 2944K, reserved 1048576K
}
Event: 4.119 GC heap before
{Heap before GC invocations=4 (full 1):
 PSYoungGen      total 68608K, used 5104K [0x00000000eab00000, 0x00000000f3100000, 0x0000000100000000)
  eden space 63488K, 0% used [0x00000000eab00000,0x00000000eab00000,0x00000000ee900000)
  from space 5120K, 99% used [0x00000000ee900000,0x00000000eedfc020,0x00000000eee00000)
  to   space 5120K, 0% used [0x00000000f2c00000,0x00000000f2c00000,0x00000000f3100000)
 ParOldGen       total 84992K, used 8345K [0x00000000c0000000, 0x00000000c5300000, 0x00000000eab00000)
  object space 84992K, 9% used [0x00000000c0000000,0x00000000c0826598,0x00000000c5300000)
 Metaspace       used 20785K, capacity 21132K, committed 21296K, reserved 1067008K
  class space    used 2818K, capacity 2933K, committed 2944K, reserved 1048576K
Event: 4.196 GC heap after
Heap after GC invocations=4 (full 1):
 PSYoungGen      total 68608K, used 0K [0x00000000eab00000, 0x00000000f3100000, 0x0000000100000000)
  eden space 63488K, 0% used [0x00000000eab00000,0x00000000eab00000,0x00000000ee900000)
  from space 5120K, 0% used [0x00000000ee900000,0x00000000ee900000,0x00000000eee00000)
  to   space 5120K, 0% used [0x00000000f2c00000,0x00000000f2c00000,0x00000000f3100000)
 ParOldGen       total 71680K, used 12431K [0x00000000c0000000, 0x00000000c4600000, 0x00000000eab00000)
  object space 71680K, 17% used [0x00000000c0000000,0x00000000c0c23e58,0x00000000c4600000)
 Metaspace       used 20785K, capacity 21132K, committed 21296K, reserved 1067008K
  class space    used 2818K, capacity 2933K, committed 2944K, reserved 1048576K
}
Event: 5.760 GC heap before
{Heap before GC invocations=5 (full 1):
 PSYoungGen      total 68608K, used 63488K [0x00000000eab00000, 0x00000000f3100000, 0x0000000100000000)
  eden space 63488K, 100% used [0x00000000eab00000,0x00000000ee900000,0x00000000ee900000)
  from space 5120K, 0% used [0x00000000ee900000,0x00000000ee900000,0x00000000eee00000)
  to   space 5120K, 0% used [0x00000000f2c00000,0x00000000f2c00000,0x00000000f3100000)
 ParOldGen       total 71680K, used 12431K [0x00000000c0000000, 0x00000000c4600000, 0x00000000eab00000)
  object space 71680K, 17% used [0x00000000c0000000,0x00000000c0c23e58,0x00000000c4600000)
 Metaspace       used 25480K, capacity 25934K, committed 26112K, reserved 1071104K
  class space    used 3611K, capacity 3735K, committed 3840K, reserved 1048576K
Event: 5.770 GC heap after
Heap after GC invocations=5 (full 1):
 PSYoungGen      total 91648K, used 5106K [0x00000000eab00000, 0x00000000f3100000, 0x0000000100000000)
  eden space 86528K, 0% used [0x00000000eab00000,0x00000000eab00000,0x00000000eff80000)
  from space 5120K, 99% used [0x00000000f2c00000,0x00000000f30fca88,0x00000000f3100000)
  to   space 5120K, 0% used [0x00000000f2700000,0x00000000f2700000,0x00000000f2c00000)
 ParOldGen       total 71680K, used 14206K [0x00000000c0000000, 0x00000000c4600000, 0x00000000eab00000)
  object space 71680K, 19% used [0x00000000c0000000,0x00000000c0ddfaf8,0x00000000c4600000)
 Metaspace       used 25480K, capacity 25934K, committed 26112K, reserved 1071104K
  class space    used 3611K, capacity 3735K, committed 3840K, reserved 1048576K
}
Event: 9.051 GC heap before
{Heap before GC invocations=6 (full 1):
 PSYoungGen      total 91648K, used 91634K [0x00000000eab00000, 0x00000000f3100000, 0x0000000100000000)
  eden space 86528K, 100% used [0x00000000eab00000,0x00000000eff80000,0x00000000eff80000)
  from space 5120K, 99% used [0x00000000f2c00000,0x00000000f30fca88,0x00000000f3100000)
  to   space 5120K, 0% used [0x00000000f2700000,0x00000000f2700000,0x00000000f2c00000)
 ParOldGen       total 71680K, used 14206K [0x00000000c0000000, 0x00000000c4600000, 0x00000000eab00000)
  object space 71680K, 19% used [0x00000000c0000000,0x00000000c0ddfaf8,0x00000000c4600000)
 Metaspace       used 27889K, capacity 28380K, committed 28672K, reserved 1073152K
  class space    used 3891K, capacity 4033K, committed 4096K, reserved 1048576K
Event: 9.064 GC heap after
Heap after GC invocations=6 (full 1):
 PSYoungGen      total 119808K, used 5099K [0x00000000eab00000, 0x00000000f3200000, 0x0000000100000000)
  eden space 114688K, 0% used [0x00000000eab00000,0x00000000eab00000,0x00000000f1b00000)
  from space 5120K, 99% used [0x00000000f2700000,0x00000000f2bfada0,0x00000000f2c00000)
  to   space 6144K, 0% used [0x00000000f2c00000,0x00000000f2c00000,0x00000000f3200000)
 ParOldGen       total 71680K, used 14829K [0x00000000c0000000, 0x00000000c4600000, 0x00000000eab00000)
  object space 71680K, 20% used [0x00000000c0000000,0x00000000c0e7b778,0x00000000c4600000)
 Metaspace       used 27889K, capacity 28380K, committed 28672K, reserved 1073152K
  class space    used 3891K, capacity 4033K, committed 4096K, reserved 1048576K
}

Deoptimization events (10 events):
Event: 9.275 Thread 0x00007f0e0800f000 Uncommon trap: reason=bimorphic action=maybe_recompile pc=0x00007f0e4d743fec method=java.lang.ClassLoader.getPackage(Ljava/lang/String;)Ljava/lang/Package; @ 47
Event: 9.275 Thread 0x00007f0e0800f000 Uncommon trap: reason=bimorphic action=maybe_recompile pc=0x00007f0e4d743fec method=java.lang.ClassLoader.getPackage(Ljava/lang/String;)Ljava/lang/Package; @ 47
Event: 9.276 Thread 0x00007f0e0800f000 Uncommon trap: reason=bimorphic action=maybe_recompile pc=0x00007f0e4d743fec method=java.lang.ClassLoader.getPackage(Ljava/lang/String;)Ljava/lang/Package; @ 47
Event: 9.280 Thread 0x00007f0e0800f000 Uncommon trap: reason=bimorphic action=maybe_recompile pc=0x00007f0e4d71cd3c method=java.lang.ClassLoader.getPackage(Ljava/lang/String;)Ljava/lang/Package; @ 47
Event: 9.281 Thread 0x00007f0e0800f000 Uncommon trap: reason=bimorphic action=maybe_recompile pc=0x00007f0e4d854860 method=java.lang.ClassLoader.getPackage(Ljava/lang/String;)Ljava/lang/Package; @ 47
Event: 9.412 Thread 0x00007f0e0800f000 Uncommon trap: reason=predicate action=maybe_recompile pc=0x00007f0e4db02680 method=java.util.Arrays.binarySearch0([Ljava/lang/Object;IILjava/lang/Object;Ljava/util/Comparator;)I @ 28
Event: 9.894 Thread 0x00007f0e0800f000 Uncommon trap: reason=unstable_if action=reinterpret pc=0x00007f0e4d672360 method=java.util.HashMap.putVal(ILjava/lang/Object;Ljava/lang/Object;ZZ)Ljava/lang/Object; @ 162
Event: 9.894 Thread 0x00007f0e0800f000 Uncommon trap: reason=unstable_if action=reinterpret pc=0x00007f0e4d637c54 method=java.util.HashMap.putVal(ILjava/lang/Object;Ljava/lang/Object;ZZ)Ljava/lang/Object; @ 162
Event: 9.894 Thread 0x00007f0e0800f000 Uncommon trap: reason=unstable_if action=reinterpret pc=0x00007f0e4d96147c method=java.util.HashMap.putVal(ILjava/lang/Object;Ljava/lang/Object;ZZ)Ljava/lang/Object; @ 162
Event: 9.894 Thread 0x00007f0e0800f000 Uncommon trap: reason=unstable_if action=reinterpret pc=0x00007f0e4d2afb20 method=java.util.HashMap.resize()[Ljava/util/HashMap$Node; @ 206

Internal exceptions (10 events):
Event: 9.266 Thread 0x00007f0e0800f000 Exception <a 'java/lang/ClassNotFoundException': org/gradle/api/internal/plugins/DefaultObjectConfigurationActionBeanInfo> (0x00000000eafcf920) thrown at [/HUDSON3/workspace/8-2-build-linux-amd64/jdk8u101/7261/hotspot/src/share/vm/classfile/systemDictiona
Event: 9.267 Thread 0x00007f0e0800f000 Exception <a 'java/lang/ClassNotFoundException': org/gradle/api/internal/plugins/DefaultObjectConfigurationActionCustomizer> (0x00000000eaffbc98) thrown at [/HUDSON3/workspace/8-2-build-linux-amd64/jdk8u101/7261/hotspot/src/share/vm/classfile/systemDictio
Event: 9.271 Thread 0x00007f0e0800f000 Exception <a 'java/lang/ClassNotFoundException': org/gradle/api/plugins/ObjectConfigurationActionBeanInfo> (0x00000000eb03ffc8) thrown at [/HUDSON3/workspace/8-2-build-linux-amd64/jdk8u101/7261/hotspot/src/share/vm/classfile/systemDictionary.cpp, line 210
Event: 9.272 Thread 0x00007f0e0800f000 Exception <a 'java/lang/ClassNotFoundException': org/gradle/api/plugins/ObjectConfigurationActionCustomizer> (0x00000000eb065458) thrown at [/HUDSON3/workspace/8-2-build-linux-amd64/jdk8u101/7261/hotspot/src/share/vm/classfile/systemDictionary.cpp, line 2
Event: 9.413 Thread 0x00007f0e0800f000 Exception <a 'java/lang/ClassNotFoundException': com/android/build/gradle/AppPluginBeanInfo> (0x00000000eb5bb390) thrown at [/HUDSON3/workspace/8-2-build-linux-amd64/jdk8u101/7261/hotspot/src/share/vm/classfile/systemDictionary.cpp, line 210]
Event: 9.413 Thread 0x00007f0e0800f000 Exception <a 'java/lang/ClassNotFoundException': com/android/build/gradle/BasePluginBeanInfo> (0x00000000eb5c90e8) thrown at [/HUDSON3/workspace/8-2-build-linux-amd64/jdk8u101/7261/hotspot/src/share/vm/classfile/systemDictionary.cpp, line 210]
Event: 9.414 Thread 0x00007f0e0800f000 Exception <a 'java/lang/ClassNotFoundException': com/android/build/gradle/BasePluginCustomizer> (0x00000000eb5d71d8) thrown at [/HUDSON3/workspace/8-2-build-linux-amd64/jdk8u101/7261/hotspot/src/share/vm/classfile/systemDictionary.cpp, line 210]
Event: 9.414 Thread 0x00007f0e0800f000 Exception <a 'java/lang/ClassNotFoundException': com/android/build/gradle/AppPluginCustomizer> (0x00000000eb5e6558) thrown at [/HUDSON3/workspace/8-2-build-linux-amd64/jdk8u101/7261/hotspot/src/share/vm/classfile/systemDictionary.cpp, line 210]
Event: 9.618 Thread 0x00007f0e0800f000 Exception <a 'java/lang/ClassNotFoundException': org/gradle/api/plugins/BasePluginConventionBeanInfo> (0x00000000ebe097d0) thrown at [/HUDSON3/workspace/8-2-build-linux-amd64/jdk8u101/7261/hotspot/src/share/vm/classfile/systemDictionary.cpp, line 210]
Event: 9.618 Thread 0x00007f0e0800f000 Exception <a 'java/lang/ClassNotFoundException': org/gradle/api/plugins/BasePluginConventionCustomizer> (0x00000000ebe3c410) thrown at [/HUDSON3/workspace/8-2-build-linux-amd64/jdk8u101/7261/hotspot/src/share/vm/classfile/systemDictionary.cpp, line 210]

Events (10 events):
Event: 10.201 loading class org/apache/tools/ant/types/EnumeratedAttribute
Event: 10.201 loading class org/apache/tools/ant/types/EnumeratedAttribute done
Event: 10.203 loading class org/apache/tools/ant/types/FilterSet$Filter
Event: 10.203 loading class org/apache/tools/ant/types/FilterSet$Filter done
Event: 10.203 loading class org/apache/tools/ant/types/FilterSet$FiltersFile
Event: 10.203 loading class org/apache/tools/ant/types/FilterSet$FiltersFile done
Event: 10.203 loading class org/apache/tools/ant/types/PropertySet
Event: 10.203 loading class org/apache/tools/ant/types/PropertySet done
Event: 10.204 loading class org/apache/tools/ant/types/Reference
Event: 10.204 loading class org/apache/tools/ant/types/Reference done


Dynamic libraries:
00400000-00401000 r-xp 00000000 08:01 4592730                            /usr/lib/jvm/java-8-oracle/bin/java
00600000-00601000 rw-p 00000000 08:01 4592730                            /usr/lib/jvm/java-8-oracle/bin/java
016ef000-01710000 rw-p 00000000 00:00 0                                  [heap]
c0000000-c4600000 rw-p 00000000 00:00 0 
c4600000-eab00000 ---p 00000000 00:00 0 
eab00000-f3200000 rw-p 00000000 00:00 0 
f3200000-100000000 ---p 00000000 00:00 0 
100000000-100460000 rw-p 00000000 00:00 0 
100460000-140000000 ---p 00000000 00:00 0 
7f0de4000000-7f0de4021000 rw-p 00000000 00:00 0 
7f0de4021000-7f0de8000000 ---p 00000000 00:00 0 
7f0dec000000-7f0dec021000 rw-p 00000000 00:00 0 
7f0dec021000-7f0df0000000 ---p 00000000 00:00 0 
7f0df0000000-7f0df0021000 rw-p 00000000 00:00 0 
7f0df0021000-7f0df4000000 ---p 00000000 00:00 0 
7f0df4000000-7f0df504b000 rw-p 00000000 00:00 0 
7f0df504b000-7f0df8000000 ---p 00000000 00:00 0 
7f0df8000000-7f0df8021000 rw-p 00000000 00:00 0 
7f0df8021000-7f0dfc000000 ---p 00000000 00:00 0 
7f0dfc000000-7f0dfc03f000 rw-p 00000000 00:00 0 
7f0dfc03f000-7f0e00000000 ---p 00000000 00:00 0 
7f0e00000000-7f0e00021000 rw-p 00000000 00:00 0 
7f0e00021000-7f0e04000000 ---p 00000000 00:00 0 
7f0e04000000-7f0e04071000 rw-p 00000000 00:00 0 
7f0e04071000-7f0e08000000 ---p 00000000 00:00 0 
7f0e08000000-7f0e0829c000 rw-p 00000000 00:00 0 
7f0e0829c000-7f0e0c000000 ---p 00000000 00:00 0 
7f0e0c000000-7f0e0c021000 rw-p 00000000 00:00 0 
7f0e0c021000-7f0e10000000 ---p 00000000 00:00 0 
7f0e10f69000-7f0e10fa9000 rw-p 00000000 00:00 0 
7f0e10fa9000-7f0e11169000 ---p 00000000 00:00 0 
7f0e11169000-7f0e11369000 rw-p 00000000 00:00 0 
7f0e11369000-7f0e1136b000 r--s 00005000 08:01 6295952                    /home/ming/Downloads/android studio/android-studio/gradle/m2repository/org/abego/treelayout/org.abego.treelayout.core/1.0.1/org.abego.treelayout.core-1.0.1.jar
7f0e1136b000-7f0e11373000 r--s 000a8000 08:01 6428173                    /home/ming/Downloads/android studio/android-studio/gradle/m2repository/com/android/tools/external/lombok/lombok-ast/0.2.3/lombok-ast-0.2.3.jar
7f0e11373000-7f0e11375000 r--s 0000d000 08:01 6557193                    /home/ming/Downloads/android studio/android-studio/gradle/m2repository/commons-codec/commons-codec/1.4/commons-codec-1.4.jar
7f0e11375000-7f0e11377000 r--s 0000d000 08:01 6169048                    /home/ming/Downloads/android studio/android-studio/gradle/m2repository/commons-logging/commons-logging/1.1.1/commons-logging-1.1.1.jar
7f0e11377000-7f0e1137c000 r--s 00028000 08:01 6295904                    /home/ming/Downloads/android studio/android-studio/gradle/m2repository/org/apache/httpcomponents/httpcore/4.1/httpcore-4.1.jar
7f0e1137c000-7f0e1137d000 r--s 00004000 08:01 6296369                    /home/ming/Downloads/android studio/android-studio/gradle/m2repository/com/intellij/annotations/12.0/annotations-12.0.jar
7f0e1137d000-7f0e11381000 r--s 00037000 08:01 6295841                    /home/ming/Downloads/android studio/android-studio/gradle/m2repository/org/antlr/ST4/4.0.8/ST4-4.0.8.jar
7f0e11381000-7f0e11384000 r--s 00026000 08:01 6295855                    /home/ming/Downloads/android studio/android-studio/gradle/m2repository/org/antlr/antlr-runtime/3.5.2/antlr-runtime-3.5.2.jar
7f0e11384000-7f0e11385000 r--s 00002000 08:01 6295967                    /home/ming/Downloads/android studio/android-studio/gradle/m2repository/com/tunnelvisionlabs/antlr4-annotations/4.5/antlr4-annotations-4.5.jar
7f0e11385000-7f0e1138c000 r--s 00062000 08:01 6295962                    /home/ming/Downloads/android studio/android-studio/gradle/m2repository/com/tunnelvisionlabs/antlr4-runtime/4.5/antlr4-runtime-4.5.jar
7f0e1138c000-7f0e1138d000 r--s 00004000 08:01 6169089                    /home/ming/Downloads/android studio/android-studio/gradle/m2repository/org/ow2/asm/asm-analysis/5.0.3/asm-analysis-5.0.3.jar
7f0e1138d000-7f0e11390000 r--s 00030000 08:01 6557123                    /home/ming/Downloads/android studio/android-studio/gradle/m2repository/com/android/tools/lint/lint-api/25.1.3/lint-api-25.1.3.jar
7f0e11390000-7f0e11391000 r--s 0000a000 08:01 6557155                    /home/ming/Downloads/android studio/android-studio/gradle/m2repository/net/sf/kxml/kxml2/2.3.0/kxml2-2.3.0.jar
7f0e11391000-7f0e11393000 r--s 00005000 08:01 6295895                    /home/ming/Downloads/android studio/android-studio/gradle/m2repository/org/apache/httpcomponents/httpmime/4.1/httpmime-4.1.jar
7f0e11393000-7f0e1139b000 r--s 0004e000 08:01 6295915                    /home/ming/Downloads/android studio/android-studio/gradle/m2repository/org/apache/httpcomponents/httpclient/4.1.1/httpclient-4.1.1.jar
7f0e1139b000-7f0e113a2000 r--s 00053000 08:01 6295927                    /home/ming/Downloads/android studio/android-studio/gradle/m2repository/org/apache/commons/commons-compress/1.8.1/commons-compress-1.8.1.jar
7f0e113a2000-7f0e113a7000 r--s 0002a000 08:01 6296402                    /home/ming/Downloads/android studio/android-studio/gradle/m2repository/com/google/code/gson/gson/2.2.4/gson-2.2.4.jar
7f0e113a7000-7f0e113ab000 r--s 00026000 08:01 6428179                    /home/ming/Downloads/android studio/android-studio/gradle/m2repository/com/android/tools/repository/25.1.3/repository-25.1.3.jar
7f0e113ab000-7f0e113ac000 r--s 00005000 08:01 6428159                    /home/ming/Downloads/android studio/android-studio/gradle/m2repository/com/android/tools/dvlib/25.1.3/dvlib-25.1.3.jar
7f0e113ac000-7f0e113af000 r--s 00014000 08:01 6428126                    /home/ming/Downloads/android studio/android-studio/gradle/m2repository/com/android/tools/layoutlib/layoutlib-api/25.1.3/layoutlib-api-25.1.3.jar
7f0e113af000-7f0e113b4000 r--s 00058000 08:01 6169066                    /home/ming/Downloads/android studio/android-studio/gradle/m2repository/org/ow2/asm/asm-debug-all/5.0.4/asm-debug-all-5.0.4.jar
7f0e113b4000-7f0e113c4000 r--s 000d6000 08:01 6557167                    /home/ming/Downloads/android studio/android-studio/gradle/m2repository/net/sf/proguard/proguard-base/5.2.1/proguard-base-5.2.1.jar
7f0e113c4000-7f0e113c7000 r--s 00033000 08:01 6296376                    /home/ming/Downloads/android studio/android-studio/gradle/m2repository/com/googlecode/juniversalchardet/juniversalchardet/1.0.3/juniversalchardet-1.0.3.jar
7f0e113c7000-7f0e113cb000 r--s 0002a000 08:01 6169041                    /home/ming/Downloads/android studio/android-studio/gradle/m2repository/commons-io/commons-io/2.4/commons-io-2.4.jar
7f0e113cb000-7f0e113d5000 r--s 00099000 08:01 6295972                    /home/ming/Downloads/android studio/android-studio/gradle/m2repository/com/tunnelvisionlabs/antlr4/4.5/antlr4-4.5.jar
7f0e113d5000-7f0e113d6000 r--s 00002000 08:01 6296409                    /home/ming/Downloads/android studio/android-studio/gradle/m2repository/com/android/databinding/baseLibrary/2.1.3/baseLibrary-2.1.3.jar
7f0e113d6000-7f0e11401000 r--s 001f9000 08:01 6296394                    /home/ming/Downloads/android studio/android-studio/gradle/m2repository/com/google/guava/guava/17.0/guava-17.0.jar
7f0e11401000-7f0e11402000 r--s 00001000 08:01 6296430                    /home/ming/Downloads/android studio/android-studio/gradle/m2repository/com/android/tools/annotations/25.1.3/annotations-25.1.3.jar
7f0e11402000-7f0e11414000 r--s 00223000 08:01 6295812                    /home/ming/Downloads/android studio/android-studio/gradle/m2repository/org/eclipse/jdt/core/compiler/ecj/4.4.2/ecj-4.4.2.jar
7f0e11414000-7f0e1141b000 r--s 000be000 08:01 6428187                    /home/ming/Downloads/android studio/android-studio/gradle/m2repository/com/android/tools/lint/lint-checks/25.1.3/lint-checks-25.1.3.jar
7f0e1141b000-7f0e1141d000 r--s 00006000 08:01 6169101                    /home/ming/Downloads/android studio/android-studio/gradle/m2repository/org/ow2/asm/asm-tree/5.0.3/asm-tree-5.0.3.jar
7f0e1141d000-7f0e11450000 r--s 00203000 08:01 6295862                    /home/ming/Downloads/android studio/android-studio/gradle/m2repository/org/bouncycastle/bcprov-jdk15on/1.48/bcprov-jdk15on-1.48.jar
7f0e11450000-7f0e1145e000 r--s 00081000 08:01 6295867                    /home/ming/Downloads/android studio/android-studio/gradle/m2repository/org/bouncycastle/bcpkix-jdk15on/1.48/bcpkix-jdk15on-1.48.jar
7f0e1145e000-7f0e11460000 r--s 00002000 08:01 6296384                    /home/ming/Downloads/android studio/android-studio/gradle/m2repository/com/squareup/javawriter/2.5.0/javawriter-2.5.0.jar
7f0e11460000-7f0e11461000 r--s 00001000 08:01 6428134                    /home/ming/Downloads/android studio/android-studio/gradle/m2repository/com/android/tools/jill/jill-api/0.10.0/jill-api-0.10.0.jar
7f0e11461000-7f0e11463000 r--s 00003000 08:01 6557138                    /home/ming/Downloads/android studio/android-studio/gradle/m2repository/com/android/tools/jack/jack-api/0.10.0/jack-api-0.10.0.jar
7f0e11463000-7f0e11469000 r--s 0004a000 08:01 6428152                    /home/ming/Downloads/android studio/android-studio/gradle/m2repository/com/android/tools/ddms/ddmlib/25.1.3/ddmlib-25.1.3.jar
7f0e11469000-7f0e1146c000 r--s 00028000 08:01 6296467                    /home/ming/Downloads/android studio/android-studio/gradle/m2repository/com/android/tools/build/manifest-merger/25.1.3/manifest-merger-25.1.3.jar
7f0e1146c000-7f0e1146e000 r--s 00018000 08:01 6557146                    /home/ming/Downloads/android studio/android-studio/gradle/m2repository/com/android/tools/common/25.1.3/common-25.1.3.jar
7f0e1146e000-7f0e11476000 r--s 0007c000 08:01 6428143                    /home/ming/Downloads/android studio/android-studio/gradle/m2repository/com/android/tools/sdk-common/25.1.3/sdk-common-25.1.3.jar
7f0e11476000-7f0e1147e000 r--s 00078000 08:01 6557130                    /home/ming/Downloads/android studio/android-studio/gradle/m2repository/com/android/tools/sdklib/25.1.3/sdklib-25.1.3.jar
7f0e1147e000-7f0e1147f000 r--s 00002000 08:01 6296452                    /home/ming/Downloads/android studio/android-studio/gradle/m2repository/com/android/tools/build/builder-test-api/2.1.3/builder-test-api-2.1.3.jar
7f0e1147f000-7f0e11481000 r--s 00005000 08:01 6296488                    /home/ming/Downloads/android studio/android-studio/gradle/m2repository/com/android/tools/build/builder-model/2.1.3/builder-model-2.1.3.jar
7f0e11481000-7f0e11485000 r--s 0001e000 08:01 6295878                    /home/ming/Downloads/android studio/android-studio/gradle/m2repository/org/jacoco/org.jacoco.core/0.7.6.201602180812/org.jacoco.core-0.7.6.201602180812.jar
7f0e11485000-7f0e11486000 r--s 00002000 08:01 6557183                    /home/ming/Downloads/android studio/android-studio/gradle/m2repository/net/sf/proguard/proguard-gradle/5.2.1/proguard-gradle-5.2.1.jar
7f0e11486000-7f0e11488000 r--s 00009000 08:01 6293929                    /home/ming/Downloads/android studio/android-studio/gradle/m2repository/org/ow2/asm/asm-commons/5.0.3/asm-commons-5.0.3.jar
7f0e11488000-7f0e11489000 r--s 0000c000 08:01 6295796                    /home/ming/Downloads/android studio/android-studio/gradle/m2repository/org/ow2/asm/asm/5.0.3/asm-5.0.3.jar
7f0e11489000-7f0e1148d000 r--s 0002b000 08:01 6296422                    /home/ming/Downloads/android studio/android-studio/gradle/m2repository/com/android/databinding/compilerCommon/2.1.3/compilerCommon-2.1.3.jar
7f0e1148d000-7f0e1148e000 r--s 00002000 08:01 6296459                    /home/ming/Downloads/android studio/android-studio/gradle/m2repository/com/android/tools/build/gradle-api/2.1.3/gradle-api-2.1.3.jar
7f0e1148e000-7f0e1148f000 r--s 00000000 08:01 6296480                    /home/ming/Downloads/android studio/android-studio/gradle/m2repository/com/android/tools/build/transform-api/2.0.0-deprecated-use-gradle-api/transform-api-2.0.0-deprecated-use-gradle-api.jar
7f0e1148f000-7f0e11491000 r--s 00023000 08:01 6428194                    /home/ming/Downloads/android studio/android-studio/gradle/m2repository/com/android/tools/lint/lint/25.1.3/lint-25.1.3.jar
7f0e11491000-7f0e114a5000 r--s 00130000 08:01 6296446                    /home/ming/Downloads/android studio/android-studio/gradle/m2repository/com/android/tools/build/builder/2.1.3/builder-2.1.3.jar
7f0e114a5000-7f0e114c2000 r--s 0017c000 08:01 6296474                    /home/ming/Downloads/android studio/android-studio/gradle/m2repository/com/android/tools/build/gradle-core/2.1.3/gradle-core-2.1.3.jar
7f0e114c2000-7f0e114c4000 r--s 0000c000 08:01 6296496                    /home/ming/Downloads/android studio/android-studio/gradle/m2repository/com/android/tools/build/gradle/2.1.3/gradle-2.1.3.jar
7f0e114c4000-7f0e116c4000 rw-p 00000000 00:00 0 
7f0e116c4000-7f0e116c7000 ---p 00000000 00:00 0 
7f0e116c7000-7f0e119c5000 rw-p 00000000 00:00 0 
7f0e119c5000-7f0e119c8000 ---p 00000000 00:00 0 
7f0e119c8000-7f0e119fe000 rw-p 00000000 00:00 0 
7f0e119fe000-7f0e119ff000 r--p 00000000 00:00 0 
7f0e119ff000-7f0e11bff000 rw-p 00000000 00:00 0 
7f0e11bff000-7f0e11dff000 rw-p 00000000 00:00 0 
7f0e11dff000-7f0e11fff000 rw-p 00000000 00:00 0 
7f0e11fff000-7f0e121ff000 rw-p 00000000 00:00 0 
7f0e121ff000-7f0e12278000 r--s 010e5000 08:01 4461945                    /usr/lib/jvm/java-8-oracle/lib/tools.jar
7f0e12278000-7f0e12478000 rw-p 00000000 00:00 0 
7f0e12478000-7f0e1247b000 ---p 00000000 00:00 0 
7f0e1247b000-7f0e12579000 rw-p 00000000 00:00 0 
7f0e12579000-7f0e1257c000 ---p 00000000 00:00 0 
7f0e1257c000-7f0e1267a000 rw-p 00000000 00:00 0 
7f0e1267a000-7f0e1267d000 ---p 00000000 00:00 0 
7f0e1267d000-7f0e1277b000 rw-p 00000000 00:00 0 
7f0e1277b000-7f0e1277e000 ---p 00000000 00:00 0 
7f0e1277e000-7f0e1287c000 rw-p 00000000 00:00 0 
7f0e1287c000-7f0e1287f000 ---p 00000000 00:00 0 
7f0e1287f000-7f0e1297d000 rw-p 00000000 00:00 0 
7f0e1297d000-7f0e12980000 ---p 00000000 00:00 0 
7f0e12980000-7f0e12c7e000 rw-p 00000000 00:00 0 
7f0e12c7e000-7f0e12c85000 r--s 00000000 08:01 4721045                    /usr/lib/x86_64-linux-gnu/gconv/gconv-modules.cache
7f0e12c85000-7f0e12c88000 ---p 00000000 00:00 0 
7f0e12c88000-7f0e12d86000 rw-p 00000000 00:00 0 
7f0e12d86000-7f0e12d89000 ---p 00000000 00:00 0 
7f0e12d89000-7f0e12e87000 rw-p 00000000 00:00 0 
7f0e12e87000-7f0e12e90000 r-xp 00000000 08:01 4592820                    /usr/lib/jvm/java-8-oracle/jre/lib/amd64/libmanagement.so
7f0e12e90000-7f0e1308f000 ---p 00009000 08:01 4592820                    /usr/lib/jvm/java-8-oracle/jre/lib/amd64/libmanagement.so
7f0e1308f000-7f0e13090000 rw-p 00008000 08:01 4592820                    /usr/lib/jvm/java-8-oracle/jre/lib/amd64/libmanagement.so
7f0e13090000-7f0e13094000 r--s 00097000 08:01 4592756                    /usr/lib/jvm/java-8-oracle/jre/lib/jsse.jar
7f0e13094000-7f0e13096000 r--s 00007000 08:01 5245820                    /home/ming/Downloads/android studio/android-studio/gradle/gradle-2.14.1/lib/plugins/gradle-tooling-api-builders-2.14.1.jar
7f0e13096000-7f0e13099000 r--s 00008000 08:01 5245814                    /home/ming/Downloads/android studio/android-studio/gradle/gradle-2.14.1/lib/plugins/gradle-testing-native-2.14.1.jar
7f0e13099000-7f0e1309b000 r--s 00009000 08:01 5245895                    /home/ming/Downloads/android studio/android-studio/gradle/gradle-2.14.1/lib/plugins/hamcrest-core-1.3.jar
7f0e1309b000-7f0e130a1000 r--s 00033000 08:01 5245825                    /home/ming/Downloads/android studio/android-studio/gradle/gradle-2.14.1/lib/plugins/snakeyaml-1.6.jar
7f0e130a1000-7f0e130a3000 r--s 00006000 08:01 5245846                    /home/ming/Downloads/android studio/android-studio/gradle/gradle-2.14.1/lib/plugins/jcommander-1.12.jar
7f0e130a3000-7f0e130a8000 r--s 00040000 08:01 5245823                    /home/ming/Downloads/android studio/android-studio/gradle/gradle-2.14.1/lib/plugins/bsh-2.0b4.jar
7f0e130a8000-7f0e130b1000 r--s 00089000 08:01 5245849                    /home/ming/Downloads/android studio/android-studio/gradle/gradle-2.14.1/lib/plugins/testng-6.3.1.jar
7f0e130b1000-7f0e130b9000 r--s 00045000 08:01 5245854                    /home/ming/Downloads/android studio/android-studio/gradle/gradle-2.14.1/lib/plugins/junit-4.12.jar
7f0e130b9000-7f0e130bf000 r--s 0002e000 08:01 5245830                    /home/ming/Downloads/android studio/android-studio/gradle/gradle-2.14.1/lib/plugins/gradle-testing-jvm-2.14.1.jar
7f0e130bf000-7f0e130c4000 r--s 00015000 08:01 5245839                    /home/ming/Downloads/android studio/android-studio/gradle/gradle-2.14.1/lib/plugins/gradle-testing-base-2.14.1.jar
7f0e130c4000-7f0e130c5000 r--s 00002000 08:01 5245852                    /home/ming/Downloads/android studio/android-studio/gradle/gradle-2.14.1/lib/plugins/sonar-batch-bootstrapper-2.9.jar
7f0e130c5000-7f0e130c8000 r--s 00015000 08:01 5245829                    /home/ming/Downloads/android studio/android-studio/gradle/gradle-2.14.1/lib/plugins/gradle-sonar-2.14.1.jar
7f0e130c8000-7f0e130cf000 r--s 00038000 08:01 5245870                    /home/ming/Downloads/android studio/android-studio/gradle/gradle-2.14.1/lib/plugins/bcpg-jdk15on-1.51.jar
7f0e130cf000-7f0e130d1000 r--s 0000d000 08:01 5245876                    /home/ming/Downloads/android studio/android-studio/gradle/gradle-2.14.1/lib/plugins/gradle-signing-2.14.1.jar
7f0e130d1000-7f0e130d4000 r--s 00009000 08:01 5245859                    /home/ming/Downloads/android studio/android-studio/gradle/gradle-2.14.1/lib/plugins/gradle-scala-2.14.1.jar
7f0e130d4000-7f0e130d5000 r--s 00004000 08:01 5245883                    /home/ming/Downloads/android studio/android-studio/gradle/gradle-2.14.1/lib/plugins/gradle-resources-sftp-2.14.1.jar
7f0e130d5000-7f0e130e5000 r--s 00088000 08:01 5245836                    /home/ming/Downloads/android studio/android-studio/gradle/gradle-2.14.1/lib/plugins/joda-time-2.8.2.jar
7f0e130e5000-7f0e130f6000 r--s 000cf000 08:01 5245902                    /home/ming/Downloads/android studio/android-studio/gradle/gradle-2.14.1/lib/plugins/jackson-databind-2.3.2.jar
7f0e130f6000-7f0e130f8000 r--s 00007000 08:01 5245865                    /home/ming/Downloads/android studio/android-studio/gradle/gradle-2.14.1/lib/plugins/jackson-annotations-2.3.2.jar
7f0e130f8000-7f0e130fb000 r--s 0002e000 08:01 5245872                    /home/ming/Downloads/android studio/android-studio/gradle/gradle-2.14.1/lib/plugins/jackson-core-2.3.2.jar
7f0e130fb000-7f0e13106000 r--s 0006b000 08:01 5245919                    /home/ming/Downloads/android studio/android-studio/gradle/gradle-2.14.1/lib/plugins/aws-java-sdk-core-1.9.19.jar
7f0e13106000-7f0e1310c000 r--s 00036000 08:01 5245864                    /home/ming/Downloads/android studio/android-studio/gradle/gradle-2.14.1/lib/plugins/aws-java-sdk-kms-1.9.19.jar
7f0e1310c000-7f0e13117000 r--s 00079000 08:01 5245851                    /home/ming/Downloads/android studio/android-studio/gradle/gradle-2.14.1/lib/plugins/aws-java-sdk-s3-1.9.19.jar
7f0e13117000-7f0e13118000 r--s 00003000 08:01 5245898                    /home/ming/Downloads/android studio/android-studio/gradle/gradle-2.14.1/lib/plugins/gradle-resources-s3-2.14.1.jar
7f0e13118000-7f0e1311a000 r--s 00005000 08:01 5245893                    /home/ming/Downloads/android studio/android-studio/gradle/gradle-2.14.1/lib/plugins/jatl-0.2.2.jar
7f0e1311a000-7f0e1311c000 r--s 0000f000 08:01 5245910                    /home/ming/Downloads/android studio/android-studio/gradle/gradle-2.14.1/lib/plugins/gradle-reporting-2.14.1.jar
7f0e1311c000-7f0e1311e000 r--s 00002000 08:01 5245869                    /home/ming/Downloads/android studio/android-studio/gradle/gradle-2.14.1/lib/plugins/gradle-publish-2.14.1.jar
7f0e1311e000-7f0e13120000 r--s 00009000 08:01 5245842                    /home/ming/Downloads/android studio/android-studio/gradle/gradle-2.14.1/lib/plugins/commons-cli-1.2.jar
7f0e13120000-7f0e13126000 r--s 00033000 08:01 5245853                    /home/ming/Downloads/android studio/android-studio/gradle/gradle-2.14.1/lib/plugins/gradle-plugins-2.14.1.jar
7f0e13126000-7f0e13128000 r--s 00007000 08:01 5245817                    /home/ming/Downloads/android studio/android-studio/gradle/gradle-2.14.1/lib/plugins/gradle-plugin-development-2.14.1.jar
7f0e13128000-7f0e1312e000 r--s 0002a000 08:01 5245875                    /home/ming/Downloads/android studio/android-studio/gradle/gradle-2.14.1/lib/plugins/gradle-platform-play-2.14.1.jar
7f0e1312e000-7f0e1313b000 r--s 0004d000 08:01 5245874                    /home/ming/Downloads/android studio/android-studio/gradle/gradle-2.14.1/lib/plugins/gradle-platform-native-2.14.1.jar
7f0e1313b000-7f0e13151000 r-xp 00000000 08:01 1839527                    /lib/x86_64-linux-gnu/libgcc_s.so.1
7f0e13151000-7f0e13350000 ---p 00016000 08:01 1839527                    /lib/x86_64-linux-gnu/libgcc_s.so.1
7f0e13350000-7f0e13351000 rw-p 00015000 08:01 1839527                    /lib/x86_64-linux-gnu/libgcc_s.so.1
7f0e13351000-7f0e134c3000 r-xp 00000000 08:01 4327421                    /usr/lib/x86_64-linux-gnu/libstdc++.so.6.0.21
7f0e134c3000-7f0e136c3000 ---p 00172000 08:01 4327421                    /usr/lib/x86_64-linux-gnu/libstdc++.so.6.0.21
7f0e136c3000-7f0e136cd000 r--p 00172000 08:01 4327421                    /usr/lib/x86_64-linux-gnu/libstdc++.so.6.0.21
7f0e136cd000-7f0e136cf000 rw-p 0017c000 08:01 4327421                    /usr/lib/x86_64-linux-gnu/libstdc++.so.6.0.21
7f0e136cf000-7f0e136d3000 rw-p 00000000 00:00 0 
7f0e136d3000-7f0e136d7000 r-xp 00000000 08:01 7342835                    /home/ming/.gradle/native/19/linux-amd64/libnative-platform.so
7f0e136d7000-7f0e138d6000 ---p 00004000 08:01 7342835                    /home/ming/.gradle/native/19/linux-amd64/libnative-platform.so
7f0e138d6000-7f0e138d7000 rw-p 00003000 08:01 7342835                    /home/ming/.gradle/native/19/linux-amd64/libnative-platform.so
7f0e138d7000-7f0e138e8000 r-xp 00000000 08:01 4592809                    /usr/lib/jvm/java-8-oracle/jre/lib/amd64/libnio.so
7f0e138e8000-7f0e13ae7000 ---p 00011000 08:01 4592809                    /usr/lib/jvm/java-8-oracle/jre/lib/amd64/libnio.so
7f0e13ae7000-7f0e13ae8000 rw-p 00010000 08:01 4592809                    /usr/lib/jvm/java-8-oracle/jre/lib/amd64/libnio.so
7f0e13ae8000-7f0e13de9000 rw-p 00000000 00:00 0 
7f0e13de9000-7f0e13dff000 r-xp 00000000 08:01 4592786                    /usr/lib/jvm/java-8-oracle/jre/lib/amd64/libnet.so
7f0e13dff000-7f0e13fff000 ---p 00016000 08:01 4592786                    /usr/lib/jvm/java-8-oracle/jre/lib/amd64/libnet.so
7f0e13fff000-7f0e14000000 rw-p 00016000 08:01 4592786                    /usr/lib/jvm/java-8-oracle/jre/lib/amd64/libnet.so
7f0e14000000-7f0e14021000 rw-p 00000000 00:00 0 
7f0e14021000-7f0e18000000 ---p 00000000 00:00 0 
7f0e18000000-7f0e18021000 rw-p 00000000 00:00 0 
7f0e18021000-7f0e1c000000 ---p 00000000 00:00 0 
7f0e1c000000-7f0e1e270000 rw-p 00000000 00:00 0 
7f0e1e270000-7f0e20000000 ---p 00000000 00:00 0 
7f0e20000000-7f0e207e5000 rw-p 00000000 00:00 0 
7f0e207e5000-7f0e24000000 ---p 00000000 00:00 0 
7f0e24000000-7f0e24021000 rw-p 00000000 00:00 0 
7f0e24021000-7f0e28000000 ---p 00000000 00:00 0 
7f0e28000000-7f0e29f25000 rw-p 00000000 00:00 0 
7f0e29f25000-7f0e2c000000 ---p 00000000 00:00 0 
7f0e2c000000-7f0e2c021000 rw-p 00000000 00:00 0 
7f0e2c021000-7f0e30000000 ---p 00000000 00:00 0 
7f0e30000000-7f0e30021000 rw-p 00000000 00:00 0 
7f0e30021000-7f0e34000000 ---p 00000000 00:00 0 
7f0e34000000-7f0e34034000 rw-p 00000000 00:00 0 
7f0e34034000-7f0e38000000 ---p 00000000 00:00 0 
7f0e38000000-7f0e38021000 rw-p 00000000 00:00 0 
7f0e38021000-7f0e3c000000 ---p 00000000 00:00 0 
7f0e3c000000-7f0e3c021000 rw-p 00000000 00:00 0 
7f0e3c021000-7f0e40000000 ---p 00000000 00:00 0 
7f0e40000000-7f0e40021000 rw-p 00000000 00:00 0 
7f0e40021000-7f0e44000000 ---p 00000000 00:00 0 
7f0e44000000-7f0e44021000 rw-p 00000000 00:00 0 
7f0e44021000-7f0e48000000 ---p 00000000 00:00 0 
7f0e48000000-7f0e48004000 r--s 0001a000 08:01 5245896                    /home/ming/Downloads/android studio/android-studio/gradle/gradle-2.14.1/lib/plugins/gradle-platform-jvm-2.14.1.jar
7f0e48004000-7f0e4800b000 r--s 00029000 08:01 5245845                    /home/ming/Downloads/android studio/android-studio/gradle/gradle-2.14.1/lib/plugins/gradle-platform-base-2.14.1.jar
7f0e4800b000-7f0e4802c000 r--s 001c3000 08:01 5245821                    /home/ming/Downloads/android studio/android-studio/gradle/gradle-2.14.1/lib/plugins/bndlib-2.4.0.jar
7f0e4802c000-7f0e4802e000 r--s 00003000 08:01 5245901                    /home/ming/Downloads/android studio/android-studio/gradle/gradle-2.14.1/lib/plugins/gradle-osgi-2.14.1.jar
7f0e4802e000-7f0e48031000 r--s 0000c000 08:01 5245905                    /home/ming/Downloads/android studio/android-studio/gradle/gradle-2.14.1/lib/plugins/pmaven-groovy-0.8-20100325.jar
7f0e48031000-7f0e48032000 r--s 00004000 08:01 5245891                    /home/ming/Downloads/android studio/android-studio/gradle/gradle-2.14.1/lib/plugins/pmaven-common-0.8-20100325.jar
7f0e48032000-7f0e48038000 r--s 00022000 08:01 5245844                    /home/ming/Downloads/android studio/android-studio/gradle/gradle-2.14.1/lib/plugins/gradle-maven-2.14.1.jar
7f0e48038000-7f0e4803a000 r--s 0000a000 08:01 5245826                    /home/ming/Downloads/android studio/android-studio/gradle/gradle-2.14.1/lib/plugins/gradle-language-scala-2.14.1.jar
7f0e4803a000-7f0e48040000 r--s 0001a000 08:01 5245831                    /home/ming/Downloads/android studio/android-studio/gradle/gradle-2.14.1/lib/plugins/gradle-language-native-2.14.1.jar
7f0e48040000-7f0e48042000 r--s 00008000 08:01 5245819                    /home/ming/Downloads/android studio/android-studio/gradle/gradle-2.14.1/lib/plugins/gradle-language-jvm-2.14.1.jar
7f0e48042000-7f0e48048000 r--s 00024000 08:01 5245892                    /home/ming/Downloads/android studio/android-studio/gradle/gradle-2.14.1/lib/plugins/gradle-language-java-2.14.1.jar
7f0e48048000-7f0e4804a000 r--s 0000a000 08:01 5245873                    /home/ming/Downloads/android studio/android-studio/gradle/gradle-2.14.1/lib/plugins/gradle-language-groovy-2.14.1.jar
7f0e4804a000-7f0e4804d000 r--s 0001e000 08:01 5245813                    /home/ming/Downloads/android studio/android-studio/gradle/gradle-2.14.1/lib/plugins/jsp-api-2.1-6.1.14.jar
7f0e4804d000-7f0e48070000 r--s 00344000 08:01 5245866                    /home/ming/Downloads/android studio/android-studio/gradle/gradle-2.14.1/lib/plugins/core-3.1.1.jar
7f0e48070000-7f0e48071000 r--s 00006000 08:01 5245903                    /home/ming/Downloads/android studio/android-studio/gradle/gradle-2.14.1/lib/plugins/jetty-naming-6.1.25.jar
7f0e48071000-7f0e48072000 r--s 00002000 08:01 5245861                    /home/ming/Downloads/android studio/android-studio/gradle/gradle-2.14.1/lib/plugins/geronimo-annotation_1.0_spec-1.0.jar
7f0e48072000-7f0e48074000 r--s 00002000 08:01 5245899                    /home/ming/Downloads/android studio/android-studio/gradle/gradle-2.14.1/lib/plugins/jetty-annotations-6.1.25.jar
7f0e48074000-7f0e48085000 r--s 000ea000 08:01 5245912                    /home/ming/Downloads/android studio/android-studio/gradle/gradle-2.14.1/lib/plugins/jsp-2.1-6.1.14.jar
7f0e48085000-7f0e48087000 r--s 0000d000 08:01 5245867                    /home/ming/Downloads/android studio/android-studio/gradle/gradle-2.14.1/lib/plugins/jetty-plus-6.1.25.jar
7f0e48087000-7f0e48089000 r--s 0001f000 08:01 5245926                    /home/ming/Downloads/android studio/android-studio/gradle/gradle-2.14.1/lib/plugins/servlet-api-2.5-20081211.jar
7f0e48089000-7f0e4808d000 r--s 00028000 08:01 5245847                    /home/ming/Downloads/android studio/android-studio/gradle/gradle-2.14.1/lib/plugins/jetty-util-6.1.25.jar
7f0e4808d000-7f0e48094000 r--s 0007d000 08:01 5245855                    /home/ming/Downloads/android studio/android-studio/gradle/gradle-2.14.1/lib/plugins/jetty-6.1.25.jar
7f0e48094000-7f0e48096000 r--s 00009000 08:01 5245908                    /home/ming/Downloads/android studio/android-studio/gradle/gradle-2.14.1/lib/plugins/gradle-jetty-2.14.1.jar
7f0e48096000-7f0e4809d000 r--s 00035000 08:01 5245922                    /home/ming/Downloads/android studio/android-studio/gradle/gradle-2.14.1/lib/plugins/simple-4.1.21.jar
7f0e4809d000-7f0e480a9000 r--s 00100000 08:01 5245837                    /home/ming/Downloads/android studio/android-studio/gradle/gradle-2.14.1/lib/plugins/rhino-1.7R3.jar
7f0e480a9000-7f0e480ad000 r--s 00011000 08:01 5245890                    /home/ming/Downloads/android studio/android-studio/gradle/gradle-2.14.1/lib/plugins/gradle-javascript-2.14.1.jar
7f0e480ad000-7f0e480af000 r--s 0000c000 08:01 5245924                    /home/ming/Downloads/android studio/android-studio/gradle/gradle-2.14.1/lib/plugins/gradle-jacoco-2.14.1.jar
7f0e480af000-7f0e480b2000 r--s 0000e000 08:01 5245921                    /home/ming/Downloads/android studio/android-studio/gradle/gradle-2.14.1/lib/plugins/gradle-ivy-2.14.1.jar
7f0e480b2000-7f0e480b3000 r--s 00002000 08:01 5245913                    /home/ming/Downloads/android studio/android-studio/gradle/gradle-2.14.1/lib/plugins/gradle-ide-play-2.14.1.jar
7f0e480b3000-7f0e480b8000 r--s 0002b000 08:01 5245909                    /home/ming/Downloads/android studio/android-studio/gradle/gradle-2.14.1/lib/plugins/gradle-ide-native-2.14.1.jar
7f0e480b8000-7f0e480c3000 r--s 00066000 08:01 5245827                    /home/ming/Downloads/android studio/android-studio/gradle/gradle-2.14.1/lib/plugins/gradle-ide-2.14.1.jar
7f0e480c3000-7f0e480c4000 r--s 00008000 08:01 5245824                    /home/ming/Downloads/android studio/android-studio/gradle/gradle-2.14.1/lib/plugins/gradle-ear-2.14.1.jar
7f0e480c4000-7f0e480ca000 r--s 00032000 08:01 5245835                    /home/ming/Downloads/android studio/android-studio/gradle/gradle-2.14.1/lib/plugins/gradle-diagnostics-2.14.1.jar
7f0e480ca000-7f0e480ce000 r--s 00021000 08:01 5245911                    /home/ming/Downloads/android studio/android-studio/gradle/gradle-2.14.1/lib/plugins/gradle-code-quality-2.14.1.jar
7f0e480ce000-7f0e480d2000 r--s 0001f000 08:01 5245834                    /home/ming/Downloads/android studio/android-studio/gradle/gradle-2.14.1/lib/plugins/gradle-build-init-2.14.1.jar
7f0e480d2000-7f0e480d9000 r--s 0008e000 08:01 5245918                    /home/ming/Downloads/android studio/android-studio/gradle/gradle-2.14.1/lib/plugins/gradle-build-comparison-2.14.1.jar
7f0e480d9000-7f0e480db000 r--s 00008000 08:01 5245894                    /home/ming/Downloads/android studio/android-studio/gradle/gradle-2.14.1/lib/plugins/gradle-antlr-2.14.1.jar
7f0e480db000-7f0e480dd000 r--s 00004000 08:01 5245920                    /home/ming/Downloads/android studio/android-studio/gradle/gradle-2.14.1/lib/plugins/gradle-announce-2.14.1.jar
7f0e480dd000-7f0e480f5000 r--s 00115000 08:01 5245858                    /home/ming/Downloads/android studio/android-studio/gradle/gradle-2.14.1/lib/plugins/xercesImpl-2.9.1.jar
7f0e480f5000-7f0e480fd000 r--s 00028000 08:01 5245886                    /home/ming/Downloads/android studio/android-studio/gradle/gradle-2.14.1/lib/plugins/xml-apis-1.3.04.jar
7f0e480fd000-7f0e48103000 r--s 0005b000 08:01 5245877                    /home/ming/Downloads/android studio/android-studio/gradle/gradle-2.14.1/lib/plugins/jcifs-1.3.17.jar
7f0e48103000-7f0e4810a000 r--s 00049000 08:01 5245888                    /home/ming/Downloads/android studio/android-studio/gradle/gradle-2.14.1/lib/plugins/httpcore-4.4.4.jar
7f0e4810a000-7f0e48110000 r--s 00033000 08:01 5245833                    /home/ming/Downloads/android studio/android-studio/gradle/gradle-2.14.1/lib/plugins/commons-codec-1.6.jar
7f0e48110000-7f0e48113000 r--s 0001c000 08:01 5245828                    /home/ming/Downloads/android studio/android-studio/gradle/gradle-2.14.1/lib/plugins/nekohtml-1.9.14.jar
7f0e48113000-7f0e48120000 r--s 000a4000 08:01 5245906                    /home/ming/Downloads/android studio/android-studio/gradle/gradle-2.14.1/lib/plugins/httpclient-4.4.1.jar
7f0e48120000-7f0e48122000 r--s 0000a000 08:01 5245815                    /home/ming/Downloads/android studio/android-studio/gradle/gradle-2.14.1/lib/plugins/gradle-resources-http-2.14.1.jar
7f0e48122000-7f0e48126000 r--s 00014000 08:01 5245880                    /home/ming/Downloads/android studio/android-studio/gradle/gradle-2.14.1/lib/plugins/gradle-plugin-use-2.14.1.jar
7f0e48126000-7f0e48127000 r--s 00000000 08:01 5245771                    /home/ming/Downloads/android studio/android-studio/gradle/gradle-2.14.1/lib/gradle-installation-beacon-2.14.1.jar
7f0e48127000-7f0e48128000 r--s 00007000 08:01 5245843                    /home/ming/Downloads/android studio/android-studio/gradle/gradle-2.14.1/lib/plugins/wagon-http-shared4-2.4.jar
7f0e48128000-7f0e4812c000 r--s 00033000 08:01 5245897                    /home/ming/Downloads/android studio/android-studio/gradle/gradle-2.14.1/lib/plugins/plexus-utils-2.0.6.jar
7f0e4812c000-7f0e48130000 r--s 00021000 08:01 5245879                    /home/ming/Downloads/android studio/android-studio/gradle/gradle-2.14.1/lib/plugins/maven-model-builder-3.0.4.jar
7f0e48130000-7f0e48131000 r--s 00002000 08:01 5245832                    /home/ming/Downloads/android studio/android-studio/gradle/gradle-2.14.1/lib/plugins/wagon-file-2.4.jar
7f0e48131000-7f0e48133000 r--s 00002000 08:01 5245889                    /home/ming/Downloads/android studio/android-studio/gradle/gradle-2.14.1/lib/plugins/plexus-cipher-1.7.jar
7f0e48133000-7f0e48136000 r--s 00013000 08:01 5245925                    /home/ming/Downloads/android studio/android-studio/gradle/gradle-2.14.1/lib/plugins/aether-api-1.13.1.jar
7f0e48136000-7f0e48138000 r--s 0000a000 08:01 5245848                    /home/ming/Downloads/android studio/android-studio/gradle/gradle-2.14.1/lib/plugins/maven-settings-3.0.4.jar
7f0e48138000-7f0e4813a000 r--s 0000d000 08:01 5245881                    /home/ming/Downloads/android studio/android-studio/gradle/gradle-2.14.1/lib/plugins/plexus-interpolation-1.14.jar
7f0e4813a000-7f0e4813c000 r--s 0000b000 08:01 5245904                    /home/ming/Downloads/android studio/android-studio/gradle/gradle-2.14.1/lib/plugins/maven-artifact-3.0.4.jar
7f0e4813c000-7f0e48143000 r--s 0002e000 08:01 5245840                    /home/ming/Downloads/android studio/android-studio/gradle/gradle-2.14.1/lib/plugins/plexus-container-default-1.5.5.jar
7f0e48143000-7f0e48145000 r--s 0000b000 08:01 5245868                    /home/ming/Downloads/android studio/android-studio/gradle/gradle-2.14.1/lib/plugins/maven-plugin-api-3.0.4.jar
7f0e48145000-7f0e48147000 r--s 00000000 08:01 5245871                    /home/ming/Downloads/android studio/android-studio/gradle/gradle-2.14.1/lib/plugins/plexus-component-annotations-1.5.5.jar
7f0e48147000-7f0e4814d000 r--s 0003f000 08:01 5245882                    /home/ming/Downloads/android studio/android-studio/gradle/gradle-2.14.1/lib/plugins/maven-compat-3.0.4.jar
7f0e4814d000-7f0e48150000 r--s 00008000 08:01 5245856                    /home/ming/Downloads/android studio/android-studio/gradle/gradle-2.14.1/lib/plugins/maven-settings-builder-3.0.4.jar
7f0e48150000-7f0e48151000 r--s 00002000 08:01 5245812                    /home/ming/Downloads/android studio/android-studio/gradle/gradle-2.14.1/lib/plugins/wagon-http-2.4.jar
7f0e48151000-7f0e48153000 r--s 00026000 08:01 5245923                    /home/ming/Downloads/android studio/android-studio/gradle/gradle-2.14.1/lib/plugins/maven-model-3.0.4.jar
7f0e48153000-7f0e48155000 r--s 00006000 08:01 5245900                    /home/ming/Downloads/android studio/android-studio/gradle/gradle-2.14.1/lib/plugins/aether-connector-wagon-1.13.1.jar
7f0e48155000-7f0e48157000 r--s 0000a000 08:01 5245841                    /home/ming/Downloads/android studio/android-studio/gradle/gradle-2.14.1/lib/plugins/plexus-classworlds-2.4.jar
7f0e48157000-7f0e48159000 r--s 00006000 08:01 5245884                    /home/ming/Downloads/android studio/android-studio/gradle/gradle-2.14.1/lib/plugins/maven-repository-metadata-3.0.4.jar
7f0e48159000-7f0e4815b000 r--s 0000c000 08:01 5245860                    /home/ming/Downloads/android studio/android-studio/gradle/gradle-2.14.1/lib/plugins/maven-aether-provider-3.0.4.jar
7f0e4815b000-7f0e4815d000 r--s 0000b000 08:01 5245850                    /home/ming/Downloads/android studio/android-studio/gradle/gradle-2.14.1/lib/plugins/wagon-provider-api-2.4.jar
7f0e4815d000-7f0e4815e000 r--s 00003000 08:01 5245816                    /home/ming/Downloads/android studio/android-studio/gradle/gradle-2.14.1/lib/plugins/aether-spi-1.13.1.jar
7f0e4815e000-7f0e48162000 r--s 0001c000 08:01 5245914                    /home/ming/Downloads/android studio/android-studio/gradle/gradle-2.14.1/lib/plugins/aether-util-1.13.1.jar
7f0e48162000-7f0e48165000 r--s 0001d000 08:01 5245878                    /home/ming/Downloads/android studio/android-studio/gradle/gradle-2.14.1/lib/plugins/aether-impl-1.13.1.jar
7f0e48165000-7f0e48166000 r--s 00006000 08:01 5245885                    /home/ming/Downloads/android studio/android-studio/gradle/gradle-2.14.1/lib/plugins/plexus-sec-dispatcher-1.3.jar
7f0e48166000-7f0e4816b000 r--s 00040000 08:01 5245818                    /home/ming/Downloads/android studio/android-studio/gradle/gradle-2.14.1/lib/plugins/jsch-0.1.53.jar
7f0e4816b000-7f0e481ab000 r--s 00277000 08:01 5245822                    /home/ming/Downloads/android studio/android-studio/gradle/gradle-2.14.1/lib/plugins/bcprov-jdk15on-1.51.jar
7f0e481ab000-7f0e481af000 r--s 0001d000 08:01 5245863                    /home/ming/Downloads/android studio/android-studio/gradle/gradle-2.14.1/lib/plugins/xbean-reflect-3.4.jar
7f0e481af000-7f0e481bb000 r--s 0007d000 08:01 5245887                    /home/ming/Downloads/android studio/android-studio/gradle/gradle-2.14.1/lib/plugins/maven-core-3.0.4.jar
7f0e481bb000-7f0e481c0000 r--s 0002a000 08:01 5245857                    /home/ming/Downloads/android studio/android-studio/gradle/gradle-2.14.1/lib/plugins/gson-2.2.4.jar
7f0e481c0000-7f0e481cf000 r--s 000d9000 08:01 5245838                    /home/ming/Downloads/android studio/android-studio/gradle/gradle-2.14.1/lib/plugins/ivy-2.2.0.jar
7f0e481cf000-7f0e481eb000 r--s 000d3000 08:01 5245862                    /home/ming/Downloads/android studio/android-studio/gradle/gradle-2.14.1/lib/plugins/gradle-dependency-management-2.14.1.jar
7f0e481eb000-7f0e481ed000 r--s 00005000 08:01 5245781                    /home/ming/Downloads/android studio/android-studio/gradle/gradle-2.14.1/lib/gradle-wrapper-2.14.1.jar
7f0e481ed000-7f0e481fb000 r--s 0004f000 08:01 5245766                    /home/ming/Downloads/android studio/android-studio/gradle/gradle-2.14.1/lib/gradle-tooling-api-2.14.1.jar
7f0e481fb000-7f0e481fd000 r--s 00002000 08:01 5245770                    /home/ming/Downloads/android studio/android-studio/gradle/gradle-2.14.1/lib/gradle-open-api-2.14.1.jar
7f0e481fd000-7f0e48203000 r--s 00032000 08:01 5245804                    /home/ming/Downloads/android studio/android-studio/gradle/gradle-2.14.1/lib/jaxen-1.1.jar
7f0e48203000-7f0e48208000 r--s 00048000 08:01 5245769                    /home/ming/Downloads/android studio/android-studio/gradle/gradle-2.14.1/lib/dom4j-1.6.1.jar
7f0e48208000-7f0e48213000 r--s 00059000 08:01 5245798                    /home/ming/Downloads/android studio/android-studio/gradle/gradle-2.14.1/lib/gradle-ui-2.14.1.jar
7f0e48213000-7f0e48216000 r--s 0000b000 08:01 5245927                    /home/ming/Downloads/android studio/android-studio/gradle/gradle-2.14.1/lib/gradle-resources-2.14.1.jar
7f0e48216000-7f0e48218000 r--s 00003000 08:01 5245807                    /home/ming/Downloads/android studio/android-studio/gradle/gradle-2.14.1/lib/jcl-over-slf4j-1.7.10.jar
7f0e48218000-7f0e48219000 r--s 00005000 08:01 5245801                    /home/ming/Downloads/android studio/android-studio/gradle/gradle-2.14.1/lib/log4j-over-slf4j-1.7.10.jar
7f0e48219000-7f0e4821b000 r--s 00000000 08:01 5245928                    /home/ming/Downloads/android studio/android-studio/gradle/gradle-2.14.1/lib/jul-to-slf4j-1.7.10.jar
7f0e4821b000-7f0e48220000 r--s 0001c000 08:01 5245779                    /home/ming/Downloads/android studio/android-studio/gradle/gradle-2.14.1/lib/gradle-logging-2.14.1.jar
7f0e48220000-7f0e48222000 r--s 00007000 08:01 5245810                    /home/ming/Downloads/android studio/android-studio/gradle/gradle-2.14.1/lib/objenesis-1.2.jar
7f0e48222000-7f0e48224000 r--s 00000000 08:01 5245774                    /home/ming/Downloads/android studio/android-studio/gradle/gradle-2.14.1/lib/minlog-1.2.jar
7f0e48224000-7f0e48226000 r--s 0000f000 08:01 5245785                    /home/ming/Downloads/android studio/android-studio/gradle/gradle-2.14.1/lib/reflectasm-1.07-shaded.jar
7f0e48226000-7f0e4822a000 r--s 00026000 08:01 5245799                    /home/ming/Downloads/android studio/android-studio/gradle/gradle-2.14.1/lib/kryo-2.20.jar
7f0e4822a000-7f0e48230000 r--s 00025000 08:01 5245768                    /home/ming/Downloads/android studio/android-studio/gradle/gradle-2.14.1/lib/gradle-messaging-2.14.1.jar
7f0e48230000-7f0e48231000 r--s 00003000 08:01 5245806                    /home/ming/Downloads/android studio/android-studio/gradle/gradle-2.14.1/lib/native-platform-freebsd-amd64-0.10.jar
7f0e48231000-7f0e48232000 r--s 00003000 08:01 5245788                    /home/ming/Downloads/android studio/android-studio/gradle/gradle-2.14.1/lib/native-platform-freebsd-i386-0.10.jar
7f0e48232000-7f0e48233000 r--s 00005000 08:01 5245776                    /home/ming/Downloads/android studio/android-studio/gradle/gradle-2.14.1/lib/native-platform-windows-i386-0.10.jar
7f0e48233000-7f0e48234000 r--s 00005000 08:01 5245775                    /home/ming/Downloads/android studio/android-studio/gradle/gradle-2.14.1/lib/native-platform-windows-amd64-0.10.jar
7f0e48234000-7f0e48235000 r--s 00003000 08:01 5245789                    /home/ming/Downloads/android studio/android-studio/gradle/gradle-2.14.1/lib/native-platform-linux-i386-0.10.jar
7f0e48235000-7f0e48236000 r--s 00003000 08:01 5245773                    /home/ming/Downloads/android studio/android-studio/gradle/gradle-2.14.1/lib/native-platform-linux-amd64-0.10.jar
7f0e48236000-7f0e48237000 r--s 00002000 08:01 5245772                    /home/ming/Downloads/android studio/android-studio/gradle/gradle-2.14.1/lib/native-platform-osx-amd64-0.10.jar
7f0e48237000-7f0e48238000 r--s 00002000 08:01 5245802                    /home/ming/Downloads/android studio/android-studio/gradle/gradle-2.14.1/lib/native-platform-osx-i386-0.10.jar
7f0e48238000-7f0e4823a000 r--s 00008000 08:01 5245803                    /home/ming/Downloads/android studio/android-studio/gradle/gradle-2.14.1/lib/jansi-1.2.1.jar
7f0e4823a000-7f0e4823d000 r--s 0000d000 08:01 5245797                    /home/ming/Downloads/android studio/android-studio/gradle/gradle-2.14.1/lib/native-platform-0.10.jar
7f0e4823d000-7f0e48241000 r--s 000e4000 08:01 5245796                    /home/ming/Downloads/android studio/android-studio/gradle/gradle-2.14.1/lib/jna-3.2.7.jar
7f0e48241000-7f0e48243000 r--s 00009000 08:01 5245808                    /home/ming/Downloads/android studio/android-studio/gradle/gradle-2.14.1/lib/gradle-native-2.14.1.jar
7f0e48243000-7f0e48245000 r--s 00005000 08:01 5245809                    /home/ming/Downloads/android studio/android-studio/gradle/gradle-2.14.1/lib/gradle-cli-2.14.1.jar
7f0e48245000-7f0e48247000 r--s 00007000 08:01 5245778                    /home/ming/Downloads/android studio/android-studio/gradle/gradle-2.14.1/lib/gradle-model-groovy-2.14.1.jar
7f0e48247000-7f0e48248000 r--s 00006000 08:01 5245793                    /home/ming/Downloads/android studio/android-studio/gradle/gradle-2.14.1/lib/gradle-base-services-groovy-2.14.1.jar
7f0e48248000-7f0e48257000 r--s 00080000 08:01 5245794                    /home/ming/Downloads/android studio/android-studio/gradle/gradle-2.14.1/lib/gradle-model-core-2.14.1.jar
7f0e48257000-7f0e48258000 r--s 00002000 08:01 5245786                    /home/ming/Downloads/android studio/android-studio/gradle/gradle-2.14.1/lib/gradle-docs-2.14.1.jar
7f0e48258000-7f0e4825c000 r--s 00027000 08:01 5245800                    /home/ming/Downloads/android studio/android-studio/gradle/gradle-2.14.1/lib/commons-io-2.2.jar
7f0e4825c000-7f0e482cb000 r--s 0063e000 08:01 5245931                    /home/ming/Downloads/android studio/android-studio/gradle/gradle-2.14.1/lib/groovy-all-2.4.4.jar
7f0e482cb000-7f0e482f3000 r--s 001cf000 08:01 5245782                    /home/ming/Downloads/android studio/android-studio/gradle/gradle-2.14.1/lib/guava-jdk5-17.0.jar
7f0e482f3000-7f0e48312000 r--s 001d1000 08:01 5245780                    /home/ming/Downloads/android studio/android-studio/gradle/gradle-2.14.1/lib/ant-1.9.6.jar
7f0e48312000-7f0e48349000 r--s 001bd000 08:01 5245783                    /home/ming/Downloads/android studio/android-studio/gradle/gradle-2.14.1/lib/gradle-core-2.14.1.jar
7f0e48349000-7f0e4834a000 ---p 00000000 00:00 0 
7f0e4834a000-7f0e4844a000 rw-p 00000000 00:00 0 
7f0e4844a000-7f0e4844d000 ---p 00000000 00:00 0 
7f0e4844d000-7f0e4854b000 rw-p 00000000 00:00 0 
7f0e4854b000-7f0e4854e000 ---p 00000000 00:00 0 
7f0e4854e000-7f0e4864c000 rw-p 00000000 00:00 0 
7f0e4864c000-7f0e4864f000 ---p 00000000 00:00 0 
7f0e4864f000-7f0e4874d000 rw-p 00000000 00:00 0 
7f0e4874d000-7f0e48750000 ---p 00000000 00:00 0 
7f0e48750000-7f0e4884e000 rw-p 00000000 00:00 0 
7f0e4884e000-7f0e48851000 ---p 00000000 00:00 0 
7f0e48851000-7f0e4894f000 rw-p 00000000 00:00 0 
7f0e4894f000-7f0e4930e000 r--p 00000000 08:01 4332457                    /usr/lib/locale/locale-archive
7f0e4930e000-7f0e49311000 ---p 00000000 00:00 0 
7f0e49311000-7f0e4940f000 rw-p 00000000 00:00 0 
7f0e4940f000-7f0e49412000 ---p 00000000 00:00 0 
7f0e49412000-7f0e49510000 rw-p 00000000 00:00 0 
7f0e49510000-7f0e49511000 ---p 00000000 00:00 0 
7f0e49511000-7f0e4a5b1000 rw-p 00000000 00:00 0 
7f0e4a5b1000-7f0e4a78a000 r--s 03d29000 08:01 4592778                    /usr/lib/jvm/java-8-oracle/jre/lib/rt.jar
7f0e4a78a000-7f0e4d000000 rw-p 00000000 00:00 0 
7f0e4d000000-7f0e4dbd0000 rwxp 00000000 00:00 0 
7f0e4dbd0000-7f0e5c000000 ---p 00000000 00:00 0 
7f0e5c000000-7f0e5cc30000 rw-p 00000000 00:00 0 
7f0e5cc30000-7f0e60000000 ---p 00000000 00:00 0 
7f0e60000000-7f0e60001000 r--s 00000000 08:01 5245930                    /home/ming/Downloads/android studio/android-studio/gradle/gradle-2.14.1/lib/javax.inject-1.jar
7f0e60001000-7f0e6000e000 r--s 00083000 08:01 5245929                    /home/ming/Downloads/android studio/android-studio/gradle/gradle-2.14.1/lib/commons-collections-3.2.2.jar
7f0e6000e000-7f0e60013000 r--s 00038000 08:01 5245790                    /home/ming/Downloads/android studio/android-studio/gradle/gradle-2.14.1/lib/asm-all-5.1.jar
7f0e60013000-7f0e6001b000 r--s 0003a000 08:01 5245791                    /home/ming/Downloads/android studio/android-studio/gradle/gradle-2.14.1/lib/gradle-base-services-2.14.1.jar
7f0e6001b000-7f0e6023c000 rw-p 00000000 00:00 0 
7f0e6023c000-7f0e6023d000 ---p 00000000 00:00 0 
7f0e6023d000-7f0e6033d000 rw-p 00000000 00:00 0 
7f0e6033d000-7f0e6033e000 ---p 00000000 00:00 0 
7f0e6033e000-7f0e6043e000 rw-p 00000000 00:00 0 
7f0e6043e000-7f0e6043f000 ---p 00000000 00:00 0 
7f0e6043f000-7f0e6053f000 rw-p 00000000 00:00 0 
7f0e6053f000-7f0e60540000 ---p 00000000 00:00 0 
7f0e60540000-7f0e60663000 rw-p 00000000 00:00 0 
7f0e60663000-7f0e60796000 ---p 00000000 00:00 0 
7f0e60796000-7f0e607b9000 rw-p 00000000 00:00 0 
7f0e607b9000-7f0e608eb000 ---p 00000000 00:00 0 
7f0e608eb000-7f0e6092f000 rw-p 00000000 00:00 0 
7f0e6092f000-7f0e60996000 ---p 00000000 00:00 0 
7f0e60996000-7f0e609c7000 rw-p 00000000 00:00 0 
7f0e609c7000-7f0e60d57000 ---p 00000000 00:00 0 
7f0e60d57000-7f0e60d71000 r-xp 00000000 08:01 4592807                    /usr/lib/jvm/java-8-oracle/jre/lib/amd64/libzip.so
7f0e60d71000-7f0e60f71000 ---p 0001a000 08:01 4592807                    /usr/lib/jvm/java-8-oracle/jre/lib/amd64/libzip.so
7f0e60f71000-7f0e60f72000 rw-p 0001a000 08:01 4592807                    /usr/lib/jvm/java-8-oracle/jre/lib/amd64/libzip.so
7f0e60f72000-7f0e60f7d000 r-xp 00000000 08:01 1839588                    /lib/x86_64-linux-gnu/libnss_files-2.23.so
7f0e60f7d000-7f0e6117c000 ---p 0000b000 08:01 1839588                    /lib/x86_64-linux-gnu/libnss_files-2.23.so
7f0e6117c000-7f0e6117d000 r--p 0000a000 08:01 1839588                    /lib/x86_64-linux-gnu/libnss_files-2.23.so
7f0e6117d000-7f0e6117e000 rw-p 0000b000 08:01 1839588                    /lib/x86_64-linux-gnu/libnss_files-2.23.so
7f0e6117e000-7f0e61184000 rw-p 00000000 00:00 0 
7f0e61184000-7f0e6118f000 r-xp 00000000 08:01 1839598                    /lib/x86_64-linux-gnu/libnss_nis-2.23.so
7f0e6118f000-7f0e6138e000 ---p 0000b000 08:01 1839598                    /lib/x86_64-linux-gnu/libnss_nis-2.23.so
7f0e6138e000-7f0e6138f000 r--p 0000a000 08:01 1839598                    /lib/x86_64-linux-gnu/libnss_nis-2.23.so
7f0e6138f000-7f0e61390000 rw-p 0000b000 08:01 1839598                    /lib/x86_64-linux-gnu/libnss_nis-2.23.so
7f0e61390000-7f0e613a6000 r-xp 00000000 08:01 1839582                    /lib/x86_64-linux-gnu/libnsl-2.23.so
7f0e613a6000-7f0e615a5000 ---p 00016000 08:01 1839582                    /lib/x86_64-linux-gnu/libnsl-2.23.so
7f0e615a5000-7f0e615a6000 r--p 00015000 08:01 1839582                    /lib/x86_64-linux-gnu/libnsl-2.23.so
7f0e615a6000-7f0e615a7000 rw-p 00016000 08:01 1839582                    /lib/x86_64-linux-gnu/libnsl-2.23.so
7f0e615a7000-7f0e615a9000 rw-p 00000000 00:00 0 
7f0e615a9000-7f0e615b1000 r-xp 00000000 08:01 1839584                    /lib/x86_64-linux-gnu/libnss_compat-2.23.so
7f0e615b1000-7f0e617b0000 ---p 00008000 08:01 1839584                    /lib/x86_64-linux-gnu/libnss_compat-2.23.so
7f0e617b0000-7f0e617b1000 r--p 00007000 08:01 1839584                    /lib/x86_64-linux-gnu/libnss_compat-2.23.so
7f0e617b1000-7f0e617b2000 rw-p 00008000 08:01 1839584                    /lib/x86_64-linux-gnu/libnss_compat-2.23.so
7f0e617b2000-7f0e617dc000 r-xp 00000000 08:01 4592831                    /usr/lib/jvm/java-8-oracle/jre/lib/amd64/libjava.so
7f0e617dc000-7f0e619dc000 ---p 0002a000 08:01 4592831                    /usr/lib/jvm/java-8-oracle/jre/lib/amd64/libjava.so
7f0e619dc000-7f0e619de000 rw-p 0002a000 08:01 4592831                    /usr/lib/jvm/java-8-oracle/jre/lib/amd64/libjava.so
7f0e619de000-7f0e619eb000 r-xp 00000000 08:01 4592787                    /usr/lib/jvm/java-8-oracle/jre/lib/amd64/libverify.so
7f0e619eb000-7f0e61beb000 ---p 0000d000 08:01 4592787                    /usr/lib/jvm/java-8-oracle/jre/lib/amd64/libverify.so
7f0e61beb000-7f0e61bed000 rw-p 0000d000 08:01 4592787                    /usr/lib/jvm/java-8-oracle/jre/lib/amd64/libverify.so
7f0e61bed000-7f0e61bf4000 r-xp 00000000 08:01 1839643                    /lib/x86_64-linux-gnu/librt-2.23.so
7f0e61bf4000-7f0e61df3000 ---p 00007000 08:01 1839643                    /lib/x86_64-linux-gnu/librt-2.23.so
7f0e61df3000-7f0e61df4000 r--p 00006000 08:01 1839643                    /lib/x86_64-linux-gnu/librt-2.23.so
7f0e61df4000-7f0e61df5000 rw-p 00007000 08:01 1839643                    /lib/x86_64-linux-gnu/librt-2.23.so
7f0e61df5000-7f0e61efd000 r-xp 00000000 08:01 1839559                    /lib/x86_64-linux-gnu/libm-2.23.so
7f0e61efd000-7f0e620fc000 ---p 00108000 08:01 1839559                    /lib/x86_64-linux-gnu/libm-2.23.so
7f0e620fc000-7f0e620fd000 r--p 00107000 08:01 1839559                    /lib/x86_64-linux-gnu/libm-2.23.so
7f0e620fd000-7f0e620fe000 rw-p 00108000 08:01 1839559                    /lib/x86_64-linux-gnu/libm-2.23.so
7f0e620fe000-7f0e62dc9000 r-xp 00000000 08:01 4719822                    /usr/lib/jvm/java-8-oracle/jre/lib/amd64/server/libjvm.so
7f0e62dc9000-7f0e62fc8000 ---p 00ccb000 08:01 4719822                    /usr/lib/jvm/java-8-oracle/jre/lib/amd64/server/libjvm.so
7f0e62fc8000-7f0e630a1000 rw-p 00cca000 08:01 4719822                    /usr/lib/jvm/java-8-oracle/jre/lib/amd64/server/libjvm.so
7f0e630a1000-7f0e630ec000 rw-p 00000000 00:00 0 
7f0e630ec000-7f0e632ac000 r-xp 00000000 08:01 1839489                    /lib/x86_64-linux-gnu/libc-2.23.so
7f0e632ac000-7f0e634ab000 ---p 001c0000 08:01 1839489                    /lib/x86_64-linux-gnu/libc-2.23.so
7f0e634ab000-7f0e634af000 r--p 001bf000 08:01 1839489                    /lib/x86_64-linux-gnu/libc-2.23.so
7f0e634af000-7f0e634b1000 rw-p 001c3000 08:01 1839489                    /lib/x86_64-linux-gnu/libc-2.23.so
7f0e634b1000-7f0e634b5000 rw-p 00000000 00:00 0 
7f0e634b5000-7f0e634b8000 r-xp 00000000 08:01 1839513                    /lib/x86_64-linux-gnu/libdl-2.23.so
7f0e634b8000-7f0e636b7000 ---p 00003000 08:01 1839513                    /lib/x86_64-linux-gnu/libdl-2.23.so
7f0e636b7000-7f0e636b8000 r--p 00002000 08:01 1839513                    /lib/x86_64-linux-gnu/libdl-2.23.so
7f0e636b8000-7f0e636b9000 rw-p 00003000 08:01 1839513                    /lib/x86_64-linux-gnu/libdl-2.23.so
7f0e636b9000-7f0e636ce000 r-xp 00000000 08:01 4461942                    /usr/lib/jvm/java-8-oracle/lib/amd64/jli/libjli.so
7f0e636ce000-7f0e638ce000 ---p 00015000 08:01 4461942                    /usr/lib/jvm/java-8-oracle/lib/amd64/jli/libjli.so
7f0e638ce000-7f0e638cf000 rw-p 00015000 08:01 4461942                    /usr/lib/jvm/java-8-oracle/lib/amd64/jli/libjli.so
7f0e638cf000-7f0e638e7000 r-xp 00000000 08:01 1839635                    /lib/x86_64-linux-gnu/libpthread-2.23.so
7f0e638e7000-7f0e63ae6000 ---p 00018000 08:01 1839635                    /lib/x86_64-linux-gnu/libpthread-2.23.so
7f0e63ae6000-7f0e63ae7000 r--p 00017000 08:01 1839635                    /lib/x86_64-linux-gnu/libpthread-2.23.so
7f0e63ae7000-7f0e63ae8000 rw-p 00018000 08:01 1839635                    /lib/x86_64-linux-gnu/libpthread-2.23.so
7f0e63ae8000-7f0e63aec000 rw-p 00000000 00:00 0 
7f0e63aec000-7f0e63b12000 r-xp 00000000 08:01 1839461                    /lib/x86_64-linux-gnu/ld-2.23.so
7f0e63b12000-7f0e63b13000 r--s 00000000 08:01 5245784                    /home/ming/Downloads/android studio/android-studio/gradle/gradle-2.14.1/lib/jcip-annotations-1.0.jar
7f0e63b13000-7f0e63b18000 r--s 00041000 08:01 5245792                    /home/ming/Downloads/android studio/android-studio/gradle/gradle-2.14.1/lib/commons-lang-2.6.jar
7f0e63b18000-7f0e63bf1000 rw-p 00000000 00:00 0 
7f0e63bf1000-7f0e63bf4000 ---p 00000000 00:00 0 
7f0e63bf4000-7f0e63cf6000 rw-p 00000000 00:00 0 
7f0e63cf6000-7f0e63cf7000 r--s 00001000 08:01 5245805                    /home/ming/Downloads/android studio/android-studio/gradle/gradle-2.14.1/lib/gradle-process-services-2.14.1.jar
7f0e63cf7000-7f0e63cf8000 r--s 00000000 08:01 5245767                    /home/ming/Downloads/android studio/android-studio/gradle/gradle-2.14.1/lib/gradle-jvm-services-2.14.1.jar
7f0e63cf8000-7f0e63cf9000 r--s 00007000 08:01 5245777                    /home/ming/Downloads/android studio/android-studio/gradle/gradle-2.14.1/lib/slf4j-api-1.7.10.jar
7f0e63cf9000-7f0e63cfa000 r--s 00004000 08:01 5245795                    /home/ming/Downloads/android studio/android-studio/gradle/gradle-2.14.1/lib/ant-launcher-1.9.6.jar
7f0e63cfa000-7f0e63d05000 r--s 00051000 08:01 5245787                    /home/ming/Downloads/android studio/android-studio/gradle/gradle-2.14.1/lib/gradle-launcher-2.14.1.jar
7f0e63d05000-7f0e63d0d000 rw-s 00000000 08:01 14680250                   /tmp/hsperfdata_ming/2942
7f0e63d0d000-7f0e63d0e000 rw-p 00000000 00:00 0 
7f0e63d0e000-7f0e63d0f000 r--p 00000000 00:00 0 
7f0e63d0f000-7f0e63d11000 rw-p 00000000 00:00 0 
7f0e63d11000-7f0e63d12000 r--p 00025000 08:01 1839461                    /lib/x86_64-linux-gnu/ld-2.23.so
7f0e63d12000-7f0e63d13000 rw-p 00026000 08:01 1839461                    /lib/x86_64-linux-gnu/ld-2.23.so
7f0e63d13000-7f0e63d14000 rw-p 00000000 00:00 0 
7ffc11a2c000-7ffc11a4d000 rw-p 00000000 00:00 0                          [stack]
7ffc11ad5000-7ffc11ad7000 r--p 00000000 00:00 0                          [vvar]
7ffc11ad7000-7ffc11ad9000 r-xp 00000000 00:00 0                          [vdso]
ffffffffff600000-ffffffffff601000 r-xp 00000000 00:00 0                  [vsyscall]

VM Arguments:
jvm_args: -XX:MaxPermSize=256m -XX:+HeapDumpOnOutOfMemoryError -Xmx1024m -Dfile.encoding=UTF-8 -Duser.country=IN -Duser.language=en -Duser.variant 
java_command: org.gradle.launcher.daemon.bootstrap.GradleDaemon 2.14.1
java_class_path (initial): /home/ming/Downloads/android studio/android-studio/gradle/gradle-2.14.1/lib/gradle-launcher-2.14.1.jar
Launcher Type: SUN_STANDARD

Environment Variables:
JAVA_HOME=/usr/lib/jvm/java-8-openjdk-amd64
PATH=/home/ming/bin:/home/ming/.local/bin:/usr/local/sbin:/usr/local/bin:/usr/sbin:/usr/bin:/sbin:/bin:/usr/games:/usr/local/games:/snap/bin
SHELL=/bin/bash
DISPLAY=:0

Signal Handlers:
SIGSEGV: [libjvm.so+0xac4790], sa_mask[0]=11111111011111111101111111111110, sa_flags=SA_RESTART|SA_SIGINFO
SIGBUS: [libjvm.so+0xac4790], sa_mask[0]=11111111011111111101111111111110, sa_flags=SA_RESTART|SA_SIGINFO
SIGFPE: [libjvm.so+0x91f140], sa_mask[0]=11111111011111111101111111111110, sa_flags=SA_RESTART|SA_SIGINFO
SIGPIPE: [libjvm.so+0x91f140], sa_mask[0]=11111111011111111101111111111110, sa_flags=SA_RESTART|SA_SIGINFO
SIGXFSZ: [libjvm.so+0x91f140], sa_mask[0]=11111111011111111101111111111110, sa_flags=SA_RESTART|SA_SIGINFO
SIGILL: [libjvm.so+0x91f140], sa_mask[0]=11111111011111111101111111111110, sa_flags=SA_RESTART|SA_SIGINFO
SIGUSR1: SIG_DFL, sa_mask[0]=00000000000000000000000000000000, sa_flags=none
SIGUSR2: [libjvm.so+0x920770], sa_mask[0]=00100000000000000000000000000000, sa_flags=SA_RESTART|SA_SIGINFO
SIGHUP: [libjvm.so+0x921b70], sa_mask[0]=11111111011111111101111111111110, sa_flags=SA_RESTART|SA_SIGINFO
SIGINT: [libjvm.so+0x921b70], sa_mask[0]=11111111011111111101111111111110, sa_flags=SA_RESTART|SA_SIGINFO
SIGTERM: [libjvm.so+0x921b70], sa_mask[0]=11111111011111111101111111111110, sa_flags=SA_RESTART|SA_SIGINFO
SIGQUIT: [libjvm.so+0x921b70], sa_mask[0]=11111111011111111101111111111110, sa_flags=SA_RESTART|SA_SIGINFO


---------------  S Y S T E M  ---------------

OS:DISTRIB_ID=Ubuntu
DISTRIB_RELEASE=16.04
DISTRIB_CODENAME=xenial
DISTRIB_DESCRIPTION="Ubuntu 16.04.1 LTS"

uname:Linux 4.4.0-38-generic #57-Ubuntu SMP Tue Sep 6 15:42:33 UTC 2016 x86_64
libc:glibc 2.23 NPTL 2.23 
rlimit: STACK 8192k, CORE 0k, NPROC 31278, NOFILE 65536, AS infinity
load average:5.89 2.76 1.25

/proc/meminfo:
MemTotal:        8047424 kB
MemFree:         3159244 kB
MemAvailable:    4483396 kB
Buffers:          136248 kB
Cached:          1565964 kB
SwapCached:            0 kB
Active:          3567964 kB
Inactive:        1060212 kB
Active(anon):    2929616 kB
Inactive(anon):   199580 kB
Active(file):     638348 kB
Inactive(file):   860632 kB
Unevictable:         200 kB
Mlocked:             200 kB
SwapTotal:             0 kB
SwapFree:              0 kB
Dirty:             31004 kB
Writeback:             0 kB
AnonPages:       2926812 kB
Mapped:           336156 kB
Shmem:            202548 kB
Slab:             133300 kB
SReclaimable:      97332 kB
SUnreclaim:        35968 kB
KernelStack:       10608 kB
PageTables:        40488 kB
NFS_Unstable:          0 kB
Bounce:                0 kB
WritebackTmp:          0 kB
CommitLimit:     4023712 kB
Committed_AS:    6723996 kB
VmallocTotal:   34359738367 kB
VmallocUsed:           0 kB
VmallocChunk:          0 kB
HardwareCorrupted:     0 kB
AnonHugePages:   1335296 kB
CmaTotal:              0 kB
CmaFree:               0 kB
HugePages_Total:       0
HugePages_Free:        0
HugePages_Rsvd:        0
HugePages_Surp:        0
Hugepagesize:       2048 kB
DirectMap4k:      145148 kB
DirectMap2M:     8116224 kB


CPU:total 4 (2 cores per cpu, 2 threads per core) family 6 model 58 stepping 9, cmov, cx8, fxsr, mmx, sse, sse2, sse3, ssse3, sse4.1, sse4.2, popcnt, avx, aes, clmul, erms, ht, tsc, tscinvbit, tscinv

/proc/cpuinfo:
processor	: 0
vendor_id	: GenuineIntel
cpu family	: 6
model		: 58
model name	: Intel(R) Core(TM) i5-3337U CPU @ 1.80GHz
stepping	: 9
microcode	: 0x17
cpu MHz		: 2499.960
cache size	: 3072 KB
physical id	: 0
siblings	: 4
core id		: 0
cpu cores	: 2
apicid		: 0
initial apicid	: 0
fpu		: yes
fpu_exception	: yes
cpuid level	: 13
wp		: yes
flags		: fpu vme de pse tsc msr pae mce cx8 apic sep mtrr pge mca cmov pat pse36 clflush dts acpi mmx fxsr sse sse2 ss ht tm pbe syscall nx rdtscp lm constant_tsc arch_perfmon pebs bts rep_good nopl xtopology nonstop_tsc aperfmperf eagerfpu pni pclmulqdq dtes64 monitor ds_cpl vmx est tm2 ssse3 cx16 xtpr pdcm pcid sse4_1 sse4_2 x2apic popcnt tsc_deadline_timer aes xsave avx f16c rdrand lahf_lm epb tpr_shadow vnmi flexpriority ept vpid fsgsbase smep erms xsaveopt dtherm ida arat pln pts
bugs		:
bogomips	: 3591.80
clflush size	: 64
cache_alignment	: 64
address sizes	: 36 bits physical, 48 bits virtual
power management:

processor	: 1
vendor_id	: GenuineIntel
cpu family	: 6
model		: 58
model name	: Intel(R) Core(TM) i5-3337U CPU @ 1.80GHz
stepping	: 9
microcode	: 0x17
cpu MHz		: 2499.960
cache size	: 3072 KB
physical id	: 0
siblings	: 4
core id		: 0
cpu cores	: 2
apicid		: 1
initial apicid	: 1
fpu		: yes
fpu_exception	: yes
cpuid level	: 13
wp		: yes
flags		: fpu vme de pse tsc msr pae mce cx8 apic sep mtrr pge mca cmov pat pse36 clflush dts acpi mmx fxsr sse sse2 ss ht tm pbe syscall nx rdtscp lm constant_tsc arch_perfmon pebs bts rep_good nopl xtopology nonstop_tsc aperfmperf eagerfpu pni pclmulqdq dtes64 monitor ds_cpl vmx est tm2 ssse3 cx16 xtpr pdcm pcid sse4_1 sse4_2 x2apic popcnt tsc_deadline_timer aes xsave avx f16c rdrand lahf_lm epb tpr_shadow vnmi flexpriority ept vpid fsgsbase smep erms xsaveopt dtherm ida arat pln pts
bugs		:
bogomips	: 3591.80
clflush size	: 64
cache_alignment	: 64
address sizes	: 36 bits physical, 48 bits virtual
power management:

processor	: 2
vendor_id	: GenuineIntel
cpu family	: 6
model		: 58
model name	: Intel(R) Core(TM) i5-3337U CPU @ 1.80GHz
stepping	: 9
microcode	: 0x17
cpu MHz		: 2499.960
cache size	: 3072 KB
physical id	: 0
siblings	: 4
core id		: 1
cpu cores	: 2
apicid		: 2
initial apicid	: 2
fpu		: yes
fpu_exception	: yes
cpuid level	: 13
wp		: yes
flags		: fpu vme de pse tsc msr pae mce cx8 apic sep mtrr pge mca cmov pat pse36 clflush dts acpi mmx fxsr sse sse2 ss ht tm pbe syscall nx rdtscp lm constant_tsc arch_perfmon pebs bts rep_good nopl xtopology nonstop_tsc aperfmperf eagerfpu pni pclmulqdq dtes64 monitor ds_cpl vmx est tm2 ssse3 cx16 xtpr pdcm pcid sse4_1 sse4_2 x2apic popcnt tsc_deadline_timer aes xsave avx f16c rdrand lahf_lm epb tpr_shadow vnmi flexpriority ept vpid fsgsbase smep erms xsaveopt dtherm ida arat pln pts
bugs		:
bogomips	: 3591.80
clflush size	: 64
cache_alignment	: 64
address sizes	: 36 bits physical, 48 bits virtual
power management:

processor	: 3
vendor_id	: GenuineIntel
cpu family	: 6
model		: 58
model name	: Intel(R) Core(TM) i5-3337U CPU @ 1.80GHz
stepping	: 9
microcode	: 0x17
cpu MHz		: 2499.960
cache size	: 3072 KB
physical id	: 0
siblings	: 4
core id		: 1
cpu cores	: 2
apicid		: 3
initial apicid	: 3
fpu		: yes
fpu_exception	: yes
cpuid level	: 13
wp		: yes
flags		: fpu vme de pse tsc msr pae mce cx8 apic sep mtrr pge mca cmov pat pse36 clflush dts acpi mmx fxsr sse sse2 ss ht tm pbe syscall nx rdtscp lm constant_tsc arch_perfmon pebs bts rep_good nopl xtopology nonstop_tsc aperfmperf eagerfpu pni pclmulqdq dtes64 monitor ds_cpl vmx est tm2 ssse3 cx16 xtpr pdcm pcid sse4_1 sse4_2 x2apic popcnt tsc_deadline_timer aes xsave avx f16c rdrand lahf_lm epb tpr_shadow vnmi flexpriority ept vpid fsgsbase smep erms xsaveopt dtherm ida arat pln pts
bugs		:
bogomips	: 3591.80
clflush size	: 64
cache_alignment	: 64
address sizes	: 36 bits physical, 48 bits virtual
power management:



Memory: 4k page, physical 8047424k(3159244k free), swap 0k(0k free)

vm_info: Java HotSpot(TM) 64-Bit Server VM (25.101-b13) for linux-amd64 JRE (1.8.0_101-b13), built on Jun 22 2016 02:59:44 by "java_re" with gcc 4.3.0 20080428 (Red Hat 4.3.0-8)

time: Fri Sep 23 13:52:37 2016
elapsed time: 10 seconds (0d 0h 0m 10s)

