#
# A fatal error has been detected by the Java Runtime Environment:
#
#  SIGSEGV (0xb) at pc=0x00007fe60aa4b24c, pid=4780, tid=0x00007fe5e4b35700
#
# JRE version: Java(TM) SE Runtime Environment (8.0_101-b13) (build 1.8.0_101-b13)
# Java VM: Java HotSpot(TM) 64-Bit Server VM (25.101-b13 mixed mode linux-amd64 compressed oops)
# Problematic frame:
# V  [libjvm.so+0x40b24c]  PhaseChaitin::gather_lrg_masks(bool)+0x14c
#
# Failed to write core dump. Core dumps have been disabled. To enable core dumping, try "ulimit -c unlimited" before starting Java again
#
# If you would like to submit a bug report, please visit:
#   http://bugreport.java.com/bugreport/crash.jsp
#

---------------  T H R E A D  ---------------

Current thread (0x00007fe6040bb000):  JavaThread "C2 CompilerThread1" daemon [_thread_in_native, id=4794, stack(0x00007fe5e4a35000,0x00007fe5e4b36000)]

siginfo: si_signo: 11 (SIGSEGV), si_code: 2 (SEGV_ACCERR), si_addr: 0x00007fe58cc11300

Registers:
RAX=0x00007fe58cc112f0, RBX=0x00007fe5c5958c18, RCX=0x00007fe5c5887900, RDX=0x0000000000002020
RSP=0x00007fe5e4b314d0, RBP=0x00007fe5e4b31540, RSI=0x00007fe5e4b32df0, RDI=0x00007fe5c56b32d8
R8 =0x000000000000009a, R9 =0x0000000000000003, R10=0x0000000000000003, R11=0x0000000000000000
R12=0x0000000000000004, R13=0x00007fe5c87a76f8, R14=0x0000000000000002, R15=0x00007fe5c56b32d8
RIP=0x00007fe60aa4b24c, EFLAGS=0x0000000000010202, CSGSFS=0x0000000000000033, ERR=0x0000000000000004
  TRAPNO=0x000000000000000e

Top of Stack: (sp=0x00007fe5e4b314d0)
0x00007fe5e4b314d0:   01007fe5e4b31500 00007fe5e4b32df0
0x00007fe5e4b314e0:   0000056ee4b316f0 00007fe59c40b0c0
0x00007fe5e4b314f0:   0000000100000011 ffffffff00000002
0x00007fe5e4b31500:   00007fe58cc112f0 00007fe5c5958638
0x00007fe5e4b31510:   00007fe5e4b32ed8 00007fe60b5f3760
0x00007fe5e4b31520:   00000000000011b8 0000000000000040
0x00007fe5e4b31530:   00007fe5e4b32ed8 00000000000011b8
0x00007fe5e4b31540:   00007fe5e4b317b0 00007fe60aa4e6fb
0x00007fe5e4b31550:   0000000000000000 00007fe5e4b316f0
0x00007fe5e4b31560:   00007fe5e4b316b0 00007fe5e4b31590
0x00007fe5e4b31570:   00007fe5e4b31650 00007fe5e4b31720
0x00007fe5e4b31580:   00007fe5e4b32df0 0000000800000761
0x00007fe5e4b31590:   00007fe60b591710 000000000000000d
0x00007fe5e4b315a0:   00007fe5e4b33c80 00007fe5e4b32df0
0x00007fe5e4b315b0:   00007fe500003364 00007fe60b6b15a4
0x00007fe5e4b315c0:   00007fe5e4b31630 00007fe60b5c5158
0x00007fe5e4b315d0:   00007fe5e4b31610 00007fe60af5b3c5
0x00007fe5e4b315e0:   0000000ce4b316a0 00007fe60b0b45b6
0x00007fe5e4b315f0:   000000000000cda0 00007fe60b0b4507
0x00007fe5e4b31600:   00007fe5e4b31670 00007fe60a921e05
0x00007fe5e4b31610:   00007fe5e4b31670 00007fe60a920144
0x00007fe5e4b31620:   0000000000000000 0000000000000000
0x00007fe5e4b31630:   0000000000000000 0000000000000000
0x00007fe5e4b31640:   00007fe500000000 00007fe60401bee0
0x00007fe5e4b31650:   000000000000000a 00007fe5e4b33c80
0x00007fe5e4b31660:   00007fe5c4ced5e0 00007fe5c575b040
0x00007fe5e4b31670:   00007fe5c5aaf210 00007fe5c5ab2d30
0x00007fe5e4b31680:   00007fe5d04650e0 00007fe5e4b32f20
0x00007fe5e4b31690:   00007fe5e4b32f00 00000000000011e9
0x00007fe5e4b316a0:   00007fe5e4b316f0 0000000000003364
0x00007fe5e4b316b0:   00007fe50000000c 00007fe5e4b33c80
0x00007fe5e4b316c0:   00007fe5c5c41d50 00007fe5c4589d00 

Instructions: (pc=0x00007fe60aa4b24c)
0x00007fe60aa4b22c:   8b 49 20 8b 14 90 48 8d 04 52 48 8d 04 82 80 4c
0x00007fe60aa4b23c:   c1 67 10 49 8b 07 4c 89 ff ff 50 28 48 89 45 c0
0x00007fe60aa4b24c:   8b 50 10 8d 42 e6 83 f8 01 0f 86 9d 05 00 00 83
0x00007fe60aa4b25c:   fa 1d 0f 84 94 05 00 00 83 fa 1e 0f 84 8b 05 00 

Register to memory mapping:

RAX=0x00007fe58cc112f0 is an unknown value
RBX=0x00007fe5c5958c18 is an unknown value
RCX=0x00007fe5c5887900 is an unknown value
RDX=0x0000000000002020 is an unknown value
RSP=0x00007fe5e4b314d0 is pointing into the stack for thread: 0x00007fe6040bb000
RBP=0x00007fe5e4b31540 is pointing into the stack for thread: 0x00007fe6040bb000
RSI=0x00007fe5e4b32df0 is pointing into the stack for thread: 0x00007fe6040bb000
RDI=0x00007fe5c56b32d8 is an unknown value
R8 =0x000000000000009a is an unknown value
R9 =0x0000000000000003 is an unknown value
R10=0x0000000000000003 is an unknown value
R11=0x0000000000000000 is an unknown value
R12=0x0000000000000004 is an unknown value
R13=0x00007fe5c87a76f8 is an unknown value
R14=0x0000000000000002 is an unknown value
R15=0x00007fe5c56b32d8 is an unknown value


Stack: [0x00007fe5e4a35000,0x00007fe5e4b36000],  sp=0x00007fe5e4b314d0,  free space=1009k
Native frames: (J=compiled Java code, j=interpreted, Vv=VM code, C=native code)
V  [libjvm.so+0x40b24c]  PhaseChaitin::gather_lrg_masks(bool)+0x14c
V  [libjvm.so+0x40e6fb]  PhaseChaitin::Register_Allocate()+0x8ab
V  [libjvm.so+0x4a28e0]  Compile::Code_Gen()+0x260
V  [libjvm.so+0x4a6933]  Compile::Compile(ciEnv*, C2Compiler*, ciMethod*, int, bool, bool, bool)+0x14b3
V  [libjvm.so+0x3f20a8]  C2Compiler::compile_method(ciEnv*, ciMethod*, int)+0x198
V  [libjvm.so+0x4af61a]  CompileBroker::invoke_compiler_on_method(CompileTask*)+0xc9a
V  [libjvm.so+0x4b05c6]  CompileBroker::compiler_thread_loop()+0x5d6
V  [libjvm.so+0xa7343f]  JavaThread::thread_main_inner()+0xdf
V  [libjvm.so+0xa7356c]  JavaThread::run()+0x11c
V  [libjvm.so+0x924698]  java_start(Thread*)+0x108
C  [libpthread.so.0+0x76fa]  start_thread+0xca


Current CompileTask:
C2:   5415 2827       4       groovy.lang.MetaClassImpl$1MOPIter::methodNameAction (479 bytes)


---------------  P R O C E S S  ---------------

Java Threads: ( => current thread )
  0x00007fe59cf77000 JavaThread "File lock request listener" [_thread_in_native, id=4817, stack(0x00007fe5b9c06000,0x00007fe5b9d07000)]
  0x00007fe59ce95000 JavaThread "process reaper" daemon [_thread_blocked, id=4816, stack(0x00007fe5b9f07000,0x00007fe5b9f40000)]
  0x00007fe59c009800 JavaThread "Stdin handler" [_thread_blocked, id=4811, stack(0x00007fe5ba9ba000,0x00007fe5baabb000)]
  0x00007fe59c00e800 JavaThread "Asynchronous log dispatcher for org.gradle.launcher.daemon.server.DefaultDaemonConnection@12dab789" [_thread_blocked, id=4810, stack(0x00007fe5baabb000,0x00007fe5babbc000)]
  0x00007fe5b0007000 JavaThread "Daemon worker" [_thread_in_native, id=4807, stack(0x00007fe5babbc000,0x00007fe5bacbd000)]
  0x00007fe5b0009000 JavaThread "Cancel handler" [_thread_blocked, id=4806, stack(0x00007fe5bacbd000,0x00007fe5badbe000)]
  0x00007fe5b0003800 JavaThread "Handler for socket connection from /127.0.0.1:41729 to /127.0.0.1:44656" [_thread_in_native, id=4805, stack(0x00007fe5badbe000,0x00007fe5baebf000)]
  0x00007fe5ac015000 JavaThread "Daemon" [_thread_blocked, id=4804, stack(0x00007fe5baebf000,0x00007fe5bafc0000)]
  0x00007fe604c04000 JavaThread "Incoming local TCP Connector on port 41729" [_thread_in_native, id=4803, stack(0x00007fe5bb1c7000,0x00007fe5bb2c8000)]
  0x00007fe604be0800 JavaThread "pool-1-thread-1" [_thread_blocked, id=4802, stack(0x00007fe5bb2c8000,0x00007fe5bb3c9000)]
  0x00007fe6040c0000 JavaThread "Service Thread" daemon [_thread_blocked, id=4796, stack(0x00007fe5e4833000,0x00007fe5e4934000)]
  0x00007fe6040bd000 JavaThread "C1 CompilerThread2" daemon [_thread_blocked, id=4795, stack(0x00007fe5e4934000,0x00007fe5e4a35000)]
=>0x00007fe6040bb000 JavaThread "C2 CompilerThread1" daemon [_thread_in_native, id=4794, stack(0x00007fe5e4a35000,0x00007fe5e4b36000)]
  0x00007fe6040b8000 JavaThread "C2 CompilerThread0" daemon [_thread_in_native, id=4793, stack(0x00007fe5e4b36000,0x00007fe5e4c37000)]
  0x00007fe6040b7000 JavaThread "Signal Dispatcher" daemon [_thread_blocked, id=4792, stack(0x00007fe5e4c37000,0x00007fe5e4d38000)]
  0x00007fe604084000 JavaThread "Finalizer" daemon [_thread_blocked, id=4791, stack(0x00007fe5e56f7000,0x00007fe5e57f8000)]
  0x00007fe60407f800 JavaThread "Reference Handler" daemon [_thread_blocked, id=4790, stack(0x00007fe5e57f8000,0x00007fe5e58f9000)]
  0x00007fe60400a000 JavaThread "main" [_thread_blocked, id=4784, stack(0x00007fe60c133000,0x00007fe60c234000)]

Other Threads:
  0x00007fe604077800 VMThread [stack: 0x00007fe5e58f9000,0x00007fe5e59fa000] [id=4789]
  0x00007fe6040c3000 WatcherThread [stack: 0x00007fe5e4732000,0x00007fe5e4833000] [id=4797]

VM state:not at safepoint (normal execution)

VM Mutex/Monitor currently owned by a thread: None

Heap:
 PSYoungGen      total 92160K, used 71487K [0x00000000eab00000, 0x00000000f1100000, 0x0000000100000000)
  eden space 83968K, 78% used [0x00000000eab00000,0x00000000eebbe458,0x00000000efd00000)
  from space 8192K, 63% used [0x00000000f0900000,0x00000000f0e117f8,0x00000000f1100000)
  to   space 10240K, 0% used [0x00000000efd00000,0x00000000efd00000,0x00000000f0700000)
 ParOldGen       total 66048K, used 10596K [0x00000000c0000000, 0x00000000c4080000, 0x00000000eab00000)
  object space 66048K, 16% used [0x00000000c0000000,0x00000000c0a591f8,0x00000000c4080000)
 Metaspace       used 30580K, capacity 31176K, committed 31360K, reserved 1077248K
  class space    used 4245K, capacity 4409K, committed 4480K, reserved 1048576K

Card table byte_map: [0x00007fe608cd8000,0x00007fe608ed9000] byte_map_base: 0x00007fe6086d8000

Marking Bits: (ParMarkBitMap*) 0x00007fe60b601120
 Begin Bits: [0x00007fe5e6000000, 0x00007fe5e7000000)
 End Bits:   [0x00007fe5e7000000, 0x00007fe5e8000000)

Polling page: 0x00007fe60c250000

CodeCache: size=245760Kb used=10482Kb max_used=10482Kb free=235277Kb
 bounds [0x00007fe5f5000000, 0x00007fe5f5a50000, 0x00007fe604000000]
 total_blobs=3872 nmethods=3233 adapters=552
 compilation: enabled

Compilation events (10 events):
Event: 5.410 Thread 0x00007fe6040bd000 nmethod 3257 0x00007fe5f5a3d6d0 code [0x00007fe5f5a3d880, 0x00007fe5f5a3daa8]
Event: 5.410 Thread 0x00007fe6040bd000 3260       2       sun.reflect.generics.scope.MethodScope::computeEnclosingScope (8 bytes)
Event: 5.410 Thread 0x00007fe6040bd000 nmethod 3260 0x00007fe5f5a3dbd0 code [0x00007fe5f5a3dd40, 0x00007fe5f5a3df30]
Event: 5.410 Thread 0x00007fe6040bd000 3261       2       sun.reflect.generics.scope.MethodScope::getEnclosingClass (11 bytes)
Event: 5.410 Thread 0x00007fe6040bd000 nmethod 3261 0x00007fe5f5a3e050 code [0x00007fe5f5a3e1c0, 0x00007fe5f5a3e350]
Event: 5.410 Thread 0x00007fe6040bd000 3258       2       sun.util.locale.provider.DecimalFormatSymbolsProviderImpl::getInstance (21 bytes)
Event: 5.411 Thread 0x00007fe6040bd000 nmethod 3258 0x00007fe5f5a3e410 code [0x00007fe5f5a3e5a0, 0x00007fe5f5a3e838]
Event: 5.411 Thread 0x00007fe6040bd000 3262       2       java.util.EnumMap$EntryIterator$Entry::checkIndexForEntryUse (18 bytes)
Event: 5.411 Thread 0x00007fe6040bd000 nmethod 3262 0x00007fe5f5a3e950 code [0x00007fe5f5a3eac0, 0x00007fe5f5a3ecc8]
Event: 5.411 Thread 0x00007fe6040bd000 3259       2       java.util.Currency::getInstance (234 bytes)

GC Heap History (10 events):
Event: 2.000 GC heap before
{Heap before GC invocations=3 (full 0):
 PSYoungGen      total 36864K, used 36844K [0x00000000eab00000, 0x00000000ef300000, 0x0000000100000000)
  eden space 31744K, 100% used [0x00000000eab00000,0x00000000eca00000,0x00000000eca00000)
  from space 5120K, 99% used [0x00000000ecf00000,0x00000000ed3fb120,0x00000000ed400000)
  to   space 5120K, 0% used [0x00000000eca00000,0x00000000eca00000,0x00000000ecf00000)
 ParOldGen       total 84992K, used 861K [0x00000000c0000000, 0x00000000c5300000, 0x00000000eab00000)
  object space 84992K, 1% used [0x00000000c0000000,0x00000000c00d75d0,0x00000000c5300000)
 Metaspace       used 18061K, capacity 18474K, committed 18560K, reserved 1064960K
  class space    used 2472K, capacity 2616K, committed 2688K, reserved 1048576K
Event: 2.010 GC heap after
Heap after GC invocations=3 (full 0):
 PSYoungGen      total 36864K, used 5088K [0x00000000eab00000, 0x00000000ef300000, 0x0000000100000000)
  eden space 31744K, 0% used [0x00000000eab00000,0x00000000eab00000,0x00000000eca00000)
  from space 5120K, 99% used [0x00000000eca00000,0x00000000ecef8030,0x00000000ecf00000)
  to   space 5120K, 0% used [0x00000000eee00000,0x00000000eee00000,0x00000000ef300000)
 ParOldGen       total 84992K, used 5105K [0x00000000c0000000, 0x00000000c5300000, 0x00000000eab00000)
  object space 84992K, 6% used [0x00000000c0000000,0x00000000c04fc480,0x00000000c5300000)
 Metaspace       used 18061K, capacity 18474K, committed 18560K, reserved 1064960K
  class space    used 2472K, capacity 2616K, committed 2688K, reserved 1048576K
}
Event: 2.527 GC heap before
{Heap before GC invocations=4 (full 0):
 PSYoungGen      total 36864K, used 31082K [0x00000000eab00000, 0x00000000ef300000, 0x0000000100000000)
  eden space 31744K, 81% used [0x00000000eab00000,0x00000000ec462800,0x00000000eca00000)
  from space 5120K, 99% used [0x00000000eca00000,0x00000000ecef8030,0x00000000ecf00000)
  to   space 5120K, 0% used [0x00000000eee00000,0x00000000eee00000,0x00000000ef300000)
 ParOldGen       total 84992K, used 5105K [0x00000000c0000000, 0x00000000c5300000, 0x00000000eab00000)
  object space 84992K, 6% used [0x00000000c0000000,0x00000000c04fc480,0x00000000c5300000)
 Metaspace       used 20834K, capacity 21244K, committed 21296K, reserved 1067008K
  class space    used 2819K, capacity 2941K, committed 2944K, reserved 1048576K
Event: 2.543 GC heap after
Heap after GC invocations=4 (full 0):
 PSYoungGen      total 68608K, used 5104K [0x00000000eab00000, 0x00000000ef300000, 0x0000000100000000)
  eden space 63488K, 0% used [0x00000000eab00000,0x00000000eab00000,0x00000000ee900000)
  from space 5120K, 99% used [0x00000000eee00000,0x00000000ef2fc040,0x00000000ef300000)
  to   space 5120K, 0% used [0x00000000ee900000,0x00000000ee900000,0x00000000eee00000)
 ParOldGen       total 84992K, used 8330K [0x00000000c0000000, 0x00000000c5300000, 0x00000000eab00000)
  object space 84992K, 9% used [0x00000000c0000000,0x00000000c0822a48,0x00000000c5300000)
 Metaspace       used 20834K, capacity 21244K, committed 21296K, reserved 1067008K
  class space    used 2819K, capacity 2941K, committed 2944K, reserved 1048576K
}
Event: 2.543 GC heap before
{Heap before GC invocations=5 (full 1):
 PSYoungGen      total 68608K, used 5104K [0x00000000eab00000, 0x00000000ef300000, 0x0000000100000000)
  eden space 63488K, 0% used [0x00000000eab00000,0x00000000eab00000,0x00000000ee900000)
  from space 5120K, 99% used [0x00000000eee00000,0x00000000ef2fc040,0x00000000ef300000)
  to   space 5120K, 0% used [0x00000000ee900000,0x00000000ee900000,0x00000000eee00000)
 ParOldGen       total 84992K, used 8330K [0x00000000c0000000, 0x00000000c5300000, 0x00000000eab00000)
  object space 84992K, 9% used [0x00000000c0000000,0x00000000c0822a48,0x00000000c5300000)
 Metaspace       used 20834K, capacity 21244K, committed 21296K, reserved 1067008K
  class space    used 2819K, capacity 2941K, committed 2944K, reserved 1048576K
Event: 2.613 GC heap after
Heap after GC invocations=5 (full 1):
 PSYoungGen      total 68608K, used 0K [0x00000000eab00000, 0x00000000ef300000, 0x0000000100000000)
  eden space 63488K, 0% used [0x00000000eab00000,0x00000000eab00000,0x00000000ee900000)
  from space 5120K, 0% used [0x00000000eee00000,0x00000000eee00000,0x00000000ef300000)
  to   space 5120K, 0% used [0x00000000ee900000,0x00000000ee900000,0x00000000eee00000)
 ParOldGen       total 66048K, used 8925K [0x00000000c0000000, 0x00000000c4080000, 0x00000000eab00000)
  object space 66048K, 13% used [0x00000000c0000000,0x00000000c08b7420,0x00000000c4080000)
 Metaspace       used 20834K, capacity 21244K, committed 21296K, reserved 1067008K
  class space    used 2819K, capacity 2941K, committed 2944K, reserved 1048576K
}
Event: 3.438 GC heap before
{Heap before GC invocations=6 (full 1):
 PSYoungGen      total 68608K, used 63488K [0x00000000eab00000, 0x00000000ef300000, 0x0000000100000000)
  eden space 63488K, 100% used [0x00000000eab00000,0x00000000ee900000,0x00000000ee900000)
  from space 5120K, 0% used [0x00000000eee00000,0x00000000eee00000,0x00000000ef300000)
  to   space 5120K, 0% used [0x00000000ee900000,0x00000000ee900000,0x00000000eee00000)
 ParOldGen       total 66048K, used 8925K [0x00000000c0000000, 0x00000000c4080000, 0x00000000eab00000)
  object space 66048K, 13% used [0x00000000c0000000,0x00000000c08b7420,0x00000000c4080000)
 Metaspace       used 25500K, capacity 25982K, committed 26112K, reserved 1071104K
  class space    used 3609K, capacity 3743K, committed 3840K, reserved 1048576K
Event: 3.447 GC heap after
Heap after GC invocations=6 (full 1):
 PSYoungGen      total 68608K, used 5109K [0x00000000eab00000, 0x00000000f1300000, 0x0000000100000000)
  eden space 63488K, 0% used [0x00000000eab00000,0x00000000eab00000,0x00000000ee900000)
  from space 5120K, 99% used [0x00000000ee900000,0x00000000eedfd420,0x00000000eee00000)
  to   space 10240K, 0% used [0x00000000f0900000,0x00000000f0900000,0x00000000f1300000)
 ParOldGen       total 66048K, used 10588K [0x00000000c0000000, 0x00000000c4080000, 0x00000000eab00000)
  object space 66048K, 16% used [0x00000000c0000000,0x00000000c0a571f8,0x00000000c4080000)
 Metaspace       used 25500K, capacity 25982K, committed 26112K, reserved 1071104K
  class space    used 3609K, capacity 3743K, committed 3840K, reserved 1048576K
}
Event: 4.371 GC heap before
{Heap before GC invocations=7 (full 1):
 PSYoungGen      total 68608K, used 68597K [0x00000000eab00000, 0x00000000f1300000, 0x0000000100000000)
  eden space 63488K, 100% used [0x00000000eab00000,0x00000000ee900000,0x00000000ee900000)
  from space 5120K, 99% used [0x00000000ee900000,0x00000000eedfd420,0x00000000eee00000)
  to   space 10240K, 0% used [0x00000000f0900000,0x00000000f0900000,0x00000000f1300000)
 ParOldGen       total 66048K, used 10588K [0x00000000c0000000, 0x00000000c4080000, 0x00000000eab00000)
  object space 66048K, 16% used [0x00000000c0000000,0x00000000c0a571f8,0x00000000c4080000)
 Metaspace       used 27360K, capacity 27862K, committed 28032K, reserved 1073152K
  class space    used 3826K, capacity 3939K, committed 3968K, reserved 1048576K
Event: 4.379 GC heap after
Heap after GC invocations=7 (full 1):
 PSYoungGen      total 92160K, used 5189K [0x00000000eab00000, 0x00000000f1100000, 0x0000000100000000)
  eden space 83968K, 0% used [0x00000000eab00000,0x00000000eab00000,0x00000000efd00000)
  from space 8192K, 63% used [0x00000000f0900000,0x00000000f0e117f8,0x00000000f1100000)
  to   space 10240K, 0% used [0x00000000efd00000,0x00000000efd00000,0x00000000f0700000)
 ParOldGen       total 66048K, used 10596K [0x00000000c0000000, 0x00000000c4080000, 0x00000000eab00000)
  object space 66048K, 16% used [0x00000000c0000000,0x00000000c0a591f8,0x00000000c4080000)
 Metaspace       used 27360K, capacity 27862K, committed 28032K, reserved 1073152K
  class space    used 3826K, capacity 3939K, committed 3968K, reserved 1048576K
}

Deoptimization events (10 events):
Event: 3.351 Thread 0x00007fe5b0007000 Uncommon trap: reason=unstable_if action=reinterpret pc=0x00007fe5f515148c method=java.net.URI.match(CJJ)Z @ 45
Event: 3.419 Thread 0x00007fe5b0007000 Uncommon trap: reason=unstable_if action=reinterpret pc=0x00007fe5f541aaa4 method=java.lang.AbstractStringBuilder.append(Ljava/lang/String;)Ljava/lang/AbstractStringBuilder; @ 1
Event: 4.895 Thread 0x00007fe5b0007000 Uncommon trap: reason=bimorphic action=maybe_recompile pc=0x00007fe5f585cef0 method=java.lang.ClassLoader.getPackage(Ljava/lang/String;)Ljava/lang/Package; @ 47
Event: 4.899 Thread 0x00007fe5b0007000 Uncommon trap: reason=bimorphic action=maybe_recompile pc=0x00007fe5f585cef0 method=java.lang.ClassLoader.getPackage(Ljava/lang/String;)Ljava/lang/Package; @ 47
Event: 4.900 Thread 0x00007fe5b0007000 Uncommon trap: reason=bimorphic action=maybe_recompile pc=0x00007fe5f585cef0 method=java.lang.ClassLoader.getPackage(Ljava/lang/String;)Ljava/lang/Package; @ 47
Event: 4.900 Thread 0x00007fe5b0007000 Uncommon trap: reason=bimorphic action=maybe_recompile pc=0x00007fe5f585cef0 method=java.lang.ClassLoader.getPackage(Ljava/lang/String;)Ljava/lang/Package; @ 47
Event: 4.902 Thread 0x00007fe5b0007000 Uncommon trap: reason=bimorphic action=maybe_recompile pc=0x00007fe5f58c1c38 method=java.lang.ClassLoader.getPackage(Ljava/lang/String;)Ljava/lang/Package; @ 47
Event: 5.300 Thread 0x00007fe5b0007000 Uncommon trap: reason=unstable_if action=reinterpret pc=0x00007fe5f56b5870 method=java.util.HashMap.putVal(ILjava/lang/Object;Ljava/lang/Object;ZZ)Ljava/lang/Object; @ 162
Event: 5.300 Thread 0x00007fe5b0007000 Uncommon trap: reason=unstable_if action=reinterpret pc=0x00007fe5f56af6d4 method=java.util.HashMap.putVal(ILjava/lang/Object;Ljava/lang/Object;ZZ)Ljava/lang/Object; @ 162
Event: 5.300 Thread 0x00007fe5b0007000 Uncommon trap: reason=unstable_if action=reinterpret pc=0x00007fe5f53aa95c method=java.util.HashMap.resize()[Ljava/util/HashMap$Node; @ 206

Internal exceptions (10 events):
Event: 4.886 Thread 0x00007fe5b0007000 Exception <a 'java/lang/ClassNotFoundException': org/gradle/api/internal/plugins/DefaultObjectConfigurationActionBeanInfo> (0x00000000ec6275e8) thrown at [/HUDSON3/workspace/8-2-build-linux-amd64/jdk8u101/7261/hotspot/src/share/vm/classfile/systemDictiona
Event: 4.887 Thread 0x00007fe5b0007000 Exception <a 'java/lang/ClassNotFoundException': org/gradle/api/internal/plugins/DefaultObjectConfigurationActionCustomizer> (0x00000000ec653960) thrown at [/HUDSON3/workspace/8-2-build-linux-amd64/jdk8u101/7261/hotspot/src/share/vm/classfile/systemDictio
Event: 4.890 Thread 0x00007fe5b0007000 Exception <a 'java/lang/ClassNotFoundException': org/gradle/api/plugins/ObjectConfigurationActionBeanInfo> (0x00000000ec697ab0) thrown at [/HUDSON3/workspace/8-2-build-linux-amd64/jdk8u101/7261/hotspot/src/share/vm/classfile/systemDictionary.cpp, line 210
Event: 4.891 Thread 0x00007fe5b0007000 Exception <a 'java/lang/ClassNotFoundException': org/gradle/api/plugins/ObjectConfigurationActionCustomizer> (0x00000000ec6bcf40) thrown at [/HUDSON3/workspace/8-2-build-linux-amd64/jdk8u101/7261/hotspot/src/share/vm/classfile/systemDictionary.cpp, line 2
Event: 4.999 Thread 0x00007fe5b0007000 Exception <a 'java/lang/ClassNotFoundException': com/android/build/gradle/AppPluginBeanInfo> (0x00000000ecc53f38) thrown at [/HUDSON3/workspace/8-2-build-linux-amd64/jdk8u101/7261/hotspot/src/share/vm/classfile/systemDictionary.cpp, line 210]
Event: 4.999 Thread 0x00007fe5b0007000 Exception <a 'java/lang/ClassNotFoundException': com/android/build/gradle/BasePluginBeanInfo> (0x00000000ecc61c90) thrown at [/HUDSON3/workspace/8-2-build-linux-amd64/jdk8u101/7261/hotspot/src/share/vm/classfile/systemDictionary.cpp, line 210]
Event: 4.999 Thread 0x00007fe5b0007000 Exception <a 'java/lang/ClassNotFoundException': com/android/build/gradle/BasePluginCustomizer> (0x00000000ecc6fd80) thrown at [/HUDSON3/workspace/8-2-build-linux-amd64/jdk8u101/7261/hotspot/src/share/vm/classfile/systemDictionary.cpp, line 210]
Event: 5.000 Thread 0x00007fe5b0007000 Exception <a 'java/lang/ClassNotFoundException': com/android/build/gradle/AppPluginCustomizer> (0x00000000ecc7f100) thrown at [/HUDSON3/workspace/8-2-build-linux-amd64/jdk8u101/7261/hotspot/src/share/vm/classfile/systemDictionary.cpp, line 210]
Event: 5.162 Thread 0x00007fe5b0007000 Exception <a 'java/lang/ClassNotFoundException': org/gradle/api/plugins/BasePluginConventionBeanInfo> (0x00000000ed4fd480) thrown at [/HUDSON3/workspace/8-2-build-linux-amd64/jdk8u101/7261/hotspot/src/share/vm/classfile/systemDictionary.cpp, line 210]
Event: 5.163 Thread 0x00007fe5b0007000 Exception <a 'java/lang/ClassNotFoundException': org/gradle/api/plugins/BasePluginConventionCustomizer> (0x00000000ed5300c0) thrown at [/HUDSON3/workspace/8-2-build-linux-amd64/jdk8u101/7261/hotspot/src/share/vm/classfile/systemDictionary.cpp, line 210]

Events (10 events):
Event: 5.362 loading class org/gradle/api/component/SoftwareComponent
Event: 5.362 loading class org/gradle/api/component/SoftwareComponent done
Event: 5.372 loading class org/gradle/model/internal/manage/schema/ScalarCollectionSchema
Event: 5.372 loading class org/gradle/model/internal/manage/schema/ScalarCollectionSchema done
Event: 5.372 loading class org/gradle/model/internal/manage/schema/extract/JavaUtilCollectionStrategy$1
Event: 5.372 loading class org/gradle/model/internal/manage/schema/extract/JavaUtilCollectionStrategy$1 done
Event: 5.395 loading class java/lang/Throwable$PrintStreamOrWriter
Event: 5.395 loading class java/lang/Throwable$PrintStreamOrWriter done
Event: 5.400 loading class org/gradle/api/file/FileTreeElement
Event: 5.400 loading class org/gradle/api/file/FileTreeElement done


Dynamic libraries:
00400000-00401000 r-xp 00000000 08:01 4592730                            /usr/lib/jvm/java-8-oracle/bin/java
00600000-00601000 rw-p 00000000 08:01 4592730                            /usr/lib/jvm/java-8-oracle/bin/java
02273000-02294000 rw-p 00000000 00:00 0                                  [heap]
c0000000-c4080000 rw-p 00000000 00:00 0 
c4080000-eab00000 ---p 00000000 00:00 0 
eab00000-f1100000 rw-p 00000000 00:00 0 
f1100000-100000000 ---p 00000000 00:00 0 
100000000-100460000 rw-p 00000000 00:00 0 
100460000-140000000 ---p 00000000 00:00 0 
7fe58c000000-7fe58c021000 rw-p 00000000 00:00 0 
7fe58c021000-7fe590000000 ---p 00000000 00:00 0 
7fe594000000-7fe594021000 rw-p 00000000 00:00 0 
7fe594021000-7fe598000000 ---p 00000000 00:00 0 
7fe598000000-7fe598021000 rw-p 00000000 00:00 0 
7fe598021000-7fe59c000000 ---p 00000000 00:00 0 
7fe59c000000-7fe59d38a000 rw-p 00000000 00:00 0 
7fe59d38a000-7fe5a0000000 ---p 00000000 00:00 0 
7fe5a0000000-7fe5a0021000 rw-p 00000000 00:00 0 
7fe5a0021000-7fe5a4000000 ---p 00000000 00:00 0 
7fe5a4000000-7fe5a4021000 rw-p 00000000 00:00 0 
7fe5a4021000-7fe5a8000000 ---p 00000000 00:00 0 
7fe5a8000000-7fe5a8021000 rw-p 00000000 00:00 0 
7fe5a8021000-7fe5ac000000 ---p 00000000 00:00 0 
7fe5ac000000-7fe5ac070000 rw-p 00000000 00:00 0 
7fe5ac070000-7fe5b0000000 ---p 00000000 00:00 0 
7fe5b0000000-7fe5b0021000 rw-p 00000000 00:00 0 
7fe5b0021000-7fe5b4000000 ---p 00000000 00:00 0 
7fe5b4000000-7fe5b4021000 rw-p 00000000 00:00 0 
7fe5b4021000-7fe5b8000000 ---p 00000000 00:00 0 
7fe5b94ab000-7fe5b94eb000 rw-p 00000000 00:00 0 
7fe5b94eb000-7fe5b96ab000 ---p 00000000 00:00 0 
7fe5b96ab000-7fe5b98ab000 rw-p 00000000 00:00 0 
7fe5b98ab000-7fe5b98ad000 r--s 00005000 08:01 6295952                    /home/ming/Downloads/android studio/android-studio/gradle/m2repository/org/abego/treelayout/org.abego.treelayout.core/1.0.1/org.abego.treelayout.core-1.0.1.jar
7fe5b98ad000-7fe5b98b5000 r--s 000a8000 08:01 6428173                    /home/ming/Downloads/android studio/android-studio/gradle/m2repository/com/android/tools/external/lombok/lombok-ast/0.2.3/lombok-ast-0.2.3.jar
7fe5b98b5000-7fe5b98b7000 r--s 0000d000 08:01 6557193                    /home/ming/Downloads/android studio/android-studio/gradle/m2repository/commons-codec/commons-codec/1.4/commons-codec-1.4.jar
7fe5b98b7000-7fe5b98b9000 r--s 0000d000 08:01 6169048                    /home/ming/Downloads/android studio/android-studio/gradle/m2repository/commons-logging/commons-logging/1.1.1/commons-logging-1.1.1.jar
7fe5b98b9000-7fe5b98be000 r--s 00028000 08:01 6295904                    /home/ming/Downloads/android studio/android-studio/gradle/m2repository/org/apache/httpcomponents/httpcore/4.1/httpcore-4.1.jar
7fe5b98be000-7fe5b98bf000 r--s 00004000 08:01 6296369                    /home/ming/Downloads/android studio/android-studio/gradle/m2repository/com/intellij/annotations/12.0/annotations-12.0.jar
7fe5b98bf000-7fe5b98c3000 r--s 00037000 08:01 6295841                    /home/ming/Downloads/android studio/android-studio/gradle/m2repository/org/antlr/ST4/4.0.8/ST4-4.0.8.jar
7fe5b98c3000-7fe5b98c6000 r--s 00026000 08:01 6295855                    /home/ming/Downloads/android studio/android-studio/gradle/m2repository/org/antlr/antlr-runtime/3.5.2/antlr-runtime-3.5.2.jar
7fe5b98c6000-7fe5b98c7000 r--s 00002000 08:01 6295967                    /home/ming/Downloads/android studio/android-studio/gradle/m2repository/com/tunnelvisionlabs/antlr4-annotations/4.5/antlr4-annotations-4.5.jar
7fe5b98c7000-7fe5b98ce000 r--s 00062000 08:01 6295962                    /home/ming/Downloads/android studio/android-studio/gradle/m2repository/com/tunnelvisionlabs/antlr4-runtime/4.5/antlr4-runtime-4.5.jar
7fe5b98ce000-7fe5b98cf000 r--s 00004000 08:01 6169089                    /home/ming/Downloads/android studio/android-studio/gradle/m2repository/org/ow2/asm/asm-analysis/5.0.3/asm-analysis-5.0.3.jar
7fe5b98cf000-7fe5b98d2000 r--s 00030000 08:01 6557123                    /home/ming/Downloads/android studio/android-studio/gradle/m2repository/com/android/tools/lint/lint-api/25.1.3/lint-api-25.1.3.jar
7fe5b98d2000-7fe5b98d3000 r--s 0000a000 08:01 6557155                    /home/ming/Downloads/android studio/android-studio/gradle/m2repository/net/sf/kxml/kxml2/2.3.0/kxml2-2.3.0.jar
7fe5b98d3000-7fe5b98d5000 r--s 00005000 08:01 6295895                    /home/ming/Downloads/android studio/android-studio/gradle/m2repository/org/apache/httpcomponents/httpmime/4.1/httpmime-4.1.jar
7fe5b98d5000-7fe5b98dd000 r--s 0004e000 08:01 6295915                    /home/ming/Downloads/android studio/android-studio/gradle/m2repository/org/apache/httpcomponents/httpclient/4.1.1/httpclient-4.1.1.jar
7fe5b98dd000-7fe5b98e4000 r--s 00053000 08:01 6295927                    /home/ming/Downloads/android studio/android-studio/gradle/m2repository/org/apache/commons/commons-compress/1.8.1/commons-compress-1.8.1.jar
7fe5b98e4000-7fe5b98e9000 r--s 0002a000 08:01 6296402                    /home/ming/Downloads/android studio/android-studio/gradle/m2repository/com/google/code/gson/gson/2.2.4/gson-2.2.4.jar
7fe5b98e9000-7fe5b98ed000 r--s 00026000 08:01 6428179                    /home/ming/Downloads/android studio/android-studio/gradle/m2repository/com/android/tools/repository/25.1.3/repository-25.1.3.jar
7fe5b98ed000-7fe5b98ee000 r--s 00005000 08:01 6428159                    /home/ming/Downloads/android studio/android-studio/gradle/m2repository/com/android/tools/dvlib/25.1.3/dvlib-25.1.3.jar
7fe5b98ee000-7fe5b98f1000 r--s 00014000 08:01 6428126                    /home/ming/Downloads/android studio/android-studio/gradle/m2repository/com/android/tools/layoutlib/layoutlib-api/25.1.3/layoutlib-api-25.1.3.jar
7fe5b98f1000-7fe5b98f6000 r--s 00058000 08:01 6169066                    /home/ming/Downloads/android studio/android-studio/gradle/m2repository/org/ow2/asm/asm-debug-all/5.0.4/asm-debug-all-5.0.4.jar
7fe5b98f6000-7fe5b9906000 r--s 000d6000 08:01 6557167                    /home/ming/Downloads/android studio/android-studio/gradle/m2repository/net/sf/proguard/proguard-base/5.2.1/proguard-base-5.2.1.jar
7fe5b9906000-7fe5b9909000 r--s 00033000 08:01 6296376                    /home/ming/Downloads/android studio/android-studio/gradle/m2repository/com/googlecode/juniversalchardet/juniversalchardet/1.0.3/juniversalchardet-1.0.3.jar
7fe5b9909000-7fe5b990d000 r--s 0002a000 08:01 6169041                    /home/ming/Downloads/android studio/android-studio/gradle/m2repository/commons-io/commons-io/2.4/commons-io-2.4.jar
7fe5b990d000-7fe5b9917000 r--s 00099000 08:01 6295972                    /home/ming/Downloads/android studio/android-studio/gradle/m2repository/com/tunnelvisionlabs/antlr4/4.5/antlr4-4.5.jar
7fe5b9917000-7fe5b9918000 r--s 00002000 08:01 6296409                    /home/ming/Downloads/android studio/android-studio/gradle/m2repository/com/android/databinding/baseLibrary/2.1.3/baseLibrary-2.1.3.jar
7fe5b9918000-7fe5b9943000 r--s 001f9000 08:01 6296394                    /home/ming/Downloads/android studio/android-studio/gradle/m2repository/com/google/guava/guava/17.0/guava-17.0.jar
7fe5b9943000-7fe5b9944000 r--s 00001000 08:01 6296430                    /home/ming/Downloads/android studio/android-studio/gradle/m2repository/com/android/tools/annotations/25.1.3/annotations-25.1.3.jar
7fe5b9944000-7fe5b9956000 r--s 00223000 08:01 6295812                    /home/ming/Downloads/android studio/android-studio/gradle/m2repository/org/eclipse/jdt/core/compiler/ecj/4.4.2/ecj-4.4.2.jar
7fe5b9956000-7fe5b995d000 r--s 000be000 08:01 6428187                    /home/ming/Downloads/android studio/android-studio/gradle/m2repository/com/android/tools/lint/lint-checks/25.1.3/lint-checks-25.1.3.jar
7fe5b995d000-7fe5b995f000 r--s 00006000 08:01 6169101                    /home/ming/Downloads/android studio/android-studio/gradle/m2repository/org/ow2/asm/asm-tree/5.0.3/asm-tree-5.0.3.jar
7fe5b995f000-7fe5b9992000 r--s 00203000 08:01 6295862                    /home/ming/Downloads/android studio/android-studio/gradle/m2repository/org/bouncycastle/bcprov-jdk15on/1.48/bcprov-jdk15on-1.48.jar
7fe5b9992000-7fe5b99a0000 r--s 00081000 08:01 6295867                    /home/ming/Downloads/android studio/android-studio/gradle/m2repository/org/bouncycastle/bcpkix-jdk15on/1.48/bcpkix-jdk15on-1.48.jar
7fe5b99a0000-7fe5b99a2000 r--s 00002000 08:01 6296384                    /home/ming/Downloads/android studio/android-studio/gradle/m2repository/com/squareup/javawriter/2.5.0/javawriter-2.5.0.jar
7fe5b99a2000-7fe5b99a3000 r--s 00001000 08:01 6428134                    /home/ming/Downloads/android studio/android-studio/gradle/m2repository/com/android/tools/jill/jill-api/0.10.0/jill-api-0.10.0.jar
7fe5b99a3000-7fe5b99a5000 r--s 00003000 08:01 6557138                    /home/ming/Downloads/android studio/android-studio/gradle/m2repository/com/android/tools/jack/jack-api/0.10.0/jack-api-0.10.0.jar
7fe5b99a5000-7fe5b99ab000 r--s 0004a000 08:01 6428152                    /home/ming/Downloads/android studio/android-studio/gradle/m2repository/com/android/tools/ddms/ddmlib/25.1.3/ddmlib-25.1.3.jar
7fe5b99ab000-7fe5b99ae000 r--s 00028000 08:01 6296467                    /home/ming/Downloads/android studio/android-studio/gradle/m2repository/com/android/tools/build/manifest-merger/25.1.3/manifest-merger-25.1.3.jar
7fe5b99ae000-7fe5b99b0000 r--s 00018000 08:01 6557146                    /home/ming/Downloads/android studio/android-studio/gradle/m2repository/com/android/tools/common/25.1.3/common-25.1.3.jar
7fe5b99b0000-7fe5b99b8000 r--s 0007c000 08:01 6428143                    /home/ming/Downloads/android studio/android-studio/gradle/m2repository/com/android/tools/sdk-common/25.1.3/sdk-common-25.1.3.jar
7fe5b99b8000-7fe5b99c0000 r--s 00078000 08:01 6557130                    /home/ming/Downloads/android studio/android-studio/gradle/m2repository/com/android/tools/sdklib/25.1.3/sdklib-25.1.3.jar
7fe5b99c0000-7fe5b99c1000 r--s 00002000 08:01 6296452                    /home/ming/Downloads/android studio/android-studio/gradle/m2repository/com/android/tools/build/builder-test-api/2.1.3/builder-test-api-2.1.3.jar
7fe5b99c1000-7fe5b99c3000 r--s 00005000 08:01 6296488                    /home/ming/Downloads/android studio/android-studio/gradle/m2repository/com/android/tools/build/builder-model/2.1.3/builder-model-2.1.3.jar
7fe5b99c3000-7fe5b99c7000 r--s 0001e000 08:01 6295878                    /home/ming/Downloads/android studio/android-studio/gradle/m2repository/org/jacoco/org.jacoco.core/0.7.6.201602180812/org.jacoco.core-0.7.6.201602180812.jar
7fe5b99c7000-7fe5b99c8000 r--s 00002000 08:01 6557183                    /home/ming/Downloads/android studio/android-studio/gradle/m2repository/net/sf/proguard/proguard-gradle/5.2.1/proguard-gradle-5.2.1.jar
7fe5b99c8000-7fe5b99ca000 r--s 00009000 08:01 6293929                    /home/ming/Downloads/android studio/android-studio/gradle/m2repository/org/ow2/asm/asm-commons/5.0.3/asm-commons-5.0.3.jar
7fe5b99ca000-7fe5b99cb000 r--s 0000c000 08:01 6295796                    /home/ming/Downloads/android studio/android-studio/gradle/m2repository/org/ow2/asm/asm/5.0.3/asm-5.0.3.jar
7fe5b99cb000-7fe5b99cf000 r--s 0002b000 08:01 6296422                    /home/ming/Downloads/android studio/android-studio/gradle/m2repository/com/android/databinding/compilerCommon/2.1.3/compilerCommon-2.1.3.jar
7fe5b99cf000-7fe5b99d0000 r--s 00002000 08:01 6296459                    /home/ming/Downloads/android studio/android-studio/gradle/m2repository/com/android/tools/build/gradle-api/2.1.3/gradle-api-2.1.3.jar
7fe5b99d0000-7fe5b99d1000 r--s 00000000 08:01 6296480                    /home/ming/Downloads/android studio/android-studio/gradle/m2repository/com/android/tools/build/transform-api/2.0.0-deprecated-use-gradle-api/transform-api-2.0.0-deprecated-use-gradle-api.jar
7fe5b99d1000-7fe5b99d3000 r--s 00023000 08:01 6428194                    /home/ming/Downloads/android studio/android-studio/gradle/m2repository/com/android/tools/lint/lint/25.1.3/lint-25.1.3.jar
7fe5b99d3000-7fe5b99e7000 r--s 00130000 08:01 6296446                    /home/ming/Downloads/android studio/android-studio/gradle/m2repository/com/android/tools/build/builder/2.1.3/builder-2.1.3.jar
7fe5b99e7000-7fe5b9a04000 r--s 0017c000 08:01 6296474                    /home/ming/Downloads/android studio/android-studio/gradle/m2repository/com/android/tools/build/gradle-core/2.1.3/gradle-core-2.1.3.jar
7fe5b9a04000-7fe5b9a06000 r--s 0000c000 08:01 6296496                    /home/ming/Downloads/android studio/android-studio/gradle/m2repository/com/android/tools/build/gradle/2.1.3/gradle-2.1.3.jar
7fe5b9a06000-7fe5b9c06000 rw-p 00000000 00:00 0 
7fe5b9c06000-7fe5b9c09000 ---p 00000000 00:00 0 
7fe5b9c09000-7fe5b9f07000 rw-p 00000000 00:00 0 
7fe5b9f07000-7fe5b9f0a000 ---p 00000000 00:00 0 
7fe5b9f0a000-7fe5b9f40000 rw-p 00000000 00:00 0 
7fe5b9f40000-7fe5b9f41000 r--p 00000000 00:00 0 
7fe5b9f41000-7fe5ba141000 rw-p 00000000 00:00 0 
7fe5ba141000-7fe5ba341000 rw-p 00000000 00:00 0 
7fe5ba341000-7fe5ba541000 rw-p 00000000 00:00 0 
7fe5ba541000-7fe5ba741000 rw-p 00000000 00:00 0 
7fe5ba741000-7fe5ba7ba000 r--s 010e5000 08:01 4461945                    /usr/lib/jvm/java-8-oracle/lib/tools.jar
7fe5ba7ba000-7fe5ba9ba000 rw-p 00000000 00:00 0 
7fe5ba9ba000-7fe5ba9bd000 ---p 00000000 00:00 0 
7fe5ba9bd000-7fe5baabb000 rw-p 00000000 00:00 0 
7fe5baabb000-7fe5baabe000 ---p 00000000 00:00 0 
7fe5baabe000-7fe5babbc000 rw-p 00000000 00:00 0 
7fe5babbc000-7fe5babbf000 ---p 00000000 00:00 0 
7fe5babbf000-7fe5bacbd000 rw-p 00000000 00:00 0 
7fe5bacbd000-7fe5bacc0000 ---p 00000000 00:00 0 
7fe5bacc0000-7fe5badbe000 rw-p 00000000 00:00 0 
7fe5badbe000-7fe5badc1000 ---p 00000000 00:00 0 
7fe5badc1000-7fe5baebf000 rw-p 00000000 00:00 0 
7fe5baebf000-7fe5baec2000 ---p 00000000 00:00 0 
7fe5baec2000-7fe5bafc0000 rw-p 00000000 00:00 0 
7fe5bafc0000-7fe5bafc7000 r--s 00000000 08:01 4721045                    /usr/lib/x86_64-linux-gnu/gconv/gconv-modules.cache
7fe5bafc7000-7fe5bb1c7000 rw-p 00000000 00:00 0 
7fe5bb1c7000-7fe5bb1ca000 ---p 00000000 00:00 0 
7fe5bb1ca000-7fe5bb2c8000 rw-p 00000000 00:00 0 
7fe5bb2c8000-7fe5bb2cb000 ---p 00000000 00:00 0 
7fe5bb2cb000-7fe5bb3c9000 rw-p 00000000 00:00 0 
7fe5bb3c9000-7fe5bb3d2000 r-xp 00000000 08:01 4592820                    /usr/lib/jvm/java-8-oracle/jre/lib/amd64/libmanagement.so
7fe5bb3d2000-7fe5bb5d1000 ---p 00009000 08:01 4592820                    /usr/lib/jvm/java-8-oracle/jre/lib/amd64/libmanagement.so
7fe5bb5d1000-7fe5bb5d2000 rw-p 00008000 08:01 4592820                    /usr/lib/jvm/java-8-oracle/jre/lib/amd64/libmanagement.so
7fe5bb5d2000-7fe5bb5d6000 r--s 00097000 08:01 4592756                    /usr/lib/jvm/java-8-oracle/jre/lib/jsse.jar
7fe5bb5d6000-7fe5bb5d8000 r--s 00007000 08:01 5245820                    /home/ming/Downloads/android studio/android-studio/gradle/gradle-2.14.1/lib/plugins/gradle-tooling-api-builders-2.14.1.jar
7fe5bb5d8000-7fe5bb5db000 r--s 00008000 08:01 5245814                    /home/ming/Downloads/android studio/android-studio/gradle/gradle-2.14.1/lib/plugins/gradle-testing-native-2.14.1.jar
7fe5bb5db000-7fe5bb5dd000 r--s 00009000 08:01 5245895                    /home/ming/Downloads/android studio/android-studio/gradle/gradle-2.14.1/lib/plugins/hamcrest-core-1.3.jar
7fe5bb5dd000-7fe5bb5e3000 r--s 00033000 08:01 5245825                    /home/ming/Downloads/android studio/android-studio/gradle/gradle-2.14.1/lib/plugins/snakeyaml-1.6.jar
7fe5bb5e3000-7fe5bb5e5000 r--s 00006000 08:01 5245846                    /home/ming/Downloads/android studio/android-studio/gradle/gradle-2.14.1/lib/plugins/jcommander-1.12.jar
7fe5bb5e5000-7fe5bb5ea000 r--s 00040000 08:01 5245823                    /home/ming/Downloads/android studio/android-studio/gradle/gradle-2.14.1/lib/plugins/bsh-2.0b4.jar
7fe5bb5ea000-7fe5bb5f3000 r--s 00089000 08:01 5245849                    /home/ming/Downloads/android studio/android-studio/gradle/gradle-2.14.1/lib/plugins/testng-6.3.1.jar
7fe5bb5f3000-7fe5bb5fb000 r--s 00045000 08:01 5245854                    /home/ming/Downloads/android studio/android-studio/gradle/gradle-2.14.1/lib/plugins/junit-4.12.jar
7fe5bb5fb000-7fe5bb601000 r--s 0002e000 08:01 5245830                    /home/ming/Downloads/android studio/android-studio/gradle/gradle-2.14.1/lib/plugins/gradle-testing-jvm-2.14.1.jar
7fe5bb601000-7fe5bb606000 r--s 00015000 08:01 5245839                    /home/ming/Downloads/android studio/android-studio/gradle/gradle-2.14.1/lib/plugins/gradle-testing-base-2.14.1.jar
7fe5bb606000-7fe5bb607000 r--s 00002000 08:01 5245852                    /home/ming/Downloads/android studio/android-studio/gradle/gradle-2.14.1/lib/plugins/sonar-batch-bootstrapper-2.9.jar
7fe5bb607000-7fe5bb60a000 r--s 00015000 08:01 5245829                    /home/ming/Downloads/android studio/android-studio/gradle/gradle-2.14.1/lib/plugins/gradle-sonar-2.14.1.jar
7fe5bb60a000-7fe5bb611000 r--s 00038000 08:01 5245870                    /home/ming/Downloads/android studio/android-studio/gradle/gradle-2.14.1/lib/plugins/bcpg-jdk15on-1.51.jar
7fe5bb611000-7fe5bb613000 r--s 0000d000 08:01 5245876                    /home/ming/Downloads/android studio/android-studio/gradle/gradle-2.14.1/lib/plugins/gradle-signing-2.14.1.jar
7fe5bb613000-7fe5bb616000 r--s 00009000 08:01 5245859                    /home/ming/Downloads/android studio/android-studio/gradle/gradle-2.14.1/lib/plugins/gradle-scala-2.14.1.jar
7fe5bb616000-7fe5bb617000 r--s 00004000 08:01 5245883                    /home/ming/Downloads/android studio/android-studio/gradle/gradle-2.14.1/lib/plugins/gradle-resources-sftp-2.14.1.jar
7fe5bb617000-7fe5bb627000 r--s 00088000 08:01 5245836                    /home/ming/Downloads/android studio/android-studio/gradle/gradle-2.14.1/lib/plugins/joda-time-2.8.2.jar
7fe5bb627000-7fe5bb638000 r--s 000cf000 08:01 5245902                    /home/ming/Downloads/android studio/android-studio/gradle/gradle-2.14.1/lib/plugins/jackson-databind-2.3.2.jar
7fe5bb638000-7fe5bb63a000 r--s 00007000 08:01 5245865                    /home/ming/Downloads/android studio/android-studio/gradle/gradle-2.14.1/lib/plugins/jackson-annotations-2.3.2.jar
7fe5bb63a000-7fe5bb63d000 r--s 0002e000 08:01 5245872                    /home/ming/Downloads/android studio/android-studio/gradle/gradle-2.14.1/lib/plugins/jackson-core-2.3.2.jar
7fe5bb63d000-7fe5bb648000 r--s 0006b000 08:01 5245919                    /home/ming/Downloads/android studio/android-studio/gradle/gradle-2.14.1/lib/plugins/aws-java-sdk-core-1.9.19.jar
7fe5bb648000-7fe5bb64e000 r--s 00036000 08:01 5245864                    /home/ming/Downloads/android studio/android-studio/gradle/gradle-2.14.1/lib/plugins/aws-java-sdk-kms-1.9.19.jar
7fe5bb64e000-7fe5bb659000 r--s 00079000 08:01 5245851                    /home/ming/Downloads/android studio/android-studio/gradle/gradle-2.14.1/lib/plugins/aws-java-sdk-s3-1.9.19.jar
7fe5bb659000-7fe5bb65a000 r--s 00003000 08:01 5245898                    /home/ming/Downloads/android studio/android-studio/gradle/gradle-2.14.1/lib/plugins/gradle-resources-s3-2.14.1.jar
7fe5bb65a000-7fe5bb65c000 r--s 00005000 08:01 5245893                    /home/ming/Downloads/android studio/android-studio/gradle/gradle-2.14.1/lib/plugins/jatl-0.2.2.jar
7fe5bb65c000-7fe5bb65e000 r--s 0000f000 08:01 5245910                    /home/ming/Downloads/android studio/android-studio/gradle/gradle-2.14.1/lib/plugins/gradle-reporting-2.14.1.jar
7fe5bb65e000-7fe5bb660000 r--s 00002000 08:01 5245869                    /home/ming/Downloads/android studio/android-studio/gradle/gradle-2.14.1/lib/plugins/gradle-publish-2.14.1.jar
7fe5bb660000-7fe5bb662000 r--s 00009000 08:01 5245842                    /home/ming/Downloads/android studio/android-studio/gradle/gradle-2.14.1/lib/plugins/commons-cli-1.2.jar
7fe5bb662000-7fe5bb668000 r--s 00033000 08:01 5245853                    /home/ming/Downloads/android studio/android-studio/gradle/gradle-2.14.1/lib/plugins/gradle-plugins-2.14.1.jar
7fe5bb668000-7fe5bb66a000 r--s 00007000 08:01 5245817                    /home/ming/Downloads/android studio/android-studio/gradle/gradle-2.14.1/lib/plugins/gradle-plugin-development-2.14.1.jar
7fe5bb66a000-7fe5bb670000 r--s 0002a000 08:01 5245875                    /home/ming/Downloads/android studio/android-studio/gradle/gradle-2.14.1/lib/plugins/gradle-platform-play-2.14.1.jar
7fe5bb670000-7fe5bb67d000 r--s 0004d000 08:01 5245874                    /home/ming/Downloads/android studio/android-studio/gradle/gradle-2.14.1/lib/plugins/gradle-platform-native-2.14.1.jar
7fe5bb67d000-7fe5bb681000 r--s 0001a000 08:01 5245896                    /home/ming/Downloads/android studio/android-studio/gradle/gradle-2.14.1/lib/plugins/gradle-platform-jvm-2.14.1.jar
7fe5bb681000-7fe5bb688000 r--s 00029000 08:01 5245845                    /home/ming/Downloads/android studio/android-studio/gradle/gradle-2.14.1/lib/plugins/gradle-platform-base-2.14.1.jar
7fe5bb688000-7fe5bb6a9000 r--s 001c3000 08:01 5245821                    /home/ming/Downloads/android studio/android-studio/gradle/gradle-2.14.1/lib/plugins/bndlib-2.4.0.jar
7fe5bb6a9000-7fe5bb6ab000 r--s 00003000 08:01 5245901                    /home/ming/Downloads/android studio/android-studio/gradle/gradle-2.14.1/lib/plugins/gradle-osgi-2.14.1.jar
7fe5bb6ab000-7fe5bb6ae000 r--s 0000c000 08:01 5245905                    /home/ming/Downloads/android studio/android-studio/gradle/gradle-2.14.1/lib/plugins/pmaven-groovy-0.8-20100325.jar
7fe5bb6ae000-7fe5bb6af000 r--s 00004000 08:01 5245891                    /home/ming/Downloads/android studio/android-studio/gradle/gradle-2.14.1/lib/plugins/pmaven-common-0.8-20100325.jar
7fe5bb6af000-7fe5bb6b5000 r--s 00022000 08:01 5245844                    /home/ming/Downloads/android studio/android-studio/gradle/gradle-2.14.1/lib/plugins/gradle-maven-2.14.1.jar
7fe5bb6b5000-7fe5bb6b7000 r--s 0000a000 08:01 5245826                    /home/ming/Downloads/android studio/android-studio/gradle/gradle-2.14.1/lib/plugins/gradle-language-scala-2.14.1.jar
7fe5bb6b7000-7fe5bb6bd000 r--s 0001a000 08:01 5245831                    /home/ming/Downloads/android studio/android-studio/gradle/gradle-2.14.1/lib/plugins/gradle-language-native-2.14.1.jar
7fe5bb6bd000-7fe5bb6bf000 r--s 00008000 08:01 5245819                    /home/ming/Downloads/android studio/android-studio/gradle/gradle-2.14.1/lib/plugins/gradle-language-jvm-2.14.1.jar
7fe5bb6bf000-7fe5bb6c5000 r--s 00024000 08:01 5245892                    /home/ming/Downloads/android studio/android-studio/gradle/gradle-2.14.1/lib/plugins/gradle-language-java-2.14.1.jar
7fe5bb6c5000-7fe5bb6c7000 r--s 0000a000 08:01 5245873                    /home/ming/Downloads/android studio/android-studio/gradle/gradle-2.14.1/lib/plugins/gradle-language-groovy-2.14.1.jar
7fe5bb6c7000-7fe5bb6ca000 r--s 0001e000 08:01 5245813                    /home/ming/Downloads/android studio/android-studio/gradle/gradle-2.14.1/lib/plugins/jsp-api-2.1-6.1.14.jar
7fe5bb6ca000-7fe5bb6ed000 r--s 00344000 08:01 5245866                    /home/ming/Downloads/android studio/android-studio/gradle/gradle-2.14.1/lib/plugins/core-3.1.1.jar
7fe5bb6ed000-7fe5bb6ee000 r--s 00006000 08:01 5245903                    /home/ming/Downloads/android studio/android-studio/gradle/gradle-2.14.1/lib/plugins/jetty-naming-6.1.25.jar
7fe5bb6ee000-7fe5bb6ef000 r--s 00002000 08:01 5245861                    /home/ming/Downloads/android studio/android-studio/gradle/gradle-2.14.1/lib/plugins/geronimo-annotation_1.0_spec-1.0.jar
7fe5bb6ef000-7fe5bb6f1000 r--s 00002000 08:01 5245899                    /home/ming/Downloads/android studio/android-studio/gradle/gradle-2.14.1/lib/plugins/jetty-annotations-6.1.25.jar
7fe5bb6f1000-7fe5bb702000 r--s 000ea000 08:01 5245912                    /home/ming/Downloads/android studio/android-studio/gradle/gradle-2.14.1/lib/plugins/jsp-2.1-6.1.14.jar
7fe5bb702000-7fe5bb704000 r--s 0000d000 08:01 5245867                    /home/ming/Downloads/android studio/android-studio/gradle/gradle-2.14.1/lib/plugins/jetty-plus-6.1.25.jar
7fe5bb704000-7fe5bb706000 r--s 0001f000 08:01 5245926                    /home/ming/Downloads/android studio/android-studio/gradle/gradle-2.14.1/lib/plugins/servlet-api-2.5-20081211.jar
7fe5bb706000-7fe5bb70a000 r--s 00028000 08:01 5245847                    /home/ming/Downloads/android studio/android-studio/gradle/gradle-2.14.1/lib/plugins/jetty-util-6.1.25.jar
7fe5bb70a000-7fe5bb711000 r--s 0007d000 08:01 5245855                    /home/ming/Downloads/android studio/android-studio/gradle/gradle-2.14.1/lib/plugins/jetty-6.1.25.jar
7fe5bb711000-7fe5bb713000 r--s 00009000 08:01 5245908                    /home/ming/Downloads/android studio/android-studio/gradle/gradle-2.14.1/lib/plugins/gradle-jetty-2.14.1.jar
7fe5bb713000-7fe5bb71a000 r--s 00035000 08:01 5245922                    /home/ming/Downloads/android studio/android-studio/gradle/gradle-2.14.1/lib/plugins/simple-4.1.21.jar
7fe5bb71a000-7fe5bb726000 r--s 00100000 08:01 5245837                    /home/ming/Downloads/android studio/android-studio/gradle/gradle-2.14.1/lib/plugins/rhino-1.7R3.jar
7fe5bb726000-7fe5bb72a000 r--s 00011000 08:01 5245890                    /home/ming/Downloads/android studio/android-studio/gradle/gradle-2.14.1/lib/plugins/gradle-javascript-2.14.1.jar
7fe5bb72a000-7fe5bb72c000 r--s 0000c000 08:01 5245924                    /home/ming/Downloads/android studio/android-studio/gradle/gradle-2.14.1/lib/plugins/gradle-jacoco-2.14.1.jar
7fe5bb72c000-7fe5bb72f000 r--s 0000e000 08:01 5245921                    /home/ming/Downloads/android studio/android-studio/gradle/gradle-2.14.1/lib/plugins/gradle-ivy-2.14.1.jar
7fe5bb72f000-7fe5bb730000 r--s 00002000 08:01 5245913                    /home/ming/Downloads/android studio/android-studio/gradle/gradle-2.14.1/lib/plugins/gradle-ide-play-2.14.1.jar
7fe5bb730000-7fe5bb735000 r--s 0002b000 08:01 5245909                    /home/ming/Downloads/android studio/android-studio/gradle/gradle-2.14.1/lib/plugins/gradle-ide-native-2.14.1.jar
7fe5bb735000-7fe5bb740000 r--s 00066000 08:01 5245827                    /home/ming/Downloads/android studio/android-studio/gradle/gradle-2.14.1/lib/plugins/gradle-ide-2.14.1.jar
7fe5bb740000-7fe5bb741000 r--s 00008000 08:01 5245824                    /home/ming/Downloads/android studio/android-studio/gradle/gradle-2.14.1/lib/plugins/gradle-ear-2.14.1.jar
7fe5bb741000-7fe5bb747000 r--s 00032000 08:01 5245835                    /home/ming/Downloads/android studio/android-studio/gradle/gradle-2.14.1/lib/plugins/gradle-diagnostics-2.14.1.jar
7fe5bb747000-7fe5bb74b000 r--s 00021000 08:01 5245911                    /home/ming/Downloads/android studio/android-studio/gradle/gradle-2.14.1/lib/plugins/gradle-code-quality-2.14.1.jar
7fe5bb74b000-7fe5bb74f000 r--s 0001f000 08:01 5245834                    /home/ming/Downloads/android studio/android-studio/gradle/gradle-2.14.1/lib/plugins/gradle-build-init-2.14.1.jar
7fe5bb74f000-7fe5bb756000 r--s 0008e000 08:01 5245918                    /home/ming/Downloads/android studio/android-studio/gradle/gradle-2.14.1/lib/plugins/gradle-build-comparison-2.14.1.jar
7fe5bb756000-7fe5bb758000 r--s 00008000 08:01 5245894                    /home/ming/Downloads/android studio/android-studio/gradle/gradle-2.14.1/lib/plugins/gradle-antlr-2.14.1.jar
7fe5bb758000-7fe5bb75a000 r--s 00004000 08:01 5245920                    /home/ming/Downloads/android studio/android-studio/gradle/gradle-2.14.1/lib/plugins/gradle-announce-2.14.1.jar
7fe5bb75a000-7fe5bb772000 r--s 00115000 08:01 5245858                    /home/ming/Downloads/android studio/android-studio/gradle/gradle-2.14.1/lib/plugins/xercesImpl-2.9.1.jar
7fe5bb772000-7fe5bb77a000 r--s 00028000 08:01 5245886                    /home/ming/Downloads/android studio/android-studio/gradle/gradle-2.14.1/lib/plugins/xml-apis-1.3.04.jar
7fe5bb77a000-7fe5bb780000 r--s 0005b000 08:01 5245877                    /home/ming/Downloads/android studio/android-studio/gradle/gradle-2.14.1/lib/plugins/jcifs-1.3.17.jar
7fe5bb780000-7fe5bb787000 r--s 00049000 08:01 5245888                    /home/ming/Downloads/android studio/android-studio/gradle/gradle-2.14.1/lib/plugins/httpcore-4.4.4.jar
7fe5bb787000-7fe5bb78d000 r--s 00033000 08:01 5245833                    /home/ming/Downloads/android studio/android-studio/gradle/gradle-2.14.1/lib/plugins/commons-codec-1.6.jar
7fe5bb78d000-7fe5bb790000 r--s 0001c000 08:01 5245828                    /home/ming/Downloads/android studio/android-studio/gradle/gradle-2.14.1/lib/plugins/nekohtml-1.9.14.jar
7fe5bb790000-7fe5bb79d000 r--s 000a4000 08:01 5245906                    /home/ming/Downloads/android studio/android-studio/gradle/gradle-2.14.1/lib/plugins/httpclient-4.4.1.jar
7fe5bb79d000-7fe5bb79f000 r--s 0000a000 08:01 5245815                    /home/ming/Downloads/android studio/android-studio/gradle/gradle-2.14.1/lib/plugins/gradle-resources-http-2.14.1.jar
7fe5bb79f000-7fe5bb7a3000 r--s 00014000 08:01 5245880                    /home/ming/Downloads/android studio/android-studio/gradle/gradle-2.14.1/lib/plugins/gradle-plugin-use-2.14.1.jar
7fe5bb7a3000-7fe5bb7a4000 r--s 00000000 08:01 5245771                    /home/ming/Downloads/android studio/android-studio/gradle/gradle-2.14.1/lib/gradle-installation-beacon-2.14.1.jar
7fe5bb7a4000-7fe5bb7a5000 r--s 00007000 08:01 5245843                    /home/ming/Downloads/android studio/android-studio/gradle/gradle-2.14.1/lib/plugins/wagon-http-shared4-2.4.jar
7fe5bb7a5000-7fe5bb7a9000 r--s 00033000 08:01 5245897                    /home/ming/Downloads/android studio/android-studio/gradle/gradle-2.14.1/lib/plugins/plexus-utils-2.0.6.jar
7fe5bb7a9000-7fe5bb7ad000 r--s 00021000 08:01 5245879                    /home/ming/Downloads/android studio/android-studio/gradle/gradle-2.14.1/lib/plugins/maven-model-builder-3.0.4.jar
7fe5bb7ad000-7fe5bb7af000 r--s 00002000 08:01 5245889                    /home/ming/Downloads/android studio/android-studio/gradle/gradle-2.14.1/lib/plugins/plexus-cipher-1.7.jar
7fe5bb7af000-7fe5bb7b2000 r--s 00013000 08:01 5245925                    /home/ming/Downloads/android studio/android-studio/gradle/gradle-2.14.1/lib/plugins/aether-api-1.13.1.jar
7fe5bb7b2000-7fe5bb7b4000 r--s 0000a000 08:01 5245848                    /home/ming/Downloads/android studio/android-studio/gradle/gradle-2.14.1/lib/plugins/maven-settings-3.0.4.jar
7fe5bb7b4000-7fe5bb7b6000 r--s 0000d000 08:01 5245881                    /home/ming/Downloads/android studio/android-studio/gradle/gradle-2.14.1/lib/plugins/plexus-interpolation-1.14.jar
7fe5bb7b6000-7fe5bb7b8000 r--s 0000b000 08:01 5245904                    /home/ming/Downloads/android studio/android-studio/gradle/gradle-2.14.1/lib/plugins/maven-artifact-3.0.4.jar
7fe5bb7b8000-7fe5bb7bf000 r--s 0002e000 08:01 5245840                    /home/ming/Downloads/android studio/android-studio/gradle/gradle-2.14.1/lib/plugins/plexus-container-default-1.5.5.jar
7fe5bb7bf000-7fe5bb7c1000 r--s 0000b000 08:01 5245868                    /home/ming/Downloads/android studio/android-studio/gradle/gradle-2.14.1/lib/plugins/maven-plugin-api-3.0.4.jar
7fe5bb7c1000-7fe5bb7c3000 r--s 00000000 08:01 5245871                    /home/ming/Downloads/android studio/android-studio/gradle/gradle-2.14.1/lib/plugins/plexus-component-annotations-1.5.5.jar
7fe5bb7c3000-7fe5bb7c9000 r--s 0003f000 08:01 5245882                    /home/ming/Downloads/android studio/android-studio/gradle/gradle-2.14.1/lib/plugins/maven-compat-3.0.4.jar
7fe5bb7c9000-7fe5bb7cc000 r--s 00008000 08:01 5245856                    /home/ming/Downloads/android studio/android-studio/gradle/gradle-2.14.1/lib/plugins/maven-settings-builder-3.0.4.jar
7fe5bb7cc000-7fe5bb7ce000 r--s 00026000 08:01 5245923                    /home/ming/Downloads/android studio/android-studio/gradle/gradle-2.14.1/lib/plugins/maven-model-3.0.4.jar
7fe5bb7ce000-7fe5bb7d0000 r--s 00006000 08:01 5245900                    /home/ming/Downloads/android studio/android-studio/gradle/gradle-2.14.1/lib/plugins/aether-connector-wagon-1.13.1.jar
7fe5bb7d0000-7fe5bb7d2000 r--s 0000a000 08:01 5245841                    /home/ming/Downloads/android studio/android-studio/gradle/gradle-2.14.1/lib/plugins/plexus-classworlds-2.4.jar
7fe5bb7d2000-7fe5bb7d4000 r--s 00006000 08:01 5245884                    /home/ming/Downloads/android studio/android-studio/gradle/gradle-2.14.1/lib/plugins/maven-repository-metadata-3.0.4.jar
7fe5bb7d4000-7fe5bb7d6000 r--s 0000c000 08:01 5245860                    /home/ming/Downloads/android studio/android-studio/gradle/gradle-2.14.1/lib/plugins/maven-aether-provider-3.0.4.jar
7fe5bb7d6000-7fe5bb816000 r--s 00277000 08:01 5245822                    /home/ming/Downloads/android studio/android-studio/gradle/gradle-2.14.1/lib/plugins/bcprov-jdk15on-1.51.jar
7fe5bb816000-7fe5bb822000 r--s 0007d000 08:01 5245887                    /home/ming/Downloads/android studio/android-studio/gradle/gradle-2.14.1/lib/plugins/maven-core-3.0.4.jar
7fe5bb822000-7fe5bb83e000 r--s 000d3000 08:01 5245862                    /home/ming/Downloads/android studio/android-studio/gradle/gradle-2.14.1/lib/plugins/gradle-dependency-management-2.14.1.jar
7fe5bb83e000-7fe5bb854000 r-xp 00000000 08:01 1839527                    /lib/x86_64-linux-gnu/libgcc_s.so.1
7fe5bb854000-7fe5bba53000 ---p 00016000 08:01 1839527                    /lib/x86_64-linux-gnu/libgcc_s.so.1
7fe5bba53000-7fe5bba54000 rw-p 00015000 08:01 1839527                    /lib/x86_64-linux-gnu/libgcc_s.so.1
7fe5bba54000-7fe5bbbc6000 r-xp 00000000 08:01 4327421                    /usr/lib/x86_64-linux-gnu/libstdc++.so.6.0.21
7fe5bbbc6000-7fe5bbdc6000 ---p 00172000 08:01 4327421                    /usr/lib/x86_64-linux-gnu/libstdc++.so.6.0.21
7fe5bbdc6000-7fe5bbdd0000 r--p 00172000 08:01 4327421                    /usr/lib/x86_64-linux-gnu/libstdc++.so.6.0.21
7fe5bbdd0000-7fe5bbdd2000 rw-p 0017c000 08:01 4327421                    /usr/lib/x86_64-linux-gnu/libstdc++.so.6.0.21
7fe5bbdd2000-7fe5bbdd6000 rw-p 00000000 00:00 0 
7fe5bbdd6000-7fe5bbdd7000 r--s 00002000 08:01 5245832                    /home/ming/Downloads/android studio/android-studio/gradle/gradle-2.14.1/lib/plugins/wagon-file-2.4.jar
7fe5bbdd7000-7fe5bbdd9000 r--s 0000b000 08:01 5245850                    /home/ming/Downloads/android studio/android-studio/gradle/gradle-2.14.1/lib/plugins/wagon-provider-api-2.4.jar
7fe5bbdd9000-7fe5bbddd000 r--s 0001c000 08:01 5245914                    /home/ming/Downloads/android studio/android-studio/gradle/gradle-2.14.1/lib/plugins/aether-util-1.13.1.jar
7fe5bbddd000-7fe5bbde0000 r--s 0001d000 08:01 5245878                    /home/ming/Downloads/android studio/android-studio/gradle/gradle-2.14.1/lib/plugins/aether-impl-1.13.1.jar
7fe5bbde0000-7fe5bbdef000 r--s 000d9000 08:01 5245838                    /home/ming/Downloads/android studio/android-studio/gradle/gradle-2.14.1/lib/plugins/ivy-2.2.0.jar
7fe5bbdef000-7fe5bbe00000 r-xp 00000000 08:01 4592809                    /usr/lib/jvm/java-8-oracle/jre/lib/amd64/libnio.so
7fe5bbe00000-7fe5bbfff000 ---p 00011000 08:01 4592809                    /usr/lib/jvm/java-8-oracle/jre/lib/amd64/libnio.so
7fe5bbfff000-7fe5bc000000 rw-p 00010000 08:01 4592809                    /usr/lib/jvm/java-8-oracle/jre/lib/amd64/libnio.so
7fe5bc000000-7fe5bc021000 rw-p 00000000 00:00 0 
7fe5bc021000-7fe5c0000000 ---p 00000000 00:00 0 
7fe5c0000000-7fe5c0021000 rw-p 00000000 00:00 0 
7fe5c0021000-7fe5c4000000 ---p 00000000 00:00 0 
7fe5c4000000-7fe5c63c3000 rw-p 00000000 00:00 0 
7fe5c63c3000-7fe5c8000000 ---p 00000000 00:00 0 
7fe5c8000000-7fe5c8abc000 rw-p 00000000 00:00 0 
7fe5c8abc000-7fe5cc000000 ---p 00000000 00:00 0 
7fe5cc000000-7fe5cc021000 rw-p 00000000 00:00 0 
7fe5cc021000-7fe5d0000000 ---p 00000000 00:00 0 
7fe5d0000000-7fe5d1c0c000 rw-p 00000000 00:00 0 
7fe5d1c0c000-7fe5d4000000 ---p 00000000 00:00 0 
7fe5d4000000-7fe5d4021000 rw-p 00000000 00:00 0 
7fe5d4021000-7fe5d8000000 ---p 00000000 00:00 0 
7fe5d8000000-7fe5d8021000 rw-p 00000000 00:00 0 
7fe5d8021000-7fe5dc000000 ---p 00000000 00:00 0 
7fe5dc000000-7fe5dc021000 rw-p 00000000 00:00 0 
7fe5dc021000-7fe5e0000000 ---p 00000000 00:00 0 
7fe5e0000000-7fe5e0021000 rw-p 00000000 00:00 0 
7fe5e0021000-7fe5e4000000 ---p 00000000 00:00 0 
7fe5e4000000-7fe5e4001000 r--s 00002000 08:01 5245812                    /home/ming/Downloads/android studio/android-studio/gradle/gradle-2.14.1/lib/plugins/wagon-http-2.4.jar
7fe5e4001000-7fe5e4002000 r--s 00003000 08:01 5245816                    /home/ming/Downloads/android studio/android-studio/gradle/gradle-2.14.1/lib/plugins/aether-spi-1.13.1.jar
7fe5e4002000-7fe5e4003000 r--s 00006000 08:01 5245885                    /home/ming/Downloads/android studio/android-studio/gradle/gradle-2.14.1/lib/plugins/plexus-sec-dispatcher-1.3.jar
7fe5e4003000-7fe5e4008000 r--s 00040000 08:01 5245818                    /home/ming/Downloads/android studio/android-studio/gradle/gradle-2.14.1/lib/plugins/jsch-0.1.53.jar
7fe5e4008000-7fe5e400c000 r-xp 00000000 08:01 7342835                    /home/ming/.gradle/native/19/linux-amd64/libnative-platform.so
7fe5e400c000-7fe5e420b000 ---p 00004000 08:01 7342835                    /home/ming/.gradle/native/19/linux-amd64/libnative-platform.so
7fe5e420b000-7fe5e420c000 rw-p 00003000 08:01 7342835                    /home/ming/.gradle/native/19/linux-amd64/libnative-platform.so
7fe5e420c000-7fe5e450d000 rw-p 00000000 00:00 0 
7fe5e450d000-7fe5e4523000 r-xp 00000000 08:01 4592786                    /usr/lib/jvm/java-8-oracle/jre/lib/amd64/libnet.so
7fe5e4523000-7fe5e4723000 ---p 00016000 08:01 4592786                    /usr/lib/jvm/java-8-oracle/jre/lib/amd64/libnet.so
7fe5e4723000-7fe5e4724000 rw-p 00016000 08:01 4592786                    /usr/lib/jvm/java-8-oracle/jre/lib/amd64/libnet.so
7fe5e4724000-7fe5e4732000 r--s 0004f000 08:01 5245766                    /home/ming/Downloads/android studio/android-studio/gradle/gradle-2.14.1/lib/gradle-tooling-api-2.14.1.jar
7fe5e4732000-7fe5e4733000 ---p 00000000 00:00 0 
7fe5e4733000-7fe5e4833000 rw-p 00000000 00:00 0 
7fe5e4833000-7fe5e4836000 ---p 00000000 00:00 0 
7fe5e4836000-7fe5e4934000 rw-p 00000000 00:00 0 
7fe5e4934000-7fe5e4937000 ---p 00000000 00:00 0 
7fe5e4937000-7fe5e4a35000 rw-p 00000000 00:00 0 
7fe5e4a35000-7fe5e4a38000 ---p 00000000 00:00 0 
7fe5e4a38000-7fe5e4b36000 rw-p 00000000 00:00 0 
7fe5e4b36000-7fe5e4b39000 ---p 00000000 00:00 0 
7fe5e4b39000-7fe5e4c37000 rw-p 00000000 00:00 0 
7fe5e4c37000-7fe5e4c3a000 ---p 00000000 00:00 0 
7fe5e4c3a000-7fe5e4d38000 rw-p 00000000 00:00 0 
7fe5e4d38000-7fe5e56f7000 r--p 00000000 08:01 4332457                    /usr/lib/locale/locale-archive
7fe5e56f7000-7fe5e56fa000 ---p 00000000 00:00 0 
7fe5e56fa000-7fe5e57f8000 rw-p 00000000 00:00 0 
7fe5e57f8000-7fe5e57fb000 ---p 00000000 00:00 0 
7fe5e57fb000-7fe5e58f9000 rw-p 00000000 00:00 0 
7fe5e58f9000-7fe5e58fa000 ---p 00000000 00:00 0 
7fe5e58fa000-7fe5e8000000 rw-p 00000000 00:00 0 
7fe5e8000000-7fe5e8021000 rw-p 00000000 00:00 0 
7fe5e8021000-7fe5ec000000 ---p 00000000 00:00 0 
7fe5ec000000-7fe5ec021000 rw-p 00000000 00:00 0 
7fe5ec021000-7fe5f0000000 ---p 00000000 00:00 0 
7fe5f0000000-7fe5f0031000 rw-p 00000000 00:00 0 
7fe5f0031000-7fe5f4000000 ---p 00000000 00:00 0 
7fe5f4000000-7fe5f4004000 r--s 0001d000 08:01 5245863                    /home/ming/Downloads/android studio/android-studio/gradle/gradle-2.14.1/lib/plugins/xbean-reflect-3.4.jar
7fe5f4004000-7fe5f4009000 r--s 0002a000 08:01 5245857                    /home/ming/Downloads/android studio/android-studio/gradle/gradle-2.14.1/lib/plugins/gson-2.2.4.jar
7fe5f4009000-7fe5f400b000 r--s 00005000 08:01 5245781                    /home/ming/Downloads/android studio/android-studio/gradle/gradle-2.14.1/lib/gradle-wrapper-2.14.1.jar
7fe5f400b000-7fe5f400d000 r--s 00002000 08:01 5245770                    /home/ming/Downloads/android studio/android-studio/gradle/gradle-2.14.1/lib/gradle-open-api-2.14.1.jar
7fe5f400d000-7fe5f4013000 r--s 00032000 08:01 5245804                    /home/ming/Downloads/android studio/android-studio/gradle/gradle-2.14.1/lib/jaxen-1.1.jar
7fe5f4013000-7fe5f4018000 r--s 00048000 08:01 5245769                    /home/ming/Downloads/android studio/android-studio/gradle/gradle-2.14.1/lib/dom4j-1.6.1.jar
7fe5f4018000-7fe5f4023000 r--s 00059000 08:01 5245798                    /home/ming/Downloads/android studio/android-studio/gradle/gradle-2.14.1/lib/gradle-ui-2.14.1.jar
7fe5f4023000-7fe5f4026000 r--s 0000b000 08:01 5245927                    /home/ming/Downloads/android studio/android-studio/gradle/gradle-2.14.1/lib/gradle-resources-2.14.1.jar
7fe5f4026000-7fe5f4028000 r--s 00003000 08:01 5245807                    /home/ming/Downloads/android studio/android-studio/gradle/gradle-2.14.1/lib/jcl-over-slf4j-1.7.10.jar
7fe5f4028000-7fe5f4029000 r--s 00005000 08:01 5245801                    /home/ming/Downloads/android studio/android-studio/gradle/gradle-2.14.1/lib/log4j-over-slf4j-1.7.10.jar
7fe5f4029000-7fe5f402b000 r--s 00000000 08:01 5245928                    /home/ming/Downloads/android studio/android-studio/gradle/gradle-2.14.1/lib/jul-to-slf4j-1.7.10.jar
7fe5f402b000-7fe5f4030000 r--s 0001c000 08:01 5245779                    /home/ming/Downloads/android studio/android-studio/gradle/gradle-2.14.1/lib/gradle-logging-2.14.1.jar
7fe5f4030000-7fe5f4032000 r--s 00007000 08:01 5245810                    /home/ming/Downloads/android studio/android-studio/gradle/gradle-2.14.1/lib/objenesis-1.2.jar
7fe5f4032000-7fe5f4034000 r--s 00000000 08:01 5245774                    /home/ming/Downloads/android studio/android-studio/gradle/gradle-2.14.1/lib/minlog-1.2.jar
7fe5f4034000-7fe5f4036000 r--s 0000f000 08:01 5245785                    /home/ming/Downloads/android studio/android-studio/gradle/gradle-2.14.1/lib/reflectasm-1.07-shaded.jar
7fe5f4036000-7fe5f403a000 r--s 00026000 08:01 5245799                    /home/ming/Downloads/android studio/android-studio/gradle/gradle-2.14.1/lib/kryo-2.20.jar
7fe5f403a000-7fe5f4040000 r--s 00025000 08:01 5245768                    /home/ming/Downloads/android studio/android-studio/gradle/gradle-2.14.1/lib/gradle-messaging-2.14.1.jar
7fe5f4040000-7fe5f4041000 r--s 00003000 08:01 5245806                    /home/ming/Downloads/android studio/android-studio/gradle/gradle-2.14.1/lib/native-platform-freebsd-amd64-0.10.jar
7fe5f4041000-7fe5f4042000 r--s 00003000 08:01 5245788                    /home/ming/Downloads/android studio/android-studio/gradle/gradle-2.14.1/lib/native-platform-freebsd-i386-0.10.jar
7fe5f4042000-7fe5f4043000 r--s 00005000 08:01 5245776                    /home/ming/Downloads/android studio/android-studio/gradle/gradle-2.14.1/lib/native-platform-windows-i386-0.10.jar
7fe5f4043000-7fe5f4044000 r--s 00005000 08:01 5245775                    /home/ming/Downloads/android studio/android-studio/gradle/gradle-2.14.1/lib/native-platform-windows-amd64-0.10.jar
7fe5f4044000-7fe5f4045000 r--s 00003000 08:01 5245789                    /home/ming/Downloads/android studio/android-studio/gradle/gradle-2.14.1/lib/native-platform-linux-i386-0.10.jar
7fe5f4045000-7fe5f4046000 r--s 00003000 08:01 5245773                    /home/ming/Downloads/android studio/android-studio/gradle/gradle-2.14.1/lib/native-platform-linux-amd64-0.10.jar
7fe5f4046000-7fe5f4047000 r--s 00002000 08:01 5245772                    /home/ming/Downloads/android studio/android-studio/gradle/gradle-2.14.1/lib/native-platform-osx-amd64-0.10.jar
7fe5f4047000-7fe5f4048000 r--s 00002000 08:01 5245802                    /home/ming/Downloads/android studio/android-studio/gradle/gradle-2.14.1/lib/native-platform-osx-i386-0.10.jar
7fe5f4048000-7fe5f404a000 r--s 00008000 08:01 5245803                    /home/ming/Downloads/android studio/android-studio/gradle/gradle-2.14.1/lib/jansi-1.2.1.jar
7fe5f404a000-7fe5f404d000 r--s 0000d000 08:01 5245797                    /home/ming/Downloads/android studio/android-studio/gradle/gradle-2.14.1/lib/native-platform-0.10.jar
7fe5f404d000-7fe5f4051000 r--s 000e4000 08:01 5245796                    /home/ming/Downloads/android studio/android-studio/gradle/gradle-2.14.1/lib/jna-3.2.7.jar
7fe5f4051000-7fe5f4053000 r--s 00009000 08:01 5245808                    /home/ming/Downloads/android studio/android-studio/gradle/gradle-2.14.1/lib/gradle-native-2.14.1.jar
7fe5f4053000-7fe5f4062000 r--s 00080000 08:01 5245794                    /home/ming/Downloads/android studio/android-studio/gradle/gradle-2.14.1/lib/gradle-model-core-2.14.1.jar
7fe5f4062000-7fe5f40d1000 r--s 0063e000 08:01 5245931                    /home/ming/Downloads/android studio/android-studio/gradle/gradle-2.14.1/lib/groovy-all-2.4.4.jar
7fe5f40d1000-7fe5f40f9000 r--s 001cf000 08:01 5245782                    /home/ming/Downloads/android studio/android-studio/gradle/gradle-2.14.1/lib/guava-jdk5-17.0.jar
7fe5f40f9000-7fe5f5000000 rw-p 00000000 00:00 0 
7fe5f5000000-7fe5f5a50000 rwxp 00000000 00:00 0 
7fe5f5a50000-7fe604000000 ---p 00000000 00:00 0 
7fe604000000-7fe604c48000 rw-p 00000000 00:00 0 
7fe604c48000-7fe608000000 ---p 00000000 00:00 0 
7fe608000000-7fe608002000 r--s 00005000 08:01 5245809                    /home/ming/Downloads/android studio/android-studio/gradle/gradle-2.14.1/lib/gradle-cli-2.14.1.jar
7fe608002000-7fe608004000 r--s 00007000 08:01 5245778                    /home/ming/Downloads/android studio/android-studio/gradle/gradle-2.14.1/lib/gradle-model-groovy-2.14.1.jar
7fe608004000-7fe608005000 r--s 00006000 08:01 5245793                    /home/ming/Downloads/android studio/android-studio/gradle/gradle-2.14.1/lib/gradle-base-services-groovy-2.14.1.jar
7fe608005000-7fe608006000 r--s 00002000 08:01 5245786                    /home/ming/Downloads/android studio/android-studio/gradle/gradle-2.14.1/lib/gradle-docs-2.14.1.jar
7fe608006000-7fe608007000 r--s 00000000 08:01 5245930                    /home/ming/Downloads/android studio/android-studio/gradle/gradle-2.14.1/lib/javax.inject-1.jar
7fe608007000-7fe60800b000 r--s 00027000 08:01 5245800                    /home/ming/Downloads/android studio/android-studio/gradle/gradle-2.14.1/lib/commons-io-2.2.jar
7fe60800b000-7fe608018000 r--s 00083000 08:01 5245929                    /home/ming/Downloads/android studio/android-studio/gradle/gradle-2.14.1/lib/commons-collections-3.2.2.jar
7fe608018000-7fe60801d000 r--s 00038000 08:01 5245790                    /home/ming/Downloads/android studio/android-studio/gradle/gradle-2.14.1/lib/asm-all-5.1.jar
7fe60801d000-7fe60803c000 r--s 001d1000 08:01 5245780                    /home/ming/Downloads/android studio/android-studio/gradle/gradle-2.14.1/lib/ant-1.9.6.jar
7fe60803c000-7fe608044000 r--s 0003a000 08:01 5245791                    /home/ming/Downloads/android studio/android-studio/gradle/gradle-2.14.1/lib/gradle-base-services-2.14.1.jar
7fe608044000-7fe60807b000 r--s 001bd000 08:01 5245783                    /home/ming/Downloads/android studio/android-studio/gradle/gradle-2.14.1/lib/gradle-core-2.14.1.jar
7fe60807b000-7fe60832f000 rw-p 00000000 00:00 0 
7fe60832f000-7fe608508000 r--s 03d29000 08:01 4592778                    /usr/lib/jvm/java-8-oracle/jre/lib/rt.jar
7fe608508000-7fe60877e000 rw-p 00000000 00:00 0 
7fe60877e000-7fe60877f000 ---p 00000000 00:00 0 
7fe60877f000-7fe60887f000 rw-p 00000000 00:00 0 
7fe60887f000-7fe608880000 ---p 00000000 00:00 0 
7fe608880000-7fe608980000 rw-p 00000000 00:00 0 
7fe608980000-7fe608981000 ---p 00000000 00:00 0 
7fe608981000-7fe608a81000 rw-p 00000000 00:00 0 
7fe608a81000-7fe608a82000 ---p 00000000 00:00 0 
7fe608a82000-7fe608ba3000 rw-p 00000000 00:00 0 
7fe608ba3000-7fe608cd8000 ---p 00000000 00:00 0 
7fe608cd8000-7fe608cf9000 rw-p 00000000 00:00 0 
7fe608cf9000-7fe608e2d000 ---p 00000000 00:00 0 
7fe608e2d000-7fe608e61000 rw-p 00000000 00:00 0 
7fe608e61000-7fe608ed8000 ---p 00000000 00:00 0 
7fe608ed8000-7fe608f03000 rw-p 00000000 00:00 0 
7fe608f03000-7fe609299000 ---p 00000000 00:00 0 
7fe609299000-7fe6092b3000 r-xp 00000000 08:01 4592807                    /usr/lib/jvm/java-8-oracle/jre/lib/amd64/libzip.so
7fe6092b3000-7fe6094b3000 ---p 0001a000 08:01 4592807                    /usr/lib/jvm/java-8-oracle/jre/lib/amd64/libzip.so
7fe6094b3000-7fe6094b4000 rw-p 0001a000 08:01 4592807                    /usr/lib/jvm/java-8-oracle/jre/lib/amd64/libzip.so
7fe6094b4000-7fe6094bf000 r-xp 00000000 08:01 1839588                    /lib/x86_64-linux-gnu/libnss_files-2.23.so
7fe6094bf000-7fe6096be000 ---p 0000b000 08:01 1839588                    /lib/x86_64-linux-gnu/libnss_files-2.23.so
7fe6096be000-7fe6096bf000 r--p 0000a000 08:01 1839588                    /lib/x86_64-linux-gnu/libnss_files-2.23.so
7fe6096bf000-7fe6096c0000 rw-p 0000b000 08:01 1839588                    /lib/x86_64-linux-gnu/libnss_files-2.23.so
7fe6096c0000-7fe6096c6000 rw-p 00000000 00:00 0 
7fe6096c6000-7fe6096d1000 r-xp 00000000 08:01 1839598                    /lib/x86_64-linux-gnu/libnss_nis-2.23.so
7fe6096d1000-7fe6098d0000 ---p 0000b000 08:01 1839598                    /lib/x86_64-linux-gnu/libnss_nis-2.23.so
7fe6098d0000-7fe6098d1000 r--p 0000a000 08:01 1839598                    /lib/x86_64-linux-gnu/libnss_nis-2.23.so
7fe6098d1000-7fe6098d2000 rw-p 0000b000 08:01 1839598                    /lib/x86_64-linux-gnu/libnss_nis-2.23.so
7fe6098d2000-7fe6098e8000 r-xp 00000000 08:01 1839582                    /lib/x86_64-linux-gnu/libnsl-2.23.so
7fe6098e8000-7fe609ae7000 ---p 00016000 08:01 1839582                    /lib/x86_64-linux-gnu/libnsl-2.23.so
7fe609ae7000-7fe609ae8000 r--p 00015000 08:01 1839582                    /lib/x86_64-linux-gnu/libnsl-2.23.so
7fe609ae8000-7fe609ae9000 rw-p 00016000 08:01 1839582                    /lib/x86_64-linux-gnu/libnsl-2.23.so
7fe609ae9000-7fe609aeb000 rw-p 00000000 00:00 0 
7fe609aeb000-7fe609af3000 r-xp 00000000 08:01 1839584                    /lib/x86_64-linux-gnu/libnss_compat-2.23.so
7fe609af3000-7fe609cf2000 ---p 00008000 08:01 1839584                    /lib/x86_64-linux-gnu/libnss_compat-2.23.so
7fe609cf2000-7fe609cf3000 r--p 00007000 08:01 1839584                    /lib/x86_64-linux-gnu/libnss_compat-2.23.so
7fe609cf3000-7fe609cf4000 rw-p 00008000 08:01 1839584                    /lib/x86_64-linux-gnu/libnss_compat-2.23.so
7fe609cf4000-7fe609d1e000 r-xp 00000000 08:01 4592831                    /usr/lib/jvm/java-8-oracle/jre/lib/amd64/libjava.so
7fe609d1e000-7fe609f1e000 ---p 0002a000 08:01 4592831                    /usr/lib/jvm/java-8-oracle/jre/lib/amd64/libjava.so
7fe609f1e000-7fe609f20000 rw-p 0002a000 08:01 4592831                    /usr/lib/jvm/java-8-oracle/jre/lib/amd64/libjava.so
7fe609f20000-7fe609f2d000 r-xp 00000000 08:01 4592787                    /usr/lib/jvm/java-8-oracle/jre/lib/amd64/libverify.so
7fe609f2d000-7fe60a12d000 ---p 0000d000 08:01 4592787                    /usr/lib/jvm/java-8-oracle/jre/lib/amd64/libverify.so
7fe60a12d000-7fe60a12f000 rw-p 0000d000 08:01 4592787                    /usr/lib/jvm/java-8-oracle/jre/lib/amd64/libverify.so
7fe60a12f000-7fe60a136000 r-xp 00000000 08:01 1839643                    /lib/x86_64-linux-gnu/librt-2.23.so
7fe60a136000-7fe60a335000 ---p 00007000 08:01 1839643                    /lib/x86_64-linux-gnu/librt-2.23.so
7fe60a335000-7fe60a336000 r--p 00006000 08:01 1839643                    /lib/x86_64-linux-gnu/librt-2.23.so
7fe60a336000-7fe60a337000 rw-p 00007000 08:01 1839643                    /lib/x86_64-linux-gnu/librt-2.23.so
7fe60a337000-7fe60a43f000 r-xp 00000000 08:01 1839559                    /lib/x86_64-linux-gnu/libm-2.23.so
7fe60a43f000-7fe60a63e000 ---p 00108000 08:01 1839559                    /lib/x86_64-linux-gnu/libm-2.23.so
7fe60a63e000-7fe60a63f000 r--p 00107000 08:01 1839559                    /lib/x86_64-linux-gnu/libm-2.23.so
7fe60a63f000-7fe60a640000 rw-p 00108000 08:01 1839559                    /lib/x86_64-linux-gnu/libm-2.23.so
7fe60a640000-7fe60b30b000 r-xp 00000000 08:01 4719822                    /usr/lib/jvm/java-8-oracle/jre/lib/amd64/server/libjvm.so
7fe60b30b000-7fe60b50a000 ---p 00ccb000 08:01 4719822                    /usr/lib/jvm/java-8-oracle/jre/lib/amd64/server/libjvm.so
7fe60b50a000-7fe60b5e3000 rw-p 00cca000 08:01 4719822                    /usr/lib/jvm/java-8-oracle/jre/lib/amd64/server/libjvm.so
7fe60b5e3000-7fe60b62e000 rw-p 00000000 00:00 0 
7fe60b62e000-7fe60b7ee000 r-xp 00000000 08:01 1839489                    /lib/x86_64-linux-gnu/libc-2.23.so
7fe60b7ee000-7fe60b9ed000 ---p 001c0000 08:01 1839489                    /lib/x86_64-linux-gnu/libc-2.23.so
7fe60b9ed000-7fe60b9f1000 r--p 001bf000 08:01 1839489                    /lib/x86_64-linux-gnu/libc-2.23.so
7fe60b9f1000-7fe60b9f3000 rw-p 001c3000 08:01 1839489                    /lib/x86_64-linux-gnu/libc-2.23.so
7fe60b9f3000-7fe60b9f7000 rw-p 00000000 00:00 0 
7fe60b9f7000-7fe60b9fa000 r-xp 00000000 08:01 1839513                    /lib/x86_64-linux-gnu/libdl-2.23.so
7fe60b9fa000-7fe60bbf9000 ---p 00003000 08:01 1839513                    /lib/x86_64-linux-gnu/libdl-2.23.so
7fe60bbf9000-7fe60bbfa000 r--p 00002000 08:01 1839513                    /lib/x86_64-linux-gnu/libdl-2.23.so
7fe60bbfa000-7fe60bbfb000 rw-p 00003000 08:01 1839513                    /lib/x86_64-linux-gnu/libdl-2.23.so
7fe60bbfb000-7fe60bc10000 r-xp 00000000 08:01 4461942                    /usr/lib/jvm/java-8-oracle/lib/amd64/jli/libjli.so
7fe60bc10000-7fe60be10000 ---p 00015000 08:01 4461942                    /usr/lib/jvm/java-8-oracle/lib/amd64/jli/libjli.so
7fe60be10000-7fe60be11000 rw-p 00015000 08:01 4461942                    /usr/lib/jvm/java-8-oracle/lib/amd64/jli/libjli.so
7fe60be11000-7fe60be29000 r-xp 00000000 08:01 1839635                    /lib/x86_64-linux-gnu/libpthread-2.23.so
7fe60be29000-7fe60c028000 ---p 00018000 08:01 1839635                    /lib/x86_64-linux-gnu/libpthread-2.23.so
7fe60c028000-7fe60c029000 r--p 00017000 08:01 1839635                    /lib/x86_64-linux-gnu/libpthread-2.23.so
7fe60c029000-7fe60c02a000 rw-p 00018000 08:01 1839635                    /lib/x86_64-linux-gnu/libpthread-2.23.so
7fe60c02a000-7fe60c02e000 rw-p 00000000 00:00 0 
7fe60c02e000-7fe60c054000 r-xp 00000000 08:01 1839461                    /lib/x86_64-linux-gnu/ld-2.23.so
7fe60c054000-7fe60c055000 r--s 00000000 08:01 5245784                    /home/ming/Downloads/android studio/android-studio/gradle/gradle-2.14.1/lib/jcip-annotations-1.0.jar
7fe60c055000-7fe60c05a000 r--s 00041000 08:01 5245792                    /home/ming/Downloads/android studio/android-studio/gradle/gradle-2.14.1/lib/commons-lang-2.6.jar
7fe60c05a000-7fe60c133000 rw-p 00000000 00:00 0 
7fe60c133000-7fe60c136000 ---p 00000000 00:00 0 
7fe60c136000-7fe60c238000 rw-p 00000000 00:00 0 
7fe60c238000-7fe60c239000 r--s 00001000 08:01 5245805                    /home/ming/Downloads/android studio/android-studio/gradle/gradle-2.14.1/lib/gradle-process-services-2.14.1.jar
7fe60c239000-7fe60c23a000 r--s 00000000 08:01 5245767                    /home/ming/Downloads/android studio/android-studio/gradle/gradle-2.14.1/lib/gradle-jvm-services-2.14.1.jar
7fe60c23a000-7fe60c23b000 r--s 00007000 08:01 5245777                    /home/ming/Downloads/android studio/android-studio/gradle/gradle-2.14.1/lib/slf4j-api-1.7.10.jar
7fe60c23b000-7fe60c23c000 r--s 00004000 08:01 5245795                    /home/ming/Downloads/android studio/android-studio/gradle/gradle-2.14.1/lib/ant-launcher-1.9.6.jar
7fe60c23c000-7fe60c247000 r--s 00051000 08:01 5245787                    /home/ming/Downloads/android studio/android-studio/gradle/gradle-2.14.1/lib/gradle-launcher-2.14.1.jar
7fe60c247000-7fe60c24f000 rw-s 00000000 08:01 14680210                   /tmp/hsperfdata_ming/4780
7fe60c24f000-7fe60c250000 rw-p 00000000 00:00 0 
7fe60c250000-7fe60c251000 r--p 00000000 00:00 0 
7fe60c251000-7fe60c253000 rw-p 00000000 00:00 0 
7fe60c253000-7fe60c254000 r--p 00025000 08:01 1839461                    /lib/x86_64-linux-gnu/ld-2.23.so
7fe60c254000-7fe60c255000 rw-p 00026000 08:01 1839461                    /lib/x86_64-linux-gnu/ld-2.23.so
7fe60c255000-7fe60c256000 rw-p 00000000 00:00 0 
7ffc72a18000-7ffc72a39000 rw-p 00000000 00:00 0                          [stack]
7ffc72a73000-7ffc72a75000 r--p 00000000 00:00 0                          [vvar]
7ffc72a75000-7ffc72a77000 r-xp 00000000 00:00 0                          [vdso]
ffffffffff600000-ffffffffff601000 r-xp 00000000 00:00 0                  [vsyscall]

VM Arguments:
jvm_args: -XX:MaxPermSize=256m -XX:+HeapDumpOnOutOfMemoryError -Xmx1024m -Dfile.encoding=UTF-8 -Duser.country=IN -Duser.language=en -Duser.variant 
java_command: org.gradle.launcher.daemon.bootstrap.GradleDaemon 2.14.1
java_class_path (initial): /home/ming/Downloads/android studio/android-studio/gradle/gradle-2.14.1/lib/gradle-launcher-2.14.1.jar
Launcher Type: SUN_STANDARD

Environment Variables:
JAVA_HOME=/usr/lib/jvm/java-8-openjdk-amd64
PATH=/home/ming/bin:/home/ming/.local/bin:/usr/local/sbin:/usr/local/bin:/usr/sbin:/usr/bin:/sbin:/bin:/usr/games:/usr/local/games:/snap/bin
SHELL=/bin/bash
DISPLAY=:0

Signal Handlers:
SIGSEGV: [libjvm.so+0xac4790], sa_mask[0]=11111111011111111101111111111110, sa_flags=SA_RESTART|SA_SIGINFO
SIGBUS: [libjvm.so+0xac4790], sa_mask[0]=11111111011111111101111111111110, sa_flags=SA_RESTART|SA_SIGINFO
SIGFPE: [libjvm.so+0x91f140], sa_mask[0]=11111111011111111101111111111110, sa_flags=SA_RESTART|SA_SIGINFO
SIGPIPE: [libjvm.so+0x91f140], sa_mask[0]=11111111011111111101111111111110, sa_flags=SA_RESTART|SA_SIGINFO
SIGXFSZ: [libjvm.so+0x91f140], sa_mask[0]=11111111011111111101111111111110, sa_flags=SA_RESTART|SA_SIGINFO
SIGILL: [libjvm.so+0x91f140], sa_mask[0]=11111111011111111101111111111110, sa_flags=SA_RESTART|SA_SIGINFO
SIGUSR1: SIG_DFL, sa_mask[0]=00000000000000000000000000000000, sa_flags=none
SIGUSR2: [libjvm.so+0x920770], sa_mask[0]=00100000000000000000000000000000, sa_flags=SA_RESTART|SA_SIGINFO
SIGHUP: [libjvm.so+0x921b70], sa_mask[0]=11111111011111111101111111111110, sa_flags=SA_RESTART|SA_SIGINFO
SIGINT: [libjvm.so+0x921b70], sa_mask[0]=11111111011111111101111111111110, sa_flags=SA_RESTART|SA_SIGINFO
SIGTERM: [libjvm.so+0x921b70], sa_mask[0]=11111111011111111101111111111110, sa_flags=SA_RESTART|SA_SIGINFO
SIGQUIT: [libjvm.so+0x921b70], sa_mask[0]=11111111011111111101111111111110, sa_flags=SA_RESTART|SA_SIGINFO


---------------  S Y S T E M  ---------------

OS:DISTRIB_ID=Ubuntu
DISTRIB_RELEASE=16.04
DISTRIB_CODENAME=xenial
DISTRIB_DESCRIPTION="Ubuntu 16.04.1 LTS"

uname:Linux 4.4.0-38-generic #57-Ubuntu SMP Tue Sep 6 15:42:33 UTC 2016 x86_64
libc:glibc 2.23 NPTL 2.23 
rlimit: STACK 8192k, CORE 0k, NPROC 31278, NOFILE 65536, AS infinity
load average:1.58 2.94 2.24

/proc/meminfo:
MemTotal:        8047424 kB
MemFree:         3409716 kB
MemAvailable:    5164132 kB
Buffers:          138520 kB
Cached:          1972776 kB
SwapCached:            0 kB
Active:          3172760 kB
Inactive:        1187224 kB
Active(anon):    2251592 kB
Inactive(anon):   190000 kB
Active(file):     921168 kB
Inactive(file):   997224 kB
Unevictable:         200 kB
Mlocked:             200 kB
SwapTotal:             0 kB
SwapFree:              0 kB
Dirty:               660 kB
Writeback:             0 kB
AnonPages:       2249044 kB
Mapped:           399780 kB
Shmem:            192908 kB
Slab:             159072 kB
SReclaimable:     119036 kB
SUnreclaim:        40036 kB
KernelStack:       10048 kB
PageTables:        37868 kB
NFS_Unstable:          0 kB
Bounce:                0 kB
WritebackTmp:          0 kB
CommitLimit:     4023712 kB
Committed_AS:    6153832 kB
VmallocTotal:   34359738367 kB
VmallocUsed:           0 kB
VmallocChunk:          0 kB
HardwareCorrupted:     0 kB
AnonHugePages:    815104 kB
CmaTotal:              0 kB
CmaFree:               0 kB
HugePages_Total:       0
HugePages_Free:        0
HugePages_Rsvd:        0
HugePages_Surp:        0
Hugepagesize:       2048 kB
DirectMap4k:      143100 kB
DirectMap2M:     8118272 kB


CPU:total 4 (2 cores per cpu, 2 threads per core) family 6 model 58 stepping 9, cmov, cx8, fxsr, mmx, sse, sse2, sse3, ssse3, sse4.1, sse4.2, popcnt, avx, aes, clmul, erms, ht, tsc, tscinvbit, tscinv

/proc/cpuinfo:
processor	: 0
vendor_id	: GenuineIntel
cpu family	: 6
model		: 58
model name	: Intel(R) Core(TM) i5-3337U CPU @ 1.80GHz
stepping	: 9
microcode	: 0x17
cpu MHz		: 2499.960
cache size	: 3072 KB
physical id	: 0
siblings	: 4
core id		: 0
cpu cores	: 2
apicid		: 0
initial apicid	: 0
fpu		: yes
fpu_exception	: yes
cpuid level	: 13
wp		: yes
flags		: fpu vme de pse tsc msr pae mce cx8 apic sep mtrr pge mca cmov pat pse36 clflush dts acpi mmx fxsr sse sse2 ss ht tm pbe syscall nx rdtscp lm constant_tsc arch_perfmon pebs bts rep_good nopl xtopology nonstop_tsc aperfmperf eagerfpu pni pclmulqdq dtes64 monitor ds_cpl vmx est tm2 ssse3 cx16 xtpr pdcm pcid sse4_1 sse4_2 x2apic popcnt tsc_deadline_timer aes xsave avx f16c rdrand lahf_lm epb tpr_shadow vnmi flexpriority ept vpid fsgsbase smep erms xsaveopt dtherm ida arat pln pts
bugs		:
bogomips	: 3591.89
clflush size	: 64
cache_alignment	: 64
address sizes	: 36 bits physical, 48 bits virtual
power management:

processor	: 1
vendor_id	: GenuineIntel
cpu family	: 6
model		: 58
model name	: Intel(R) Core(TM) i5-3337U CPU @ 1.80GHz
stepping	: 9
microcode	: 0x17
cpu MHz		: 2499.960
cache size	: 3072 KB
physical id	: 0
siblings	: 4
core id		: 0
cpu cores	: 2
apicid		: 1
initial apicid	: 1
fpu		: yes
fpu_exception	: yes
cpuid level	: 13
wp		: yes
flags		: fpu vme de pse tsc msr pae mce cx8 apic sep mtrr pge mca cmov pat pse36 clflush dts acpi mmx fxsr sse sse2 ss ht tm pbe syscall nx rdtscp lm constant_tsc arch_perfmon pebs bts rep_good nopl xtopology nonstop_tsc aperfmperf eagerfpu pni pclmulqdq dtes64 monitor ds_cpl vmx est tm2 ssse3 cx16 xtpr pdcm pcid sse4_1 sse4_2 x2apic popcnt tsc_deadline_timer aes xsave avx f16c rdrand lahf_lm epb tpr_shadow vnmi flexpriority ept vpid fsgsbase smep erms xsaveopt dtherm ida arat pln pts
bugs		:
bogomips	: 3591.89
clflush size	: 64
cache_alignment	: 64
address sizes	: 36 bits physical, 48 bits virtual
power management:

processor	: 2
vendor_id	: GenuineIntel
cpu family	: 6
model		: 58
model name	: Intel(R) Core(TM) i5-3337U CPU @ 1.80GHz
stepping	: 9
microcode	: 0x17
cpu MHz		: 2499.960
cache size	: 3072 KB
physical id	: 0
siblings	: 4
core id		: 1
cpu cores	: 2
apicid		: 2
initial apicid	: 2
fpu		: yes
fpu_exception	: yes
cpuid level	: 13
wp		: yes
flags		: fpu vme de pse tsc msr pae mce cx8 apic sep mtrr pge mca cmov pat pse36 clflush dts acpi mmx fxsr sse sse2 ss ht tm pbe syscall nx rdtscp lm constant_tsc arch_perfmon pebs bts rep_good nopl xtopology nonstop_tsc aperfmperf eagerfpu pni pclmulqdq dtes64 monitor ds_cpl vmx est tm2 ssse3 cx16 xtpr pdcm pcid sse4_1 sse4_2 x2apic popcnt tsc_deadline_timer aes xsave avx f16c rdrand lahf_lm epb tpr_shadow vnmi flexpriority ept vpid fsgsbase smep erms xsaveopt dtherm ida arat pln pts
bugs		:
bogomips	: 3591.89
clflush size	: 64
cache_alignment	: 64
address sizes	: 36 bits physical, 48 bits virtual
power management:

processor	: 3
vendor_id	: GenuineIntel
cpu family	: 6
model		: 58
model name	: Intel(R) Core(TM) i5-3337U CPU @ 1.80GHz
stepping	: 9
microcode	: 0x17
cpu MHz		: 2499.960
cache size	: 3072 KB
physical id	: 0
siblings	: 4
core id		: 1
cpu cores	: 2
apicid		: 3
initial apicid	: 3
fpu		: yes
fpu_exception	: yes
cpuid level	: 13
wp		: yes
flags		: fpu vme de pse tsc msr pae mce cx8 apic sep mtrr pge mca cmov pat pse36 clflush dts acpi mmx fxsr sse sse2 ss ht tm pbe syscall nx rdtscp lm constant_tsc arch_perfmon pebs bts rep_good nopl xtopology nonstop_tsc aperfmperf eagerfpu pni pclmulqdq dtes64 monitor ds_cpl vmx est tm2 ssse3 cx16 xtpr pdcm pcid sse4_1 sse4_2 x2apic popcnt tsc_deadline_timer aes xsave avx f16c rdrand lahf_lm epb tpr_shadow vnmi flexpriority ept vpid fsgsbase smep erms xsaveopt dtherm ida arat pln pts
bugs		:
bogomips	: 3591.89
clflush size	: 64
cache_alignment	: 64
address sizes	: 36 bits physical, 48 bits virtual
power management:



Memory: 4k page, physical 8047424k(3409716k free), swap 0k(0k free)

vm_info: Java HotSpot(TM) 64-Bit Server VM (25.101-b13) for linux-amd64 JRE (1.8.0_101-b13), built on Jun 22 2016 02:59:44 by "java_re" with gcc 4.3.0 20080428 (Red Hat 4.3.0-8)

time: Wed Sep 28 17:35:34 2016
elapsed time: 5 seconds (0d 0h 0m 5s)

