#
# A fatal error has been detected by the Java Runtime Environment:
#
#  SIGSEGV (0xb) at pc=0x00007f58a20e1c2e, pid=4558, tid=0x00007f5867fff700
#
# JRE version: Java(TM) SE Runtime Environment (8.0_101-b13) (build 1.8.0_101-b13)
# Java VM: Java HotSpot(TM) 64-Bit Server VM (25.101-b13 mixed mode linux-amd64 compressed oops)
# Problematic frame:
# V  [libjvm.so+0x63ac2e]  IndexSetIterator::advance_and_next()+0x8e
#
# Failed to write core dump. Core dumps have been disabled. To enable core dumping, try "ulimit -c unlimited" before starting Java again
#
# If you would like to submit a bug report, please visit:
#   http://bugreport.java.com/bugreport/crash.jsp
#

---------------  T H R E A D  ---------------

Current thread (0x00007f589c0bb000):  JavaThread "C2 CompilerThread1" daemon [_thread_in_native, id=4572, stack(0x00007f5867eff000,0x00007f5868000000)]

siginfo: si_signo: 11 (SIGSEGV), si_code: 1 (SEGV_MAPERR), si_addr: 0x00007f58b2a5a760

Registers:
RAX=0x00007f58b2a5a760, RBX=0x0000000000000006, RCX=0x00007f58a2a5a760, RDX=0x0000000000000045
RSP=0x00007f5867ffb2b0, RBP=0x00007f5867ffb2e0, RSI=0x000000000000001c, RDI=0x00007f5867ffb320
R8 =0x0000000000000009, R9 =0x0000000000000000, R10=0x0000000000000000, R11=0x0000000000000000
R12=0x000000000000001d, R13=0x00007f5867ffb320, R14=0x00007f5867ffb5b0, R15=0x000000000000001d
RIP=0x00007f58a20e1c2e, EFLAGS=0x0000000000010206, CSGSFS=0x0000000000000033, ERR=0x0000000000000004
  TRAPNO=0x000000000000000e

Top of Stack: (sp=0x00007f5867ffb2b0)
0x00007f5867ffb2b0:   00007f585d83d740 0000000000000006
0x00007f5867ffb2c0:   00007f585dc5e480 0000000000001000
0x00007f5867ffb2d0:   00007f5867ffb5b0 00000000ffffefff
0x00007f5867ffb2e0:   00007f5867ffb390 00007f58a20dbca0
0x00007f5867ffb2f0:   00007f5867ffb320 0000000000269f80
0x00007f5867ffb300:   00000000000001ee 00007f5800000002
0x00007f5867ffb310:   0000000000003489 00000000000001e8
0x00007f5867ffb320:   0000089900000000 00007f5800000005
0x00007f5867ffb330:   00007f58b2a5a760 00007f5800000009
0x00007f5867ffb340:   00007f585d2e42c0 00007f5800000045
0x00007f5867ffb350:   00007f5864c4efa0 00007f5864c0dd20
0x00007f5867ffb360:   00007f5864c8ac80 00007f5867ffb3a0
0x00007f5867ffb370:   00007f5867ffccf0 00000000000000a0
0x00007f5867ffb380:   00007f5867ffcdd8 00007f5867ffcde0
0x00007f5867ffb390:   00007f5867ffb440 00007f58a1eb1997
0x00007f5867ffb3a0:   000024d400000000 00007f5800000008
0x00007f5867ffb3b0:   00007f585d6cc900 00007f5800000045
0x00007f5867ffb3c0:   00007f585d2e44e8 00007f5800000045
0x00007f5867ffb3d0:   00007f5864c4f040 00007f5834535c68
0x00007f5867ffb3e0:   00007f5867ffb420 00007f58a1f1e93a
0x00007f5867ffb3f0:   00007f585d1f55e0 0000000000000895
0x00007f5867ffb400:   00007f5867ffb490 00000000000000a0
0x00007f5867ffb410:   0000000400000006 00007f585dc8b738
0x00007f5867ffb420:   00000000000044bf 00007f585dc8b738
0x00007f5867ffb430:   00000000000044c0 00000000000000a0
0x00007f5867ffb440:   00007f5867ffb6b0 00007f58a1eb5f1c
0x00007f5867ffb450:   0000000000000000 00007f5867ffb5f0
0x00007f5867ffb460:   00007f5867ffb5b0 00007f5867ffb490
0x00007f5867ffb470:   00007f5867ffb550 00007f5867ffb620
0x00007f5867ffb480:   00007f5867ffccf0 0000000a00000895
0x00007f5867ffb490:   00007f58a29f86f0 000000000000000d
0x00007f5867ffb4a0:   00007f5867ffdb80 00007f5867ffccf0 

Instructions: (pc=0x00007f58a20e1c2e)
0x00007f58a20e1c0e:   00 49 8b 45 20 45 89 fc 48 8d 0d 43 8b 97 00 4a
0x00007f58a20e1c1e:   8b 04 e0 48 39 c8 0f 84 d5 00 00 00 49 89 45 10
0x00007f58a20e1c2e:   44 8b 08 45 85 c9 0f 85 67 01 00 00 44 8b 40 04
0x00007f58a20e1c3e:   45 85 c0 0f 85 b9 01 00 00 8b 78 08 85 ff 0f 85 

Register to memory mapping:

RAX=0x00007f58b2a5a760 is an unknown value
RBX=0x0000000000000006 is an unknown value
RCX=0x00007f58a2a5a760: <offset 0xfb3760> in /usr/lib/jvm/java-8-oracle/jre/lib/amd64/server/libjvm.so at 0x00007f58a1aa7000
RDX=0x0000000000000045 is an unknown value
RSP=0x00007f5867ffb2b0 is pointing into the stack for thread: 0x00007f589c0bb000
RBP=0x00007f5867ffb2e0 is pointing into the stack for thread: 0x00007f589c0bb000
RSI=0x000000000000001c is an unknown value
RDI=0x00007f5867ffb320 is pointing into the stack for thread: 0x00007f589c0bb000
R8 =0x0000000000000009 is an unknown value
R9 =0x0000000000000000 is an unknown value
R10=0x0000000000000000 is an unknown value
R11=0x0000000000000000 is an unknown value
R12=0x000000000000001d is an unknown value
R13=0x00007f5867ffb320 is pointing into the stack for thread: 0x00007f589c0bb000
R14=0x00007f5867ffb5b0 is pointing into the stack for thread: 0x00007f589c0bb000
R15=0x000000000000001d is an unknown value


Stack: [0x00007f5867eff000,0x00007f5868000000],  sp=0x00007f5867ffb2b0,  free space=1008k
Native frames: (J=compiled Java code, j=interpreted, Vv=VM code, C=native code)
V  [libjvm.so+0x63ac2e]  IndexSetIterator::advance_and_next()+0x8e
V  [libjvm.so+0x634ca0]  PhaseIFG::remove_node(unsigned int)+0x180
V  [libjvm.so+0x40a997]  PhaseChaitin::Simplify()+0x97
V  [libjvm.so+0x40ef1c]  PhaseChaitin::Register_Allocate()+0x10cc
V  [libjvm.so+0x4a28e0]  Compile::Code_Gen()+0x260
V  [libjvm.so+0x4a6933]  Compile::Compile(ciEnv*, C2Compiler*, ciMethod*, int, bool, bool, bool)+0x14b3
V  [libjvm.so+0x3f20a8]  C2Compiler::compile_method(ciEnv*, ciMethod*, int)+0x198
V  [libjvm.so+0x4af61a]  CompileBroker::invoke_compiler_on_method(CompileTask*)+0xc9a
V  [libjvm.so+0x4b05c6]  CompileBroker::compiler_thread_loop()+0x5d6
V  [libjvm.so+0xa7343f]  JavaThread::thread_main_inner()+0xdf
V  [libjvm.so+0xa7356c]  JavaThread::run()+0x11c
V  [libjvm.so+0x924698]  java_start(Thread*)+0x108
C  [libpthread.so.0+0x76fa]  start_thread+0xca


Current CompileTask:
C2:   2621 1446   !   4       java.net.URLClassLoader$1::run (63 bytes)


---------------  P R O C E S S  ---------------

Java Threads: ( => current thread )
  0x00007f5834005800 JavaThread "Stdin handler" [_thread_blocked, id=4585, stack(0x00007f5865e21000,0x00007f5865f22000)]
  0x00007f583400e800 JavaThread "Asynchronous log dispatcher for org.gradle.launcher.daemon.server.DefaultDaemonConnection@18c04187" [_thread_blocked, id=4584, stack(0x00007f5865f22000,0x00007f5866023000)]
  0x00007f5848007000 JavaThread "Daemon worker" [_thread_in_native, id=4581, stack(0x00007f5866023000,0x00007f5866124000)]
  0x00007f5848009000 JavaThread "Cancel handler" [_thread_blocked, id=4580, stack(0x00007f5866124000,0x00007f5866225000)]
  0x00007f5848003800 JavaThread "Handler for socket connection from /127.0.0.1:42326 to /127.0.0.1:41798" [_thread_in_native, id=4579, stack(0x00007f5866225000,0x00007f5866326000)]
  0x00007f5844013000 JavaThread "Daemon" [_thread_blocked, id=4578, stack(0x00007f5866326000,0x00007f5866427000)]
  0x00007f589cbbb800 JavaThread "Incoming local TCP Connector on port 42326" [_thread_in_native, id=4577, stack(0x00007f586662e000,0x00007f586672f000)]
  0x00007f589cb94800 JavaThread "pool-1-thread-1" [_thread_blocked, id=4576, stack(0x00007f586672f000,0x00007f5866830000)]
  0x00007f589c0d2000 JavaThread "Service Thread" daemon [_thread_blocked, id=4574, stack(0x00007f5867cfd000,0x00007f5867dfe000)]
  0x00007f589c0bd000 JavaThread "C1 CompilerThread2" daemon [_thread_blocked, id=4573, stack(0x00007f5867dfe000,0x00007f5867eff000)]
=>0x00007f589c0bb000 JavaThread "C2 CompilerThread1" daemon [_thread_in_native, id=4572, stack(0x00007f5867eff000,0x00007f5868000000)]
  0x00007f589c0b8000 JavaThread "C2 CompilerThread0" daemon [_thread_in_native, id=4571, stack(0x00007f5884054000,0x00007f5884155000)]
  0x00007f589c0b7000 JavaThread "Signal Dispatcher" daemon [_thread_blocked, id=4570, stack(0x00007f5884155000,0x00007f5884256000)]
  0x00007f589c084000 JavaThread "Finalizer" daemon [_thread_blocked, id=4569, stack(0x00007f5884c15000,0x00007f5884d16000)]
  0x00007f589c07f800 JavaThread "Reference Handler" daemon [_thread_blocked, id=4568, stack(0x00007f5884d16000,0x00007f5884e17000)]
  0x00007f589c00a000 JavaThread "main" [_thread_blocked, id=4562, stack(0x00007f58a359a000,0x00007f58a369b000)]

Other Threads:
  0x00007f589c077800 VMThread [stack: 0x00007f5884e17000,0x00007f5884f18000] [id=4567]
  0x00007f589c0e5000 WatcherThread [stack: 0x00007f5867bfc000,0x00007f5867cfd000] [id=4575]

VM state:not at safepoint (normal execution)

VM Mutex/Monitor currently owned by a thread: None

Heap:
 PSYoungGen      total 68608K, used 10576K [0x00000000eab00000, 0x00000000ef300000, 0x0000000100000000)
  eden space 63488K, 16% used [0x00000000eab00000,0x00000000eb5542a8,0x00000000ee900000)
  from space 5120K, 0% used [0x00000000eee00000,0x00000000eee00000,0x00000000ef300000)
  to   space 5120K, 0% used [0x00000000ee900000,0x00000000ee900000,0x00000000eee00000)
 ParOldGen       total 67072K, used 8941K [0x00000000c0000000, 0x00000000c4180000, 0x00000000eab00000)
  object space 67072K, 13% used [0x00000000c0000000,0x00000000c08bb650,0x00000000c4180000)
 Metaspace       used 21459K, capacity 21826K, committed 22016K, reserved 1069056K
  class space    used 2927K, capacity 3045K, committed 3072K, reserved 1048576K

Card table byte_map: [0x00007f58a013f000,0x00007f58a0340000] byte_map_base: 0x00007f589fb3f000

Marking Bits: (ParMarkBitMap*) 0x00007f58a2a68120
 Begin Bits: [0x00007f5886000000, 0x00007f5887000000)
 End Bits:   [0x00007f5887000000, 0x00007f5888000000)

Polling page: 0x00007f58a36b7000

CodeCache: size=245760Kb used=6553Kb max_used=6553Kb free=239206Kb
 bounds [0x00007f588d000000, 0x00007f588d670000, 0x00007f589c000000]
 total_blobs=2363 nmethods=1751 adapters=525
 compilation: enabled

Compilation events (10 events):
Event: 2.593 Thread 0x00007f589c0bd000 1765       2       java.io.UnixFileSystem::parentOrNull (118 bytes)
Event: 2.594 Thread 0x00007f589c0bd000 nmethod 1765 0x00007f588d6667d0 code [0x00007f588d666980, 0x00007f588d666d88]
Event: 2.609 Thread 0x00007f589c0bd000 1767       1       java.util.Hashtable$Entry::getValue (5 bytes)
Event: 2.609 Thread 0x00007f589c0bd000 nmethod 1767 0x00007f588d667490 code [0x00007f588d6675e0, 0x00007f588d6676f0]
Event: 2.609 Thread 0x00007f589c0bd000 1768       2       java.util.Hashtable$Enumerator::hasMoreElements (53 bytes)
Event: 2.609 Thread 0x00007f589c0bd000 nmethod 1768 0x00007f588d667750 code [0x00007f588d6678c0, 0x00007f588d667ad0]
Event: 2.609 Thread 0x00007f589c0bd000 1769       2       java.util.Hashtable$Enumerator::nextElement (111 bytes)
Event: 2.610 Thread 0x00007f589c0bd000 nmethod 1769 0x00007f588d667c10 code [0x00007f588d667da0, 0x00007f588d6680c8]
Event: 2.610 Thread 0x00007f589c0bd000 1770       2       java.io.File::<init> (113 bytes)
Event: 2.611 Thread 0x00007f589c0bd000 nmethod 1770 0x00007f588d6682d0 code [0x00007f588d6684c0, 0x00007f588d668978]

GC Heap History (10 events):
Event: 0.528 GC heap before
{Heap before GC invocations=1 (full 0):
 PSYoungGen      total 36864K, used 31744K [0x00000000eab00000, 0x00000000ed400000, 0x0000000100000000)
  eden space 31744K, 100% used [0x00000000eab00000,0x00000000eca00000,0x00000000eca00000)
  from space 5120K, 0% used [0x00000000ecf00000,0x00000000ecf00000,0x00000000ed400000)
  to   space 5120K, 0% used [0x00000000eca00000,0x00000000eca00000,0x00000000ecf00000)
 ParOldGen       total 84992K, used 0K [0x00000000c0000000, 0x00000000c5300000, 0x00000000eab00000)
  object space 84992K, 0% used [0x00000000c0000000,0x00000000c0000000,0x00000000c5300000)
 Metaspace       used 6070K, capacity 6352K, committed 6528K, reserved 1056768K
  class space    used 780K, capacity 864K, committed 896K, reserved 1048576K
Event: 0.533 GC heap after
Heap after GC invocations=1 (full 0):
 PSYoungGen      total 36864K, used 3934K [0x00000000eab00000, 0x00000000ed400000, 0x0000000100000000)
  eden space 31744K, 0% used [0x00000000eab00000,0x00000000eab00000,0x00000000eca00000)
  from space 5120K, 76% used [0x00000000eca00000,0x00000000ecdd7848,0x00000000ecf00000)
  to   space 5120K, 0% used [0x00000000ecf00000,0x00000000ecf00000,0x00000000ed400000)
 ParOldGen       total 84992K, used 8K [0x00000000c0000000, 0x00000000c5300000, 0x00000000eab00000)
  object space 84992K, 0% used [0x00000000c0000000,0x00000000c0002000,0x00000000c5300000)
 Metaspace       used 6070K, capacity 6352K, committed 6528K, reserved 1056768K
  class space    used 780K, capacity 864K, committed 896K, reserved 1048576K
}
Event: 1.083 GC heap before
{Heap before GC invocations=2 (full 0):
 PSYoungGen      total 36864K, used 35678K [0x00000000eab00000, 0x00000000ed400000, 0x0000000100000000)
  eden space 31744K, 100% used [0x00000000eab00000,0x00000000eca00000,0x00000000eca00000)
  from space 5120K, 76% used [0x00000000eca00000,0x00000000ecdd7848,0x00000000ecf00000)
  to   space 5120K, 0% used [0x00000000ecf00000,0x00000000ecf00000,0x00000000ed400000)
 ParOldGen       total 84992K, used 8K [0x00000000c0000000, 0x00000000c5300000, 0x00000000eab00000)
  object space 84992K, 0% used [0x00000000c0000000,0x00000000c0002000,0x00000000c5300000)
 Metaspace       used 11874K, capacity 12240K, committed 12288K, reserved 1060864K
  class space    used 1631K, capacity 1752K, committed 1792K, reserved 1048576K
Event: 1.091 GC heap after
Heap after GC invocations=2 (full 0):
 PSYoungGen      total 36864K, used 5118K [0x00000000eab00000, 0x00000000ef300000, 0x0000000100000000)
  eden space 31744K, 0% used [0x00000000eab00000,0x00000000eab00000,0x00000000eca00000)
  from space 5120K, 99% used [0x00000000ecf00000,0x00000000ed3ff830,0x00000000ed400000)
  to   space 5120K, 0% used [0x00000000eca00000,0x00000000eca00000,0x00000000ecf00000)
 ParOldGen       total 84992K, used 636K [0x00000000c0000000, 0x00000000c5300000, 0x00000000eab00000)
  object space 84992K, 0% used [0x00000000c0000000,0x00000000c009f388,0x00000000c5300000)
 Metaspace       used 11874K, capacity 12240K, committed 12288K, reserved 1060864K
  class space    used 1631K, capacity 1752K, committed 1792K, reserved 1048576K
}
Event: 1.754 GC heap before
{Heap before GC invocations=3 (full 0):
 PSYoungGen      total 36864K, used 36862K [0x00000000eab00000, 0x00000000ef300000, 0x0000000100000000)
  eden space 31744K, 100% used [0x00000000eab00000,0x00000000eca00000,0x00000000eca00000)
  from space 5120K, 99% used [0x00000000ecf00000,0x00000000ed3ff830,0x00000000ed400000)
  to   space 5120K, 0% used [0x00000000eca00000,0x00000000eca00000,0x00000000ecf00000)
 ParOldGen       total 84992K, used 636K [0x00000000c0000000, 0x00000000c5300000, 0x00000000eab00000)
  object space 84992K, 0% used [0x00000000c0000000,0x00000000c009f388,0x00000000c5300000)
 Metaspace       used 18092K, capacity 18454K, committed 18560K, reserved 1064960K
  class space    used 2479K, capacity 2586K, committed 2688K, reserved 1048576K
Event: 1.766 GC heap after
Heap after GC invocations=3 (full 0):
 PSYoungGen      total 36864K, used 5088K [0x00000000eab00000, 0x00000000ef300000, 0x0000000100000000)
  eden space 31744K, 0% used [0x00000000eab00000,0x00000000eab00000,0x00000000eca00000)
  from space 5120K, 99% used [0x00000000eca00000,0x00000000ecef8030,0x00000000ecf00000)
  to   space 5120K, 0% used [0x00000000eee00000,0x00000000eee00000,0x00000000ef300000)
 ParOldGen       total 84992K, used 4971K [0x00000000c0000000, 0x00000000c5300000, 0x00000000eab00000)
  object space 84992K, 5% used [0x00000000c0000000,0x00000000c04dae58,0x00000000c5300000)
 Metaspace       used 18092K, capacity 18454K, committed 18560K, reserved 1064960K
  class space    used 2479K, capacity 2586K, committed 2688K, reserved 1048576K
}
Event: 2.278 GC heap before
{Heap before GC invocations=4 (full 0):
 PSYoungGen      total 36864K, used 32264K [0x00000000eab00000, 0x00000000ef300000, 0x0000000100000000)
  eden space 31744K, 85% used [0x00000000eab00000,0x00000000ec58a1d0,0x00000000eca00000)
  from space 5120K, 99% used [0x00000000eca00000,0x00000000ecef8030,0x00000000ecf00000)
  to   space 5120K, 0% used [0x00000000eee00000,0x00000000eee00000,0x00000000ef300000)
 ParOldGen       total 84992K, used 4971K [0x00000000c0000000, 0x00000000c5300000, 0x00000000eab00000)
  object space 84992K, 5% used [0x00000000c0000000,0x00000000c04dae58,0x00000000c5300000)
 Metaspace       used 20888K, capacity 21256K, committed 21296K, reserved 1067008K
  class space    used 2829K, capacity 2943K, committed 2944K, reserved 1048576K
Event: 2.295 GC heap after
Heap after GC invocations=4 (full 0):
 PSYoungGen      total 68608K, used 5104K [0x00000000eab00000, 0x00000000ef300000, 0x0000000100000000)
  eden space 63488K, 0% used [0x00000000eab00000,0x00000000eab00000,0x00000000ee900000)
  from space 5120K, 99% used [0x00000000eee00000,0x00000000ef2fc020,0x00000000ef300000)
  to   space 5120K, 0% used [0x00000000ee900000,0x00000000ee900000,0x00000000eee00000)
 ParOldGen       total 84992K, used 8298K [0x00000000c0000000, 0x00000000c5300000, 0x00000000eab00000)
  object space 84992K, 9% used [0x00000000c0000000,0x00000000c081abe8,0x00000000c5300000)
 Metaspace       used 20888K, capacity 21256K, committed 21296K, reserved 1067008K
  class space    used 2829K, capacity 2943K, committed 2944K, reserved 1048576K
}
Event: 2.295 GC heap before
{Heap before GC invocations=5 (full 1):
 PSYoungGen      total 68608K, used 5104K [0x00000000eab00000, 0x00000000ef300000, 0x0000000100000000)
  eden space 63488K, 0% used [0x00000000eab00000,0x00000000eab00000,0x00000000ee900000)
  from space 5120K, 99% used [0x00000000eee00000,0x00000000ef2fc020,0x00000000ef300000)
  to   space 5120K, 0% used [0x00000000ee900000,0x00000000ee900000,0x00000000eee00000)
 ParOldGen       total 84992K, used 8298K [0x00000000c0000000, 0x00000000c5300000, 0x00000000eab00000)
  object space 84992K, 9% used [0x00000000c0000000,0x00000000c081abe8,0x00000000c5300000)
 Metaspace       used 20888K, capacity 21256K, committed 21296K, reserved 1067008K
  class space    used 2829K, capacity 2943K, committed 2944K, reserved 1048576K
Event: 2.376 GC heap after
Heap after GC invocations=5 (full 1):
 PSYoungGen      total 68608K, used 0K [0x00000000eab00000, 0x00000000ef300000, 0x0000000100000000)
  eden space 63488K, 0% used [0x00000000eab00000,0x00000000eab00000,0x00000000ee900000)
  from space 5120K, 0% used [0x00000000eee00000,0x00000000eee00000,0x00000000ef300000)
  to   space 5120K, 0% used [0x00000000ee900000,0x00000000ee900000,0x00000000eee00000)
 ParOldGen       total 67072K, used 8941K [0x00000000c0000000, 0x00000000c4180000, 0x00000000eab00000)
  object space 67072K, 13% used [0x00000000c0000000,0x00000000c08bb650,0x00000000c4180000)
 Metaspace       used 20888K, capacity 21256K, committed 21296K, reserved 1067008K
  class space    used 2829K, capacity 2943K, committed 2944K, reserved 1048576K
}

Deoptimization events (10 events):
Event: 1.797 Thread 0x00007f5848007000 Uncommon trap: reason=class_check action=maybe_recompile pc=0x00007f588d3dd594 method=sun.misc.URLClassPath.getLoader(I)Lsun/misc/URLClassPath$Loader; @ 193
Event: 1.811 Thread 0x00007f5848007000 Uncommon trap: reason=class_check action=maybe_recompile pc=0x00007f588d3dd594 method=sun.misc.URLClassPath.getLoader(I)Lsun/misc/URLClassPath$Loader; @ 193
Event: 2.063 Thread 0x00007f5848007000 Uncommon trap: reason=unstable_if action=reinterpret pc=0x00007f588d4939cc method=java.util.HashMap.hash(Ljava/lang/Object;)I @ 1
Event: 2.078 Thread 0x00007f5848007000 Uncommon trap: reason=unstable_if action=reinterpret pc=0x00007f588d417968 method=java.util.HashMap.hash(Ljava/lang/Object;)I @ 1
Event: 2.180 Thread 0x00007f5848007000 Uncommon trap: reason=unstable_if action=reinterpret pc=0x00007f588d480114 method=java.util.HashMap.getNode(ILjava/lang/Object;)Ljava/util/HashMap$Node; @ 53
Event: 2.208 Thread 0x00007f5848007000 Uncommon trap: reason=class_check action=maybe_recompile pc=0x00007f588d410a04 method=java.lang.reflect.Method.equals(Ljava/lang/Object;)Z @ 5
Event: 2.211 Thread 0x00007f5848007000 Uncommon trap: reason=class_check action=maybe_recompile pc=0x00007f588d410a04 method=java.lang.reflect.Method.equals(Ljava/lang/Object;)Z @ 5
Event: 2.397 Thread 0x00007f5848007000 Uncommon trap: reason=unstable_if action=reinterpret pc=0x00007f588d2d3cf4 method=java.util.LinkedHashMap.afterNodeInsertion(Z)V @ 1
Event: 2.446 Thread 0x00007f5848007000 Uncommon trap: reason=class_check action=maybe_recompile pc=0x00007f588d410a04 method=java.lang.reflect.Method.equals(Ljava/lang/Object;)Z @ 5
Event: 2.446 Thread 0x00007f5848007000 Uncommon trap: reason=class_check action=maybe_recompile pc=0x00007f588d410a04 method=java.lang.reflect.Method.equals(Ljava/lang/Object;)Z @ 5

Internal exceptions (10 events):
Event: 2.488 Thread 0x00007f5848007000 Exception <a 'java/lang/ClassNotFoundException': org/gradle/api/internal/project/DefaultProject_DecoratedBeanInfo> (0x00000000eadfeb48) thrown at [/HUDSON3/workspace/8-2-build-linux-amd64/jdk8u101/7261/hotspot/src/share/vm/classfile/systemDictionary.cpp, 
Event: 2.488 Thread 0x00007f5848007000 Exception <a 'java/lang/ClassNotFoundException': org/gradle/api/internal/project/DefaultProjectBeanInfo> (0x00000000eae0de18) thrown at [/HUDSON3/workspace/8-2-build-linux-amd64/jdk8u101/7261/hotspot/src/share/vm/classfile/systemDictionary.cpp, line 210]
Event: 2.489 Thread 0x00007f5848007000 Exception <a 'java/lang/ClassNotFoundException': org/gradle/api/internal/project/AbstractProjectBeanInfo> (0x00000000eae1d448) thrown at [/HUDSON3/workspace/8-2-build-linux-amd64/jdk8u101/7261/hotspot/src/share/vm/classfile/systemDictionary.cpp, line 210]
Event: 2.490 Thread 0x00007f5848007000 Exception <a 'java/lang/ClassNotFoundException': org/gradle/api/internal/project/AbstractProjectCustomizer> (0x00000000eae2ce18) thrown at [/HUDSON3/workspace/8-2-build-linux-amd64/jdk8u101/7261/hotspot/src/share/vm/classfile/systemDictionary.cpp, line 21
Event: 2.518 Thread 0x00007f5848007000 Exception <a 'java/lang/ClassNotFoundException': org/gradle/api/internal/project/DefaultProjectCustomizer> (0x00000000eaee2f48) thrown at [/HUDSON3/workspace/8-2-build-linux-amd64/jdk8u101/7261/hotspot/src/share/vm/classfile/systemDictionary.cpp, line 210
Event: 2.524 Thread 0x00007f5848007000 Exception <a 'java/lang/ClassNotFoundException': org/gradle/api/internal/project/DefaultProject_DecoratedCustomizer> (0x00000000eaf08690) thrown at [/HUDSON3/workspace/8-2-build-linux-amd64/jdk8u101/7261/hotspot/src/share/vm/classfile/systemDictionary.cpp
Event: 2.547 Thread 0x00007f5848007000 Exception <a 'java/lang/ClassNotFoundException': org/gradle/internal/metaobject/ConfigureDelegateBeanInfo> (0x00000000eaff1ab8) thrown at [/HUDSON3/workspace/8-2-build-linux-amd64/jdk8u101/7261/hotspot/src/share/vm/classfile/systemDictionary.cpp, line 210
Event: 2.547 Thread 0x00007f5848007000 Exception <a 'java/lang/ClassNotFoundException': org/gradle/internal/metaobject/ConfigureDelegateCustomizer> (0x00000000eb001470) thrown at [/HUDSON3/workspace/8-2-build-linux-amd64/jdk8u101/7261/hotspot/src/share/vm/classfile/systemDictionary.cpp, line 2
Event: 2.552 Thread 0x00007f5848007000 Exception <a 'java/lang/ClassNotFoundException': org/gradle/api/internal/initialization/DefaultScriptHandlerBeanInfo> (0x00000000eb042738) thrown at [/HUDSON3/workspace/8-2-build-linux-amd64/jdk8u101/7261/hotspot/src/share/vm/classfile/systemDictionary.cp
Event: 2.552 Thread 0x00007f5848007000 Exception <a 'java/lang/ClassNotFoundException': org/gradle/api/internal/initialization/DefaultScriptHandlerCustomizer> (0x00000000eb055168) thrown at [/HUDSON3/workspace/8-2-build-linux-amd64/jdk8u101/7261/hotspot/src/share/vm/classfile/systemDictionary.

Events (10 events):
Event: 2.609 loading class org/apache/maven/settings/building/DefaultSettingsProblemCollector
Event: 2.609 loading class org/apache/maven/settings/building/DefaultSettingsProblemCollector done
Event: 2.610 loading class org/apache/maven/settings/Settings
Event: 2.610 loading class org/apache/maven/settings/Settings done
Event: 2.611 loading class org/apache/maven/settings/TrackableBase
Event: 2.611 loading class org/apache/maven/settings/TrackableBase done
Event: 2.613 loading class org/codehaus/plexus/util/StringUtils
Event: 2.613 loading class org/codehaus/plexus/util/StringUtils done
Event: 2.615 loading class java/lang/StringIndexOutOfBoundsException
Event: 2.616 loading class java/lang/StringIndexOutOfBoundsException done


Dynamic libraries:
00400000-00401000 r-xp 00000000 08:01 4592730                            /usr/lib/jvm/java-8-oracle/bin/java
00600000-00601000 rw-p 00000000 08:01 4592730                            /usr/lib/jvm/java-8-oracle/bin/java
01601000-01622000 rw-p 00000000 00:00 0                                  [heap]
c0000000-c4180000 rw-p 00000000 00:00 0 
c4180000-eab00000 ---p 00000000 00:00 0 
eab00000-ef300000 rw-p 00000000 00:00 0 
ef300000-100000000 ---p 00000000 00:00 0 
100000000-100300000 rw-p 00000000 00:00 0 
100300000-140000000 ---p 00000000 00:00 0 
7f582c000000-7f582c021000 rw-p 00000000 00:00 0 
7f582c021000-7f5830000000 ---p 00000000 00:00 0 
7f5834000000-7f58351a1000 rw-p 00000000 00:00 0 
7f58351a1000-7f5838000000 ---p 00000000 00:00 0 
7f5838000000-7f5838021000 rw-p 00000000 00:00 0 
7f5838021000-7f583c000000 ---p 00000000 00:00 0 
7f583c000000-7f583c021000 rw-p 00000000 00:00 0 
7f583c021000-7f5840000000 ---p 00000000 00:00 0 
7f5840000000-7f5840021000 rw-p 00000000 00:00 0 
7f5840021000-7f5844000000 ---p 00000000 00:00 0 
7f5844000000-7f5844070000 rw-p 00000000 00:00 0 
7f5844070000-7f5848000000 ---p 00000000 00:00 0 
7f5848000000-7f5848021000 rw-p 00000000 00:00 0 
7f5848021000-7f584c000000 ---p 00000000 00:00 0 
7f584c000000-7f584c021000 rw-p 00000000 00:00 0 
7f584c021000-7f5850000000 ---p 00000000 00:00 0 
7f5850000000-7f5850021000 rw-p 00000000 00:00 0 
7f5850021000-7f5854000000 ---p 00000000 00:00 0 
7f5854000000-7f5854911000 rw-p 00000000 00:00 0 
7f5854911000-7f5858000000 ---p 00000000 00:00 0 
7f5858000000-7f5858021000 rw-p 00000000 00:00 0 
7f5858021000-7f585c000000 ---p 00000000 00:00 0 
7f585c000000-7f585df11000 rw-p 00000000 00:00 0 
7f585df11000-7f5860000000 ---p 00000000 00:00 0 
7f5860000000-7f58618a0000 rw-p 00000000 00:00 0 
7f58618a0000-7f5864000000 ---p 00000000 00:00 0 
7f58649e5000-7f5864d15000 rw-p 00000000 00:00 0 
7f5864d15000-7f5864e95000 ---p 00000000 00:00 0 
7f58652ea000-7f58657a8000 rw-p 00000000 00:00 0 
7f58657a8000-7f58659a8000 rw-p 00000000 00:00 0 
7f58659a8000-7f5865ba8000 rw-p 00000000 00:00 0 
7f5865ba8000-7f5865c21000 r--s 010e5000 08:01 4461945                    /usr/lib/jvm/java-8-oracle/lib/tools.jar
7f5865c21000-7f5865e21000 rw-p 00000000 00:00 0 
7f5865e21000-7f5865e24000 ---p 00000000 00:00 0 
7f5865e24000-7f5865f22000 rw-p 00000000 00:00 0 
7f5865f22000-7f5865f25000 ---p 00000000 00:00 0 
7f5865f25000-7f5866023000 rw-p 00000000 00:00 0 
7f5866023000-7f5866026000 ---p 00000000 00:00 0 
7f5866026000-7f5866124000 rw-p 00000000 00:00 0 
7f5866124000-7f5866127000 ---p 00000000 00:00 0 
7f5866127000-7f5866225000 rw-p 00000000 00:00 0 
7f5866225000-7f5866228000 ---p 00000000 00:00 0 
7f5866228000-7f5866326000 rw-p 00000000 00:00 0 
7f5866326000-7f5866329000 ---p 00000000 00:00 0 
7f5866329000-7f5866427000 rw-p 00000000 00:00 0 
7f5866427000-7f586642e000 r--s 00000000 08:01 4721045                    /usr/lib/x86_64-linux-gnu/gconv/gconv-modules.cache
7f586642e000-7f586662e000 rw-p 00000000 00:00 0 
7f586662e000-7f5866631000 ---p 00000000 00:00 0 
7f5866631000-7f586672f000 rw-p 00000000 00:00 0 
7f586672f000-7f5866732000 ---p 00000000 00:00 0 
7f5866732000-7f5866830000 rw-p 00000000 00:00 0 
7f5866830000-7f5866839000 r-xp 00000000 08:01 4592820                    /usr/lib/jvm/java-8-oracle/jre/lib/amd64/libmanagement.so
7f5866839000-7f5866a38000 ---p 00009000 08:01 4592820                    /usr/lib/jvm/java-8-oracle/jre/lib/amd64/libmanagement.so
7f5866a38000-7f5866a39000 rw-p 00008000 08:01 4592820                    /usr/lib/jvm/java-8-oracle/jre/lib/amd64/libmanagement.so
7f5866a39000-7f5866a3d000 r--s 00097000 08:01 4592756                    /usr/lib/jvm/java-8-oracle/jre/lib/jsse.jar
7f5866a3d000-7f5866a3f000 r--s 00007000 08:01 5245820                    /home/ming/Downloads/android studio/android-studio/gradle/gradle-2.14.1/lib/plugins/gradle-tooling-api-builders-2.14.1.jar
7f5866a3f000-7f5866a42000 r--s 00008000 08:01 5245814                    /home/ming/Downloads/android studio/android-studio/gradle/gradle-2.14.1/lib/plugins/gradle-testing-native-2.14.1.jar
7f5866a42000-7f5866a44000 r--s 00009000 08:01 5245895                    /home/ming/Downloads/android studio/android-studio/gradle/gradle-2.14.1/lib/plugins/hamcrest-core-1.3.jar
7f5866a44000-7f5866a4a000 r--s 00033000 08:01 5245825                    /home/ming/Downloads/android studio/android-studio/gradle/gradle-2.14.1/lib/plugins/snakeyaml-1.6.jar
7f5866a4a000-7f5866a4c000 r--s 00006000 08:01 5245846                    /home/ming/Downloads/android studio/android-studio/gradle/gradle-2.14.1/lib/plugins/jcommander-1.12.jar
7f5866a4c000-7f5866a51000 r--s 00040000 08:01 5245823                    /home/ming/Downloads/android studio/android-studio/gradle/gradle-2.14.1/lib/plugins/bsh-2.0b4.jar
7f5866a51000-7f5866a5a000 r--s 00089000 08:01 5245849                    /home/ming/Downloads/android studio/android-studio/gradle/gradle-2.14.1/lib/plugins/testng-6.3.1.jar
7f5866a5a000-7f5866a62000 r--s 00045000 08:01 5245854                    /home/ming/Downloads/android studio/android-studio/gradle/gradle-2.14.1/lib/plugins/junit-4.12.jar
7f5866a62000-7f5866a68000 r--s 0002e000 08:01 5245830                    /home/ming/Downloads/android studio/android-studio/gradle/gradle-2.14.1/lib/plugins/gradle-testing-jvm-2.14.1.jar
7f5866a68000-7f5866a6d000 r--s 00015000 08:01 5245839                    /home/ming/Downloads/android studio/android-studio/gradle/gradle-2.14.1/lib/plugins/gradle-testing-base-2.14.1.jar
7f5866a6d000-7f5866a6e000 r--s 00002000 08:01 5245852                    /home/ming/Downloads/android studio/android-studio/gradle/gradle-2.14.1/lib/plugins/sonar-batch-bootstrapper-2.9.jar
7f5866a6e000-7f5866a71000 r--s 00015000 08:01 5245829                    /home/ming/Downloads/android studio/android-studio/gradle/gradle-2.14.1/lib/plugins/gradle-sonar-2.14.1.jar
7f5866a71000-7f5866a78000 r--s 00038000 08:01 5245870                    /home/ming/Downloads/android studio/android-studio/gradle/gradle-2.14.1/lib/plugins/bcpg-jdk15on-1.51.jar
7f5866a78000-7f5866a7a000 r--s 0000d000 08:01 5245876                    /home/ming/Downloads/android studio/android-studio/gradle/gradle-2.14.1/lib/plugins/gradle-signing-2.14.1.jar
7f5866a7a000-7f5866a7d000 r--s 00009000 08:01 5245859                    /home/ming/Downloads/android studio/android-studio/gradle/gradle-2.14.1/lib/plugins/gradle-scala-2.14.1.jar
7f5866a7d000-7f5866a7e000 r--s 00004000 08:01 5245883                    /home/ming/Downloads/android studio/android-studio/gradle/gradle-2.14.1/lib/plugins/gradle-resources-sftp-2.14.1.jar
7f5866a7e000-7f5866a8e000 r--s 00088000 08:01 5245836                    /home/ming/Downloads/android studio/android-studio/gradle/gradle-2.14.1/lib/plugins/joda-time-2.8.2.jar
7f5866a8e000-7f5866a9f000 r--s 000cf000 08:01 5245902                    /home/ming/Downloads/android studio/android-studio/gradle/gradle-2.14.1/lib/plugins/jackson-databind-2.3.2.jar
7f5866a9f000-7f5866aa1000 r--s 00007000 08:01 5245865                    /home/ming/Downloads/android studio/android-studio/gradle/gradle-2.14.1/lib/plugins/jackson-annotations-2.3.2.jar
7f5866aa1000-7f5866aa4000 r--s 0002e000 08:01 5245872                    /home/ming/Downloads/android studio/android-studio/gradle/gradle-2.14.1/lib/plugins/jackson-core-2.3.2.jar
7f5866aa4000-7f5866aaf000 r--s 0006b000 08:01 5245919                    /home/ming/Downloads/android studio/android-studio/gradle/gradle-2.14.1/lib/plugins/aws-java-sdk-core-1.9.19.jar
7f5866aaf000-7f5866ab5000 r--s 00036000 08:01 5245864                    /home/ming/Downloads/android studio/android-studio/gradle/gradle-2.14.1/lib/plugins/aws-java-sdk-kms-1.9.19.jar
7f5866ab5000-7f5866ac0000 r--s 00079000 08:01 5245851                    /home/ming/Downloads/android studio/android-studio/gradle/gradle-2.14.1/lib/plugins/aws-java-sdk-s3-1.9.19.jar
7f5866ac0000-7f5866ac1000 r--s 00003000 08:01 5245898                    /home/ming/Downloads/android studio/android-studio/gradle/gradle-2.14.1/lib/plugins/gradle-resources-s3-2.14.1.jar
7f5866ac1000-7f5866ac3000 r--s 00005000 08:01 5245893                    /home/ming/Downloads/android studio/android-studio/gradle/gradle-2.14.1/lib/plugins/jatl-0.2.2.jar
7f5866ac3000-7f5866ac5000 r--s 0000f000 08:01 5245910                    /home/ming/Downloads/android studio/android-studio/gradle/gradle-2.14.1/lib/plugins/gradle-reporting-2.14.1.jar
7f5866ac5000-7f5866ac7000 r--s 00002000 08:01 5245869                    /home/ming/Downloads/android studio/android-studio/gradle/gradle-2.14.1/lib/plugins/gradle-publish-2.14.1.jar
7f5866ac7000-7f5866ac9000 r--s 00009000 08:01 5245842                    /home/ming/Downloads/android studio/android-studio/gradle/gradle-2.14.1/lib/plugins/commons-cli-1.2.jar
7f5866ac9000-7f5866acf000 r--s 00033000 08:01 5245853                    /home/ming/Downloads/android studio/android-studio/gradle/gradle-2.14.1/lib/plugins/gradle-plugins-2.14.1.jar
7f5866acf000-7f5866ad1000 r--s 00007000 08:01 5245817                    /home/ming/Downloads/android studio/android-studio/gradle/gradle-2.14.1/lib/plugins/gradle-plugin-development-2.14.1.jar
7f5866ad1000-7f5866ad7000 r--s 0002a000 08:01 5245875                    /home/ming/Downloads/android studio/android-studio/gradle/gradle-2.14.1/lib/plugins/gradle-platform-play-2.14.1.jar
7f5866ad7000-7f5866ae4000 r--s 0004d000 08:01 5245874                    /home/ming/Downloads/android studio/android-studio/gradle/gradle-2.14.1/lib/plugins/gradle-platform-native-2.14.1.jar
7f5866ae4000-7f5866ae8000 r--s 0001a000 08:01 5245896                    /home/ming/Downloads/android studio/android-studio/gradle/gradle-2.14.1/lib/plugins/gradle-platform-jvm-2.14.1.jar
7f5866ae8000-7f5866aef000 r--s 00029000 08:01 5245845                    /home/ming/Downloads/android studio/android-studio/gradle/gradle-2.14.1/lib/plugins/gradle-platform-base-2.14.1.jar
7f5866aef000-7f5866b10000 r--s 001c3000 08:01 5245821                    /home/ming/Downloads/android studio/android-studio/gradle/gradle-2.14.1/lib/plugins/bndlib-2.4.0.jar
7f5866b10000-7f5866b12000 r--s 00003000 08:01 5245901                    /home/ming/Downloads/android studio/android-studio/gradle/gradle-2.14.1/lib/plugins/gradle-osgi-2.14.1.jar
7f5866b12000-7f5866b15000 r--s 0000c000 08:01 5245905                    /home/ming/Downloads/android studio/android-studio/gradle/gradle-2.14.1/lib/plugins/pmaven-groovy-0.8-20100325.jar
7f5866b15000-7f5866b16000 r--s 00004000 08:01 5245891                    /home/ming/Downloads/android studio/android-studio/gradle/gradle-2.14.1/lib/plugins/pmaven-common-0.8-20100325.jar
7f5866b16000-7f5866b1c000 r--s 00022000 08:01 5245844                    /home/ming/Downloads/android studio/android-studio/gradle/gradle-2.14.1/lib/plugins/gradle-maven-2.14.1.jar
7f5866b1c000-7f5866b1e000 r--s 0000a000 08:01 5245826                    /home/ming/Downloads/android studio/android-studio/gradle/gradle-2.14.1/lib/plugins/gradle-language-scala-2.14.1.jar
7f5866b1e000-7f5866b24000 r--s 0001a000 08:01 5245831                    /home/ming/Downloads/android studio/android-studio/gradle/gradle-2.14.1/lib/plugins/gradle-language-native-2.14.1.jar
7f5866b24000-7f5866b26000 r--s 00008000 08:01 5245819                    /home/ming/Downloads/android studio/android-studio/gradle/gradle-2.14.1/lib/plugins/gradle-language-jvm-2.14.1.jar
7f5866b26000-7f5866b2c000 r--s 00024000 08:01 5245892                    /home/ming/Downloads/android studio/android-studio/gradle/gradle-2.14.1/lib/plugins/gradle-language-java-2.14.1.jar
7f5866b2c000-7f5866b2e000 r--s 0000a000 08:01 5245873                    /home/ming/Downloads/android studio/android-studio/gradle/gradle-2.14.1/lib/plugins/gradle-language-groovy-2.14.1.jar
7f5866b2e000-7f5866b31000 r--s 0001e000 08:01 5245813                    /home/ming/Downloads/android studio/android-studio/gradle/gradle-2.14.1/lib/plugins/jsp-api-2.1-6.1.14.jar
7f5866b31000-7f5866b54000 r--s 00344000 08:01 5245866                    /home/ming/Downloads/android studio/android-studio/gradle/gradle-2.14.1/lib/plugins/core-3.1.1.jar
7f5866b54000-7f5866b55000 r--s 00006000 08:01 5245903                    /home/ming/Downloads/android studio/android-studio/gradle/gradle-2.14.1/lib/plugins/jetty-naming-6.1.25.jar
7f5866b55000-7f5866b56000 r--s 00002000 08:01 5245861                    /home/ming/Downloads/android studio/android-studio/gradle/gradle-2.14.1/lib/plugins/geronimo-annotation_1.0_spec-1.0.jar
7f5866b56000-7f5866b58000 r--s 00002000 08:01 5245899                    /home/ming/Downloads/android studio/android-studio/gradle/gradle-2.14.1/lib/plugins/jetty-annotations-6.1.25.jar
7f5866b58000-7f5866b69000 r--s 000ea000 08:01 5245912                    /home/ming/Downloads/android studio/android-studio/gradle/gradle-2.14.1/lib/plugins/jsp-2.1-6.1.14.jar
7f5866b69000-7f5866b6b000 r--s 0000d000 08:01 5245867                    /home/ming/Downloads/android studio/android-studio/gradle/gradle-2.14.1/lib/plugins/jetty-plus-6.1.25.jar
7f5866b6b000-7f5866b6d000 r--s 0001f000 08:01 5245926                    /home/ming/Downloads/android studio/android-studio/gradle/gradle-2.14.1/lib/plugins/servlet-api-2.5-20081211.jar
7f5866b6d000-7f5866b71000 r--s 00028000 08:01 5245847                    /home/ming/Downloads/android studio/android-studio/gradle/gradle-2.14.1/lib/plugins/jetty-util-6.1.25.jar
7f5866b71000-7f5866b78000 r--s 0007d000 08:01 5245855                    /home/ming/Downloads/android studio/android-studio/gradle/gradle-2.14.1/lib/plugins/jetty-6.1.25.jar
7f5866b78000-7f5866b7a000 r--s 00009000 08:01 5245908                    /home/ming/Downloads/android studio/android-studio/gradle/gradle-2.14.1/lib/plugins/gradle-jetty-2.14.1.jar
7f5866b7a000-7f5866b81000 r--s 00035000 08:01 5245922                    /home/ming/Downloads/android studio/android-studio/gradle/gradle-2.14.1/lib/plugins/simple-4.1.21.jar
7f5866b81000-7f5866b8d000 r--s 00100000 08:01 5245837                    /home/ming/Downloads/android studio/android-studio/gradle/gradle-2.14.1/lib/plugins/rhino-1.7R3.jar
7f5866b8d000-7f5866b91000 r--s 00011000 08:01 5245890                    /home/ming/Downloads/android studio/android-studio/gradle/gradle-2.14.1/lib/plugins/gradle-javascript-2.14.1.jar
7f5866b91000-7f5866b93000 r--s 0000c000 08:01 5245924                    /home/ming/Downloads/android studio/android-studio/gradle/gradle-2.14.1/lib/plugins/gradle-jacoco-2.14.1.jar
7f5866b93000-7f5866b96000 r--s 0000e000 08:01 5245921                    /home/ming/Downloads/android studio/android-studio/gradle/gradle-2.14.1/lib/plugins/gradle-ivy-2.14.1.jar
7f5866b96000-7f5866b97000 r--s 00002000 08:01 5245913                    /home/ming/Downloads/android studio/android-studio/gradle/gradle-2.14.1/lib/plugins/gradle-ide-play-2.14.1.jar
7f5866b97000-7f5866b9c000 r--s 0002b000 08:01 5245909                    /home/ming/Downloads/android studio/android-studio/gradle/gradle-2.14.1/lib/plugins/gradle-ide-native-2.14.1.jar
7f5866b9c000-7f5866ba7000 r--s 00066000 08:01 5245827                    /home/ming/Downloads/android studio/android-studio/gradle/gradle-2.14.1/lib/plugins/gradle-ide-2.14.1.jar
7f5866ba7000-7f5866ba8000 r--s 00008000 08:01 5245824                    /home/ming/Downloads/android studio/android-studio/gradle/gradle-2.14.1/lib/plugins/gradle-ear-2.14.1.jar
7f5866ba8000-7f5866bae000 r--s 00032000 08:01 5245835                    /home/ming/Downloads/android studio/android-studio/gradle/gradle-2.14.1/lib/plugins/gradle-diagnostics-2.14.1.jar
7f5866bae000-7f5866bb2000 r--s 00021000 08:01 5245911                    /home/ming/Downloads/android studio/android-studio/gradle/gradle-2.14.1/lib/plugins/gradle-code-quality-2.14.1.jar
7f5866bb2000-7f5866bb6000 r--s 0001f000 08:01 5245834                    /home/ming/Downloads/android studio/android-studio/gradle/gradle-2.14.1/lib/plugins/gradle-build-init-2.14.1.jar
7f5866bb6000-7f5866bbd000 r--s 0008e000 08:01 5245918                    /home/ming/Downloads/android studio/android-studio/gradle/gradle-2.14.1/lib/plugins/gradle-build-comparison-2.14.1.jar
7f5866bbd000-7f5866bbf000 r--s 00008000 08:01 5245894                    /home/ming/Downloads/android studio/android-studio/gradle/gradle-2.14.1/lib/plugins/gradle-antlr-2.14.1.jar
7f5866bbf000-7f5866bc1000 r--s 00004000 08:01 5245920                    /home/ming/Downloads/android studio/android-studio/gradle/gradle-2.14.1/lib/plugins/gradle-announce-2.14.1.jar
7f5866bc1000-7f5866bd9000 r--s 00115000 08:01 5245858                    /home/ming/Downloads/android studio/android-studio/gradle/gradle-2.14.1/lib/plugins/xercesImpl-2.9.1.jar
7f5866bd9000-7f5866be1000 r--s 00028000 08:01 5245886                    /home/ming/Downloads/android studio/android-studio/gradle/gradle-2.14.1/lib/plugins/xml-apis-1.3.04.jar
7f5866be1000-7f5866be7000 r--s 0005b000 08:01 5245877                    /home/ming/Downloads/android studio/android-studio/gradle/gradle-2.14.1/lib/plugins/jcifs-1.3.17.jar
7f5866be7000-7f5866bee000 r--s 00049000 08:01 5245888                    /home/ming/Downloads/android studio/android-studio/gradle/gradle-2.14.1/lib/plugins/httpcore-4.4.4.jar
7f5866bee000-7f5866bf4000 r--s 00033000 08:01 5245833                    /home/ming/Downloads/android studio/android-studio/gradle/gradle-2.14.1/lib/plugins/commons-codec-1.6.jar
7f5866bf4000-7f5866bf7000 r--s 0001c000 08:01 5245828                    /home/ming/Downloads/android studio/android-studio/gradle/gradle-2.14.1/lib/plugins/nekohtml-1.9.14.jar
7f5866bf7000-7f5866c04000 r--s 000a4000 08:01 5245906                    /home/ming/Downloads/android studio/android-studio/gradle/gradle-2.14.1/lib/plugins/httpclient-4.4.1.jar
7f5866c04000-7f5866c06000 r--s 0000a000 08:01 5245815                    /home/ming/Downloads/android studio/android-studio/gradle/gradle-2.14.1/lib/plugins/gradle-resources-http-2.14.1.jar
7f5866c06000-7f5866c0a000 r--s 00014000 08:01 5245880                    /home/ming/Downloads/android studio/android-studio/gradle/gradle-2.14.1/lib/plugins/gradle-plugin-use-2.14.1.jar
7f5866c0a000-7f5866c0b000 r--s 00000000 08:01 5245771                    /home/ming/Downloads/android studio/android-studio/gradle/gradle-2.14.1/lib/gradle-installation-beacon-2.14.1.jar
7f5866c0b000-7f5866c0c000 r--s 00007000 08:01 5245843                    /home/ming/Downloads/android studio/android-studio/gradle/gradle-2.14.1/lib/plugins/wagon-http-shared4-2.4.jar
7f5866c0c000-7f5866c10000 r--s 00033000 08:01 5245897                    /home/ming/Downloads/android studio/android-studio/gradle/gradle-2.14.1/lib/plugins/plexus-utils-2.0.6.jar
7f5866c10000-7f5866c14000 r--s 00021000 08:01 5245879                    /home/ming/Downloads/android studio/android-studio/gradle/gradle-2.14.1/lib/plugins/maven-model-builder-3.0.4.jar
7f5866c14000-7f5866c15000 r--s 00002000 08:01 5245832                    /home/ming/Downloads/android studio/android-studio/gradle/gradle-2.14.1/lib/plugins/wagon-file-2.4.jar
7f5866c15000-7f5866c17000 r--s 00002000 08:01 5245889                    /home/ming/Downloads/android studio/android-studio/gradle/gradle-2.14.1/lib/plugins/plexus-cipher-1.7.jar
7f5866c17000-7f5866c1a000 r--s 00013000 08:01 5245925                    /home/ming/Downloads/android studio/android-studio/gradle/gradle-2.14.1/lib/plugins/aether-api-1.13.1.jar
7f5866c1a000-7f5866c1c000 r--s 0000a000 08:01 5245848                    /home/ming/Downloads/android studio/android-studio/gradle/gradle-2.14.1/lib/plugins/maven-settings-3.0.4.jar
7f5866c1c000-7f5866c1e000 r--s 0000d000 08:01 5245881                    /home/ming/Downloads/android studio/android-studio/gradle/gradle-2.14.1/lib/plugins/plexus-interpolation-1.14.jar
7f5866c1e000-7f5866c20000 r--s 0000b000 08:01 5245904                    /home/ming/Downloads/android studio/android-studio/gradle/gradle-2.14.1/lib/plugins/maven-artifact-3.0.4.jar
7f5866c20000-7f5866c27000 r--s 0002e000 08:01 5245840                    /home/ming/Downloads/android studio/android-studio/gradle/gradle-2.14.1/lib/plugins/plexus-container-default-1.5.5.jar
7f5866c27000-7f5866c29000 r--s 0000b000 08:01 5245868                    /home/ming/Downloads/android studio/android-studio/gradle/gradle-2.14.1/lib/plugins/maven-plugin-api-3.0.4.jar
7f5866c29000-7f5866c2b000 r--s 00000000 08:01 5245871                    /home/ming/Downloads/android studio/android-studio/gradle/gradle-2.14.1/lib/plugins/plexus-component-annotations-1.5.5.jar
7f5866c2b000-7f5866c31000 r--s 0003f000 08:01 5245882                    /home/ming/Downloads/android studio/android-studio/gradle/gradle-2.14.1/lib/plugins/maven-compat-3.0.4.jar
7f5866c31000-7f5866c34000 r--s 00008000 08:01 5245856                    /home/ming/Downloads/android studio/android-studio/gradle/gradle-2.14.1/lib/plugins/maven-settings-builder-3.0.4.jar
7f5866c34000-7f5866c36000 r--s 00026000 08:01 5245923                    /home/ming/Downloads/android studio/android-studio/gradle/gradle-2.14.1/lib/plugins/maven-model-3.0.4.jar
7f5866c36000-7f5866c38000 r--s 00006000 08:01 5245900                    /home/ming/Downloads/android studio/android-studio/gradle/gradle-2.14.1/lib/plugins/aether-connector-wagon-1.13.1.jar
7f5866c38000-7f5866c3a000 r--s 0000a000 08:01 5245841                    /home/ming/Downloads/android studio/android-studio/gradle/gradle-2.14.1/lib/plugins/plexus-classworlds-2.4.jar
7f5866c3a000-7f5866c3c000 r--s 00006000 08:01 5245884                    /home/ming/Downloads/android studio/android-studio/gradle/gradle-2.14.1/lib/plugins/maven-repository-metadata-3.0.4.jar
7f5866c3c000-7f5866c3e000 r--s 0000c000 08:01 5245860                    /home/ming/Downloads/android studio/android-studio/gradle/gradle-2.14.1/lib/plugins/maven-aether-provider-3.0.4.jar
7f5866c3e000-7f5866c40000 r--s 0000b000 08:01 5245850                    /home/ming/Downloads/android studio/android-studio/gradle/gradle-2.14.1/lib/plugins/wagon-provider-api-2.4.jar
7f5866c40000-7f5866c44000 r--s 0001c000 08:01 5245914                    /home/ming/Downloads/android studio/android-studio/gradle/gradle-2.14.1/lib/plugins/aether-util-1.13.1.jar
7f5866c44000-7f5866c47000 r--s 0001d000 08:01 5245878                    /home/ming/Downloads/android studio/android-studio/gradle/gradle-2.14.1/lib/plugins/aether-impl-1.13.1.jar
7f5866c47000-7f5866c87000 r--s 00277000 08:01 5245822                    /home/ming/Downloads/android studio/android-studio/gradle/gradle-2.14.1/lib/plugins/bcprov-jdk15on-1.51.jar
7f5866c87000-7f5866c93000 r--s 0007d000 08:01 5245887                    /home/ming/Downloads/android studio/android-studio/gradle/gradle-2.14.1/lib/plugins/maven-core-3.0.4.jar
7f5866c93000-7f5866caf000 r--s 000d3000 08:01 5245862                    /home/ming/Downloads/android studio/android-studio/gradle/gradle-2.14.1/lib/plugins/gradle-dependency-management-2.14.1.jar
7f5866caf000-7f5866cc5000 r-xp 00000000 08:01 1839527                    /lib/x86_64-linux-gnu/libgcc_s.so.1
7f5866cc5000-7f5866ec4000 ---p 00016000 08:01 1839527                    /lib/x86_64-linux-gnu/libgcc_s.so.1
7f5866ec4000-7f5866ec5000 rw-p 00015000 08:01 1839527                    /lib/x86_64-linux-gnu/libgcc_s.so.1
7f5866ec5000-7f5867037000 r-xp 00000000 08:01 4327421                    /usr/lib/x86_64-linux-gnu/libstdc++.so.6.0.21
7f5867037000-7f5867237000 ---p 00172000 08:01 4327421                    /usr/lib/x86_64-linux-gnu/libstdc++.so.6.0.21
7f5867237000-7f5867241000 r--p 00172000 08:01 4327421                    /usr/lib/x86_64-linux-gnu/libstdc++.so.6.0.21
7f5867241000-7f5867243000 rw-p 0017c000 08:01 4327421                    /usr/lib/x86_64-linux-gnu/libstdc++.so.6.0.21
7f5867243000-7f5867247000 rw-p 00000000 00:00 0 
7f5867247000-7f5867248000 r--s 00002000 08:01 5245812                    /home/ming/Downloads/android studio/android-studio/gradle/gradle-2.14.1/lib/plugins/wagon-http-2.4.jar
7f5867248000-7f586724d000 r--s 00040000 08:01 5245818                    /home/ming/Downloads/android studio/android-studio/gradle/gradle-2.14.1/lib/plugins/jsch-0.1.53.jar
7f586724d000-7f5867251000 r--s 0001d000 08:01 5245863                    /home/ming/Downloads/android studio/android-studio/gradle/gradle-2.14.1/lib/plugins/xbean-reflect-3.4.jar
7f5867251000-7f5867260000 r--s 000d9000 08:01 5245838                    /home/ming/Downloads/android studio/android-studio/gradle/gradle-2.14.1/lib/plugins/ivy-2.2.0.jar
7f5867260000-7f5867264000 r-xp 00000000 08:01 7342835                    /home/ming/.gradle/native/19/linux-amd64/libnative-platform.so
7f5867264000-7f5867463000 ---p 00004000 08:01 7342835                    /home/ming/.gradle/native/19/linux-amd64/libnative-platform.so
7f5867463000-7f5867464000 rw-p 00003000 08:01 7342835                    /home/ming/.gradle/native/19/linux-amd64/libnative-platform.so
7f5867464000-7f5867475000 r-xp 00000000 08:01 4592809                    /usr/lib/jvm/java-8-oracle/jre/lib/amd64/libnio.so
7f5867475000-7f5867674000 ---p 00011000 08:01 4592809                    /usr/lib/jvm/java-8-oracle/jre/lib/amd64/libnio.so
7f5867674000-7f5867675000 rw-p 00010000 08:01 4592809                    /usr/lib/jvm/java-8-oracle/jre/lib/amd64/libnio.so
7f5867675000-7f5867976000 rw-p 00000000 00:00 0 
7f5867976000-7f586798c000 r-xp 00000000 08:01 4592786                    /usr/lib/jvm/java-8-oracle/jre/lib/amd64/libnet.so
7f586798c000-7f5867b8c000 ---p 00016000 08:01 4592786                    /usr/lib/jvm/java-8-oracle/jre/lib/amd64/libnet.so
7f5867b8c000-7f5867b8d000 rw-p 00016000 08:01 4592786                    /usr/lib/jvm/java-8-oracle/jre/lib/amd64/libnet.so
7f5867b8d000-7f5867bfc000 r--s 0063e000 08:01 5245931                    /home/ming/Downloads/android studio/android-studio/gradle/gradle-2.14.1/lib/groovy-all-2.4.4.jar
7f5867bfc000-7f5867bfd000 ---p 00000000 00:00 0 
7f5867bfd000-7f5867cfd000 rw-p 00000000 00:00 0 
7f5867cfd000-7f5867d00000 ---p 00000000 00:00 0 
7f5867d00000-7f5867dfe000 rw-p 00000000 00:00 0 
7f5867dfe000-7f5867e01000 ---p 00000000 00:00 0 
7f5867e01000-7f5867eff000 rw-p 00000000 00:00 0 
7f5867eff000-7f5867f02000 ---p 00000000 00:00 0 
7f5867f02000-7f5868000000 rw-p 00000000 00:00 0 
7f5868000000-7f5868021000 rw-p 00000000 00:00 0 
7f5868021000-7f586c000000 ---p 00000000 00:00 0 
7f586c000000-7f586c021000 rw-p 00000000 00:00 0 
7f586c021000-7f5870000000 ---p 00000000 00:00 0 
7f5870000000-7f5870034000 rw-p 00000000 00:00 0 
7f5870034000-7f5874000000 ---p 00000000 00:00 0 
7f5874000000-7f5874021000 rw-p 00000000 00:00 0 
7f5874021000-7f5878000000 ---p 00000000 00:00 0 
7f5878000000-7f5878021000 rw-p 00000000 00:00 0 
7f5878021000-7f587c000000 ---p 00000000 00:00 0 
7f587c000000-7f587c021000 rw-p 00000000 00:00 0 
7f587c021000-7f5880000000 ---p 00000000 00:00 0 
7f5880000000-7f5880021000 rw-p 00000000 00:00 0 
7f5880021000-7f5884000000 ---p 00000000 00:00 0 
7f5884000000-7f5884001000 r--s 00003000 08:01 5245816                    /home/ming/Downloads/android studio/android-studio/gradle/gradle-2.14.1/lib/plugins/aether-spi-1.13.1.jar
7f5884001000-7f5884002000 r--s 00006000 08:01 5245885                    /home/ming/Downloads/android studio/android-studio/gradle/gradle-2.14.1/lib/plugins/plexus-sec-dispatcher-1.3.jar
7f5884002000-7f5884007000 r--s 0002a000 08:01 5245857                    /home/ming/Downloads/android studio/android-studio/gradle/gradle-2.14.1/lib/plugins/gson-2.2.4.jar
7f5884007000-7f5884009000 r--s 00005000 08:01 5245781                    /home/ming/Downloads/android studio/android-studio/gradle/gradle-2.14.1/lib/gradle-wrapper-2.14.1.jar
7f5884009000-7f5884017000 r--s 0004f000 08:01 5245766                    /home/ming/Downloads/android studio/android-studio/gradle/gradle-2.14.1/lib/gradle-tooling-api-2.14.1.jar
7f5884017000-7f5884019000 r--s 00002000 08:01 5245770                    /home/ming/Downloads/android studio/android-studio/gradle/gradle-2.14.1/lib/gradle-open-api-2.14.1.jar
7f5884019000-7f588401f000 r--s 00032000 08:01 5245804                    /home/ming/Downloads/android studio/android-studio/gradle/gradle-2.14.1/lib/jaxen-1.1.jar
7f588401f000-7f5884024000 r--s 00048000 08:01 5245769                    /home/ming/Downloads/android studio/android-studio/gradle/gradle-2.14.1/lib/dom4j-1.6.1.jar
7f5884024000-7f588402f000 r--s 00059000 08:01 5245798                    /home/ming/Downloads/android studio/android-studio/gradle/gradle-2.14.1/lib/gradle-ui-2.14.1.jar
7f588402f000-7f5884032000 r--s 0000b000 08:01 5245927                    /home/ming/Downloads/android studio/android-studio/gradle/gradle-2.14.1/lib/gradle-resources-2.14.1.jar
7f5884032000-7f5884034000 r--s 00003000 08:01 5245807                    /home/ming/Downloads/android studio/android-studio/gradle/gradle-2.14.1/lib/jcl-over-slf4j-1.7.10.jar
7f5884034000-7f5884035000 r--s 00005000 08:01 5245801                    /home/ming/Downloads/android studio/android-studio/gradle/gradle-2.14.1/lib/log4j-over-slf4j-1.7.10.jar
7f5884035000-7f5884037000 r--s 00000000 08:01 5245928                    /home/ming/Downloads/android studio/android-studio/gradle/gradle-2.14.1/lib/jul-to-slf4j-1.7.10.jar
7f5884037000-7f588403c000 r--s 0001c000 08:01 5245779                    /home/ming/Downloads/android studio/android-studio/gradle/gradle-2.14.1/lib/gradle-logging-2.14.1.jar
7f588403c000-7f588403e000 r--s 00007000 08:01 5245810                    /home/ming/Downloads/android studio/android-studio/gradle/gradle-2.14.1/lib/objenesis-1.2.jar
7f588403e000-7f5884040000 r--s 00000000 08:01 5245774                    /home/ming/Downloads/android studio/android-studio/gradle/gradle-2.14.1/lib/minlog-1.2.jar
7f5884040000-7f5884042000 r--s 0000f000 08:01 5245785                    /home/ming/Downloads/android studio/android-studio/gradle/gradle-2.14.1/lib/reflectasm-1.07-shaded.jar
7f5884042000-7f5884046000 r--s 00026000 08:01 5245799                    /home/ming/Downloads/android studio/android-studio/gradle/gradle-2.14.1/lib/kryo-2.20.jar
7f5884046000-7f588404c000 r--s 00025000 08:01 5245768                    /home/ming/Downloads/android studio/android-studio/gradle/gradle-2.14.1/lib/gradle-messaging-2.14.1.jar
7f588404c000-7f588404d000 r--s 00003000 08:01 5245806                    /home/ming/Downloads/android studio/android-studio/gradle/gradle-2.14.1/lib/native-platform-freebsd-amd64-0.10.jar
7f588404d000-7f588404e000 r--s 00003000 08:01 5245788                    /home/ming/Downloads/android studio/android-studio/gradle/gradle-2.14.1/lib/native-platform-freebsd-i386-0.10.jar
7f588404e000-7f588404f000 r--s 00005000 08:01 5245776                    /home/ming/Downloads/android studio/android-studio/gradle/gradle-2.14.1/lib/native-platform-windows-i386-0.10.jar
7f588404f000-7f5884050000 r--s 00005000 08:01 5245775                    /home/ming/Downloads/android studio/android-studio/gradle/gradle-2.14.1/lib/native-platform-windows-amd64-0.10.jar
7f5884050000-7f5884051000 r--s 00003000 08:01 5245789                    /home/ming/Downloads/android studio/android-studio/gradle/gradle-2.14.1/lib/native-platform-linux-i386-0.10.jar
7f5884051000-7f5884052000 r--s 00003000 08:01 5245773                    /home/ming/Downloads/android studio/android-studio/gradle/gradle-2.14.1/lib/native-platform-linux-amd64-0.10.jar
7f5884052000-7f5884053000 r--s 00002000 08:01 5245772                    /home/ming/Downloads/android studio/android-studio/gradle/gradle-2.14.1/lib/native-platform-osx-amd64-0.10.jar
7f5884053000-7f5884054000 r--s 00002000 08:01 5245802                    /home/ming/Downloads/android studio/android-studio/gradle/gradle-2.14.1/lib/native-platform-osx-i386-0.10.jar
7f5884054000-7f5884057000 ---p 00000000 00:00 0 
7f5884057000-7f5884155000 rw-p 00000000 00:00 0 
7f5884155000-7f5884158000 ---p 00000000 00:00 0 
7f5884158000-7f5884256000 rw-p 00000000 00:00 0 
7f5884256000-7f5884c15000 r--p 00000000 08:01 4332457                    /usr/lib/locale/locale-archive
7f5884c15000-7f5884c18000 ---p 00000000 00:00 0 
7f5884c18000-7f5884d16000 rw-p 00000000 00:00 0 
7f5884d16000-7f5884d19000 ---p 00000000 00:00 0 
7f5884d19000-7f5884e17000 rw-p 00000000 00:00 0 
7f5884e17000-7f5884e18000 ---p 00000000 00:00 0 
7f5884e18000-7f5885e27000 rw-p 00000000 00:00 0 
7f5885e27000-7f5886000000 r--s 03d29000 08:01 4592778                    /usr/lib/jvm/java-8-oracle/jre/lib/rt.jar
7f5886000000-7f5888000000 rw-p 00000000 00:00 0 
7f5888000000-7f5888021000 rw-p 00000000 00:00 0 
7f5888021000-7f588c000000 ---p 00000000 00:00 0 
7f588c000000-7f588c002000 r--s 00008000 08:01 5245803                    /home/ming/Downloads/android studio/android-studio/gradle/gradle-2.14.1/lib/jansi-1.2.1.jar
7f588c002000-7f588c005000 r--s 0000d000 08:01 5245797                    /home/ming/Downloads/android studio/android-studio/gradle/gradle-2.14.1/lib/native-platform-0.10.jar
7f588c005000-7f588c009000 r--s 000e4000 08:01 5245796                    /home/ming/Downloads/android studio/android-studio/gradle/gradle-2.14.1/lib/jna-3.2.7.jar
7f588c009000-7f588c00b000 r--s 00009000 08:01 5245808                    /home/ming/Downloads/android studio/android-studio/gradle/gradle-2.14.1/lib/gradle-native-2.14.1.jar
7f588c00b000-7f588c00d000 r--s 00005000 08:01 5245809                    /home/ming/Downloads/android studio/android-studio/gradle/gradle-2.14.1/lib/gradle-cli-2.14.1.jar
7f588c00d000-7f588c00f000 r--s 00007000 08:01 5245778                    /home/ming/Downloads/android studio/android-studio/gradle/gradle-2.14.1/lib/gradle-model-groovy-2.14.1.jar
7f588c00f000-7f588c01e000 r--s 00080000 08:01 5245794                    /home/ming/Downloads/android studio/android-studio/gradle/gradle-2.14.1/lib/gradle-model-core-2.14.1.jar
7f588c01e000-7f588c022000 r--s 00027000 08:01 5245800                    /home/ming/Downloads/android studio/android-studio/gradle/gradle-2.14.1/lib/commons-io-2.2.jar
7f588c022000-7f588c04a000 r--s 001cf000 08:01 5245782                    /home/ming/Downloads/android studio/android-studio/gradle/gradle-2.14.1/lib/guava-jdk5-17.0.jar
7f588c04a000-7f588c069000 r--s 001d1000 08:01 5245780                    /home/ming/Downloads/android studio/android-studio/gradle/gradle-2.14.1/lib/ant-1.9.6.jar
7f588c069000-7f588c0a0000 r--s 001bd000 08:01 5245783                    /home/ming/Downloads/android studio/android-studio/gradle/gradle-2.14.1/lib/gradle-core-2.14.1.jar
7f588c0a0000-7f588cba7000 rw-p 00000000 00:00 0 
7f588cba7000-7f588cba8000 ---p 00000000 00:00 0 
7f588cba8000-7f588cca8000 rw-p 00000000 00:00 0 
7f588cca8000-7f588cca9000 ---p 00000000 00:00 0 
7f588cca9000-7f588cda9000 rw-p 00000000 00:00 0 
7f588cda9000-7f588cdaa000 ---p 00000000 00:00 0 
7f588cdaa000-7f588cecb000 rw-p 00000000 00:00 0 
7f588cecb000-7f588d000000 ---p 00000000 00:00 0 
7f588d000000-7f588d670000 rwxp 00000000 00:00 0 
7f588d670000-7f589c000000 ---p 00000000 00:00 0 
7f589c000000-7f589cc00000 rw-p 00000000 00:00 0 
7f589cc00000-7f58a0000000 ---p 00000000 00:00 0 
7f58a0000000-7f58a0001000 r--s 00006000 08:01 5245793                    /home/ming/Downloads/android studio/android-studio/gradle/gradle-2.14.1/lib/gradle-base-services-groovy-2.14.1.jar
7f58a0001000-7f58a0002000 r--s 00002000 08:01 5245786                    /home/ming/Downloads/android studio/android-studio/gradle/gradle-2.14.1/lib/gradle-docs-2.14.1.jar
7f58a0002000-7f58a0003000 r--s 00000000 08:01 5245930                    /home/ming/Downloads/android studio/android-studio/gradle/gradle-2.14.1/lib/javax.inject-1.jar
7f58a0003000-7f58a0010000 r--s 00083000 08:01 5245929                    /home/ming/Downloads/android studio/android-studio/gradle/gradle-2.14.1/lib/commons-collections-3.2.2.jar
7f58a0010000-7f58a0015000 r--s 00038000 08:01 5245790                    /home/ming/Downloads/android studio/android-studio/gradle/gradle-2.14.1/lib/asm-all-5.1.jar
7f58a0015000-7f58a001d000 r--s 0003a000 08:01 5245791                    /home/ming/Downloads/android studio/android-studio/gradle/gradle-2.14.1/lib/gradle-base-services-2.14.1.jar
7f58a001d000-7f58a003e000 rw-p 00000000 00:00 0 
7f58a003e000-7f58a003f000 ---p 00000000 00:00 0 
7f58a003f000-7f58a0160000 rw-p 00000000 00:00 0 
7f58a0160000-7f58a0294000 ---p 00000000 00:00 0 
7f58a0294000-7f58a02b9000 rw-p 00000000 00:00 0 
7f58a02b9000-7f58a033f000 ---p 00000000 00:00 0 
7f58a033f000-7f58a035a000 rw-p 00000000 00:00 0 
7f58a035a000-7f58a0700000 ---p 00000000 00:00 0 
7f58a0700000-7f58a071a000 r-xp 00000000 08:01 4592807                    /usr/lib/jvm/java-8-oracle/jre/lib/amd64/libzip.so
7f58a071a000-7f58a091a000 ---p 0001a000 08:01 4592807                    /usr/lib/jvm/java-8-oracle/jre/lib/amd64/libzip.so
7f58a091a000-7f58a091b000 rw-p 0001a000 08:01 4592807                    /usr/lib/jvm/java-8-oracle/jre/lib/amd64/libzip.so
7f58a091b000-7f58a0926000 r-xp 00000000 08:01 1839588                    /lib/x86_64-linux-gnu/libnss_files-2.23.so
7f58a0926000-7f58a0b25000 ---p 0000b000 08:01 1839588                    /lib/x86_64-linux-gnu/libnss_files-2.23.so
7f58a0b25000-7f58a0b26000 r--p 0000a000 08:01 1839588                    /lib/x86_64-linux-gnu/libnss_files-2.23.so
7f58a0b26000-7f58a0b27000 rw-p 0000b000 08:01 1839588                    /lib/x86_64-linux-gnu/libnss_files-2.23.so
7f58a0b27000-7f58a0b2d000 rw-p 00000000 00:00 0 
7f58a0b2d000-7f58a0b38000 r-xp 00000000 08:01 1839598                    /lib/x86_64-linux-gnu/libnss_nis-2.23.so
7f58a0b38000-7f58a0d37000 ---p 0000b000 08:01 1839598                    /lib/x86_64-linux-gnu/libnss_nis-2.23.so
7f58a0d37000-7f58a0d38000 r--p 0000a000 08:01 1839598                    /lib/x86_64-linux-gnu/libnss_nis-2.23.so
7f58a0d38000-7f58a0d39000 rw-p 0000b000 08:01 1839598                    /lib/x86_64-linux-gnu/libnss_nis-2.23.so
7f58a0d39000-7f58a0d4f000 r-xp 00000000 08:01 1839582                    /lib/x86_64-linux-gnu/libnsl-2.23.so
7f58a0d4f000-7f58a0f4e000 ---p 00016000 08:01 1839582                    /lib/x86_64-linux-gnu/libnsl-2.23.so
7f58a0f4e000-7f58a0f4f000 r--p 00015000 08:01 1839582                    /lib/x86_64-linux-gnu/libnsl-2.23.so
7f58a0f4f000-7f58a0f50000 rw-p 00016000 08:01 1839582                    /lib/x86_64-linux-gnu/libnsl-2.23.so
7f58a0f50000-7f58a0f52000 rw-p 00000000 00:00 0 
7f58a0f52000-7f58a0f5a000 r-xp 00000000 08:01 1839584                    /lib/x86_64-linux-gnu/libnss_compat-2.23.so
7f58a0f5a000-7f58a1159000 ---p 00008000 08:01 1839584                    /lib/x86_64-linux-gnu/libnss_compat-2.23.so
7f58a1159000-7f58a115a000 r--p 00007000 08:01 1839584                    /lib/x86_64-linux-gnu/libnss_compat-2.23.so
7f58a115a000-7f58a115b000 rw-p 00008000 08:01 1839584                    /lib/x86_64-linux-gnu/libnss_compat-2.23.so
7f58a115b000-7f58a1185000 r-xp 00000000 08:01 4592831                    /usr/lib/jvm/java-8-oracle/jre/lib/amd64/libjava.so
7f58a1185000-7f58a1385000 ---p 0002a000 08:01 4592831                    /usr/lib/jvm/java-8-oracle/jre/lib/amd64/libjava.so
7f58a1385000-7f58a1387000 rw-p 0002a000 08:01 4592831                    /usr/lib/jvm/java-8-oracle/jre/lib/amd64/libjava.so
7f58a1387000-7f58a1394000 r-xp 00000000 08:01 4592787                    /usr/lib/jvm/java-8-oracle/jre/lib/amd64/libverify.so
7f58a1394000-7f58a1594000 ---p 0000d000 08:01 4592787                    /usr/lib/jvm/java-8-oracle/jre/lib/amd64/libverify.so
7f58a1594000-7f58a1596000 rw-p 0000d000 08:01 4592787                    /usr/lib/jvm/java-8-oracle/jre/lib/amd64/libverify.so
7f58a1596000-7f58a159d000 r-xp 00000000 08:01 1839643                    /lib/x86_64-linux-gnu/librt-2.23.so
7f58a159d000-7f58a179c000 ---p 00007000 08:01 1839643                    /lib/x86_64-linux-gnu/librt-2.23.so
7f58a179c000-7f58a179d000 r--p 00006000 08:01 1839643                    /lib/x86_64-linux-gnu/librt-2.23.so
7f58a179d000-7f58a179e000 rw-p 00007000 08:01 1839643                    /lib/x86_64-linux-gnu/librt-2.23.so
7f58a179e000-7f58a18a6000 r-xp 00000000 08:01 1839559                    /lib/x86_64-linux-gnu/libm-2.23.so
7f58a18a6000-7f58a1aa5000 ---p 00108000 08:01 1839559                    /lib/x86_64-linux-gnu/libm-2.23.so
7f58a1aa5000-7f58a1aa6000 r--p 00107000 08:01 1839559                    /lib/x86_64-linux-gnu/libm-2.23.so
7f58a1aa6000-7f58a1aa7000 rw-p 00108000 08:01 1839559                    /lib/x86_64-linux-gnu/libm-2.23.so
7f58a1aa7000-7f58a2772000 r-xp 00000000 08:01 4719822                    /usr/lib/jvm/java-8-oracle/jre/lib/amd64/server/libjvm.so
7f58a2772000-7f58a2971000 ---p 00ccb000 08:01 4719822                    /usr/lib/jvm/java-8-oracle/jre/lib/amd64/server/libjvm.so
7f58a2971000-7f58a2a4a000 rw-p 00cca000 08:01 4719822                    /usr/lib/jvm/java-8-oracle/jre/lib/amd64/server/libjvm.so
7f58a2a4a000-7f58a2a95000 rw-p 00000000 00:00 0 
7f58a2a95000-7f58a2c55000 r-xp 00000000 08:01 1839489                    /lib/x86_64-linux-gnu/libc-2.23.so
7f58a2c55000-7f58a2e54000 ---p 001c0000 08:01 1839489                    /lib/x86_64-linux-gnu/libc-2.23.so
7f58a2e54000-7f58a2e58000 r--p 001bf000 08:01 1839489                    /lib/x86_64-linux-gnu/libc-2.23.so
7f58a2e58000-7f58a2e5a000 rw-p 001c3000 08:01 1839489                    /lib/x86_64-linux-gnu/libc-2.23.so
7f58a2e5a000-7f58a2e5e000 rw-p 00000000 00:00 0 
7f58a2e5e000-7f58a2e61000 r-xp 00000000 08:01 1839513                    /lib/x86_64-linux-gnu/libdl-2.23.so
7f58a2e61000-7f58a3060000 ---p 00003000 08:01 1839513                    /lib/x86_64-linux-gnu/libdl-2.23.so
7f58a3060000-7f58a3061000 r--p 00002000 08:01 1839513                    /lib/x86_64-linux-gnu/libdl-2.23.so
7f58a3061000-7f58a3062000 rw-p 00003000 08:01 1839513                    /lib/x86_64-linux-gnu/libdl-2.23.so
7f58a3062000-7f58a3077000 r-xp 00000000 08:01 4461942                    /usr/lib/jvm/java-8-oracle/lib/amd64/jli/libjli.so
7f58a3077000-7f58a3277000 ---p 00015000 08:01 4461942                    /usr/lib/jvm/java-8-oracle/lib/amd64/jli/libjli.so
7f58a3277000-7f58a3278000 rw-p 00015000 08:01 4461942                    /usr/lib/jvm/java-8-oracle/lib/amd64/jli/libjli.so
7f58a3278000-7f58a3290000 r-xp 00000000 08:01 1839635                    /lib/x86_64-linux-gnu/libpthread-2.23.so
7f58a3290000-7f58a348f000 ---p 00018000 08:01 1839635                    /lib/x86_64-linux-gnu/libpthread-2.23.so
7f58a348f000-7f58a3490000 r--p 00017000 08:01 1839635                    /lib/x86_64-linux-gnu/libpthread-2.23.so
7f58a3490000-7f58a3491000 rw-p 00018000 08:01 1839635                    /lib/x86_64-linux-gnu/libpthread-2.23.so
7f58a3491000-7f58a3495000 rw-p 00000000 00:00 0 
7f58a3495000-7f58a34bb000 r-xp 00000000 08:01 1839461                    /lib/x86_64-linux-gnu/ld-2.23.so
7f58a34bb000-7f58a34bc000 r--s 00000000 08:01 5245784                    /home/ming/Downloads/android studio/android-studio/gradle/gradle-2.14.1/lib/jcip-annotations-1.0.jar
7f58a34bc000-7f58a34c1000 r--s 00041000 08:01 5245792                    /home/ming/Downloads/android studio/android-studio/gradle/gradle-2.14.1/lib/commons-lang-2.6.jar
7f58a34c1000-7f58a359a000 rw-p 00000000 00:00 0 
7f58a359a000-7f58a359d000 ---p 00000000 00:00 0 
7f58a359d000-7f58a369f000 rw-p 00000000 00:00 0 
7f58a369f000-7f58a36a0000 r--s 00001000 08:01 5245805                    /home/ming/Downloads/android studio/android-studio/gradle/gradle-2.14.1/lib/gradle-process-services-2.14.1.jar
7f58a36a0000-7f58a36a1000 r--s 00000000 08:01 5245767                    /home/ming/Downloads/android studio/android-studio/gradle/gradle-2.14.1/lib/gradle-jvm-services-2.14.1.jar
7f58a36a1000-7f58a36a2000 r--s 00007000 08:01 5245777                    /home/ming/Downloads/android studio/android-studio/gradle/gradle-2.14.1/lib/slf4j-api-1.7.10.jar
7f58a36a2000-7f58a36a3000 r--s 00004000 08:01 5245795                    /home/ming/Downloads/android studio/android-studio/gradle/gradle-2.14.1/lib/ant-launcher-1.9.6.jar
7f58a36a3000-7f58a36ae000 r--s 00051000 08:01 5245787                    /home/ming/Downloads/android studio/android-studio/gradle/gradle-2.14.1/lib/gradle-launcher-2.14.1.jar
7f58a36ae000-7f58a36b6000 rw-s 00000000 08:01 14680224                   /tmp/hsperfdata_ming/4558
7f58a36b6000-7f58a36b7000 rw-p 00000000 00:00 0 
7f58a36b7000-7f58a36b8000 r--p 00000000 00:00 0 
7f58a36b8000-7f58a36ba000 rw-p 00000000 00:00 0 
7f58a36ba000-7f58a36bb000 r--p 00025000 08:01 1839461                    /lib/x86_64-linux-gnu/ld-2.23.so
7f58a36bb000-7f58a36bc000 rw-p 00026000 08:01 1839461                    /lib/x86_64-linux-gnu/ld-2.23.so
7f58a36bc000-7f58a36bd000 rw-p 00000000 00:00 0 
7ffdbf2fa000-7ffdbf31b000 rw-p 00000000 00:00 0                          [stack]
7ffdbf3fc000-7ffdbf3fe000 r--p 00000000 00:00 0                          [vvar]
7ffdbf3fe000-7ffdbf400000 r-xp 00000000 00:00 0                          [vdso]
ffffffffff600000-ffffffffff601000 r-xp 00000000 00:00 0                  [vsyscall]

VM Arguments:
jvm_args: -XX:MaxPermSize=256m -XX:+HeapDumpOnOutOfMemoryError -Xmx1024m -Dfile.encoding=UTF-8 -Duser.country=IN -Duser.language=en -Duser.variant 
java_command: org.gradle.launcher.daemon.bootstrap.GradleDaemon 2.14.1
java_class_path (initial): /home/ming/Downloads/android studio/android-studio/gradle/gradle-2.14.1/lib/gradle-launcher-2.14.1.jar
Launcher Type: SUN_STANDARD

Environment Variables:
JAVA_HOME=/usr/lib/jvm/java-8-openjdk-amd64
PATH=/home/ming/bin:/home/ming/.local/bin:/usr/local/sbin:/usr/local/bin:/usr/sbin:/usr/bin:/sbin:/bin:/usr/games:/usr/local/games:/snap/bin
SHELL=/bin/bash
DISPLAY=:0

Signal Handlers:
SIGSEGV: [libjvm.so+0xac4790], sa_mask[0]=11111111011111111101111111111110, sa_flags=SA_RESTART|SA_SIGINFO
SIGBUS: [libjvm.so+0xac4790], sa_mask[0]=11111111011111111101111111111110, sa_flags=SA_RESTART|SA_SIGINFO
SIGFPE: [libjvm.so+0x91f140], sa_mask[0]=11111111011111111101111111111110, sa_flags=SA_RESTART|SA_SIGINFO
SIGPIPE: [libjvm.so+0x91f140], sa_mask[0]=11111111011111111101111111111110, sa_flags=SA_RESTART|SA_SIGINFO
SIGXFSZ: [libjvm.so+0x91f140], sa_mask[0]=11111111011111111101111111111110, sa_flags=SA_RESTART|SA_SIGINFO
SIGILL: [libjvm.so+0x91f140], sa_mask[0]=11111111011111111101111111111110, sa_flags=SA_RESTART|SA_SIGINFO
SIGUSR1: SIG_DFL, sa_mask[0]=00000000000000000000000000000000, sa_flags=none
SIGUSR2: [libjvm.so+0x920770], sa_mask[0]=00100000000000000000000000000000, sa_flags=SA_RESTART|SA_SIGINFO
SIGHUP: [libjvm.so+0x921b70], sa_mask[0]=11111111011111111101111111111110, sa_flags=SA_RESTART|SA_SIGINFO
SIGINT: [libjvm.so+0x921b70], sa_mask[0]=11111111011111111101111111111110, sa_flags=SA_RESTART|SA_SIGINFO
SIGTERM: [libjvm.so+0x921b70], sa_mask[0]=11111111011111111101111111111110, sa_flags=SA_RESTART|SA_SIGINFO
SIGQUIT: [libjvm.so+0x921b70], sa_mask[0]=11111111011111111101111111111110, sa_flags=SA_RESTART|SA_SIGINFO


---------------  S Y S T E M  ---------------

OS:DISTRIB_ID=Ubuntu
DISTRIB_RELEASE=16.04
DISTRIB_CODENAME=xenial
DISTRIB_DESCRIPTION="Ubuntu 16.04.1 LTS"

uname:Linux 4.4.0-38-generic #57-Ubuntu SMP Tue Sep 6 15:42:33 UTC 2016 x86_64
libc:glibc 2.23 NPTL 2.23 
rlimit: STACK 8192k, CORE 0k, NPROC 31278, NOFILE 65536, AS infinity
load average:0.22 0.44 0.64

/proc/meminfo:
MemTotal:        8047424 kB
MemFree:         2571240 kB
MemAvailable:    4272092 kB
Buffers:          144348 kB
Cached:          1925540 kB
SwapCached:            0 kB
Active:          4031364 kB
Inactive:        1166672 kB
Active(anon):    3131296 kB
Inactive(anon):   200208 kB
Active(file):     900068 kB
Inactive(file):   966464 kB
Unevictable:         200 kB
Mlocked:             200 kB
SwapTotal:             0 kB
SwapFree:              0 kB
Dirty:                80 kB
Writeback:             0 kB
AnonPages:       3128404 kB
Mapped:           385276 kB
Shmem:            203360 kB
Slab:             153236 kB
SReclaimable:     115632 kB
SUnreclaim:        37604 kB
KernelStack:       10592 kB
PageTables:        40268 kB
NFS_Unstable:          0 kB
Bounce:                0 kB
WritebackTmp:          0 kB
CommitLimit:     4023712 kB
Committed_AS:    7191080 kB
VmallocTotal:   34359738367 kB
VmallocUsed:           0 kB
VmallocChunk:          0 kB
HardwareCorrupted:     0 kB
AnonHugePages:   1685504 kB
CmaTotal:              0 kB
CmaFree:               0 kB
HugePages_Total:       0
HugePages_Free:        0
HugePages_Rsvd:        0
HugePages_Surp:        0
Hugepagesize:       2048 kB
DirectMap4k:      149244 kB
DirectMap2M:     8112128 kB


CPU:total 4 (2 cores per cpu, 2 threads per core) family 6 model 58 stepping 9, cmov, cx8, fxsr, mmx, sse, sse2, sse3, ssse3, sse4.1, sse4.2, popcnt, avx, aes, clmul, erms, ht, tsc, tscinvbit, tscinv

/proc/cpuinfo:
processor	: 0
vendor_id	: GenuineIntel
cpu family	: 6
model		: 58
model name	: Intel(R) Core(TM) i5-3337U CPU @ 1.80GHz
stepping	: 9
microcode	: 0x17
cpu MHz		: 2499.960
cache size	: 3072 KB
physical id	: 0
siblings	: 4
core id		: 0
cpu cores	: 2
apicid		: 0
initial apicid	: 0
fpu		: yes
fpu_exception	: yes
cpuid level	: 13
wp		: yes
flags		: fpu vme de pse tsc msr pae mce cx8 apic sep mtrr pge mca cmov pat pse36 clflush dts acpi mmx fxsr sse sse2 ss ht tm pbe syscall nx rdtscp lm constant_tsc arch_perfmon pebs bts rep_good nopl xtopology nonstop_tsc aperfmperf eagerfpu pni pclmulqdq dtes64 monitor ds_cpl vmx est tm2 ssse3 cx16 xtpr pdcm pcid sse4_1 sse4_2 x2apic popcnt tsc_deadline_timer aes xsave avx f16c rdrand lahf_lm epb tpr_shadow vnmi flexpriority ept vpid fsgsbase smep erms xsaveopt dtherm ida arat pln pts
bugs		:
bogomips	: 3591.62
clflush size	: 64
cache_alignment	: 64
address sizes	: 36 bits physical, 48 bits virtual
power management:

processor	: 1
vendor_id	: GenuineIntel
cpu family	: 6
model		: 58
model name	: Intel(R) Core(TM) i5-3337U CPU @ 1.80GHz
stepping	: 9
microcode	: 0x17
cpu MHz		: 2499.960
cache size	: 3072 KB
physical id	: 0
siblings	: 4
core id		: 0
cpu cores	: 2
apicid		: 1
initial apicid	: 1
fpu		: yes
fpu_exception	: yes
cpuid level	: 13
wp		: yes
flags		: fpu vme de pse tsc msr pae mce cx8 apic sep mtrr pge mca cmov pat pse36 clflush dts acpi mmx fxsr sse sse2 ss ht tm pbe syscall nx rdtscp lm constant_tsc arch_perfmon pebs bts rep_good nopl xtopology nonstop_tsc aperfmperf eagerfpu pni pclmulqdq dtes64 monitor ds_cpl vmx est tm2 ssse3 cx16 xtpr pdcm pcid sse4_1 sse4_2 x2apic popcnt tsc_deadline_timer aes xsave avx f16c rdrand lahf_lm epb tpr_shadow vnmi flexpriority ept vpid fsgsbase smep erms xsaveopt dtherm ida arat pln pts
bugs		:
bogomips	: 3591.62
clflush size	: 64
cache_alignment	: 64
address sizes	: 36 bits physical, 48 bits virtual
power management:

processor	: 2
vendor_id	: GenuineIntel
cpu family	: 6
model		: 58
model name	: Intel(R) Core(TM) i5-3337U CPU @ 1.80GHz
stepping	: 9
microcode	: 0x17
cpu MHz		: 2499.960
cache size	: 3072 KB
physical id	: 0
siblings	: 4
core id		: 1
cpu cores	: 2
apicid		: 2
initial apicid	: 2
fpu		: yes
fpu_exception	: yes
cpuid level	: 13
wp		: yes
flags		: fpu vme de pse tsc msr pae mce cx8 apic sep mtrr pge mca cmov pat pse36 clflush dts acpi mmx fxsr sse sse2 ss ht tm pbe syscall nx rdtscp lm constant_tsc arch_perfmon pebs bts rep_good nopl xtopology nonstop_tsc aperfmperf eagerfpu pni pclmulqdq dtes64 monitor ds_cpl vmx est tm2 ssse3 cx16 xtpr pdcm pcid sse4_1 sse4_2 x2apic popcnt tsc_deadline_timer aes xsave avx f16c rdrand lahf_lm epb tpr_shadow vnmi flexpriority ept vpid fsgsbase smep erms xsaveopt dtherm ida arat pln pts
bugs		:
bogomips	: 3591.62
clflush size	: 64
cache_alignment	: 64
address sizes	: 36 bits physical, 48 bits virtual
power management:

processor	: 3
vendor_id	: GenuineIntel
cpu family	: 6
model		: 58
model name	: Intel(R) Core(TM) i5-3337U CPU @ 1.80GHz
stepping	: 9
microcode	: 0x17
cpu MHz		: 2499.960
cache size	: 3072 KB
physical id	: 0
siblings	: 4
core id		: 1
cpu cores	: 2
apicid		: 3
initial apicid	: 3
fpu		: yes
fpu_exception	: yes
cpuid level	: 13
wp		: yes
flags		: fpu vme de pse tsc msr pae mce cx8 apic sep mtrr pge mca cmov pat pse36 clflush dts acpi mmx fxsr sse sse2 ss ht tm pbe syscall nx rdtscp lm constant_tsc arch_perfmon pebs bts rep_good nopl xtopology nonstop_tsc aperfmperf eagerfpu pni pclmulqdq dtes64 monitor ds_cpl vmx est tm2 ssse3 cx16 xtpr pdcm pcid sse4_1 sse4_2 x2apic popcnt tsc_deadline_timer aes xsave avx f16c rdrand lahf_lm epb tpr_shadow vnmi flexpriority ept vpid fsgsbase smep erms xsaveopt dtherm ida arat pln pts
bugs		:
bogomips	: 3591.62
clflush size	: 64
cache_alignment	: 64
address sizes	: 36 bits physical, 48 bits virtual
power management:



Memory: 4k page, physical 8047424k(2571240k free), swap 0k(0k free)

vm_info: Java HotSpot(TM) 64-Bit Server VM (25.101-b13) for linux-amd64 JRE (1.8.0_101-b13), built on Jun 22 2016 02:59:44 by "java_re" with gcc 4.3.0 20080428 (Red Hat 4.3.0-8)

time: Tue Sep 27 13:11:07 2016
elapsed time: 2 seconds (0d 0h 0m 2s)

