#
# A fatal error has been detected by the Java Runtime Environment:
#
#  SIGSEGV (0xb) at pc=0x00007f7f0edacd25, pid=4409, tid=0x00007f7ef4bec700
#
# JRE version: Java(TM) SE Runtime Environment (8.0_101-b13) (build 1.8.0_101-b13)
# Java VM: Java HotSpot(TM) 64-Bit Server VM (25.101-b13 mixed mode linux-amd64 compressed oops)
# Problematic frame:
# V  [libjvm.so+0x810d25]  PhaseIdealLoop::collect_potentially_useful_predicates(IdealLoopTree*, Unique_Node_List&)+0x35
#
# Failed to write core dump. Core dumps have been disabled. To enable core dumping, try "ulimit -c unlimited" before starting Java again
#
# If you would like to submit a bug report, please visit:
#   http://bugreport.java.com/bugreport/crash.jsp
#

---------------  T H R E A D  ---------------

Current thread (0x00007f7f080bb000):  JavaThread "C2 CompilerThread1" daemon [_thread_in_native, id=4423, stack(0x00007f7ef4aec000,0x00007f7ef4bed000)]

siginfo: si_signo: 11 (SIGSEGV), si_code: 2 (SEGV_ACCERR), si_addr: 0x00007f7ec5098260

Registers:
RAX=0x00007f7ea07a12e0, RBX=0x00007f7ec5098250, RCX=0x0000000000080000, RDX=0x000000000000001f
RSP=0x00007f7ef4be73e0, RBP=0x00007f7ef4be7420, RSI=0x0000000000020000, RDI=0x00007f7ed4a5e410
R8 =0x00007f7ec8ea3898, R9 =0x0000000000000001, R10=0x00007f7ea066a850, R11=0x00007f7f0f71f8f0
R12=0x00007f7ef4be7440, R13=0x000000000000001f, R14=0x00007f7ec8ea3580, R15=0x00007f7ec8ea4058
RIP=0x00007f7f0edacd25, EFLAGS=0x0000000000010206, CSGSFS=0x0000000000000033, ERR=0x0000000000000004
  TRAPNO=0x000000000000000e

Top of Stack: (sp=0x00007f7ef4be73e0)
0x00007f7ef4be73e0:   00007f7ed50992f0 00007f7ef4be9710
0x00007f7ef4be73f0:   00007f7ef4be7460 00007f7ef4be7440
0x00007f7ef4be7400:   00007f7f0f522640 00007f7ef4be9710
0x00007f7ef4be7410:   00007f7ef4be7770 00007f7ef4be9710
0x00007f7ef4be7420:   00007f7ef4be74c0 00007f7f0edad0ee
0x00007f7ef4be7430:   00007f7ed403d510 00007f7ef4be9710
0x00007f7ef4be7440:   00007f7f0801bee0 00007f7e00000020
0x00007f7ef4be7450:   00007f7ea07a12e0 00007f7f00000020
0x00007f7ef4be7460:   00007f7f0f504c10 00007f7f0801bee0
0x00007f7ef4be7470:   00007f7e00000100 00007f7ea07a0ee0
0x00007f7ef4be7480:   00007f7e00000000 00007f7ef4be96e0
0x00007f7ef4be7490:   00007f7ef4be96c0 0000000000000001
0x00007f7ef4be74a0:   00007f7ed403d510 00007f7ef4be9710
0x00007f7ef4be74b0:   00007f7ef4be7770 00007f7f0801bee0
0x00007f7ef4be74c0:   00007f7ef4be77e0 00007f7f0edb743b
0x00007f7ef4be74d0:   00007f7ef4be74e0 00007f7ef4be7790
0x00007f7ef4be74e0:   00007f7ef4be7750 01007f7f0eafa008
0x00007f7ef4be74f0:   00007f7ef4be9730 00007f7f00000019
0x00007f7ef4be7500:   00007f7f0801bee0 0000007c00000004
0x00007f7ef4be7510:   00007f7ecc0e7c80 00007f7e00000000
0x00007f7ef4be7520:   00007f7ea0cb0c10 00007f7ea0cb0c70
0x00007f7ef4be7530:   00007f7f0f522640 00007f7ef4be8cc0
0x00007f7ef4be7540:   00007f7ef4be7570 00007f7f0f01b384
0x00007f7ef4be7550:   00007f7e0000007b 0000000000020010
0x00007f7ef4be7560:   00007f7ef4be75d0 0000000000000000
0x00007f7ef4be7570:   00007f7ef4be75a0 00007f7f0f022f53
0x00007f7ef4be7580:   ffff80810b418a31 00007f7ef4be75cf
0x00007f7ef4be7590:   0000000000000800 0000083000002002
0x00007f7ef4be75a0:   0000000000000100 0000000000000020
0x00007f7ef4be75b0:   0000008e0000015b 0000000000000004
0x00007f7ef4be75c0:   0000000000000000 0000007c0000007b
0x00007f7ef4be75d0:   00007f7ef4be96c0 00007f7ed4009a50 

Instructions: (pc=0x00007f7f0edacd25)
0x00007f7f0edacd05:   89 f3 48 83 ec 18 48 89 7d c8 48 89 45 d0 eb 10
0x00007f7f0edacd15:   0f 1f 00 48 8b 5b 08 48 85 db 0f 84 63 01 00 00
0x00007f7f0edacd25:   48 8b 73 10 48 85 f6 74 0c 48 8b 7d c8 4c 89 e2
0x00007f7f0edacd35:   e8 b6 ff ff ff 48 8b 43 18 0f b7 40 2c 83 e0 7f 

Register to memory mapping:

RAX=0x00007f7ea07a12e0 is an unknown value
RBX=0x00007f7ec5098250 is an unknown value
RCX=0x0000000000080000 is an unknown value
RDX=0x000000000000001f is an unknown value
RSP=0x00007f7ef4be73e0 is pointing into the stack for thread: 0x00007f7f080bb000
RBP=0x00007f7ef4be7420 is pointing into the stack for thread: 0x00007f7f080bb000
RSI=0x0000000000020000 is an unknown value
RDI=0x00007f7ed4a5e410 is an unknown value
R8 =0x00007f7ec8ea3898 is an unknown value
R9 =0x0000000000000001 is an unknown value
R10=0x00007f7ea066a850 is an unknown value
R11=0x00007f7f0f71f8f0: <offset 0x1958f0> in /lib/x86_64-linux-gnu/libc.so.6 at 0x00007f7f0f58a000
R12=0x00007f7ef4be7440 is pointing into the stack for thread: 0x00007f7f080bb000
R13=0x000000000000001f is an unknown value
R14=0x00007f7ec8ea3580 is an unknown value
R15=0x00007f7ec8ea4058 is an unknown value


Stack: [0x00007f7ef4aec000,0x00007f7ef4bed000],  sp=0x00007f7ef4be73e0,  free space=1004k
Native frames: (J=compiled Java code, j=interpreted, Vv=VM code, C=native code)
V  [libjvm.so+0x810d25]  PhaseIdealLoop::collect_potentially_useful_predicates(IdealLoopTree*, Unique_Node_List&)+0x35
V  [libjvm.so+0x8110ee]  PhaseIdealLoop::eliminate_useless_predicates()+0x1de
V  [libjvm.so+0x81b43b]  PhaseIdealLoop::build_and_optimize(bool, bool)+0x8cb
V  [libjvm.so+0x4a25f0]  Compile::Optimize()+0xbe0
V  [libjvm.so+0x4a684b]  Compile::Compile(ciEnv*, C2Compiler*, ciMethod*, int, bool, bool, bool)+0x13cb
V  [libjvm.so+0x3f20a8]  C2Compiler::compile_method(ciEnv*, ciMethod*, int)+0x198
V  [libjvm.so+0x4af61a]  CompileBroker::invoke_compiler_on_method(CompileTask*)+0xc9a
V  [libjvm.so+0x4b05c6]  CompileBroker::compiler_thread_loop()+0x5d6
V  [libjvm.so+0xa7343f]  JavaThread::thread_main_inner()+0xdf
V  [libjvm.so+0xa7356c]  JavaThread::run()+0x11c
V  [libjvm.so+0x924698]  java_start(Thread*)+0x108
C  [libpthread.so.0+0x76fa]  start_thread+0xca


Current CompileTask:
C2:   7135 2974   !   4       java.net.URLClassLoader$1::run (63 bytes)


---------------  P R O C E S S  ---------------

Java Threads: ( => current thread )
  0x00007f7ea10dd000 JavaThread "File lock request listener" [_thread_in_native, id=4442, stack(0x00007f7ebdad5000,0x00007f7ebdbd6000)]
  0x00007f7ea0f91800 JavaThread "process reaper" daemon [_thread_blocked, id=4441, stack(0x00007f7ebe063000,0x00007f7ebe09c000)]
  0x00007f7ea0005800 JavaThread "Stdin handler" [_thread_blocked, id=4439, stack(0x00007f7ebe916000,0x00007f7ebea17000)]
  0x00007f7ea000e800 JavaThread "Asynchronous log dispatcher for org.gradle.launcher.daemon.server.DefaultDaemonConnection@698506a2" [_thread_blocked, id=4438, stack(0x00007f7ebea17000,0x00007f7ebeb18000)]
  0x00007f7eb4007000 JavaThread "Daemon worker" [_thread_in_Java, id=4435, stack(0x00007f7ebeb18000,0x00007f7ebec19000)]
  0x00007f7eb4009000 JavaThread "Cancel handler" [_thread_blocked, id=4434, stack(0x00007f7ebec19000,0x00007f7ebed1a000)]
  0x00007f7eb4003800 JavaThread "Handler for socket connection from /127.0.0.1:42459 to /127.0.0.1:36066" [_thread_in_native, id=4433, stack(0x00007f7ebed1a000,0x00007f7ebee1b000)]
  0x00007f7eb003c000 JavaThread "Daemon" [_thread_blocked, id=4432, stack(0x00007f7ebee1b000,0x00007f7ebef1c000)]
  0x00007f7f08bbe000 JavaThread "Incoming local TCP Connector on port 42459" [_thread_in_native, id=4431, stack(0x00007f7ebf123000,0x00007f7ebf224000)]
  0x00007f7f08b85800 JavaThread "pool-1-thread-1" [_thread_blocked, id=4430, stack(0x00007f7ebf224000,0x00007f7ebf325000)]
  0x00007f7f080d2000 JavaThread "Service Thread" daemon [_thread_blocked, id=4425, stack(0x00007f7ef48ea000,0x00007f7ef49eb000)]
  0x00007f7f080bd000 JavaThread "C1 CompilerThread2" daemon [_thread_in_native, id=4424, stack(0x00007f7ef49eb000,0x00007f7ef4aec000)]
=>0x00007f7f080bb000 JavaThread "C2 CompilerThread1" daemon [_thread_in_native, id=4423, stack(0x00007f7ef4aec000,0x00007f7ef4bed000)]
  0x00007f7f080b8000 JavaThread "C2 CompilerThread0" daemon [_thread_in_native, id=4422, stack(0x00007f7ef4bed000,0x00007f7ef4cee000)]
  0x00007f7f080b7000 JavaThread "Signal Dispatcher" daemon [_thread_blocked, id=4421, stack(0x00007f7ef4cee000,0x00007f7ef4def000)]
  0x00007f7f08084000 JavaThread "Finalizer" daemon [_thread_blocked, id=4420, stack(0x00007f7ef57ae000,0x00007f7ef58af000)]
  0x00007f7f0807f800 JavaThread "Reference Handler" daemon [_thread_blocked, id=4419, stack(0x00007f7ef58af000,0x00007f7ef59b0000)]
  0x00007f7f0800a000 JavaThread "main" [_thread_blocked, id=4411, stack(0x00007f7f1008f000,0x00007f7f10190000)]

Other Threads:
  0x00007f7f08077800 VMThread [stack: 0x00007f7ef59b0000,0x00007f7ef5ab1000] [id=4418]
  0x00007f7f080d5000 WatcherThread [stack: 0x00007f7ef47e9000,0x00007f7ef48ea000] [id=4426]

VM state:not at safepoint (normal execution)

VM Mutex/Monitor currently owned by a thread: None

Heap:
 PSYoungGen      total 87040K, used 62600K [0x00000000eab00000, 0x00000000f0b80000, 0x0000000100000000)
  eden space 78336K, 73% used [0x00000000eab00000,0x00000000ee32f558,0x00000000ef780000)
  from space 8704K, 58% used [0x00000000f0300000,0x00000000f07f2e48,0x00000000f0b80000)
  to   space 10240K, 0% used [0x00000000ef780000,0x00000000ef780000,0x00000000f0180000)
 ParOldGen       total 68608K, used 10554K [0x00000000c0000000, 0x00000000c4300000, 0x00000000eab00000)
  object space 68608K, 15% used [0x00000000c0000000,0x00000000c0a4e960,0x00000000c4300000)
 Metaspace       used 30532K, capacity 31100K, committed 31360K, reserved 1077248K
  class space    used 4233K, capacity 4407K, committed 4480K, reserved 1048576K

Card table byte_map: [0x00007f7f0cc34000,0x00007f7f0ce35000] byte_map_base: 0x00007f7f0c634000

Marking Bits: (ParMarkBitMap*) 0x00007f7f0f55d120
 Begin Bits: [0x00007f7ef7000000, 0x00007f7ef8000000)
 End Bits:   [0x00007f7ef8000000, 0x00007f7ef9000000)

Polling page: 0x00007f7f101ac000

CodeCache: size=245760Kb used=11174Kb max_used=11174Kb free=234585Kb
 bounds [0x00007f7ef9000000, 0x00007f7ef9af0000, 0x00007f7f08000000]
 total_blobs=3854 nmethods=3215 adapters=552
 compilation: enabled

Compilation events (10 events):
Event: 7.130 Thread 0x00007f7f080bd000 nmethod 3234 0x00007f7ef9aeae10 code [0x00007f7ef9aeaf60, 0x00007f7ef9aeb0d0]
Event: 7.130 Thread 0x00007f7f080bd000 3241       2       com.google.common.collect.AbstractIterator::hasNext (65 bytes)
Event: 7.131 Thread 0x00007f7f080bd000 nmethod 3241 0x00007f7ef9aeb150 code [0x00007f7ef9aeb2e0, 0x00007f7ef9aeb598]
Event: 7.131 Thread 0x00007f7f080bd000 3238       2       com.google.common.collect.ImmutableSortedMap$Builder::put (9 bytes)
Event: 7.131 Thread 0x00007f7f080bd000 nmethod 3238 0x00007f7ef9aeb750 code [0x00007f7ef9aeb8e0, 0x00007f7ef9aebc28]
Event: 7.131 Thread 0x00007f7f080bd000 3245       1       org.gradle.model.internal.manage.schema.ModelProperty::getType (5 bytes)
Event: 7.131 Thread 0x00007f7f080bd000 nmethod 3245 0x00007f7ef9aebed0 code [0x00007f7ef9aec020, 0x00007f7ef9aec130]
Event: 7.131 Thread 0x00007f7f080bd000 3244       2       com.google.common.collect.ImmutableMap::<init> (5 bytes)
Event: 7.131 Thread 0x00007f7f080bd000 nmethod 3244 0x00007f7ef9aec190 code [0x00007f7ef9aec2e0, 0x00007f7ef9aec430]
Event: 7.131 Thread 0x00007f7f080bd000 3233       2       sun.reflect.generics.tree.MethodTypeSignature::<init> (26 bytes)

GC Heap History (10 events):
Event: 1.929 GC heap before
{Heap before GC invocations=3 (full 0):
 PSYoungGen      total 36864K, used 36838K [0x00000000eab00000, 0x00000000ed400000, 0x0000000100000000)
  eden space 31744K, 100% used [0x00000000eab00000,0x00000000eca00000,0x00000000eca00000)
  from space 5120K, 99% used [0x00000000ecf00000,0x00000000ed3f9950,0x00000000ed400000)
  to   space 5120K, 0% used [0x00000000eca00000,0x00000000eca00000,0x00000000ecf00000)
 ParOldGen       total 84992K, used 708K [0x00000000c0000000, 0x00000000c5300000, 0x00000000eab00000)
  object space 84992K, 0% used [0x00000000c0000000,0x00000000c00b1268,0x00000000c5300000)
 Metaspace       used 18067K, capacity 18430K, committed 18560K, reserved 1064960K
  class space    used 2468K, capacity 2582K, committed 2688K, reserved 1048576K
Event: 1.939 GC heap after
Heap after GC invocations=3 (full 0):
 PSYoungGen      total 36864K, used 5104K [0x00000000eab00000, 0x00000000ef300000, 0x0000000100000000)
  eden space 31744K, 0% used [0x00000000eab00000,0x00000000eab00000,0x00000000eca00000)
  from space 5120K, 99% used [0x00000000eca00000,0x00000000ecefc020,0x00000000ecf00000)
  to   space 5120K, 0% used [0x00000000eee00000,0x00000000eee00000,0x00000000ef300000)
 ParOldGen       total 84992K, used 4931K [0x00000000c0000000, 0x00000000c5300000, 0x00000000eab00000)
  object space 84992K, 5% used [0x00000000c0000000,0x00000000c04d0c28,0x00000000c5300000)
 Metaspace       used 18067K, capacity 18430K, committed 18560K, reserved 1064960K
  class space    used 2468K, capacity 2582K, committed 2688K, reserved 1048576K
}
Event: 2.469 GC heap before
{Heap before GC invocations=4 (full 0):
 PSYoungGen      total 36864K, used 31754K [0x00000000eab00000, 0x00000000ef300000, 0x0000000100000000)
  eden space 31744K, 83% used [0x00000000eab00000,0x00000000ec5067e8,0x00000000eca00000)
  from space 5120K, 99% used [0x00000000eca00000,0x00000000ecefc020,0x00000000ecf00000)
  to   space 5120K, 0% used [0x00000000eee00000,0x00000000eee00000,0x00000000ef300000)
 ParOldGen       total 84992K, used 4931K [0x00000000c0000000, 0x00000000c5300000, 0x00000000eab00000)
  object space 84992K, 5% used [0x00000000c0000000,0x00000000c04d0c28,0x00000000c5300000)
 Metaspace       used 20868K, capacity 21232K, committed 21296K, reserved 1067008K
  class space    used 2818K, capacity 2939K, committed 2944K, reserved 1048576K
Event: 2.482 GC heap after
Heap after GC invocations=4 (full 0):
 PSYoungGen      total 68608K, used 5088K [0x00000000eab00000, 0x00000000ef300000, 0x0000000100000000)
  eden space 63488K, 0% used [0x00000000eab00000,0x00000000eab00000,0x00000000ee900000)
  from space 5120K, 99% used [0x00000000eee00000,0x00000000ef2f8010,0x00000000ef300000)
  to   space 5120K, 0% used [0x00000000ee900000,0x00000000ee900000,0x00000000eee00000)
 ParOldGen       total 84992K, used 8304K [0x00000000c0000000, 0x00000000c5300000, 0x00000000eab00000)
  object space 84992K, 9% used [0x00000000c0000000,0x00000000c081c018,0x00000000c5300000)
 Metaspace       used 20868K, capacity 21232K, committed 21296K, reserved 1067008K
  class space    used 2818K, capacity 2939K, committed 2944K, reserved 1048576K
}
Event: 2.482 GC heap before
{Heap before GC invocations=5 (full 1):
 PSYoungGen      total 68608K, used 5088K [0x00000000eab00000, 0x00000000ef300000, 0x0000000100000000)
  eden space 63488K, 0% used [0x00000000eab00000,0x00000000eab00000,0x00000000ee900000)
  from space 5120K, 99% used [0x00000000eee00000,0x00000000ef2f8010,0x00000000ef300000)
  to   space 5120K, 0% used [0x00000000ee900000,0x00000000ee900000,0x00000000eee00000)
 ParOldGen       total 84992K, used 8304K [0x00000000c0000000, 0x00000000c5300000, 0x00000000eab00000)
  object space 84992K, 9% used [0x00000000c0000000,0x00000000c081c018,0x00000000c5300000)
 Metaspace       used 20868K, capacity 21232K, committed 21296K, reserved 1067008K
  class space    used 2818K, capacity 2939K, committed 2944K, reserved 1048576K
Event: 2.568 GC heap after
Heap after GC invocations=5 (full 1):
 PSYoungGen      total 68608K, used 0K [0x00000000eab00000, 0x00000000ef300000, 0x0000000100000000)
  eden space 63488K, 0% used [0x00000000eab00000,0x00000000eab00000,0x00000000ee900000)
  from space 5120K, 0% used [0x00000000eee00000,0x00000000eee00000,0x00000000ef300000)
  to   space 5120K, 0% used [0x00000000ee900000,0x00000000ee900000,0x00000000eee00000)
 ParOldGen       total 68608K, used 8938K [0x00000000c0000000, 0x00000000c4300000, 0x00000000eab00000)
  object space 68608K, 13% used [0x00000000c0000000,0x00000000c08ba808,0x00000000c4300000)
 Metaspace       used 20868K, capacity 21232K, committed 21296K, reserved 1067008K
  class space    used 2818K, capacity 2939K, committed 2944K, reserved 1048576K
}
Event: 4.045 GC heap before
{Heap before GC invocations=6 (full 1):
 PSYoungGen      total 68608K, used 63488K [0x00000000eab00000, 0x00000000ef300000, 0x0000000100000000)
  eden space 63488K, 100% used [0x00000000eab00000,0x00000000ee900000,0x00000000ee900000)
  from space 5120K, 0% used [0x00000000eee00000,0x00000000eee00000,0x00000000ef300000)
  to   space 5120K, 0% used [0x00000000ee900000,0x00000000ee900000,0x00000000eee00000)
 ParOldGen       total 68608K, used 8938K [0x00000000c0000000, 0x00000000c4300000, 0x00000000eab00000)
  object space 68608K, 13% used [0x00000000c0000000,0x00000000c08ba808,0x00000000c4300000)
 Metaspace       used 25462K, capacity 25874K, committed 25984K, reserved 1071104K
  class space    used 3594K, capacity 3709K, committed 3712K, reserved 1048576K
Event: 4.052 GC heap after
Heap after GC invocations=6 (full 1):
 PSYoungGen      total 68608K, used 5091K [0x00000000eab00000, 0x00000000f0d00000, 0x0000000100000000)
  eden space 63488K, 0% used [0x00000000eab00000,0x00000000eab00000,0x00000000ee900000)
  from space 5120K, 99% used [0x00000000ee900000,0x00000000eedf8c60,0x00000000eee00000)
  to   space 10240K, 0% used [0x00000000f0300000,0x00000000f0300000,0x00000000f0d00000)
 ParOldGen       total 68608K, used 10554K [0x00000000c0000000, 0x00000000c4300000, 0x00000000eab00000)
  object space 68608K, 15% used [0x00000000c0000000,0x00000000c0a4e960,0x00000000c4300000)
 Metaspace       used 25462K, capacity 25874K, committed 25984K, reserved 1071104K
  class space    used 3594K, capacity 3709K, committed 3712K, reserved 1048576K
}
Event: 5.434 GC heap before
{Heap before GC invocations=7 (full 1):
 PSYoungGen      total 68608K, used 68579K [0x00000000eab00000, 0x00000000f0d00000, 0x0000000100000000)
  eden space 63488K, 100% used [0x00000000eab00000,0x00000000ee900000,0x00000000ee900000)
  from space 5120K, 99% used [0x00000000ee900000,0x00000000eedf8c60,0x00000000eee00000)
  to   space 10240K, 0% used [0x00000000f0300000,0x00000000f0300000,0x00000000f0d00000)
 ParOldGen       total 68608K, used 10554K [0x00000000c0000000, 0x00000000c4300000, 0x00000000eab00000)
  object space 68608K, 15% used [0x00000000c0000000,0x00000000c0a4e960,0x00000000c4300000)
 Metaspace       used 27373K, capacity 27850K, committed 28032K, reserved 1073152K
  class space    used 3819K, capacity 3937K, committed 3968K, reserved 1048576K
Event: 5.443 GC heap after
Heap after GC invocations=7 (full 1):
 PSYoungGen      total 87040K, used 5067K [0x00000000eab00000, 0x00000000f0b80000, 0x0000000100000000)
  eden space 78336K, 0% used [0x00000000eab00000,0x00000000eab00000,0x00000000ef780000)
  from space 8704K, 58% used [0x00000000f0300000,0x00000000f07f2e48,0x00000000f0b80000)
  to   space 10240K, 0% used [0x00000000ef780000,0x00000000ef780000,0x00000000f0180000)
 ParOldGen       total 68608K, used 10554K [0x00000000c0000000, 0x00000000c4300000, 0x00000000eab00000)
  object space 68608K, 15% used [0x00000000c0000000,0x00000000c0a4e960,0x00000000c4300000)
 Metaspace       used 27373K, capacity 27850K, committed 28032K, reserved 1073152K
  class space    used 3819K, capacity 3937K, committed 3968K, reserved 1048576K
}

Deoptimization events (10 events):
Event: 6.611 Thread 0x00007f7eb4007000 Uncommon trap: reason=bimorphic action=maybe_recompile pc=0x00007f7ef9893174 method=java.lang.ClassLoader.getPackage(Ljava/lang/String;)Ljava/lang/Package; @ 47
Event: 6.615 Thread 0x00007f7eb4007000 Uncommon trap: reason=bimorphic action=maybe_recompile pc=0x00007f7ef9893174 method=java.lang.ClassLoader.getPackage(Ljava/lang/String;)Ljava/lang/Package; @ 47
Event: 6.616 Thread 0x00007f7eb4007000 Uncommon trap: reason=bimorphic action=maybe_recompile pc=0x00007f7ef9893174 method=java.lang.ClassLoader.getPackage(Ljava/lang/String;)Ljava/lang/Package; @ 47
Event: 6.616 Thread 0x00007f7eb4007000 Uncommon trap: reason=bimorphic action=maybe_recompile pc=0x00007f7ef9893174 method=java.lang.ClassLoader.getPackage(Ljava/lang/String;)Ljava/lang/Package; @ 47
Event: 6.618 Thread 0x00007f7eb4007000 Uncommon trap: reason=bimorphic action=maybe_recompile pc=0x00007f7ef985e7dc method=java.lang.ClassLoader.getPackage(Ljava/lang/String;)Ljava/lang/Package; @ 47
Event: 6.745 Thread 0x00007f7eb4007000 Uncommon trap: reason=unstable_if action=reinterpret pc=0x00007f7ef9989fb0 method=java.util.Hashtable.containsKey(Ljava/lang/Object;)Z @ 36
Event: 7.080 Thread 0x00007f7eb4007000 Uncommon trap: reason=unstable_if action=reinterpret pc=0x00007f7ef99d94fc method=java.util.HashMap.putVal(ILjava/lang/Object;Ljava/lang/Object;ZZ)Ljava/lang/Object; @ 162
Event: 7.080 Thread 0x00007f7eb4007000 Uncommon trap: reason=unstable_if action=reinterpret pc=0x00007f7ef96e1bd4 method=java.util.HashMap.putVal(ILjava/lang/Object;Ljava/lang/Object;ZZ)Ljava/lang/Object; @ 162
Event: 7.080 Thread 0x00007f7eb4007000 Uncommon trap: reason=unstable_if action=reinterpret pc=0x00007f7ef96e313c method=java.util.HashMap.putVal(ILjava/lang/Object;Ljava/lang/Object;ZZ)Ljava/lang/Object; @ 162
Event: 7.081 Thread 0x00007f7eb4007000 Uncommon trap: reason=unstable_if action=reinterpret pc=0x00007f7ef93b831c method=java.util.HashMap.resize()[Ljava/util/HashMap$Node; @ 206

Internal exceptions (10 events):
Event: 6.599 Thread 0x00007f7eb4007000 Exception <a 'java/lang/ClassNotFoundException': org/gradle/api/internal/plugins/DefaultObjectConfigurationActionBeanInfo> (0x00000000ec6a8b58) thrown at [/HUDSON3/workspace/8-2-build-linux-amd64/jdk8u101/7261/hotspot/src/share/vm/classfile/systemDictiona
Event: 6.600 Thread 0x00007f7eb4007000 Exception <a 'java/lang/ClassNotFoundException': org/gradle/api/internal/plugins/DefaultObjectConfigurationActionCustomizer> (0x00000000ec6d4f20) thrown at [/HUDSON3/workspace/8-2-build-linux-amd64/jdk8u101/7261/hotspot/src/share/vm/classfile/systemDictio
Event: 6.604 Thread 0x00007f7eb4007000 Exception <a 'java/lang/ClassNotFoundException': org/gradle/api/plugins/ObjectConfigurationActionBeanInfo> (0x00000000ec719250) thrown at [/HUDSON3/workspace/8-2-build-linux-amd64/jdk8u101/7261/hotspot/src/share/vm/classfile/systemDictionary.cpp, line 210
Event: 6.605 Thread 0x00007f7eb4007000 Exception <a 'java/lang/ClassNotFoundException': org/gradle/api/plugins/ObjectConfigurationActionCustomizer> (0x00000000ec73e6e0) thrown at [/HUDSON3/workspace/8-2-build-linux-amd64/jdk8u101/7261/hotspot/src/share/vm/classfile/systemDictionary.cpp, line 2
Event: 6.729 Thread 0x00007f7eb4007000 Exception <a 'java/lang/ClassNotFoundException': com/android/build/gradle/AppPluginBeanInfo> (0x00000000ecc94768) thrown at [/HUDSON3/workspace/8-2-build-linux-amd64/jdk8u101/7261/hotspot/src/share/vm/classfile/systemDictionary.cpp, line 210]
Event: 6.729 Thread 0x00007f7eb4007000 Exception <a 'java/lang/ClassNotFoundException': com/android/build/gradle/BasePluginBeanInfo> (0x00000000ecca24c0) thrown at [/HUDSON3/workspace/8-2-build-linux-amd64/jdk8u101/7261/hotspot/src/share/vm/classfile/systemDictionary.cpp, line 210]
Event: 6.729 Thread 0x00007f7eb4007000 Exception <a 'java/lang/ClassNotFoundException': com/android/build/gradle/BasePluginCustomizer> (0x00000000eccb05b0) thrown at [/HUDSON3/workspace/8-2-build-linux-amd64/jdk8u101/7261/hotspot/src/share/vm/classfile/systemDictionary.cpp, line 210]
Event: 6.730 Thread 0x00007f7eb4007000 Exception <a 'java/lang/ClassNotFoundException': com/android/build/gradle/AppPluginCustomizer> (0x00000000eccbf930) thrown at [/HUDSON3/workspace/8-2-build-linux-amd64/jdk8u101/7261/hotspot/src/share/vm/classfile/systemDictionary.cpp, line 210]
Event: 6.890 Thread 0x00007f7eb4007000 Exception <a 'java/lang/ClassNotFoundException': org/gradle/api/plugins/BasePluginConventionBeanInfo> (0x00000000ed4e32d8) thrown at [/HUDSON3/workspace/8-2-build-linux-amd64/jdk8u101/7261/hotspot/src/share/vm/classfile/systemDictionary.cpp, line 210]
Event: 6.891 Thread 0x00007f7eb4007000 Exception <a 'java/lang/ClassNotFoundException': org/gradle/api/plugins/BasePluginConventionCustomizer> (0x00000000ed515f18) thrown at [/HUDSON3/workspace/8-2-build-linux-amd64/jdk8u101/7261/hotspot/src/share/vm/classfile/systemDictionary.cpp, line 210]

Events (10 events):
Event: 7.116 loading class org/apache/tools/ant/Executor
Event: 7.116 loading class org/apache/tools/ant/Executor done
Event: 7.116 loading class org/apache/tools/ant/types/Path
Event: 7.116 loading class org/apache/tools/ant/types/Path done
Event: 7.117 loading class org/apache/tools/ant/AntClassLoader
Event: 7.117 loading class org/apache/tools/ant/AntClassLoader done
Event: 7.118 loading class org/apache/tools/ant/SubBuildListener
Event: 7.118 loading class org/apache/tools/ant/SubBuildListener done
Event: 7.130 loading class org/apache/tools/ant/RuntimeConfigurable
Event: 7.130 loading class org/apache/tools/ant/RuntimeConfigurable done


Dynamic libraries:
00400000-00401000 r-xp 00000000 08:01 4592730                            /usr/lib/jvm/java-8-oracle/bin/java
00600000-00601000 rw-p 00000000 08:01 4592730                            /usr/lib/jvm/java-8-oracle/bin/java
01b34000-01b55000 rw-p 00000000 00:00 0                                  [heap]
c0000000-c4300000 rw-p 00000000 00:00 0 
c4300000-eab00000 ---p 00000000 00:00 0 
eab00000-f0b80000 rw-p 00000000 00:00 0 
f0b80000-100000000 ---p 00000000 00:00 0 
100000000-100460000 rw-p 00000000 00:00 0 
100460000-140000000 ---p 00000000 00:00 0 
7f7e90000000-7f7e90021000 rw-p 00000000 00:00 0 
7f7e90021000-7f7e94000000 ---p 00000000 00:00 0 
7f7e98000000-7f7e98021000 rw-p 00000000 00:00 0 
7f7e98021000-7f7e9c000000 ---p 00000000 00:00 0 
7f7e9c000000-7f7e9c021000 rw-p 00000000 00:00 0 
7f7e9c021000-7f7ea0000000 ---p 00000000 00:00 0 
7f7ea0000000-7f7ea12b3000 rw-p 00000000 00:00 0 
7f7ea12b3000-7f7ea4000000 ---p 00000000 00:00 0 
7f7ea4000000-7f7ea4021000 rw-p 00000000 00:00 0 
7f7ea4021000-7f7ea8000000 ---p 00000000 00:00 0 
7f7ea8000000-7f7ea8021000 rw-p 00000000 00:00 0 
7f7ea8021000-7f7eac000000 ---p 00000000 00:00 0 
7f7eac000000-7f7eac021000 rw-p 00000000 00:00 0 
7f7eac021000-7f7eb0000000 ---p 00000000 00:00 0 
7f7eb0000000-7f7eb0071000 rw-p 00000000 00:00 0 
7f7eb0071000-7f7eb4000000 ---p 00000000 00:00 0 
7f7eb4000000-7f7eb4021000 rw-p 00000000 00:00 0 
7f7eb4021000-7f7eb8000000 ---p 00000000 00:00 0 
7f7eb8000000-7f7eb8021000 rw-p 00000000 00:00 0 
7f7eb8021000-7f7ebc000000 ---p 00000000 00:00 0 
7f7ebd407000-7f7ebd447000 rw-p 00000000 00:00 0 
7f7ebd447000-7f7ebd607000 ---p 00000000 00:00 0 
7f7ebd607000-7f7ebd807000 rw-p 00000000 00:00 0 
7f7ebd807000-7f7ebd809000 r--s 00005000 08:01 6295952                    /home/ming/Downloads/android studio/android-studio/gradle/m2repository/org/abego/treelayout/org.abego.treelayout.core/1.0.1/org.abego.treelayout.core-1.0.1.jar
7f7ebd809000-7f7ebd811000 r--s 000a8000 08:01 6428173                    /home/ming/Downloads/android studio/android-studio/gradle/m2repository/com/android/tools/external/lombok/lombok-ast/0.2.3/lombok-ast-0.2.3.jar
7f7ebd811000-7f7ebd813000 r--s 0000d000 08:01 6557193                    /home/ming/Downloads/android studio/android-studio/gradle/m2repository/commons-codec/commons-codec/1.4/commons-codec-1.4.jar
7f7ebd813000-7f7ebd815000 r--s 0000d000 08:01 6169048                    /home/ming/Downloads/android studio/android-studio/gradle/m2repository/commons-logging/commons-logging/1.1.1/commons-logging-1.1.1.jar
7f7ebd815000-7f7ebd81a000 r--s 00028000 08:01 6295904                    /home/ming/Downloads/android studio/android-studio/gradle/m2repository/org/apache/httpcomponents/httpcore/4.1/httpcore-4.1.jar
7f7ebd81a000-7f7ebd81b000 r--s 00004000 08:01 6296369                    /home/ming/Downloads/android studio/android-studio/gradle/m2repository/com/intellij/annotations/12.0/annotations-12.0.jar
7f7ebd81b000-7f7ebd81f000 r--s 00037000 08:01 6295841                    /home/ming/Downloads/android studio/android-studio/gradle/m2repository/org/antlr/ST4/4.0.8/ST4-4.0.8.jar
7f7ebd81f000-7f7ebd822000 r--s 00026000 08:01 6295855                    /home/ming/Downloads/android studio/android-studio/gradle/m2repository/org/antlr/antlr-runtime/3.5.2/antlr-runtime-3.5.2.jar
7f7ebd822000-7f7ebd823000 r--s 00002000 08:01 6295967                    /home/ming/Downloads/android studio/android-studio/gradle/m2repository/com/tunnelvisionlabs/antlr4-annotations/4.5/antlr4-annotations-4.5.jar
7f7ebd823000-7f7ebd82a000 r--s 00062000 08:01 6295962                    /home/ming/Downloads/android studio/android-studio/gradle/m2repository/com/tunnelvisionlabs/antlr4-runtime/4.5/antlr4-runtime-4.5.jar
7f7ebd82a000-7f7ebd82b000 r--s 00004000 08:01 6169089                    /home/ming/Downloads/android studio/android-studio/gradle/m2repository/org/ow2/asm/asm-analysis/5.0.3/asm-analysis-5.0.3.jar
7f7ebd82b000-7f7ebd82e000 r--s 00030000 08:01 6557123                    /home/ming/Downloads/android studio/android-studio/gradle/m2repository/com/android/tools/lint/lint-api/25.1.3/lint-api-25.1.3.jar
7f7ebd82e000-7f7ebd82f000 r--s 0000a000 08:01 6557155                    /home/ming/Downloads/android studio/android-studio/gradle/m2repository/net/sf/kxml/kxml2/2.3.0/kxml2-2.3.0.jar
7f7ebd82f000-7f7ebd831000 r--s 00005000 08:01 6295895                    /home/ming/Downloads/android studio/android-studio/gradle/m2repository/org/apache/httpcomponents/httpmime/4.1/httpmime-4.1.jar
7f7ebd831000-7f7ebd839000 r--s 0004e000 08:01 6295915                    /home/ming/Downloads/android studio/android-studio/gradle/m2repository/org/apache/httpcomponents/httpclient/4.1.1/httpclient-4.1.1.jar
7f7ebd839000-7f7ebd840000 r--s 00053000 08:01 6295927                    /home/ming/Downloads/android studio/android-studio/gradle/m2repository/org/apache/commons/commons-compress/1.8.1/commons-compress-1.8.1.jar
7f7ebd840000-7f7ebd845000 r--s 0002a000 08:01 6296402                    /home/ming/Downloads/android studio/android-studio/gradle/m2repository/com/google/code/gson/gson/2.2.4/gson-2.2.4.jar
7f7ebd845000-7f7ebd849000 r--s 00026000 08:01 6428179                    /home/ming/Downloads/android studio/android-studio/gradle/m2repository/com/android/tools/repository/25.1.3/repository-25.1.3.jar
7f7ebd849000-7f7ebd84a000 r--s 00005000 08:01 6428159                    /home/ming/Downloads/android studio/android-studio/gradle/m2repository/com/android/tools/dvlib/25.1.3/dvlib-25.1.3.jar
7f7ebd84a000-7f7ebd84d000 r--s 00014000 08:01 6428126                    /home/ming/Downloads/android studio/android-studio/gradle/m2repository/com/android/tools/layoutlib/layoutlib-api/25.1.3/layoutlib-api-25.1.3.jar
7f7ebd84d000-7f7ebd852000 r--s 00058000 08:01 6169066                    /home/ming/Downloads/android studio/android-studio/gradle/m2repository/org/ow2/asm/asm-debug-all/5.0.4/asm-debug-all-5.0.4.jar
7f7ebd852000-7f7ebd862000 r--s 000d6000 08:01 6557167                    /home/ming/Downloads/android studio/android-studio/gradle/m2repository/net/sf/proguard/proguard-base/5.2.1/proguard-base-5.2.1.jar
7f7ebd862000-7f7ebd865000 r--s 00033000 08:01 6296376                    /home/ming/Downloads/android studio/android-studio/gradle/m2repository/com/googlecode/juniversalchardet/juniversalchardet/1.0.3/juniversalchardet-1.0.3.jar
7f7ebd865000-7f7ebd890000 r--s 001f9000 08:01 6296394                    /home/ming/Downloads/android studio/android-studio/gradle/m2repository/com/google/guava/guava/17.0/guava-17.0.jar
7f7ebd890000-7f7ebd8a2000 r--s 00223000 08:01 6295812                    /home/ming/Downloads/android studio/android-studio/gradle/m2repository/org/eclipse/jdt/core/compiler/ecj/4.4.2/ecj-4.4.2.jar
7f7ebd8a2000-7f7ebd8d5000 r--s 00203000 08:01 6295862                    /home/ming/Downloads/android studio/android-studio/gradle/m2repository/org/bouncycastle/bcprov-jdk15on/1.48/bcprov-jdk15on-1.48.jar
7f7ebd8d5000-7f7ebdad5000 rw-p 00000000 00:00 0 
7f7ebdad5000-7f7ebdad8000 ---p 00000000 00:00 0 
7f7ebdad8000-7f7ebddd6000 rw-p 00000000 00:00 0 
7f7ebddd6000-7f7ebddda000 r--s 0002a000 08:01 6169041                    /home/ming/Downloads/android studio/android-studio/gradle/m2repository/commons-io/commons-io/2.4/commons-io-2.4.jar
7f7ebddda000-7f7ebdde4000 r--s 00099000 08:01 6295972                    /home/ming/Downloads/android studio/android-studio/gradle/m2repository/com/tunnelvisionlabs/antlr4/4.5/antlr4-4.5.jar
7f7ebdde4000-7f7ebdde5000 r--s 00002000 08:01 6296409                    /home/ming/Downloads/android studio/android-studio/gradle/m2repository/com/android/databinding/baseLibrary/2.1.3/baseLibrary-2.1.3.jar
7f7ebdde5000-7f7ebdde6000 r--s 00001000 08:01 6296430                    /home/ming/Downloads/android studio/android-studio/gradle/m2repository/com/android/tools/annotations/25.1.3/annotations-25.1.3.jar
7f7ebdde6000-7f7ebdded000 r--s 000be000 08:01 6428187                    /home/ming/Downloads/android studio/android-studio/gradle/m2repository/com/android/tools/lint/lint-checks/25.1.3/lint-checks-25.1.3.jar
7f7ebdded000-7f7ebddef000 r--s 00006000 08:01 6169101                    /home/ming/Downloads/android studio/android-studio/gradle/m2repository/org/ow2/asm/asm-tree/5.0.3/asm-tree-5.0.3.jar
7f7ebddef000-7f7ebddfd000 r--s 00081000 08:01 6295867                    /home/ming/Downloads/android studio/android-studio/gradle/m2repository/org/bouncycastle/bcpkix-jdk15on/1.48/bcpkix-jdk15on-1.48.jar
7f7ebddfd000-7f7ebddff000 r--s 00002000 08:01 6296384                    /home/ming/Downloads/android studio/android-studio/gradle/m2repository/com/squareup/javawriter/2.5.0/javawriter-2.5.0.jar
7f7ebddff000-7f7ebde00000 r--s 00001000 08:01 6428134                    /home/ming/Downloads/android studio/android-studio/gradle/m2repository/com/android/tools/jill/jill-api/0.10.0/jill-api-0.10.0.jar
7f7ebde00000-7f7ebde02000 r--s 00003000 08:01 6557138                    /home/ming/Downloads/android studio/android-studio/gradle/m2repository/com/android/tools/jack/jack-api/0.10.0/jack-api-0.10.0.jar
7f7ebde02000-7f7ebde08000 r--s 0004a000 08:01 6428152                    /home/ming/Downloads/android studio/android-studio/gradle/m2repository/com/android/tools/ddms/ddmlib/25.1.3/ddmlib-25.1.3.jar
7f7ebde08000-7f7ebde0b000 r--s 00028000 08:01 6296467                    /home/ming/Downloads/android studio/android-studio/gradle/m2repository/com/android/tools/build/manifest-merger/25.1.3/manifest-merger-25.1.3.jar
7f7ebde0b000-7f7ebde0d000 r--s 00018000 08:01 6557146                    /home/ming/Downloads/android studio/android-studio/gradle/m2repository/com/android/tools/common/25.1.3/common-25.1.3.jar
7f7ebde0d000-7f7ebde15000 r--s 0007c000 08:01 6428143                    /home/ming/Downloads/android studio/android-studio/gradle/m2repository/com/android/tools/sdk-common/25.1.3/sdk-common-25.1.3.jar
7f7ebde15000-7f7ebde1d000 r--s 00078000 08:01 6557130                    /home/ming/Downloads/android studio/android-studio/gradle/m2repository/com/android/tools/sdklib/25.1.3/sdklib-25.1.3.jar
7f7ebde1d000-7f7ebde1e000 r--s 00002000 08:01 6296452                    /home/ming/Downloads/android studio/android-studio/gradle/m2repository/com/android/tools/build/builder-test-api/2.1.3/builder-test-api-2.1.3.jar
7f7ebde1e000-7f7ebde20000 r--s 00005000 08:01 6296488                    /home/ming/Downloads/android studio/android-studio/gradle/m2repository/com/android/tools/build/builder-model/2.1.3/builder-model-2.1.3.jar
7f7ebde20000-7f7ebde24000 r--s 0001e000 08:01 6295878                    /home/ming/Downloads/android studio/android-studio/gradle/m2repository/org/jacoco/org.jacoco.core/0.7.6.201602180812/org.jacoco.core-0.7.6.201602180812.jar
7f7ebde24000-7f7ebde25000 r--s 00002000 08:01 6557183                    /home/ming/Downloads/android studio/android-studio/gradle/m2repository/net/sf/proguard/proguard-gradle/5.2.1/proguard-gradle-5.2.1.jar
7f7ebde25000-7f7ebde27000 r--s 00009000 08:01 6293929                    /home/ming/Downloads/android studio/android-studio/gradle/m2repository/org/ow2/asm/asm-commons/5.0.3/asm-commons-5.0.3.jar
7f7ebde27000-7f7ebde28000 r--s 0000c000 08:01 6295796                    /home/ming/Downloads/android studio/android-studio/gradle/m2repository/org/ow2/asm/asm/5.0.3/asm-5.0.3.jar
7f7ebde28000-7f7ebde2c000 r--s 0002b000 08:01 6296422                    /home/ming/Downloads/android studio/android-studio/gradle/m2repository/com/android/databinding/compilerCommon/2.1.3/compilerCommon-2.1.3.jar
7f7ebde2c000-7f7ebde2d000 r--s 00002000 08:01 6296459                    /home/ming/Downloads/android studio/android-studio/gradle/m2repository/com/android/tools/build/gradle-api/2.1.3/gradle-api-2.1.3.jar
7f7ebde2d000-7f7ebde2e000 r--s 00000000 08:01 6296480                    /home/ming/Downloads/android studio/android-studio/gradle/m2repository/com/android/tools/build/transform-api/2.0.0-deprecated-use-gradle-api/transform-api-2.0.0-deprecated-use-gradle-api.jar
7f7ebde2e000-7f7ebde30000 r--s 00023000 08:01 6428194                    /home/ming/Downloads/android studio/android-studio/gradle/m2repository/com/android/tools/lint/lint/25.1.3/lint-25.1.3.jar
7f7ebde30000-7f7ebde44000 r--s 00130000 08:01 6296446                    /home/ming/Downloads/android studio/android-studio/gradle/m2repository/com/android/tools/build/builder/2.1.3/builder-2.1.3.jar
7f7ebde44000-7f7ebde61000 r--s 0017c000 08:01 6296474                    /home/ming/Downloads/android studio/android-studio/gradle/m2repository/com/android/tools/build/gradle-core/2.1.3/gradle-core-2.1.3.jar
7f7ebde61000-7f7ebde63000 r--s 0000c000 08:01 6296496                    /home/ming/Downloads/android studio/android-studio/gradle/m2repository/com/android/tools/build/gradle/2.1.3/gradle-2.1.3.jar
7f7ebde63000-7f7ebe063000 rw-p 00000000 00:00 0 
7f7ebe063000-7f7ebe066000 ---p 00000000 00:00 0 
7f7ebe066000-7f7ebe09c000 rw-p 00000000 00:00 0 
7f7ebe09c000-7f7ebe09d000 r--p 00000000 00:00 0 
7f7ebe09d000-7f7ebe29d000 rw-p 00000000 00:00 0 
7f7ebe29d000-7f7ebe49d000 rw-p 00000000 00:00 0 
7f7ebe49d000-7f7ebe69d000 rw-p 00000000 00:00 0 
7f7ebe69d000-7f7ebe716000 r--s 010e5000 08:01 4461945                    /usr/lib/jvm/java-8-oracle/lib/tools.jar
7f7ebe716000-7f7ebe916000 rw-p 00000000 00:00 0 
7f7ebe916000-7f7ebe919000 ---p 00000000 00:00 0 
7f7ebe919000-7f7ebea17000 rw-p 00000000 00:00 0 
7f7ebea17000-7f7ebea1a000 ---p 00000000 00:00 0 
7f7ebea1a000-7f7ebeb18000 rw-p 00000000 00:00 0 
7f7ebeb18000-7f7ebeb1b000 ---p 00000000 00:00 0 
7f7ebeb1b000-7f7ebec19000 rw-p 00000000 00:00 0 
7f7ebec19000-7f7ebec1c000 ---p 00000000 00:00 0 
7f7ebec1c000-7f7ebed1a000 rw-p 00000000 00:00 0 
7f7ebed1a000-7f7ebed1d000 ---p 00000000 00:00 0 
7f7ebed1d000-7f7ebee1b000 rw-p 00000000 00:00 0 
7f7ebee1b000-7f7ebee1e000 ---p 00000000 00:00 0 
7f7ebee1e000-7f7ebef1c000 rw-p 00000000 00:00 0 
7f7ebef1c000-7f7ebef23000 r--s 00000000 08:01 4721045                    /usr/lib/x86_64-linux-gnu/gconv/gconv-modules.cache
7f7ebef23000-7f7ebf123000 rw-p 00000000 00:00 0 
7f7ebf123000-7f7ebf126000 ---p 00000000 00:00 0 
7f7ebf126000-7f7ebf224000 rw-p 00000000 00:00 0 
7f7ebf224000-7f7ebf227000 ---p 00000000 00:00 0 
7f7ebf227000-7f7ebf325000 rw-p 00000000 00:00 0 
7f7ebf325000-7f7ebf32e000 r-xp 00000000 08:01 4592820                    /usr/lib/jvm/java-8-oracle/jre/lib/amd64/libmanagement.so
7f7ebf32e000-7f7ebf52d000 ---p 00009000 08:01 4592820                    /usr/lib/jvm/java-8-oracle/jre/lib/amd64/libmanagement.so
7f7ebf52d000-7f7ebf52e000 rw-p 00008000 08:01 4592820                    /usr/lib/jvm/java-8-oracle/jre/lib/amd64/libmanagement.so
7f7ebf52e000-7f7ebf532000 r--s 00097000 08:01 4592756                    /usr/lib/jvm/java-8-oracle/jre/lib/jsse.jar
7f7ebf532000-7f7ebf534000 r--s 00007000 08:01 5245820                    /home/ming/Downloads/android studio/android-studio/gradle/gradle-2.14.1/lib/plugins/gradle-tooling-api-builders-2.14.1.jar
7f7ebf534000-7f7ebf537000 r--s 00008000 08:01 5245814                    /home/ming/Downloads/android studio/android-studio/gradle/gradle-2.14.1/lib/plugins/gradle-testing-native-2.14.1.jar
7f7ebf537000-7f7ebf539000 r--s 00009000 08:01 5245895                    /home/ming/Downloads/android studio/android-studio/gradle/gradle-2.14.1/lib/plugins/hamcrest-core-1.3.jar
7f7ebf539000-7f7ebf53f000 r--s 00033000 08:01 5245825                    /home/ming/Downloads/android studio/android-studio/gradle/gradle-2.14.1/lib/plugins/snakeyaml-1.6.jar
7f7ebf53f000-7f7ebf541000 r--s 00006000 08:01 5245846                    /home/ming/Downloads/android studio/android-studio/gradle/gradle-2.14.1/lib/plugins/jcommander-1.12.jar
7f7ebf541000-7f7ebf546000 r--s 00040000 08:01 5245823                    /home/ming/Downloads/android studio/android-studio/gradle/gradle-2.14.1/lib/plugins/bsh-2.0b4.jar
7f7ebf546000-7f7ebf54f000 r--s 00089000 08:01 5245849                    /home/ming/Downloads/android studio/android-studio/gradle/gradle-2.14.1/lib/plugins/testng-6.3.1.jar
7f7ebf54f000-7f7ebf557000 r--s 00045000 08:01 5245854                    /home/ming/Downloads/android studio/android-studio/gradle/gradle-2.14.1/lib/plugins/junit-4.12.jar
7f7ebf557000-7f7ebf55d000 r--s 0002e000 08:01 5245830                    /home/ming/Downloads/android studio/android-studio/gradle/gradle-2.14.1/lib/plugins/gradle-testing-jvm-2.14.1.jar
7f7ebf55d000-7f7ebf562000 r--s 00015000 08:01 5245839                    /home/ming/Downloads/android studio/android-studio/gradle/gradle-2.14.1/lib/plugins/gradle-testing-base-2.14.1.jar
7f7ebf562000-7f7ebf563000 r--s 00002000 08:01 5245852                    /home/ming/Downloads/android studio/android-studio/gradle/gradle-2.14.1/lib/plugins/sonar-batch-bootstrapper-2.9.jar
7f7ebf563000-7f7ebf566000 r--s 00015000 08:01 5245829                    /home/ming/Downloads/android studio/android-studio/gradle/gradle-2.14.1/lib/plugins/gradle-sonar-2.14.1.jar
7f7ebf566000-7f7ebf56d000 r--s 00038000 08:01 5245870                    /home/ming/Downloads/android studio/android-studio/gradle/gradle-2.14.1/lib/plugins/bcpg-jdk15on-1.51.jar
7f7ebf56d000-7f7ebf56f000 r--s 0000d000 08:01 5245876                    /home/ming/Downloads/android studio/android-studio/gradle/gradle-2.14.1/lib/plugins/gradle-signing-2.14.1.jar
7f7ebf56f000-7f7ebf572000 r--s 00009000 08:01 5245859                    /home/ming/Downloads/android studio/android-studio/gradle/gradle-2.14.1/lib/plugins/gradle-scala-2.14.1.jar
7f7ebf572000-7f7ebf573000 r--s 00004000 08:01 5245883                    /home/ming/Downloads/android studio/android-studio/gradle/gradle-2.14.1/lib/plugins/gradle-resources-sftp-2.14.1.jar
7f7ebf573000-7f7ebf583000 r--s 00088000 08:01 5245836                    /home/ming/Downloads/android studio/android-studio/gradle/gradle-2.14.1/lib/plugins/joda-time-2.8.2.jar
7f7ebf583000-7f7ebf594000 r--s 000cf000 08:01 5245902                    /home/ming/Downloads/android studio/android-studio/gradle/gradle-2.14.1/lib/plugins/jackson-databind-2.3.2.jar
7f7ebf594000-7f7ebf596000 r--s 00007000 08:01 5245865                    /home/ming/Downloads/android studio/android-studio/gradle/gradle-2.14.1/lib/plugins/jackson-annotations-2.3.2.jar
7f7ebf596000-7f7ebf599000 r--s 0002e000 08:01 5245872                    /home/ming/Downloads/android studio/android-studio/gradle/gradle-2.14.1/lib/plugins/jackson-core-2.3.2.jar
7f7ebf599000-7f7ebf5a4000 r--s 0006b000 08:01 5245919                    /home/ming/Downloads/android studio/android-studio/gradle/gradle-2.14.1/lib/plugins/aws-java-sdk-core-1.9.19.jar
7f7ebf5a4000-7f7ebf5aa000 r--s 00036000 08:01 5245864                    /home/ming/Downloads/android studio/android-studio/gradle/gradle-2.14.1/lib/plugins/aws-java-sdk-kms-1.9.19.jar
7f7ebf5aa000-7f7ebf5b5000 r--s 00079000 08:01 5245851                    /home/ming/Downloads/android studio/android-studio/gradle/gradle-2.14.1/lib/plugins/aws-java-sdk-s3-1.9.19.jar
7f7ebf5b5000-7f7ebf5b6000 r--s 00003000 08:01 5245898                    /home/ming/Downloads/android studio/android-studio/gradle/gradle-2.14.1/lib/plugins/gradle-resources-s3-2.14.1.jar
7f7ebf5b6000-7f7ebf5b8000 r--s 00005000 08:01 5245893                    /home/ming/Downloads/android studio/android-studio/gradle/gradle-2.14.1/lib/plugins/jatl-0.2.2.jar
7f7ebf5b8000-7f7ebf5ba000 r--s 0000f000 08:01 5245910                    /home/ming/Downloads/android studio/android-studio/gradle/gradle-2.14.1/lib/plugins/gradle-reporting-2.14.1.jar
7f7ebf5ba000-7f7ebf5bc000 r--s 00002000 08:01 5245869                    /home/ming/Downloads/android studio/android-studio/gradle/gradle-2.14.1/lib/plugins/gradle-publish-2.14.1.jar
7f7ebf5bc000-7f7ebf5be000 r--s 00009000 08:01 5245842                    /home/ming/Downloads/android studio/android-studio/gradle/gradle-2.14.1/lib/plugins/commons-cli-1.2.jar
7f7ebf5be000-7f7ebf5c4000 r--s 00033000 08:01 5245853                    /home/ming/Downloads/android studio/android-studio/gradle/gradle-2.14.1/lib/plugins/gradle-plugins-2.14.1.jar
7f7ebf5c4000-7f7ebf5c6000 r--s 00007000 08:01 5245817                    /home/ming/Downloads/android studio/android-studio/gradle/gradle-2.14.1/lib/plugins/gradle-plugin-development-2.14.1.jar
7f7ebf5c6000-7f7ebf5cc000 r--s 0002a000 08:01 5245875                    /home/ming/Downloads/android studio/android-studio/gradle/gradle-2.14.1/lib/plugins/gradle-platform-play-2.14.1.jar
7f7ebf5cc000-7f7ebf5d9000 r--s 0004d000 08:01 5245874                    /home/ming/Downloads/android studio/android-studio/gradle/gradle-2.14.1/lib/plugins/gradle-platform-native-2.14.1.jar
7f7ebf5d9000-7f7ebf5dd000 r--s 0001a000 08:01 5245896                    /home/ming/Downloads/android studio/android-studio/gradle/gradle-2.14.1/lib/plugins/gradle-platform-jvm-2.14.1.jar
7f7ebf5dd000-7f7ebf5e4000 r--s 00029000 08:01 5245845                    /home/ming/Downloads/android studio/android-studio/gradle/gradle-2.14.1/lib/plugins/gradle-platform-base-2.14.1.jar
7f7ebf5e4000-7f7ebf605000 r--s 001c3000 08:01 5245821                    /home/ming/Downloads/android studio/android-studio/gradle/gradle-2.14.1/lib/plugins/bndlib-2.4.0.jar
7f7ebf605000-7f7ebf607000 r--s 00003000 08:01 5245901                    /home/ming/Downloads/android studio/android-studio/gradle/gradle-2.14.1/lib/plugins/gradle-osgi-2.14.1.jar
7f7ebf607000-7f7ebf60a000 r--s 0000c000 08:01 5245905                    /home/ming/Downloads/android studio/android-studio/gradle/gradle-2.14.1/lib/plugins/pmaven-groovy-0.8-20100325.jar
7f7ebf60a000-7f7ebf60b000 r--s 00004000 08:01 5245891                    /home/ming/Downloads/android studio/android-studio/gradle/gradle-2.14.1/lib/plugins/pmaven-common-0.8-20100325.jar
7f7ebf60b000-7f7ebf611000 r--s 00022000 08:01 5245844                    /home/ming/Downloads/android studio/android-studio/gradle/gradle-2.14.1/lib/plugins/gradle-maven-2.14.1.jar
7f7ebf611000-7f7ebf613000 r--s 0000a000 08:01 5245826                    /home/ming/Downloads/android studio/android-studio/gradle/gradle-2.14.1/lib/plugins/gradle-language-scala-2.14.1.jar
7f7ebf613000-7f7ebf619000 r--s 0001a000 08:01 5245831                    /home/ming/Downloads/android studio/android-studio/gradle/gradle-2.14.1/lib/plugins/gradle-language-native-2.14.1.jar
7f7ebf619000-7f7ebf61f000 r--s 00024000 08:01 5245892                    /home/ming/Downloads/android studio/android-studio/gradle/gradle-2.14.1/lib/plugins/gradle-language-java-2.14.1.jar
7f7ebf61f000-7f7ebf642000 r--s 00344000 08:01 5245866                    /home/ming/Downloads/android studio/android-studio/gradle/gradle-2.14.1/lib/plugins/core-3.1.1.jar
7f7ebf642000-7f7ebf653000 r--s 000ea000 08:01 5245912                    /home/ming/Downloads/android studio/android-studio/gradle/gradle-2.14.1/lib/plugins/jsp-2.1-6.1.14.jar
7f7ebf653000-7f7ebf669000 r-xp 00000000 08:01 1839527                    /lib/x86_64-linux-gnu/libgcc_s.so.1
7f7ebf669000-7f7ebf868000 ---p 00016000 08:01 1839527                    /lib/x86_64-linux-gnu/libgcc_s.so.1
7f7ebf868000-7f7ebf869000 rw-p 00015000 08:01 1839527                    /lib/x86_64-linux-gnu/libgcc_s.so.1
7f7ebf869000-7f7ebf9db000 r-xp 00000000 08:01 4327421                    /usr/lib/x86_64-linux-gnu/libstdc++.so.6.0.21
7f7ebf9db000-7f7ebfbdb000 ---p 00172000 08:01 4327421                    /usr/lib/x86_64-linux-gnu/libstdc++.so.6.0.21
7f7ebfbdb000-7f7ebfbe5000 r--p 00172000 08:01 4327421                    /usr/lib/x86_64-linux-gnu/libstdc++.so.6.0.21
7f7ebfbe5000-7f7ebfbe7000 rw-p 0017c000 08:01 4327421                    /usr/lib/x86_64-linux-gnu/libstdc++.so.6.0.21
7f7ebfbe7000-7f7ebfbeb000 rw-p 00000000 00:00 0 
7f7ebfbeb000-7f7ebfbef000 r-xp 00000000 08:01 7342835                    /home/ming/.gradle/native/19/linux-amd64/libnative-platform.so
7f7ebfbef000-7f7ebfdee000 ---p 00004000 08:01 7342835                    /home/ming/.gradle/native/19/linux-amd64/libnative-platform.so
7f7ebfdee000-7f7ebfdef000 rw-p 00003000 08:01 7342835                    /home/ming/.gradle/native/19/linux-amd64/libnative-platform.so
7f7ebfdef000-7f7ebfe00000 r-xp 00000000 08:01 4592809                    /usr/lib/jvm/java-8-oracle/jre/lib/amd64/libnio.so
7f7ebfe00000-7f7ebffff000 ---p 00011000 08:01 4592809                    /usr/lib/jvm/java-8-oracle/jre/lib/amd64/libnio.so
7f7ebffff000-7f7ec0000000 rw-p 00010000 08:01 4592809                    /usr/lib/jvm/java-8-oracle/jre/lib/amd64/libnio.so
7f7ec0000000-7f7ec0021000 rw-p 00000000 00:00 0 
7f7ec0021000-7f7ec4000000 ---p 00000000 00:00 0 
7f7ec4000000-7f7ec4021000 rw-p 00000000 00:00 0 
7f7ec4021000-7f7ec8000000 ---p 00000000 00:00 0 
7f7ec8000000-7f7ec9d86000 rw-p 00000000 00:00 0 
7f7ec9d86000-7f7ecc000000 ---p 00000000 00:00 0 
7f7ecc000000-7f7ecc942000 rw-p 00000000 00:00 0 
7f7ecc942000-7f7ed0000000 ---p 00000000 00:00 0 
7f7ed0000000-7f7ed0021000 rw-p 00000000 00:00 0 
7f7ed0021000-7f7ed4000000 ---p 00000000 00:00 0 
7f7ed4000000-7f7ed6003000 rw-p 00000000 00:00 0 
7f7ed6003000-7f7ed8000000 ---p 00000000 00:00 0 
7f7ed8000000-7f7ed8021000 rw-p 00000000 00:00 0 
7f7ed8021000-7f7edc000000 ---p 00000000 00:00 0 
7f7edc000000-7f7edc021000 rw-p 00000000 00:00 0 
7f7edc021000-7f7ee0000000 ---p 00000000 00:00 0 
7f7ee0000000-7f7ee0021000 rw-p 00000000 00:00 0 
7f7ee0021000-7f7ee4000000 ---p 00000000 00:00 0 
7f7ee4000000-7f7ee4034000 rw-p 00000000 00:00 0 
7f7ee4034000-7f7ee8000000 ---p 00000000 00:00 0 
7f7ee8000000-7f7ee8021000 rw-p 00000000 00:00 0 
7f7ee8021000-7f7eec000000 ---p 00000000 00:00 0 
7f7eec000000-7f7eec021000 rw-p 00000000 00:00 0 
7f7eec021000-7f7ef0000000 ---p 00000000 00:00 0 
7f7ef0000000-7f7ef0021000 rw-p 00000000 00:00 0 
7f7ef0021000-7f7ef4000000 ---p 00000000 00:00 0 
7f7ef4000000-7f7ef4002000 r--s 00008000 08:01 5245819                    /home/ming/Downloads/android studio/android-studio/gradle/gradle-2.14.1/lib/plugins/gradle-language-jvm-2.14.1.jar
7f7ef4002000-7f7ef4004000 r--s 0000a000 08:01 5245873                    /home/ming/Downloads/android studio/android-studio/gradle/gradle-2.14.1/lib/plugins/gradle-language-groovy-2.14.1.jar
7f7ef4004000-7f7ef4007000 r--s 0001e000 08:01 5245813                    /home/ming/Downloads/android studio/android-studio/gradle/gradle-2.14.1/lib/plugins/jsp-api-2.1-6.1.14.jar
7f7ef4007000-7f7ef4008000 r--s 00006000 08:01 5245903                    /home/ming/Downloads/android studio/android-studio/gradle/gradle-2.14.1/lib/plugins/jetty-naming-6.1.25.jar
7f7ef4008000-7f7ef4009000 r--s 00002000 08:01 5245861                    /home/ming/Downloads/android studio/android-studio/gradle/gradle-2.14.1/lib/plugins/geronimo-annotation_1.0_spec-1.0.jar
7f7ef4009000-7f7ef400b000 r--s 00002000 08:01 5245899                    /home/ming/Downloads/android studio/android-studio/gradle/gradle-2.14.1/lib/plugins/jetty-annotations-6.1.25.jar
7f7ef400b000-7f7ef400d000 r--s 0000d000 08:01 5245867                    /home/ming/Downloads/android studio/android-studio/gradle/gradle-2.14.1/lib/plugins/jetty-plus-6.1.25.jar
7f7ef400d000-7f7ef400f000 r--s 0001f000 08:01 5245926                    /home/ming/Downloads/android studio/android-studio/gradle/gradle-2.14.1/lib/plugins/servlet-api-2.5-20081211.jar
7f7ef400f000-7f7ef4013000 r--s 00028000 08:01 5245847                    /home/ming/Downloads/android studio/android-studio/gradle/gradle-2.14.1/lib/plugins/jetty-util-6.1.25.jar
7f7ef4013000-7f7ef401a000 r--s 0007d000 08:01 5245855                    /home/ming/Downloads/android studio/android-studio/gradle/gradle-2.14.1/lib/plugins/jetty-6.1.25.jar
7f7ef401a000-7f7ef401c000 r--s 00009000 08:01 5245908                    /home/ming/Downloads/android studio/android-studio/gradle/gradle-2.14.1/lib/plugins/gradle-jetty-2.14.1.jar
7f7ef401c000-7f7ef4023000 r--s 00035000 08:01 5245922                    /home/ming/Downloads/android studio/android-studio/gradle/gradle-2.14.1/lib/plugins/simple-4.1.21.jar
7f7ef4023000-7f7ef402f000 r--s 00100000 08:01 5245837                    /home/ming/Downloads/android studio/android-studio/gradle/gradle-2.14.1/lib/plugins/rhino-1.7R3.jar
7f7ef402f000-7f7ef4033000 r--s 00011000 08:01 5245890                    /home/ming/Downloads/android studio/android-studio/gradle/gradle-2.14.1/lib/plugins/gradle-javascript-2.14.1.jar
7f7ef4033000-7f7ef4035000 r--s 0000c000 08:01 5245924                    /home/ming/Downloads/android studio/android-studio/gradle/gradle-2.14.1/lib/plugins/gradle-jacoco-2.14.1.jar
7f7ef4035000-7f7ef4038000 r--s 0000e000 08:01 5245921                    /home/ming/Downloads/android studio/android-studio/gradle/gradle-2.14.1/lib/plugins/gradle-ivy-2.14.1.jar
7f7ef4038000-7f7ef4039000 r--s 00002000 08:01 5245913                    /home/ming/Downloads/android studio/android-studio/gradle/gradle-2.14.1/lib/plugins/gradle-ide-play-2.14.1.jar
7f7ef4039000-7f7ef403e000 r--s 0002b000 08:01 5245909                    /home/ming/Downloads/android studio/android-studio/gradle/gradle-2.14.1/lib/plugins/gradle-ide-native-2.14.1.jar
7f7ef403e000-7f7ef4049000 r--s 00066000 08:01 5245827                    /home/ming/Downloads/android studio/android-studio/gradle/gradle-2.14.1/lib/plugins/gradle-ide-2.14.1.jar
7f7ef4049000-7f7ef404a000 r--s 00008000 08:01 5245824                    /home/ming/Downloads/android studio/android-studio/gradle/gradle-2.14.1/lib/plugins/gradle-ear-2.14.1.jar
7f7ef404a000-7f7ef4050000 r--s 00032000 08:01 5245835                    /home/ming/Downloads/android studio/android-studio/gradle/gradle-2.14.1/lib/plugins/gradle-diagnostics-2.14.1.jar
7f7ef4050000-7f7ef4054000 r--s 00021000 08:01 5245911                    /home/ming/Downloads/android studio/android-studio/gradle/gradle-2.14.1/lib/plugins/gradle-code-quality-2.14.1.jar
7f7ef4054000-7f7ef4058000 r--s 0001f000 08:01 5245834                    /home/ming/Downloads/android studio/android-studio/gradle/gradle-2.14.1/lib/plugins/gradle-build-init-2.14.1.jar
7f7ef4058000-7f7ef405f000 r--s 0008e000 08:01 5245918                    /home/ming/Downloads/android studio/android-studio/gradle/gradle-2.14.1/lib/plugins/gradle-build-comparison-2.14.1.jar
7f7ef405f000-7f7ef4061000 r--s 00008000 08:01 5245894                    /home/ming/Downloads/android studio/android-studio/gradle/gradle-2.14.1/lib/plugins/gradle-antlr-2.14.1.jar
7f7ef4061000-7f7ef4063000 r--s 00004000 08:01 5245920                    /home/ming/Downloads/android studio/android-studio/gradle/gradle-2.14.1/lib/plugins/gradle-announce-2.14.1.jar
7f7ef4063000-7f7ef407b000 r--s 00115000 08:01 5245858                    /home/ming/Downloads/android studio/android-studio/gradle/gradle-2.14.1/lib/plugins/xercesImpl-2.9.1.jar
7f7ef407b000-7f7ef4083000 r--s 00028000 08:01 5245886                    /home/ming/Downloads/android studio/android-studio/gradle/gradle-2.14.1/lib/plugins/xml-apis-1.3.04.jar
7f7ef4083000-7f7ef4089000 r--s 0005b000 08:01 5245877                    /home/ming/Downloads/android studio/android-studio/gradle/gradle-2.14.1/lib/plugins/jcifs-1.3.17.jar
7f7ef4089000-7f7ef4090000 r--s 00049000 08:01 5245888                    /home/ming/Downloads/android studio/android-studio/gradle/gradle-2.14.1/lib/plugins/httpcore-4.4.4.jar
7f7ef4090000-7f7ef4096000 r--s 00033000 08:01 5245833                    /home/ming/Downloads/android studio/android-studio/gradle/gradle-2.14.1/lib/plugins/commons-codec-1.6.jar
7f7ef4096000-7f7ef4099000 r--s 0001c000 08:01 5245828                    /home/ming/Downloads/android studio/android-studio/gradle/gradle-2.14.1/lib/plugins/nekohtml-1.9.14.jar
7f7ef4099000-7f7ef40a6000 r--s 000a4000 08:01 5245906                    /home/ming/Downloads/android studio/android-studio/gradle/gradle-2.14.1/lib/plugins/httpclient-4.4.1.jar
7f7ef40a6000-7f7ef40a8000 r--s 0000a000 08:01 5245815                    /home/ming/Downloads/android studio/android-studio/gradle/gradle-2.14.1/lib/plugins/gradle-resources-http-2.14.1.jar
7f7ef40a8000-7f7ef40ac000 r--s 00014000 08:01 5245880                    /home/ming/Downloads/android studio/android-studio/gradle/gradle-2.14.1/lib/plugins/gradle-plugin-use-2.14.1.jar
7f7ef40ac000-7f7ef40ad000 r--s 00000000 08:01 5245771                    /home/ming/Downloads/android studio/android-studio/gradle/gradle-2.14.1/lib/gradle-installation-beacon-2.14.1.jar
7f7ef40ad000-7f7ef40ae000 r--s 00007000 08:01 5245843                    /home/ming/Downloads/android studio/android-studio/gradle/gradle-2.14.1/lib/plugins/wagon-http-shared4-2.4.jar
7f7ef40ae000-7f7ef40b2000 r--s 00033000 08:01 5245897                    /home/ming/Downloads/android studio/android-studio/gradle/gradle-2.14.1/lib/plugins/plexus-utils-2.0.6.jar
7f7ef40b2000-7f7ef40b6000 r--s 00021000 08:01 5245879                    /home/ming/Downloads/android studio/android-studio/gradle/gradle-2.14.1/lib/plugins/maven-model-builder-3.0.4.jar
7f7ef40b6000-7f7ef40b7000 r--s 00002000 08:01 5245832                    /home/ming/Downloads/android studio/android-studio/gradle/gradle-2.14.1/lib/plugins/wagon-file-2.4.jar
7f7ef40b7000-7f7ef40b9000 r--s 00002000 08:01 5245889                    /home/ming/Downloads/android studio/android-studio/gradle/gradle-2.14.1/lib/plugins/plexus-cipher-1.7.jar
7f7ef40b9000-7f7ef40bc000 r--s 00013000 08:01 5245925                    /home/ming/Downloads/android studio/android-studio/gradle/gradle-2.14.1/lib/plugins/aether-api-1.13.1.jar
7f7ef40bc000-7f7ef40be000 r--s 0000a000 08:01 5245848                    /home/ming/Downloads/android studio/android-studio/gradle/gradle-2.14.1/lib/plugins/maven-settings-3.0.4.jar
7f7ef40be000-7f7ef40c0000 r--s 0000d000 08:01 5245881                    /home/ming/Downloads/android studio/android-studio/gradle/gradle-2.14.1/lib/plugins/plexus-interpolation-1.14.jar
7f7ef40c0000-7f7ef40c2000 r--s 0000b000 08:01 5245904                    /home/ming/Downloads/android studio/android-studio/gradle/gradle-2.14.1/lib/plugins/maven-artifact-3.0.4.jar
7f7ef40c2000-7f7ef40c9000 r--s 0002e000 08:01 5245840                    /home/ming/Downloads/android studio/android-studio/gradle/gradle-2.14.1/lib/plugins/plexus-container-default-1.5.5.jar
7f7ef40c9000-7f7ef40cb000 r--s 0000b000 08:01 5245868                    /home/ming/Downloads/android studio/android-studio/gradle/gradle-2.14.1/lib/plugins/maven-plugin-api-3.0.4.jar
7f7ef40cb000-7f7ef40cd000 r--s 00000000 08:01 5245871                    /home/ming/Downloads/android studio/android-studio/gradle/gradle-2.14.1/lib/plugins/plexus-component-annotations-1.5.5.jar
7f7ef40cd000-7f7ef40d3000 r--s 0003f000 08:01 5245882                    /home/ming/Downloads/android studio/android-studio/gradle/gradle-2.14.1/lib/plugins/maven-compat-3.0.4.jar
7f7ef40d3000-7f7ef40d6000 r--s 00008000 08:01 5245856                    /home/ming/Downloads/android studio/android-studio/gradle/gradle-2.14.1/lib/plugins/maven-settings-builder-3.0.4.jar
7f7ef40d6000-7f7ef40d7000 r--s 00002000 08:01 5245812                    /home/ming/Downloads/android studio/android-studio/gradle/gradle-2.14.1/lib/plugins/wagon-http-2.4.jar
7f7ef40d7000-7f7ef40d9000 r--s 00026000 08:01 5245923                    /home/ming/Downloads/android studio/android-studio/gradle/gradle-2.14.1/lib/plugins/maven-model-3.0.4.jar
7f7ef40d9000-7f7ef40db000 r--s 00006000 08:01 5245900                    /home/ming/Downloads/android studio/android-studio/gradle/gradle-2.14.1/lib/plugins/aether-connector-wagon-1.13.1.jar
7f7ef40db000-7f7ef40dd000 r--s 0000a000 08:01 5245841                    /home/ming/Downloads/android studio/android-studio/gradle/gradle-2.14.1/lib/plugins/plexus-classworlds-2.4.jar
7f7ef40dd000-7f7ef40df000 r--s 00006000 08:01 5245884                    /home/ming/Downloads/android studio/android-studio/gradle/gradle-2.14.1/lib/plugins/maven-repository-metadata-3.0.4.jar
7f7ef40df000-7f7ef40e1000 r--s 0000c000 08:01 5245860                    /home/ming/Downloads/android studio/android-studio/gradle/gradle-2.14.1/lib/plugins/maven-aether-provider-3.0.4.jar
7f7ef40e1000-7f7ef40e3000 r--s 0000b000 08:01 5245850                    /home/ming/Downloads/android studio/android-studio/gradle/gradle-2.14.1/lib/plugins/wagon-provider-api-2.4.jar
7f7ef40e3000-7f7ef40e4000 r--s 00003000 08:01 5245816                    /home/ming/Downloads/android studio/android-studio/gradle/gradle-2.14.1/lib/plugins/aether-spi-1.13.1.jar
7f7ef40e4000-7f7ef40e8000 r--s 0001c000 08:01 5245914                    /home/ming/Downloads/android studio/android-studio/gradle/gradle-2.14.1/lib/plugins/aether-util-1.13.1.jar
7f7ef40e8000-7f7ef40eb000 r--s 0001d000 08:01 5245878                    /home/ming/Downloads/android studio/android-studio/gradle/gradle-2.14.1/lib/plugins/aether-impl-1.13.1.jar
7f7ef40eb000-7f7ef40ec000 r--s 00006000 08:01 5245885                    /home/ming/Downloads/android studio/android-studio/gradle/gradle-2.14.1/lib/plugins/plexus-sec-dispatcher-1.3.jar
7f7ef40ec000-7f7ef40f1000 r--s 00040000 08:01 5245818                    /home/ming/Downloads/android studio/android-studio/gradle/gradle-2.14.1/lib/plugins/jsch-0.1.53.jar
7f7ef40f1000-7f7ef4131000 r--s 00277000 08:01 5245822                    /home/ming/Downloads/android studio/android-studio/gradle/gradle-2.14.1/lib/plugins/bcprov-jdk15on-1.51.jar
7f7ef4131000-7f7ef4135000 r--s 0001d000 08:01 5245863                    /home/ming/Downloads/android studio/android-studio/gradle/gradle-2.14.1/lib/plugins/xbean-reflect-3.4.jar
7f7ef4135000-7f7ef4141000 r--s 0007d000 08:01 5245887                    /home/ming/Downloads/android studio/android-studio/gradle/gradle-2.14.1/lib/plugins/maven-core-3.0.4.jar
7f7ef4141000-7f7ef4146000 r--s 0002a000 08:01 5245857                    /home/ming/Downloads/android studio/android-studio/gradle/gradle-2.14.1/lib/plugins/gson-2.2.4.jar
7f7ef4146000-7f7ef4155000 r--s 000d9000 08:01 5245838                    /home/ming/Downloads/android studio/android-studio/gradle/gradle-2.14.1/lib/plugins/ivy-2.2.0.jar
7f7ef4155000-7f7ef4171000 r--s 000d3000 08:01 5245862                    /home/ming/Downloads/android studio/android-studio/gradle/gradle-2.14.1/lib/plugins/gradle-dependency-management-2.14.1.jar
7f7ef4171000-7f7ef4472000 rw-p 00000000 00:00 0 
7f7ef4472000-7f7ef4488000 r-xp 00000000 08:01 4592786                    /usr/lib/jvm/java-8-oracle/jre/lib/amd64/libnet.so
7f7ef4488000-7f7ef4688000 ---p 00016000 08:01 4592786                    /usr/lib/jvm/java-8-oracle/jre/lib/amd64/libnet.so
7f7ef4688000-7f7ef4689000 rw-p 00016000 08:01 4592786                    /usr/lib/jvm/java-8-oracle/jre/lib/amd64/libnet.so
7f7ef4689000-7f7ef468b000 r--s 00005000 08:01 5245781                    /home/ming/Downloads/android studio/android-studio/gradle/gradle-2.14.1/lib/gradle-wrapper-2.14.1.jar
7f7ef468b000-7f7ef4699000 r--s 0004f000 08:01 5245766                    /home/ming/Downloads/android studio/android-studio/gradle/gradle-2.14.1/lib/gradle-tooling-api-2.14.1.jar
7f7ef4699000-7f7ef469b000 r--s 00002000 08:01 5245770                    /home/ming/Downloads/android studio/android-studio/gradle/gradle-2.14.1/lib/gradle-open-api-2.14.1.jar
7f7ef469b000-7f7ef46a1000 r--s 00032000 08:01 5245804                    /home/ming/Downloads/android studio/android-studio/gradle/gradle-2.14.1/lib/jaxen-1.1.jar
7f7ef46a1000-7f7ef46a6000 r--s 00048000 08:01 5245769                    /home/ming/Downloads/android studio/android-studio/gradle/gradle-2.14.1/lib/dom4j-1.6.1.jar
7f7ef46a6000-7f7ef46b1000 r--s 00059000 08:01 5245798                    /home/ming/Downloads/android studio/android-studio/gradle/gradle-2.14.1/lib/gradle-ui-2.14.1.jar
7f7ef46b1000-7f7ef46b4000 r--s 0000b000 08:01 5245927                    /home/ming/Downloads/android studio/android-studio/gradle/gradle-2.14.1/lib/gradle-resources-2.14.1.jar
7f7ef46b4000-7f7ef46b6000 r--s 00003000 08:01 5245807                    /home/ming/Downloads/android studio/android-studio/gradle/gradle-2.14.1/lib/jcl-over-slf4j-1.7.10.jar
7f7ef46b6000-7f7ef46b7000 r--s 00005000 08:01 5245801                    /home/ming/Downloads/android studio/android-studio/gradle/gradle-2.14.1/lib/log4j-over-slf4j-1.7.10.jar
7f7ef46b7000-7f7ef46b9000 r--s 00000000 08:01 5245928                    /home/ming/Downloads/android studio/android-studio/gradle/gradle-2.14.1/lib/jul-to-slf4j-1.7.10.jar
7f7ef46b9000-7f7ef46be000 r--s 0001c000 08:01 5245779                    /home/ming/Downloads/android studio/android-studio/gradle/gradle-2.14.1/lib/gradle-logging-2.14.1.jar
7f7ef46be000-7f7ef46c0000 r--s 00007000 08:01 5245810                    /home/ming/Downloads/android studio/android-studio/gradle/gradle-2.14.1/lib/objenesis-1.2.jar
7f7ef46c0000-7f7ef46c2000 r--s 00000000 08:01 5245774                    /home/ming/Downloads/android studio/android-studio/gradle/gradle-2.14.1/lib/minlog-1.2.jar
7f7ef46c2000-7f7ef46c4000 r--s 0000f000 08:01 5245785                    /home/ming/Downloads/android studio/android-studio/gradle/gradle-2.14.1/lib/reflectasm-1.07-shaded.jar
7f7ef46c4000-7f7ef46c8000 r--s 00026000 08:01 5245799                    /home/ming/Downloads/android studio/android-studio/gradle/gradle-2.14.1/lib/kryo-2.20.jar
7f7ef46c8000-7f7ef46ce000 r--s 00025000 08:01 5245768                    /home/ming/Downloads/android studio/android-studio/gradle/gradle-2.14.1/lib/gradle-messaging-2.14.1.jar
7f7ef46ce000-7f7ef46cf000 r--s 00003000 08:01 5245806                    /home/ming/Downloads/android studio/android-studio/gradle/gradle-2.14.1/lib/native-platform-freebsd-amd64-0.10.jar
7f7ef46cf000-7f7ef46d0000 r--s 00003000 08:01 5245788                    /home/ming/Downloads/android studio/android-studio/gradle/gradle-2.14.1/lib/native-platform-freebsd-i386-0.10.jar
7f7ef46d0000-7f7ef46d1000 r--s 00005000 08:01 5245776                    /home/ming/Downloads/android studio/android-studio/gradle/gradle-2.14.1/lib/native-platform-windows-i386-0.10.jar
7f7ef46d1000-7f7ef46d2000 r--s 00005000 08:01 5245775                    /home/ming/Downloads/android studio/android-studio/gradle/gradle-2.14.1/lib/native-platform-windows-amd64-0.10.jar
7f7ef46d2000-7f7ef46d3000 r--s 00003000 08:01 5245789                    /home/ming/Downloads/android studio/android-studio/gradle/gradle-2.14.1/lib/native-platform-linux-i386-0.10.jar
7f7ef46d3000-7f7ef46d4000 r--s 00003000 08:01 5245773                    /home/ming/Downloads/android studio/android-studio/gradle/gradle-2.14.1/lib/native-platform-linux-amd64-0.10.jar
7f7ef46d4000-7f7ef46d5000 r--s 00002000 08:01 5245772                    /home/ming/Downloads/android studio/android-studio/gradle/gradle-2.14.1/lib/native-platform-osx-amd64-0.10.jar
7f7ef46d5000-7f7ef46d7000 r--s 00008000 08:01 5245803                    /home/ming/Downloads/android studio/android-studio/gradle/gradle-2.14.1/lib/jansi-1.2.1.jar
7f7ef46d7000-7f7ef46da000 r--s 0000d000 08:01 5245797                    /home/ming/Downloads/android studio/android-studio/gradle/gradle-2.14.1/lib/native-platform-0.10.jar
7f7ef46da000-7f7ef46de000 r--s 000e4000 08:01 5245796                    /home/ming/Downloads/android studio/android-studio/gradle/gradle-2.14.1/lib/jna-3.2.7.jar
7f7ef46de000-7f7ef46e0000 r--s 00009000 08:01 5245808                    /home/ming/Downloads/android studio/android-studio/gradle/gradle-2.14.1/lib/gradle-native-2.14.1.jar
7f7ef46e0000-7f7ef46ef000 r--s 00080000 08:01 5245794                    /home/ming/Downloads/android studio/android-studio/gradle/gradle-2.14.1/lib/gradle-model-core-2.14.1.jar
7f7ef46ef000-7f7ef46fc000 r--s 00083000 08:01 5245929                    /home/ming/Downloads/android studio/android-studio/gradle/gradle-2.14.1/lib/commons-collections-3.2.2.jar
7f7ef46fc000-7f7ef476b000 r--s 0063e000 08:01 5245931                    /home/ming/Downloads/android studio/android-studio/gradle/gradle-2.14.1/lib/groovy-all-2.4.4.jar
7f7ef476b000-7f7ef4793000 r--s 001cf000 08:01 5245782                    /home/ming/Downloads/android studio/android-studio/gradle/gradle-2.14.1/lib/guava-jdk5-17.0.jar
7f7ef4793000-7f7ef47b2000 r--s 001d1000 08:01 5245780                    /home/ming/Downloads/android studio/android-studio/gradle/gradle-2.14.1/lib/ant-1.9.6.jar
7f7ef47b2000-7f7ef47e9000 r--s 001bd000 08:01 5245783                    /home/ming/Downloads/android studio/android-studio/gradle/gradle-2.14.1/lib/gradle-core-2.14.1.jar
7f7ef47e9000-7f7ef47ea000 ---p 00000000 00:00 0 
7f7ef47ea000-7f7ef48ea000 rw-p 00000000 00:00 0 
7f7ef48ea000-7f7ef48ed000 ---p 00000000 00:00 0 
7f7ef48ed000-7f7ef49eb000 rw-p 00000000 00:00 0 
7f7ef49eb000-7f7ef49ee000 ---p 00000000 00:00 0 
7f7ef49ee000-7f7ef4aec000 rw-p 00000000 00:00 0 
7f7ef4aec000-7f7ef4aef000 ---p 00000000 00:00 0 
7f7ef4aef000-7f7ef4bed000 rw-p 00000000 00:00 0 
7f7ef4bed000-7f7ef4bf0000 ---p 00000000 00:00 0 
7f7ef4bf0000-7f7ef4cee000 rw-p 00000000 00:00 0 
7f7ef4cee000-7f7ef4cf1000 ---p 00000000 00:00 0 
7f7ef4cf1000-7f7ef4def000 rw-p 00000000 00:00 0 
7f7ef4def000-7f7ef57ae000 r--p 00000000 08:01 4332457                    /usr/lib/locale/locale-archive
7f7ef57ae000-7f7ef57b1000 ---p 00000000 00:00 0 
7f7ef57b1000-7f7ef58af000 rw-p 00000000 00:00 0 
7f7ef58af000-7f7ef58b2000 ---p 00000000 00:00 0 
7f7ef58b2000-7f7ef59b0000 rw-p 00000000 00:00 0 
7f7ef59b0000-7f7ef59b1000 ---p 00000000 00:00 0 
7f7ef59b1000-7f7ef9000000 rw-p 00000000 00:00 0 
7f7ef9000000-7f7ef9b00000 rwxp 00000000 00:00 0 
7f7ef9b00000-7f7f08000000 ---p 00000000 00:00 0 
7f7f08000000-7f7f08bff000 rw-p 00000000 00:00 0 
7f7f08bff000-7f7f0c000000 ---p 00000000 00:00 0 
7f7f0c000000-7f7f0c001000 r--s 00002000 08:01 5245802                    /home/ming/Downloads/android studio/android-studio/gradle/gradle-2.14.1/lib/native-platform-osx-i386-0.10.jar
7f7f0c001000-7f7f0c003000 r--s 00005000 08:01 5245809                    /home/ming/Downloads/android studio/android-studio/gradle/gradle-2.14.1/lib/gradle-cli-2.14.1.jar
7f7f0c003000-7f7f0c005000 r--s 00007000 08:01 5245778                    /home/ming/Downloads/android studio/android-studio/gradle/gradle-2.14.1/lib/gradle-model-groovy-2.14.1.jar
7f7f0c005000-7f7f0c006000 r--s 00006000 08:01 5245793                    /home/ming/Downloads/android studio/android-studio/gradle/gradle-2.14.1/lib/gradle-base-services-groovy-2.14.1.jar
7f7f0c006000-7f7f0c007000 r--s 00002000 08:01 5245786                    /home/ming/Downloads/android studio/android-studio/gradle/gradle-2.14.1/lib/gradle-docs-2.14.1.jar
7f7f0c007000-7f7f0c008000 r--s 00000000 08:01 5245930                    /home/ming/Downloads/android studio/android-studio/gradle/gradle-2.14.1/lib/javax.inject-1.jar
7f7f0c008000-7f7f0c00c000 r--s 00027000 08:01 5245800                    /home/ming/Downloads/android studio/android-studio/gradle/gradle-2.14.1/lib/commons-io-2.2.jar
7f7f0c00c000-7f7f0c011000 r--s 00038000 08:01 5245790                    /home/ming/Downloads/android studio/android-studio/gradle/gradle-2.14.1/lib/asm-all-5.1.jar
7f7f0c011000-7f7f0c019000 r--s 0003a000 08:01 5245791                    /home/ming/Downloads/android studio/android-studio/gradle/gradle-2.14.1/lib/gradle-base-services-2.14.1.jar
7f7f0c019000-7f7f0c28b000 rw-p 00000000 00:00 0 
7f7f0c28b000-7f7f0c464000 r--s 03d29000 08:01 4592778                    /usr/lib/jvm/java-8-oracle/jre/lib/rt.jar
7f7f0c464000-7f7f0c6da000 rw-p 00000000 00:00 0 
7f7f0c6da000-7f7f0c6db000 ---p 00000000 00:00 0 
7f7f0c6db000-7f7f0c7db000 rw-p 00000000 00:00 0 
7f7f0c7db000-7f7f0c7dc000 ---p 00000000 00:00 0 
7f7f0c7dc000-7f7f0c8dc000 rw-p 00000000 00:00 0 
7f7f0c8dc000-7f7f0c8dd000 ---p 00000000 00:00 0 
7f7f0c8dd000-7f7f0c9dd000 rw-p 00000000 00:00 0 
7f7f0c9dd000-7f7f0c9de000 ---p 00000000 00:00 0 
7f7f0c9de000-7f7f0cb00000 rw-p 00000000 00:00 0 
7f7f0cb00000-7f7f0cc34000 ---p 00000000 00:00 0 
7f7f0cc34000-7f7f0cc56000 rw-p 00000000 00:00 0 
7f7f0cc56000-7f7f0cd89000 ---p 00000000 00:00 0 
7f7f0cd89000-7f7f0cdba000 rw-p 00000000 00:00 0 
7f7f0cdba000-7f7f0ce34000 ---p 00000000 00:00 0 
7f7f0ce34000-7f7f0ce61000 rw-p 00000000 00:00 0 
7f7f0ce61000-7f7f0d1f5000 ---p 00000000 00:00 0 
7f7f0d1f5000-7f7f0d20f000 r-xp 00000000 08:01 4592807                    /usr/lib/jvm/java-8-oracle/jre/lib/amd64/libzip.so
7f7f0d20f000-7f7f0d40f000 ---p 0001a000 08:01 4592807                    /usr/lib/jvm/java-8-oracle/jre/lib/amd64/libzip.so
7f7f0d40f000-7f7f0d410000 rw-p 0001a000 08:01 4592807                    /usr/lib/jvm/java-8-oracle/jre/lib/amd64/libzip.so
7f7f0d410000-7f7f0d41b000 r-xp 00000000 08:01 1839588                    /lib/x86_64-linux-gnu/libnss_files-2.23.so
7f7f0d41b000-7f7f0d61a000 ---p 0000b000 08:01 1839588                    /lib/x86_64-linux-gnu/libnss_files-2.23.so
7f7f0d61a000-7f7f0d61b000 r--p 0000a000 08:01 1839588                    /lib/x86_64-linux-gnu/libnss_files-2.23.so
7f7f0d61b000-7f7f0d61c000 rw-p 0000b000 08:01 1839588                    /lib/x86_64-linux-gnu/libnss_files-2.23.so
7f7f0d61c000-7f7f0d622000 rw-p 00000000 00:00 0 
7f7f0d622000-7f7f0d62d000 r-xp 00000000 08:01 1839598                    /lib/x86_64-linux-gnu/libnss_nis-2.23.so
7f7f0d62d000-7f7f0d82c000 ---p 0000b000 08:01 1839598                    /lib/x86_64-linux-gnu/libnss_nis-2.23.so
7f7f0d82c000-7f7f0d82d000 r--p 0000a000 08:01 1839598                    /lib/x86_64-linux-gnu/libnss_nis-2.23.so
7f7f0d82d000-7f7f0d82e000 rw-p 0000b000 08:01 1839598                    /lib/x86_64-linux-gnu/libnss_nis-2.23.so
7f7f0d82e000-7f7f0d844000 r-xp 00000000 08:01 1839582                    /lib/x86_64-linux-gnu/libnsl-2.23.so
7f7f0d844000-7f7f0da43000 ---p 00016000 08:01 1839582                    /lib/x86_64-linux-gnu/libnsl-2.23.so
7f7f0da43000-7f7f0da44000 r--p 00015000 08:01 1839582                    /lib/x86_64-linux-gnu/libnsl-2.23.so
7f7f0da44000-7f7f0da45000 rw-p 00016000 08:01 1839582                    /lib/x86_64-linux-gnu/libnsl-2.23.so
7f7f0da45000-7f7f0da47000 rw-p 00000000 00:00 0 
7f7f0da47000-7f7f0da4f000 r-xp 00000000 08:01 1839584                    /lib/x86_64-linux-gnu/libnss_compat-2.23.so
7f7f0da4f000-7f7f0dc4e000 ---p 00008000 08:01 1839584                    /lib/x86_64-linux-gnu/libnss_compat-2.23.so
7f7f0dc4e000-7f7f0dc4f000 r--p 00007000 08:01 1839584                    /lib/x86_64-linux-gnu/libnss_compat-2.23.so
7f7f0dc4f000-7f7f0dc50000 rw-p 00008000 08:01 1839584                    /lib/x86_64-linux-gnu/libnss_compat-2.23.so
7f7f0dc50000-7f7f0dc7a000 r-xp 00000000 08:01 4592831                    /usr/lib/jvm/java-8-oracle/jre/lib/amd64/libjava.so
7f7f0dc7a000-7f7f0de7a000 ---p 0002a000 08:01 4592831                    /usr/lib/jvm/java-8-oracle/jre/lib/amd64/libjava.so
7f7f0de7a000-7f7f0de7c000 rw-p 0002a000 08:01 4592831                    /usr/lib/jvm/java-8-oracle/jre/lib/amd64/libjava.so
7f7f0de7c000-7f7f0de89000 r-xp 00000000 08:01 4592787                    /usr/lib/jvm/java-8-oracle/jre/lib/amd64/libverify.so
7f7f0de89000-7f7f0e089000 ---p 0000d000 08:01 4592787                    /usr/lib/jvm/java-8-oracle/jre/lib/amd64/libverify.so
7f7f0e089000-7f7f0e08b000 rw-p 0000d000 08:01 4592787                    /usr/lib/jvm/java-8-oracle/jre/lib/amd64/libverify.so
7f7f0e08b000-7f7f0e092000 r-xp 00000000 08:01 1839643                    /lib/x86_64-linux-gnu/librt-2.23.so
7f7f0e092000-7f7f0e291000 ---p 00007000 08:01 1839643                    /lib/x86_64-linux-gnu/librt-2.23.so
7f7f0e291000-7f7f0e292000 r--p 00006000 08:01 1839643                    /lib/x86_64-linux-gnu/librt-2.23.so
7f7f0e292000-7f7f0e293000 rw-p 00007000 08:01 1839643                    /lib/x86_64-linux-gnu/librt-2.23.so
7f7f0e293000-7f7f0e39b000 r-xp 00000000 08:01 1839559                    /lib/x86_64-linux-gnu/libm-2.23.so
7f7f0e39b000-7f7f0e59a000 ---p 00108000 08:01 1839559                    /lib/x86_64-linux-gnu/libm-2.23.so
7f7f0e59a000-7f7f0e59b000 r--p 00107000 08:01 1839559                    /lib/x86_64-linux-gnu/libm-2.23.so
7f7f0e59b000-7f7f0e59c000 rw-p 00108000 08:01 1839559                    /lib/x86_64-linux-gnu/libm-2.23.so
7f7f0e59c000-7f7f0f267000 r-xp 00000000 08:01 4719822                    /usr/lib/jvm/java-8-oracle/jre/lib/amd64/server/libjvm.so
7f7f0f267000-7f7f0f466000 ---p 00ccb000 08:01 4719822                    /usr/lib/jvm/java-8-oracle/jre/lib/amd64/server/libjvm.so
7f7f0f466000-7f7f0f53f000 rw-p 00cca000 08:01 4719822                    /usr/lib/jvm/java-8-oracle/jre/lib/amd64/server/libjvm.so
7f7f0f53f000-7f7f0f58a000 rw-p 00000000 00:00 0 
7f7f0f58a000-7f7f0f74a000 r-xp 00000000 08:01 1839489                    /lib/x86_64-linux-gnu/libc-2.23.so
7f7f0f74a000-7f7f0f949000 ---p 001c0000 08:01 1839489                    /lib/x86_64-linux-gnu/libc-2.23.so
7f7f0f949000-7f7f0f94d000 r--p 001bf000 08:01 1839489                    /lib/x86_64-linux-gnu/libc-2.23.so
7f7f0f94d000-7f7f0f94f000 rw-p 001c3000 08:01 1839489                    /lib/x86_64-linux-gnu/libc-2.23.so
7f7f0f94f000-7f7f0f953000 rw-p 00000000 00:00 0 
7f7f0f953000-7f7f0f956000 r-xp 00000000 08:01 1839513                    /lib/x86_64-linux-gnu/libdl-2.23.so
7f7f0f956000-7f7f0fb55000 ---p 00003000 08:01 1839513                    /lib/x86_64-linux-gnu/libdl-2.23.so
7f7f0fb55000-7f7f0fb56000 r--p 00002000 08:01 1839513                    /lib/x86_64-linux-gnu/libdl-2.23.so
7f7f0fb56000-7f7f0fb57000 rw-p 00003000 08:01 1839513                    /lib/x86_64-linux-gnu/libdl-2.23.so
7f7f0fb57000-7f7f0fb6c000 r-xp 00000000 08:01 4461942                    /usr/lib/jvm/java-8-oracle/lib/amd64/jli/libjli.so
7f7f0fb6c000-7f7f0fd6c000 ---p 00015000 08:01 4461942                    /usr/lib/jvm/java-8-oracle/lib/amd64/jli/libjli.so
7f7f0fd6c000-7f7f0fd6d000 rw-p 00015000 08:01 4461942                    /usr/lib/jvm/java-8-oracle/lib/amd64/jli/libjli.so
7f7f0fd6d000-7f7f0fd85000 r-xp 00000000 08:01 1839635                    /lib/x86_64-linux-gnu/libpthread-2.23.so
7f7f0fd85000-7f7f0ff84000 ---p 00018000 08:01 1839635                    /lib/x86_64-linux-gnu/libpthread-2.23.so
7f7f0ff84000-7f7f0ff85000 r--p 00017000 08:01 1839635                    /lib/x86_64-linux-gnu/libpthread-2.23.so
7f7f0ff85000-7f7f0ff86000 rw-p 00018000 08:01 1839635                    /lib/x86_64-linux-gnu/libpthread-2.23.so
7f7f0ff86000-7f7f0ff8a000 rw-p 00000000 00:00 0 
7f7f0ff8a000-7f7f0ffb0000 r-xp 00000000 08:01 1839461                    /lib/x86_64-linux-gnu/ld-2.23.so
7f7f0ffb0000-7f7f0ffb1000 r--s 00000000 08:01 5245784                    /home/ming/Downloads/android studio/android-studio/gradle/gradle-2.14.1/lib/jcip-annotations-1.0.jar
7f7f0ffb1000-7f7f0ffb6000 r--s 00041000 08:01 5245792                    /home/ming/Downloads/android studio/android-studio/gradle/gradle-2.14.1/lib/commons-lang-2.6.jar
7f7f0ffb6000-7f7f1008f000 rw-p 00000000 00:00 0 
7f7f1008f000-7f7f10092000 ---p 00000000 00:00 0 
7f7f10092000-7f7f10194000 rw-p 00000000 00:00 0 
7f7f10194000-7f7f10195000 r--s 00001000 08:01 5245805                    /home/ming/Downloads/android studio/android-studio/gradle/gradle-2.14.1/lib/gradle-process-services-2.14.1.jar
7f7f10195000-7f7f10196000 r--s 00000000 08:01 5245767                    /home/ming/Downloads/android studio/android-studio/gradle/gradle-2.14.1/lib/gradle-jvm-services-2.14.1.jar
7f7f10196000-7f7f10197000 r--s 00007000 08:01 5245777                    /home/ming/Downloads/android studio/android-studio/gradle/gradle-2.14.1/lib/slf4j-api-1.7.10.jar
7f7f10197000-7f7f10198000 r--s 00004000 08:01 5245795                    /home/ming/Downloads/android studio/android-studio/gradle/gradle-2.14.1/lib/ant-launcher-1.9.6.jar
7f7f10198000-7f7f101a3000 r--s 00051000 08:01 5245787                    /home/ming/Downloads/android studio/android-studio/gradle/gradle-2.14.1/lib/gradle-launcher-2.14.1.jar
7f7f101a3000-7f7f101ab000 rw-s 00000000 08:01 14680207                   /tmp/hsperfdata_ming/4409
7f7f101ab000-7f7f101ac000 rw-p 00000000 00:00 0 
7f7f101ac000-7f7f101ad000 r--p 00000000 00:00 0 
7f7f101ad000-7f7f101af000 rw-p 00000000 00:00 0 
7f7f101af000-7f7f101b0000 r--p 00025000 08:01 1839461                    /lib/x86_64-linux-gnu/ld-2.23.so
7f7f101b0000-7f7f101b1000 rw-p 00026000 08:01 1839461                    /lib/x86_64-linux-gnu/ld-2.23.so
7f7f101b1000-7f7f101b2000 rw-p 00000000 00:00 0 
7ffc18d1c000-7ffc18d3d000 rw-p 00000000 00:00 0                          [stack]
7ffc18d50000-7ffc18d52000 r--p 00000000 00:00 0                          [vvar]
7ffc18d52000-7ffc18d54000 r-xp 00000000 00:00 0                          [vdso]
ffffffffff600000-ffffffffff601000 r-xp 00000000 00:00 0                  [vsyscall]

VM Arguments:
jvm_args: -XX:MaxPermSize=256m -XX:+HeapDumpOnOutOfMemoryError -Xmx1024m -Dfile.encoding=UTF-8 -Duser.country=IN -Duser.language=en -Duser.variant 
java_command: org.gradle.launcher.daemon.bootstrap.GradleDaemon 2.14.1
java_class_path (initial): /home/ming/Downloads/android studio/android-studio/gradle/gradle-2.14.1/lib/gradle-launcher-2.14.1.jar
Launcher Type: SUN_STANDARD

Environment Variables:
JAVA_HOME=/usr/lib/jvm/java-8-openjdk-amd64
PATH=/home/ming/bin:/home/ming/.local/bin:/usr/local/sbin:/usr/local/bin:/usr/sbin:/usr/bin:/sbin:/bin:/usr/games:/usr/local/games:/snap/bin
SHELL=/bin/bash
DISPLAY=:0

Signal Handlers:
SIGSEGV: [libjvm.so+0xac4790], sa_mask[0]=11111111011111111101111111111110, sa_flags=SA_RESTART|SA_SIGINFO
SIGBUS: [libjvm.so+0xac4790], sa_mask[0]=11111111011111111101111111111110, sa_flags=SA_RESTART|SA_SIGINFO
SIGFPE: [libjvm.so+0x91f140], sa_mask[0]=11111111011111111101111111111110, sa_flags=SA_RESTART|SA_SIGINFO
SIGPIPE: [libjvm.so+0x91f140], sa_mask[0]=11111111011111111101111111111110, sa_flags=SA_RESTART|SA_SIGINFO
SIGXFSZ: [libjvm.so+0x91f140], sa_mask[0]=11111111011111111101111111111110, sa_flags=SA_RESTART|SA_SIGINFO
SIGILL: [libjvm.so+0x91f140], sa_mask[0]=11111111011111111101111111111110, sa_flags=SA_RESTART|SA_SIGINFO
SIGUSR1: SIG_DFL, sa_mask[0]=00000000000000000000000000000000, sa_flags=none
SIGUSR2: [libjvm.so+0x920770], sa_mask[0]=00100000000000000000000000000000, sa_flags=SA_RESTART|SA_SIGINFO
SIGHUP: [libjvm.so+0x921b70], sa_mask[0]=11111111011111111101111111111110, sa_flags=SA_RESTART|SA_SIGINFO
SIGINT: [libjvm.so+0x921b70], sa_mask[0]=11111111011111111101111111111110, sa_flags=SA_RESTART|SA_SIGINFO
SIGTERM: [libjvm.so+0x921b70], sa_mask[0]=11111111011111111101111111111110, sa_flags=SA_RESTART|SA_SIGINFO
SIGQUIT: [libjvm.so+0x921b70], sa_mask[0]=11111111011111111101111111111110, sa_flags=SA_RESTART|SA_SIGINFO


---------------  S Y S T E M  ---------------

OS:DISTRIB_ID=Ubuntu
DISTRIB_RELEASE=16.04
DISTRIB_CODENAME=xenial
DISTRIB_DESCRIPTION="Ubuntu 16.04.1 LTS"

uname:Linux 4.4.0-38-generic #57-Ubuntu SMP Tue Sep 6 15:42:33 UTC 2016 x86_64
libc:glibc 2.23 NPTL 2.23 
rlimit: STACK 8192k, CORE 0k, NPROC 31278, NOFILE 65536, AS infinity
load average:2.04 4.06 2.43

/proc/meminfo:
MemTotal:        8047424 kB
MemFree:         3728900 kB
MemAvailable:    5274264 kB
Buffers:          134396 kB
Cached:          1747540 kB
SwapCached:            0 kB
Active:          2948472 kB
Inactive:        1105364 kB
Active(anon):    2173764 kB
Inactive(anon):   166184 kB
Active(file):     774708 kB
Inactive(file):   939180 kB
Unevictable:         200 kB
Mlocked:             200 kB
SwapTotal:             0 kB
SwapFree:              0 kB
Dirty:               280 kB
Writeback:             0 kB
AnonPages:       2172252 kB
Mapped:           347836 kB
Shmem:            167968 kB
Slab:             148812 kB
SReclaimable:     109940 kB
SUnreclaim:        38872 kB
KernelStack:        9824 kB
PageTables:        36836 kB
NFS_Unstable:          0 kB
Bounce:                0 kB
WritebackTmp:          0 kB
CommitLimit:     4023712 kB
Committed_AS:    5899100 kB
VmallocTotal:   34359738367 kB
VmallocUsed:           0 kB
VmallocChunk:          0 kB
HardwareCorrupted:     0 kB
AnonHugePages:    778240 kB
CmaTotal:              0 kB
CmaFree:               0 kB
HugePages_Total:       0
HugePages_Free:        0
HugePages_Rsvd:        0
HugePages_Surp:        0
Hugepagesize:       2048 kB
DirectMap4k:      120572 kB
DirectMap2M:     8140800 kB


CPU:total 4 (2 cores per cpu, 2 threads per core) family 6 model 58 stepping 9, cmov, cx8, fxsr, mmx, sse, sse2, sse3, ssse3, sse4.1, sse4.2, popcnt, avx, aes, clmul, erms, ht, tsc, tscinvbit, tscinv

/proc/cpuinfo:
processor	: 0
vendor_id	: GenuineIntel
cpu family	: 6
model		: 58
model name	: Intel(R) Core(TM) i5-3337U CPU @ 1.80GHz
stepping	: 9
microcode	: 0x17
cpu MHz		: 2499.960
cache size	: 3072 KB
physical id	: 0
siblings	: 4
core id		: 0
cpu cores	: 2
apicid		: 0
initial apicid	: 0
fpu		: yes
fpu_exception	: yes
cpuid level	: 13
wp		: yes
flags		: fpu vme de pse tsc msr pae mce cx8 apic sep mtrr pge mca cmov pat pse36 clflush dts acpi mmx fxsr sse sse2 ss ht tm pbe syscall nx rdtscp lm constant_tsc arch_perfmon pebs bts rep_good nopl xtopology nonstop_tsc aperfmperf eagerfpu pni pclmulqdq dtes64 monitor ds_cpl vmx est tm2 ssse3 cx16 xtpr pdcm pcid sse4_1 sse4_2 x2apic popcnt tsc_deadline_timer aes xsave avx f16c rdrand lahf_lm epb tpr_shadow vnmi flexpriority ept vpid fsgsbase smep erms xsaveopt dtherm ida arat pln pts
bugs		:
bogomips	: 3591.89
clflush size	: 64
cache_alignment	: 64
address sizes	: 36 bits physical, 48 bits virtual
power management:

processor	: 1
vendor_id	: GenuineIntel
cpu family	: 6
model		: 58
model name	: Intel(R) Core(TM) i5-3337U CPU @ 1.80GHz
stepping	: 9
microcode	: 0x17
cpu MHz		: 2499.960
cache size	: 3072 KB
physical id	: 0
siblings	: 4
core id		: 0
cpu cores	: 2
apicid		: 1
initial apicid	: 1
fpu		: yes
fpu_exception	: yes
cpuid level	: 13
wp		: yes
flags		: fpu vme de pse tsc msr pae mce cx8 apic sep mtrr pge mca cmov pat pse36 clflush dts acpi mmx fxsr sse sse2 ss ht tm pbe syscall nx rdtscp lm constant_tsc arch_perfmon pebs bts rep_good nopl xtopology nonstop_tsc aperfmperf eagerfpu pni pclmulqdq dtes64 monitor ds_cpl vmx est tm2 ssse3 cx16 xtpr pdcm pcid sse4_1 sse4_2 x2apic popcnt tsc_deadline_timer aes xsave avx f16c rdrand lahf_lm epb tpr_shadow vnmi flexpriority ept vpid fsgsbase smep erms xsaveopt dtherm ida arat pln pts
bugs		:
bogomips	: 3591.89
clflush size	: 64
cache_alignment	: 64
address sizes	: 36 bits physical, 48 bits virtual
power management:

processor	: 2
vendor_id	: GenuineIntel
cpu family	: 6
model		: 58
model name	: Intel(R) Core(TM) i5-3337U CPU @ 1.80GHz
stepping	: 9
microcode	: 0x17
cpu MHz		: 2499.960
cache size	: 3072 KB
physical id	: 0
siblings	: 4
core id		: 1
cpu cores	: 2
apicid		: 2
initial apicid	: 2
fpu		: yes
fpu_exception	: yes
cpuid level	: 13
wp		: yes
flags		: fpu vme de pse tsc msr pae mce cx8 apic sep mtrr pge mca cmov pat pse36 clflush dts acpi mmx fxsr sse sse2 ss ht tm pbe syscall nx rdtscp lm constant_tsc arch_perfmon pebs bts rep_good nopl xtopology nonstop_tsc aperfmperf eagerfpu pni pclmulqdq dtes64 monitor ds_cpl vmx est tm2 ssse3 cx16 xtpr pdcm pcid sse4_1 sse4_2 x2apic popcnt tsc_deadline_timer aes xsave avx f16c rdrand lahf_lm epb tpr_shadow vnmi flexpriority ept vpid fsgsbase smep erms xsaveopt dtherm ida arat pln pts
bugs		:
bogomips	: 3591.89
clflush size	: 64
cache_alignment	: 64
address sizes	: 36 bits physical, 48 bits virtual
power management:

processor	: 3
vendor_id	: GenuineIntel
cpu family	: 6
model		: 58
model name	: Intel(R) Core(TM) i5-3337U CPU @ 1.80GHz
stepping	: 9
microcode	: 0x17
cpu MHz		: 2499.960
cache size	: 3072 KB
physical id	: 0
siblings	: 4
core id		: 1
cpu cores	: 2
apicid		: 3
initial apicid	: 3
fpu		: yes
fpu_exception	: yes
cpuid level	: 13
wp		: yes
flags		: fpu vme de pse tsc msr pae mce cx8 apic sep mtrr pge mca cmov pat pse36 clflush dts acpi mmx fxsr sse sse2 ss ht tm pbe syscall nx rdtscp lm constant_tsc arch_perfmon pebs bts rep_good nopl xtopology nonstop_tsc aperfmperf eagerfpu pni pclmulqdq dtes64 monitor ds_cpl vmx est tm2 ssse3 cx16 xtpr pdcm pcid sse4_1 sse4_2 x2apic popcnt tsc_deadline_timer aes xsave avx f16c rdrand lahf_lm epb tpr_shadow vnmi flexpriority ept vpid fsgsbase smep erms xsaveopt dtherm ida arat pln pts
bugs		:
bogomips	: 3591.89
clflush size	: 64
cache_alignment	: 64
address sizes	: 36 bits physical, 48 bits virtual
power management:



Memory: 4k page, physical 8047424k(3728900k free), swap 0k(0k free)

vm_info: Java HotSpot(TM) 64-Bit Server VM (25.101-b13) for linux-amd64 JRE (1.8.0_101-b13), built on Jun 22 2016 02:59:44 by "java_re" with gcc 4.3.0 20080428 (Red Hat 4.3.0-8)

time: Wed Sep 28 17:33:05 2016
elapsed time: 7 seconds (0d 0h 0m 7s)

