#
# A fatal error has been detected by the Java Runtime Environment:
#
#  SIGSEGV (0xb) at pc=0x00007fc84d472ad2, pid=2984, tid=0x00007fc82b640700
#
# JRE version: Java(TM) SE Runtime Environment (8.0_101-b13) (build 1.8.0_101-b13)
# Java VM: Java HotSpot(TM) 64-Bit Server VM (25.101-b13 mixed mode linux-amd64 compressed oops)
# Problematic frame:
# V  [libjvm.so+0x40aad2]  PhaseChaitin::Simplify()+0x1d2
#
# Failed to write core dump. Core dumps have been disabled. To enable core dumping, try "ulimit -c unlimited" before starting Java again
#
# If you would like to submit a bug report, please visit:
#   http://bugreport.java.com/bugreport/crash.jsp
#

---------------  T H R E A D  ---------------

Current thread (0x00007fc8480bb000):  JavaThread "C2 CompilerThread1" daemon [_thread_in_native, id=2997, stack(0x00007fc82b540000,0x00007fc82b641000)]

siginfo: si_signo: 11 (SIGSEGV), si_code: 1 (SEGV_MAPERR), si_addr: 0x00007fce85c4a2c0

Registers:
RAX=0x00007fc805b8c2a0, RBX=0x0000000010001d3b, RCX=0x0000000010001d3b, RDX=0x000000000000003a
RSP=0x00007fc82b63c6a0, RBP=0x00007fc82b63c740, RSI=0x00000006800bdff8, RDI=0x00007fc82b63c8b0
R8 =0x000000000000001e, R9 =0x00007fc805b8c2a0, R10=0x0000000000000000, R11=0x0000000000000000
R12=0x00007fc82b63dff0, R13=0x00000000000000a0, R14=0x00007fc82b63e0d8, R15=0x0000000000000001
RIP=0x00007fc84d472ad2, EFLAGS=0x0000000000010202, CSGSFS=0x0000000000000033, ERR=0x0000000000000004
  TRAPNO=0x000000000000000e

Top of Stack: (sp=0x00007fc82b63c6a0)
0x00007fc82b63c6a0:   00001d4000000000 00007fc800000008
0x00007fc82b63c6b0:   00007fc7e84a40c0 00007fc80000003a
0x00007fc82b63c6c0:   00007fc810fc7900 00007fc80000003a
0x00007fc82b63c6d0:   00007fc805a720c0 00007fc8114e9ac0
0x00007fc82b63c6e0:   00007fc82b63c720 00007fc84d4df93a
0x00007fc82b63c6f0:   00007fc811d29550 0000000000000902
0x00007fc82b63c700:   00007fc82b63c790 0000000000000050
0x00007fc82b63c710:   0000000400000006 00007fc805d01888
0x00007fc82b63c720:   0000000000003971 00007fc82b63dff0
0x00007fc82b63c730:   0000000000003972 00000000000000a0
0x00007fc82b63c740:   00007fc82b63c9b0 00007fc84d47692b
0x00007fc82b63c750:   0000000000000000 00007fc82b63c8f0
0x00007fc82b63c760:   00007fc82b63c8b0 00007fc82b63c790
0x00007fc82b63c770:   00007fc82b63c850 00007fc82b63c920
0x00007fc82b63c780:   00007fc82b63dff0 0000000a00000902
0x00007fc82b63c790:   00007fc84dfb96f0 000000000000000d
0x00007fc82b63c7a0:   00007fc82b63ee80 00007fc82b63dff0
0x00007fc82b63c7b0:   00007fc800000000 00007fc8115b6580
0x00007fc82b63c7c0:   00007fc82b63c830 00007fc84dfed158
0x00007fc82b63c7d0:   00007fc82b63c810 00007fc84d9833c5
0x00007fc82b63c7e0:   0000000c2b63c8a0 00007fc84dadc5b6
0x00007fc82b63c7f0:   000000000000f1f0 00007fc84dadc507
0x00007fc82b63c800:   00007fc82b63c870 00007fc84d349e05
0x00007fc82b63c810:   00007fc82b63c870 00007fc84d348144
0x00007fc82b63c820:   0000000000000000 0000000000000000
0x00007fc82b63c830:   0000000000000000 0000000000000000
0x00007fc82b63c840:   00007fc80000003a 00007fc84801bee0
0x00007fc82b63c850:   000000000000000a 00007fc82b63ee80
0x00007fc82b63c860:   00007fc804cd14d0 00007fc804d594e0
0x00007fc82b63c870:   00007fc8104f40e0 00007fc8104f8b70
0x00007fc82b63c880:   00007fc811d29c90 00007fc82b63e120
0x00007fc82b63c890:   00007fc82b63e100 0000000000003972 

Instructions: (pc=0x00007fc84d472ad2)
0x00007fc84d472ab2:   9c 24 c4 00 00 00 49 8b 7c 24 70 89 d9 48 8d 04
0x00007fc84d472ac2:   49 48 8d 04 81 48 c1 e0 03 48 89 c6 48 8b 47 20
0x00007fc84d472ad2:   8b 44 30 28 41 89 84 24 c4 00 00 00 e9 7a fe ff
0x00007fc84d472ae2:   ff 0f 1f 44 00 00 48 8d 34 89 4c 8d 6d a0 48 c1 

Register to memory mapping:

RAX=0x00007fc805b8c2a0 is an unknown value
RBX=0x0000000010001d3b is an unknown value
RCX=0x0000000010001d3b is an unknown value
RDX=0x000000000000003a is an unknown value
RSP=0x00007fc82b63c6a0 is pointing into the stack for thread: 0x00007fc8480bb000
RBP=0x00007fc82b63c740 is pointing into the stack for thread: 0x00007fc8480bb000
RSI=0x00000006800bdff8 is an unknown value
RDI=0x00007fc82b63c8b0 is pointing into the stack for thread: 0x00007fc8480bb000
R8 =0x000000000000001e is an unknown value
R9 =0x00007fc805b8c2a0 is an unknown value
R10=0x0000000000000000 is an unknown value
R11=0x0000000000000000 is an unknown value
R12=0x00007fc82b63dff0 is pointing into the stack for thread: 0x00007fc8480bb000
R13=0x00000000000000a0 is an unknown value
R14=0x00007fc82b63e0d8 is pointing into the stack for thread: 0x00007fc8480bb000
R15=0x0000000000000001 is an unknown value


Stack: [0x00007fc82b540000,0x00007fc82b641000],  sp=0x00007fc82b63c6a0,  free space=1009k
Native frames: (J=compiled Java code, j=interpreted, Vv=VM code, C=native code)
V  [libjvm.so+0x40aad2]  PhaseChaitin::Simplify()+0x1d2
V  [libjvm.so+0x40e92b]  PhaseChaitin::Register_Allocate()+0xadb
V  [libjvm.so+0x4a28e0]  Compile::Code_Gen()+0x260
V  [libjvm.so+0x4a6933]  Compile::Compile(ciEnv*, C2Compiler*, ciMethod*, int, bool, bool, bool)+0x14b3
V  [libjvm.so+0x3f20a8]  C2Compiler::compile_method(ciEnv*, ciMethod*, int)+0x198
V  [libjvm.so+0x4af61a]  CompileBroker::invoke_compiler_on_method(CompileTask*)+0xc9a
V  [libjvm.so+0x4b05c6]  CompileBroker::compiler_thread_loop()+0x5d6
V  [libjvm.so+0xa7343f]  JavaThread::thread_main_inner()+0xdf
V  [libjvm.so+0xa7356c]  JavaThread::run()+0x11c
V  [libjvm.so+0x924698]  java_start(Thread*)+0x108
C  [libpthread.so.0+0x76fa]  start_thread+0xca


Current CompileTask:
C2:   4584 1655       4       java.net.URLClassLoader$1::run (5 bytes)


---------------  P R O C E S S  ---------------

Java Threads: ( => current thread )
  0x00007fc7e8b95800 JavaThread "process reaper" daemon [_thread_blocked, id=3040, stack(0x00007fc828b2f000,0x00007fc828b68000)]
  0x00007fc7e8008800 JavaThread "Stdin handler" [_thread_blocked, id=3010, stack(0x00007fc8293e2000,0x00007fc8294e3000)]
  0x00007fc7e800e800 JavaThread "Asynchronous log dispatcher for org.gradle.launcher.daemon.server.DefaultDaemonConnection@4568e5e3" [_thread_blocked, id=3009, stack(0x00007fc8294e3000,0x00007fc8295e4000)]
  0x00007fc7ec007000 JavaThread "Daemon worker" [_thread_in_native, id=3006, stack(0x00007fc8295e4000,0x00007fc8296e5000)]
  0x00007fc7ec009000 JavaThread "Cancel handler" [_thread_blocked, id=3005, stack(0x00007fc8296e5000,0x00007fc8297e6000)]
  0x00007fc7ec003800 JavaThread "Handler for socket connection from /127.0.0.1:46316 to /127.0.0.1:45628" [_thread_in_native, id=3004, stack(0x00007fc8297e6000,0x00007fc8298e7000)]
  0x00007fc7f8038800 JavaThread "Daemon" [_thread_blocked, id=3003, stack(0x00007fc8298e7000,0x00007fc8299e8000)]
  0x00007fc848bb1000 JavaThread "Incoming local TCP Connector on port 46316" [_thread_in_native, id=3002, stack(0x00007fc829bef000,0x00007fc829cf0000)]
  0x00007fc848ba2000 JavaThread "pool-1-thread-1" [_thread_blocked, id=3001, stack(0x00007fc829cf0000,0x00007fc829df1000)]
  0x00007fc8480c0000 JavaThread "Service Thread" daemon [_thread_blocked, id=2999, stack(0x00007fc82b33e000,0x00007fc82b43f000)]
  0x00007fc8480bd000 JavaThread "C1 CompilerThread2" daemon [_thread_blocked, id=2998, stack(0x00007fc82b43f000,0x00007fc82b540000)]
=>0x00007fc8480bb000 JavaThread "C2 CompilerThread1" daemon [_thread_in_native, id=2997, stack(0x00007fc82b540000,0x00007fc82b641000)]
  0x00007fc8480b8000 JavaThread "C2 CompilerThread0" daemon [_thread_in_native, id=2996, stack(0x00007fc830013000,0x00007fc830114000)]
  0x00007fc8480b7000 JavaThread "Signal Dispatcher" daemon [_thread_blocked, id=2995, stack(0x00007fc830114000,0x00007fc830215000)]
  0x00007fc848084000 JavaThread "Finalizer" daemon [_thread_blocked, id=2994, stack(0x00007fc830215000,0x00007fc830316000)]
  0x00007fc84807f800 JavaThread "Reference Handler" daemon [_thread_blocked, id=2993, stack(0x00007fc830316000,0x00007fc830417000)]
  0x00007fc84800a000 JavaThread "main" [_thread_blocked, id=2985, stack(0x00007fc84eb5b000,0x00007fc84ec5c000)]

Other Threads:
  0x00007fc848077800 VMThread [stack: 0x00007fc830417000,0x00007fc830518000] [id=2992]
  0x00007fc8480c2800 WatcherThread [stack: 0x00007fc82b23d000,0x00007fc82b33e000] [id=3000]

VM state:not at safepoint (normal execution)

VM Mutex/Monitor currently owned by a thread: None

Heap:
 PSYoungGen      total 36864K, used 29589K [0x00000000eab00000, 0x00000000ed400000, 0x0000000100000000)
  eden space 31744K, 93% used [0x00000000eab00000,0x00000000ec7e5478,0x00000000eca00000)
  from space 5120K, 0% used [0x00000000ecf00000,0x00000000ecf00000,0x00000000ed400000)
  to   space 5120K, 0% used [0x00000000eca00000,0x00000000eca00000,0x00000000ecf00000)
 ParOldGen       total 68096K, used 12426K [0x00000000c0000000, 0x00000000c4280000, 0x00000000eab00000)
  object space 68096K, 18% used [0x00000000c0000000,0x00000000c0c22ac8,0x00000000c4280000)
 Metaspace       used 22913K, capacity 23404K, committed 23552K, reserved 1069056K
  class space    used 3175K, capacity 3292K, committed 3328K, reserved 1048576K

Card table byte_map: [0x00007fc838612000,0x00007fc838813000] byte_map_base: 0x00007fc838012000

Marking Bits: (ParMarkBitMap*) 0x00007fc84e029120
 Begin Bits: [0x00007fc832000000, 0x00007fc833000000)
 End Bits:   [0x00007fc833000000, 0x00007fc834000000)

Polling page: 0x00007fc84ec78000

CodeCache: size=245760Kb used=6797Kb max_used=6797Kb free=238962Kb
 bounds [0x00007fc838bd3000, 0x00007fc839283000, 0x00007fc847bd3000]
 total_blobs=2476 nmethods=1860 adapters=529
 compilation: enabled

Compilation events (10 events):
Event: 4.472 Thread 0x00007fc8480bd000 1870  s    3       java.beans.PropertyDescriptor::setReadMethod (64 bytes)
Event: 4.475 Thread 0x00007fc8480bd000 nmethod 1870 0x00007fc83926e710 code [0x00007fc83926eae0, 0x00007fc839270f18]
Event: 4.475 Thread 0x00007fc8480bd000 1871       1       com.google.common.collect.MapMakerInternalMap$StrongEntry::getHash (5 bytes)
Event: 4.475 Thread 0x00007fc8480bd000 nmethod 1871 0x00007fc839272010 code [0x00007fc839272160, 0x00007fc839272270]
Event: 4.475 Thread 0x00007fc8480bd000 1872       3       org.codehaus.groovy.runtime.metaclass.MetaMethodIndex::getHeader (38 bytes)
Event: 4.476 Thread 0x00007fc8480bd000 nmethod 1872 0x00007fc8392722d0 code [0x00007fc839272480, 0x00007fc839272a58]
Event: 4.510 Thread 0x00007fc8480bd000 1873       3       java.util.Collections::emptyList (4 bytes)
Event: 4.510 Thread 0x00007fc8480bd000 nmethod 1873 0x00007fc839272f50 code [0x00007fc8392730a0, 0x00007fc8392731d0]
Event: 4.510 Thread 0x00007fc8480bd000 1874       3       sun.reflect.generics.parser.SignatureParser::parseTypeArguments (109 bytes)
Event: 4.511 Thread 0x00007fc8480bd000 nmethod 1874 0x00007fc839273250 code [0x00007fc839273500, 0x00007fc839274368]

GC Heap History (10 events):
Event: 1.093 GC heap before
{Heap before GC invocations=1 (full 0):
 PSYoungGen      total 36864K, used 31744K [0x00000000eab00000, 0x00000000ed400000, 0x0000000100000000)
  eden space 31744K, 100% used [0x00000000eab00000,0x00000000eca00000,0x00000000eca00000)
  from space 5120K, 0% used [0x00000000ecf00000,0x00000000ecf00000,0x00000000ed400000)
  to   space 5120K, 0% used [0x00000000eca00000,0x00000000eca00000,0x00000000ecf00000)
 ParOldGen       total 84992K, used 0K [0x00000000c0000000, 0x00000000c5300000, 0x00000000eab00000)
  object space 84992K, 0% used [0x00000000c0000000,0x00000000c0000000,0x00000000c5300000)
 Metaspace       used 6060K, capacity 6352K, committed 6528K, reserved 1056768K
  class space    used 781K, capacity 864K, committed 896K, reserved 1048576K
Event: 1.098 GC heap after
Heap after GC invocations=1 (full 0):
 PSYoungGen      total 36864K, used 3864K [0x00000000eab00000, 0x00000000ed400000, 0x0000000100000000)
  eden space 31744K, 0% used [0x00000000eab00000,0x00000000eab00000,0x00000000eca00000)
  from space 5120K, 75% used [0x00000000eca00000,0x00000000ecdc62a0,0x00000000ecf00000)
  to   space 5120K, 0% used [0x00000000ecf00000,0x00000000ecf00000,0x00000000ed400000)
 ParOldGen       total 84992K, used 8K [0x00000000c0000000, 0x00000000c5300000, 0x00000000eab00000)
  object space 84992K, 0% used [0x00000000c0000000,0x00000000c0002000,0x00000000c5300000)
 Metaspace       used 6060K, capacity 6352K, committed 6528K, reserved 1056768K
  class space    used 781K, capacity 864K, committed 896K, reserved 1048576K
}
Event: 1.936 GC heap before
{Heap before GC invocations=2 (full 0):
 PSYoungGen      total 36864K, used 35608K [0x00000000eab00000, 0x00000000ed400000, 0x0000000100000000)
  eden space 31744K, 100% used [0x00000000eab00000,0x00000000eca00000,0x00000000eca00000)
  from space 5120K, 75% used [0x00000000eca00000,0x00000000ecdc62a0,0x00000000ecf00000)
  to   space 5120K, 0% used [0x00000000ecf00000,0x00000000ecf00000,0x00000000ed400000)
 ParOldGen       total 84992K, used 8K [0x00000000c0000000, 0x00000000c5300000, 0x00000000eab00000)
  object space 84992K, 0% used [0x00000000c0000000,0x00000000c0002000,0x00000000c5300000)
 Metaspace       used 11764K, capacity 12056K, committed 12288K, reserved 1060864K
  class space    used 1622K, capacity 1716K, committed 1792K, reserved 1048576K
Event: 1.944 GC heap after
Heap after GC invocations=2 (full 0):
 PSYoungGen      total 36864K, used 5089K [0x00000000eab00000, 0x00000000ed400000, 0x0000000100000000)
  eden space 31744K, 0% used [0x00000000eab00000,0x00000000eab00000,0x00000000eca00000)
  from space 5120K, 99% used [0x00000000ecf00000,0x00000000ed3f86f0,0x00000000ed400000)
  to   space 5120K, 0% used [0x00000000eca00000,0x00000000eca00000,0x00000000ecf00000)
 ParOldGen       total 84992K, used 622K [0x00000000c0000000, 0x00000000c5300000, 0x00000000eab00000)
  object space 84992K, 0% used [0x00000000c0000000,0x00000000c009bbb0,0x00000000c5300000)
 Metaspace       used 11764K, capacity 12056K, committed 12288K, reserved 1060864K
  class space    used 1622K, capacity 1716K, committed 1792K, reserved 1048576K
}
Event: 3.125 GC heap before
{Heap before GC invocations=3 (full 0):
 PSYoungGen      total 36864K, used 36833K [0x00000000eab00000, 0x00000000ed400000, 0x0000000100000000)
  eden space 31744K, 100% used [0x00000000eab00000,0x00000000eca00000,0x00000000eca00000)
  from space 5120K, 99% used [0x00000000ecf00000,0x00000000ed3f86f0,0x00000000ed400000)
  to   space 5120K, 0% used [0x00000000eca00000,0x00000000eca00000,0x00000000ecf00000)
 ParOldGen       total 84992K, used 622K [0x00000000c0000000, 0x00000000c5300000, 0x00000000eab00000)
  object space 84992K, 0% used [0x00000000c0000000,0x00000000c009bbb0,0x00000000c5300000)
 Metaspace       used 18004K, capacity 18366K, committed 18560K, reserved 1064960K
  class space    used 2464K, capacity 2582K, committed 2688K, reserved 1048576K
Event: 3.141 GC heap after
Heap after GC invocations=3 (full 0):
 PSYoungGen      total 36864K, used 5104K [0x00000000eab00000, 0x00000000ed400000, 0x0000000100000000)
  eden space 31744K, 0% used [0x00000000eab00000,0x00000000eab00000,0x00000000eca00000)
  from space 5120K, 99% used [0x00000000eca00000,0x00000000ecefc020,0x00000000ecf00000)
  to   space 5120K, 0% used [0x00000000ecf00000,0x00000000ecf00000,0x00000000ed400000)
 ParOldGen       total 84992K, used 4861K [0x00000000c0000000, 0x00000000c5300000, 0x00000000eab00000)
  object space 84992K, 5% used [0x00000000c0000000,0x00000000c04bf718,0x00000000c5300000)
 Metaspace       used 18004K, capacity 18366K, committed 18560K, reserved 1064960K
  class space    used 2464K, capacity 2582K, committed 2688K, reserved 1048576K
}
Event: 3.787 GC heap before
{Heap before GC invocations=4 (full 0):
 PSYoungGen      total 36864K, used 32599K [0x00000000eab00000, 0x00000000ed400000, 0x0000000100000000)
  eden space 31744K, 86% used [0x00000000eab00000,0x00000000ec5d9f28,0x00000000eca00000)
  from space 5120K, 99% used [0x00000000eca00000,0x00000000ecefc020,0x00000000ecf00000)
  to   space 5120K, 0% used [0x00000000ecf00000,0x00000000ecf00000,0x00000000ed400000)
 ParOldGen       total 84992K, used 4861K [0x00000000c0000000, 0x00000000c5300000, 0x00000000eab00000)
  object space 84992K, 5% used [0x00000000c0000000,0x00000000c04bf718,0x00000000c5300000)
 Metaspace       used 20815K, capacity 21232K, committed 21296K, reserved 1067008K
  class space    used 2819K, capacity 2939K, committed 2944K, reserved 1048576K
Event: 3.796 GC heap after
Heap after GC invocations=4 (full 0):
 PSYoungGen      total 36864K, used 5088K [0x00000000eab00000, 0x00000000ed400000, 0x0000000100000000)
  eden space 31744K, 0% used [0x00000000eab00000,0x00000000eab00000,0x00000000eca00000)
  from space 5120K, 99% used [0x00000000ecf00000,0x00000000ed3f8030,0x00000000ed400000)
  to   space 5120K, 0% used [0x00000000eca00000,0x00000000eca00000,0x00000000ecf00000)
 ParOldGen       total 84992K, used 8359K [0x00000000c0000000, 0x00000000c5300000, 0x00000000eab00000)
  object space 84992K, 9% used [0x00000000c0000000,0x00000000c0829c78,0x00000000c5300000)
 Metaspace       used 20815K, capacity 21232K, committed 21296K, reserved 1067008K
  class space    used 2819K, capacity 2939K, committed 2944K, reserved 1048576K
}
Event: 3.796 GC heap before
{Heap before GC invocations=5 (full 1):
 PSYoungGen      total 36864K, used 5088K [0x00000000eab00000, 0x00000000ed400000, 0x0000000100000000)
  eden space 31744K, 0% used [0x00000000eab00000,0x00000000eab00000,0x00000000eca00000)
  from space 5120K, 99% used [0x00000000ecf00000,0x00000000ed3f8030,0x00000000ed400000)
  to   space 5120K, 0% used [0x00000000eca00000,0x00000000eca00000,0x00000000ecf00000)
 ParOldGen       total 84992K, used 8359K [0x00000000c0000000, 0x00000000c5300000, 0x00000000eab00000)
  object space 84992K, 9% used [0x00000000c0000000,0x00000000c0829c78,0x00000000c5300000)
 Metaspace       used 20815K, capacity 21232K, committed 21296K, reserved 1067008K
  class space    used 2819K, capacity 2939K, committed 2944K, reserved 1048576K
Event: 3.846 GC heap after
Heap after GC invocations=5 (full 1):
 PSYoungGen      total 36864K, used 0K [0x00000000eab00000, 0x00000000ed400000, 0x0000000100000000)
  eden space 31744K, 0% used [0x00000000eab00000,0x00000000eab00000,0x00000000eca00000)
  from space 5120K, 0% used [0x00000000ecf00000,0x00000000ecf00000,0x00000000ed400000)
  to   space 5120K, 0% used [0x00000000eca00000,0x00000000eca00000,0x00000000ecf00000)
 ParOldGen       total 68096K, used 12426K [0x00000000c0000000, 0x00000000c4280000, 0x00000000eab00000)
  object space 68096K, 18% used [0x00000000c0000000,0x00000000c0c22ac8,0x00000000c4280000)
 Metaspace       used 20815K, capacity 21232K, committed 21296K, reserved 1067008K
  class space    used 2819K, capacity 2939K, committed 2944K, reserved 1048576K
}

Deoptimization events (10 events):
Event: 3.119 Thread 0x00007fc7ec007000 Uncommon trap: reason=bimorphic action=maybe_recompile pc=0x00007fc838fadb9c method=java.lang.ClassLoader.loadClass(Ljava/lang/String;Z)Ljava/lang/Class; @ 38
Event: 3.166 Thread 0x00007fc7ec007000 Uncommon trap: reason=class_check action=maybe_recompile pc=0x00007fc838f9cf50 method=sun.misc.URLClassPath.getLoader(I)Lsun/misc/URLClassPath$Loader; @ 193
Event: 3.180 Thread 0x00007fc7ec007000 Uncommon trap: reason=class_check action=maybe_recompile pc=0x00007fc838f9cf50 method=sun.misc.URLClassPath.getLoader(I)Lsun/misc/URLClassPath$Loader; @ 193
Event: 3.195 Thread 0x00007fc7ec007000 Uncommon trap: reason=class_check action=maybe_recompile pc=0x00007fc838f9cf50 method=sun.misc.URLClassPath.getLoader(I)Lsun/misc/URLClassPath$Loader; @ 193
Event: 3.719 Thread 0x00007fc7ec007000 Uncommon trap: reason=class_check action=maybe_recompile pc=0x00007fc838fcd1c4 method=java.lang.reflect.Method.equals(Ljava/lang/Object;)Z @ 5
Event: 3.722 Thread 0x00007fc7ec007000 Uncommon trap: reason=class_check action=maybe_recompile pc=0x00007fc838fcd1c4 method=java.lang.reflect.Method.equals(Ljava/lang/Object;)Z @ 5
Event: 3.863 Thread 0x00007fc7ec007000 Uncommon trap: reason=unstable_if action=reinterpret pc=0x00007fc838ea2f34 method=java.util.LinkedHashMap.afterNodeInsertion(Z)V @ 1
Event: 3.887 Thread 0x00007fc7ec007000 Uncommon trap: reason=class_check action=maybe_recompile pc=0x00007fc838fcd1c4 method=java.lang.reflect.Method.equals(Ljava/lang/Object;)Z @ 5
Event: 3.887 Thread 0x00007fc7ec007000 Uncommon trap: reason=class_check action=maybe_recompile pc=0x00007fc838fcd1c4 method=java.lang.reflect.Method.equals(Ljava/lang/Object;)Z @ 5
Event: 4.164 Thread 0x00007fc7ec007000 Uncommon trap: reason=unstable_if action=reinterpret pc=0x00007fc838e29df4 method=java.io.UnixFileSystem.resolve(Ljava/lang/String;Ljava/lang/String;)Ljava/lang/String; @ 18

Internal exceptions (10 events):
Event: 4.284 Thread 0x00007fc7ec007000 Exception <a 'java/lang/ClassNotFoundException': org/gradle/api/internal/artifacts/repositories/AbstractAuthenticationSupportedRepositoryBeanInfo> (0x00000000ebd350b0) thrown at [/HUDSON3/workspace/8-2-build-linux-amd64/jdk8u101/7261/hotspot/src/share/vm/
Event: 4.285 Thread 0x00007fc7ec007000 Exception <a 'java/lang/ClassNotFoundException': org/gradle/api/internal/artifacts/repositories/AbstractArtifactRepositoryBeanInfo> (0x00000000ebd5d868) thrown at [/HUDSON3/workspace/8-2-build-linux-amd64/jdk8u101/7261/hotspot/src/share/vm/classfile/syste
Event: 4.285 Thread 0x00007fc7ec007000 Exception <a 'java/lang/ClassNotFoundException': org/gradle/api/internal/artifacts/repositories/AbstractArtifactRepositoryCustomizer> (0x00000000ebd87460) thrown at [/HUDSON3/workspace/8-2-build-linux-amd64/jdk8u101/7261/hotspot/src/share/vm/classfile/sys
Event: 4.286 Thread 0x00007fc7ec007000 Exception <a 'java/lang/ClassNotFoundException': org/gradle/api/internal/artifacts/repositories/AbstractAuthenticationSupportedRepositoryCustomizer> (0x00000000ebdbb938) thrown at [/HUDSON3/workspace/8-2-build-linux-amd64/jdk8u101/7261/hotspot/src/share/v
Event: 4.287 Thread 0x00007fc7ec007000 Exception <a 'java/lang/ClassNotFoundException': org/gradle/api/internal/artifacts/repositories/DefaultMavenArtifactRepositoryCustomizer> (0x00000000ebdf8130) thrown at [/HUDSON3/workspace/8-2-build-linux-amd64/jdk8u101/7261/hotspot/src/share/vm/classfile
Event: 4.288 Thread 0x00007fc7ec007000 Exception <a 'java/lang/ClassNotFoundException': org/gradle/api/internal/artifacts/repositories/DefaultMavenArtifactRepository_DecoratedCustomizer> (0x00000000ebe34af0) thrown at [/HUDSON3/workspace/8-2-build-linux-amd64/jdk8u101/7261/hotspot/src/share/vm
Event: 4.470 Thread 0x00007fc7ec007000 Exception <a 'java/lang/ClassNotFoundException': build_1m36ih499wwjg1cotkiq6va8jBeanInfo> (0x00000000ec51b190) thrown at [/HUDSON3/workspace/8-2-build-linux-amd64/jdk8u101/7261/hotspot/src/share/vm/classfile/systemDictionary.cpp, line 210]
Event: 4.470 Thread 0x00007fc7ec007000 Exception <a 'java/lang/ClassNotFoundException': org/gradle/api/internal/project/ProjectScriptBeanInfo> (0x00000000ec52a238) thrown at [/HUDSON3/workspace/8-2-build-linux-amd64/jdk8u101/7261/hotspot/src/share/vm/classfile/systemDictionary.cpp, line 210]
Event: 4.471 Thread 0x00007fc7ec007000 Exception <a 'java/lang/ClassNotFoundException': org/gradle/api/internal/project/ProjectScriptCustomizer> (0x00000000ec539640) thrown at [/HUDSON3/workspace/8-2-build-linux-amd64/jdk8u101/7261/hotspot/src/share/vm/classfile/systemDictionary.cpp, line 210]
Event: 4.473 Thread 0x00007fc7ec007000 Exception <a 'java/lang/ClassNotFoundException': build_1m36ih499wwjg1cotkiq6va8jCustomizer> (0x00000000ec5574a0) thrown at [/HUDSON3/workspace/8-2-build-linux-amd64/jdk8u101/7261/hotspot/src/share/vm/classfile/systemDictionary.cpp, line 210]

Events (10 events):
Event: 4.552 loading class org/codehaus/groovy/classgen/GeneratorContext
Event: 4.552 loading class org/codehaus/groovy/classgen/GeneratorContext done
Event: 4.556 loading class org/codehaus/groovy/reflection/CachedClass$5$1
Event: 4.556 loading class org/codehaus/groovy/reflection/CachedClass$5$1 done
Event: 4.557 loading class org/codehaus/groovy/runtime/callsite/CallSiteClassLoader
Event: 4.557 loading class org/codehaus/groovy/runtime/callsite/CallSiteClassLoader done
Event: 4.557 loading class org/codehaus/groovy/reflection/ClassLoaderForClassArtifacts
Event: 4.557 loading class org/codehaus/groovy/reflection/ClassLoaderForClassArtifacts done
Event: 4.559 loading class groovyjarjarasm/asm/Edge
Event: 4.559 loading class groovyjarjarasm/asm/Edge done


Dynamic libraries:
00400000-00401000 r-xp 00000000 08:01 4592730                            /usr/lib/jvm/java-8-oracle/bin/java
00600000-00601000 rw-p 00000000 08:01 4592730                            /usr/lib/jvm/java-8-oracle/bin/java
01c57000-01c78000 rw-p 00000000 00:00 0                                  [heap]
c0000000-c4280000 rw-p 00000000 00:00 0 
c4280000-eab00000 ---p 00000000 00:00 0 
eab00000-ed400000 rw-p 00000000 00:00 0 
ed400000-100000000 ---p 00000000 00:00 0 
100000000-100340000 rw-p 00000000 00:00 0 
100340000-140000000 ---p 00000000 00:00 0 
7fc7d4000000-7fc7d4021000 rw-p 00000000 00:00 0 
7fc7d4021000-7fc7d8000000 ---p 00000000 00:00 0 
7fc7dc000000-7fc7dc021000 rw-p 00000000 00:00 0 
7fc7dc021000-7fc7e0000000 ---p 00000000 00:00 0 
7fc7e0000000-7fc7e0021000 rw-p 00000000 00:00 0 
7fc7e0021000-7fc7e4000000 ---p 00000000 00:00 0 
7fc7e4000000-7fc7e4021000 rw-p 00000000 00:00 0 
7fc7e4021000-7fc7e8000000 ---p 00000000 00:00 0 
7fc7e8000000-7fc7e8e67000 rw-p 00000000 00:00 0 
7fc7e8e67000-7fc7ec000000 ---p 00000000 00:00 0 
7fc7ec000000-7fc7ec021000 rw-p 00000000 00:00 0 
7fc7ec021000-7fc7f0000000 ---p 00000000 00:00 0 
7fc7f0000000-7fc7f0021000 rw-p 00000000 00:00 0 
7fc7f0021000-7fc7f4000000 ---p 00000000 00:00 0 
7fc7f4000000-7fc7f4021000 rw-p 00000000 00:00 0 
7fc7f4021000-7fc7f8000000 ---p 00000000 00:00 0 
7fc7f8000000-7fc7f8071000 rw-p 00000000 00:00 0 
7fc7f8071000-7fc7fc000000 ---p 00000000 00:00 0 
7fc7fc000000-7fc7fc021000 rw-p 00000000 00:00 0 
7fc7fc021000-7fc800000000 ---p 00000000 00:00 0 
7fc800000000-7fc800021000 rw-p 00000000 00:00 0 
7fc800021000-7fc804000000 ---p 00000000 00:00 0 
7fc804000000-7fc805f87000 rw-p 00000000 00:00 0 
7fc805f87000-7fc808000000 ---p 00000000 00:00 0 
7fc808000000-7fc8088da000 rw-p 00000000 00:00 0 
7fc8088da000-7fc80c000000 ---p 00000000 00:00 0 
7fc80c000000-7fc80c021000 rw-p 00000000 00:00 0 
7fc80c021000-7fc810000000 ---p 00000000 00:00 0 
7fc810000000-7fc8122db000 rw-p 00000000 00:00 0 
7fc8122db000-7fc814000000 ---p 00000000 00:00 0 
7fc814000000-7fc814021000 rw-p 00000000 00:00 0 
7fc814021000-7fc818000000 ---p 00000000 00:00 0 
7fc818000000-7fc818021000 rw-p 00000000 00:00 0 
7fc818021000-7fc81c000000 ---p 00000000 00:00 0 
7fc81c000000-7fc81c034000 rw-p 00000000 00:00 0 
7fc81c034000-7fc820000000 ---p 00000000 00:00 0 
7fc820000000-7fc820021000 rw-p 00000000 00:00 0 
7fc820021000-7fc824000000 ---p 00000000 00:00 0 
7fc824000000-7fc824021000 rw-p 00000000 00:00 0 
7fc824021000-7fc828000000 ---p 00000000 00:00 0 
7fc8286e7000-7fc8288e7000 rw-p 00000000 00:00 0 
7fc828b2f000-7fc828b32000 ---p 00000000 00:00 0 
7fc828b32000-7fc828b68000 rw-p 00000000 00:00 0 
7fc828b68000-7fc828b69000 r--p 00000000 00:00 0 
7fc828b69000-7fc828d29000 rw-p 00000000 00:00 0 
7fc828d29000-7fc828d69000 ---p 00000000 00:00 0 
7fc828d69000-7fc828f69000 rw-p 00000000 00:00 0 
7fc828f69000-7fc829169000 rw-p 00000000 00:00 0 
7fc829169000-7fc8291e2000 r--s 010e5000 08:01 4461945                    /usr/lib/jvm/java-8-oracle/lib/tools.jar
7fc8291e2000-7fc8293e2000 rw-p 00000000 00:00 0 
7fc8293e2000-7fc8293e5000 ---p 00000000 00:00 0 
7fc8293e5000-7fc8294e3000 rw-p 00000000 00:00 0 
7fc8294e3000-7fc8294e6000 ---p 00000000 00:00 0 
7fc8294e6000-7fc8295e4000 rw-p 00000000 00:00 0 
7fc8295e4000-7fc8295e7000 ---p 00000000 00:00 0 
7fc8295e7000-7fc8296e5000 rw-p 00000000 00:00 0 
7fc8296e5000-7fc8296e8000 ---p 00000000 00:00 0 
7fc8296e8000-7fc8297e6000 rw-p 00000000 00:00 0 
7fc8297e6000-7fc8297e9000 ---p 00000000 00:00 0 
7fc8297e9000-7fc8298e7000 rw-p 00000000 00:00 0 
7fc8298e7000-7fc8298ea000 ---p 00000000 00:00 0 
7fc8298ea000-7fc8299e8000 rw-p 00000000 00:00 0 
7fc8299e8000-7fc8299ef000 r--s 00000000 08:01 4721045                    /usr/lib/x86_64-linux-gnu/gconv/gconv-modules.cache
7fc8299ef000-7fc829bef000 rw-p 00000000 00:00 0 
7fc829bef000-7fc829bf2000 ---p 00000000 00:00 0 
7fc829bf2000-7fc829cf0000 rw-p 00000000 00:00 0 
7fc829cf0000-7fc829cf3000 ---p 00000000 00:00 0 
7fc829cf3000-7fc829df1000 rw-p 00000000 00:00 0 
7fc829df1000-7fc829dfa000 r-xp 00000000 08:01 4592820                    /usr/lib/jvm/java-8-oracle/jre/lib/amd64/libmanagement.so
7fc829dfa000-7fc829ff9000 ---p 00009000 08:01 4592820                    /usr/lib/jvm/java-8-oracle/jre/lib/amd64/libmanagement.so
7fc829ff9000-7fc829ffa000 rw-p 00008000 08:01 4592820                    /usr/lib/jvm/java-8-oracle/jre/lib/amd64/libmanagement.so
7fc829ffa000-7fc829ffe000 r--s 00097000 08:01 4592756                    /usr/lib/jvm/java-8-oracle/jre/lib/jsse.jar
7fc829ffe000-7fc82a000000 r--s 00007000 08:01 5245820                    /home/ming/Downloads/android studio/android-studio/gradle/gradle-2.14.1/lib/plugins/gradle-tooling-api-builders-2.14.1.jar
7fc82a000000-7fc82a003000 r--s 00008000 08:01 5245814                    /home/ming/Downloads/android studio/android-studio/gradle/gradle-2.14.1/lib/plugins/gradle-testing-native-2.14.1.jar
7fc82a003000-7fc82a005000 r--s 00009000 08:01 5245895                    /home/ming/Downloads/android studio/android-studio/gradle/gradle-2.14.1/lib/plugins/hamcrest-core-1.3.jar
7fc82a005000-7fc82a00b000 r--s 00033000 08:01 5245825                    /home/ming/Downloads/android studio/android-studio/gradle/gradle-2.14.1/lib/plugins/snakeyaml-1.6.jar
7fc82a00b000-7fc82a00d000 r--s 00006000 08:01 5245846                    /home/ming/Downloads/android studio/android-studio/gradle/gradle-2.14.1/lib/plugins/jcommander-1.12.jar
7fc82a00d000-7fc82a012000 r--s 00040000 08:01 5245823                    /home/ming/Downloads/android studio/android-studio/gradle/gradle-2.14.1/lib/plugins/bsh-2.0b4.jar
7fc82a012000-7fc82a01b000 r--s 00089000 08:01 5245849                    /home/ming/Downloads/android studio/android-studio/gradle/gradle-2.14.1/lib/plugins/testng-6.3.1.jar
7fc82a01b000-7fc82a023000 r--s 00045000 08:01 5245854                    /home/ming/Downloads/android studio/android-studio/gradle/gradle-2.14.1/lib/plugins/junit-4.12.jar
7fc82a023000-7fc82a029000 r--s 0002e000 08:01 5245830                    /home/ming/Downloads/android studio/android-studio/gradle/gradle-2.14.1/lib/plugins/gradle-testing-jvm-2.14.1.jar
7fc82a029000-7fc82a02e000 r--s 00015000 08:01 5245839                    /home/ming/Downloads/android studio/android-studio/gradle/gradle-2.14.1/lib/plugins/gradle-testing-base-2.14.1.jar
7fc82a02e000-7fc82a02f000 r--s 00002000 08:01 5245852                    /home/ming/Downloads/android studio/android-studio/gradle/gradle-2.14.1/lib/plugins/sonar-batch-bootstrapper-2.9.jar
7fc82a02f000-7fc82a032000 r--s 00015000 08:01 5245829                    /home/ming/Downloads/android studio/android-studio/gradle/gradle-2.14.1/lib/plugins/gradle-sonar-2.14.1.jar
7fc82a032000-7fc82a039000 r--s 00038000 08:01 5245870                    /home/ming/Downloads/android studio/android-studio/gradle/gradle-2.14.1/lib/plugins/bcpg-jdk15on-1.51.jar
7fc82a039000-7fc82a03b000 r--s 0000d000 08:01 5245876                    /home/ming/Downloads/android studio/android-studio/gradle/gradle-2.14.1/lib/plugins/gradle-signing-2.14.1.jar
7fc82a03b000-7fc82a03e000 r--s 00009000 08:01 5245859                    /home/ming/Downloads/android studio/android-studio/gradle/gradle-2.14.1/lib/plugins/gradle-scala-2.14.1.jar
7fc82a03e000-7fc82a03f000 r--s 00004000 08:01 5245883                    /home/ming/Downloads/android studio/android-studio/gradle/gradle-2.14.1/lib/plugins/gradle-resources-sftp-2.14.1.jar
7fc82a03f000-7fc82a04f000 r--s 00088000 08:01 5245836                    /home/ming/Downloads/android studio/android-studio/gradle/gradle-2.14.1/lib/plugins/joda-time-2.8.2.jar
7fc82a04f000-7fc82a060000 r--s 000cf000 08:01 5245902                    /home/ming/Downloads/android studio/android-studio/gradle/gradle-2.14.1/lib/plugins/jackson-databind-2.3.2.jar
7fc82a060000-7fc82a062000 r--s 00007000 08:01 5245865                    /home/ming/Downloads/android studio/android-studio/gradle/gradle-2.14.1/lib/plugins/jackson-annotations-2.3.2.jar
7fc82a062000-7fc82a065000 r--s 0002e000 08:01 5245872                    /home/ming/Downloads/android studio/android-studio/gradle/gradle-2.14.1/lib/plugins/jackson-core-2.3.2.jar
7fc82a065000-7fc82a070000 r--s 0006b000 08:01 5245919                    /home/ming/Downloads/android studio/android-studio/gradle/gradle-2.14.1/lib/plugins/aws-java-sdk-core-1.9.19.jar
7fc82a070000-7fc82a076000 r--s 00036000 08:01 5245864                    /home/ming/Downloads/android studio/android-studio/gradle/gradle-2.14.1/lib/plugins/aws-java-sdk-kms-1.9.19.jar
7fc82a076000-7fc82a081000 r--s 00079000 08:01 5245851                    /home/ming/Downloads/android studio/android-studio/gradle/gradle-2.14.1/lib/plugins/aws-java-sdk-s3-1.9.19.jar
7fc82a081000-7fc82a082000 r--s 00003000 08:01 5245898                    /home/ming/Downloads/android studio/android-studio/gradle/gradle-2.14.1/lib/plugins/gradle-resources-s3-2.14.1.jar
7fc82a082000-7fc82a084000 r--s 00005000 08:01 5245893                    /home/ming/Downloads/android studio/android-studio/gradle/gradle-2.14.1/lib/plugins/jatl-0.2.2.jar
7fc82a084000-7fc82a086000 r--s 0000f000 08:01 5245910                    /home/ming/Downloads/android studio/android-studio/gradle/gradle-2.14.1/lib/plugins/gradle-reporting-2.14.1.jar
7fc82a086000-7fc82a088000 r--s 00002000 08:01 5245869                    /home/ming/Downloads/android studio/android-studio/gradle/gradle-2.14.1/lib/plugins/gradle-publish-2.14.1.jar
7fc82a088000-7fc82a08a000 r--s 00009000 08:01 5245842                    /home/ming/Downloads/android studio/android-studio/gradle/gradle-2.14.1/lib/plugins/commons-cli-1.2.jar
7fc82a08a000-7fc82a090000 r--s 00033000 08:01 5245853                    /home/ming/Downloads/android studio/android-studio/gradle/gradle-2.14.1/lib/plugins/gradle-plugins-2.14.1.jar
7fc82a090000-7fc82a092000 r--s 00007000 08:01 5245817                    /home/ming/Downloads/android studio/android-studio/gradle/gradle-2.14.1/lib/plugins/gradle-plugin-development-2.14.1.jar
7fc82a092000-7fc82a098000 r--s 0002a000 08:01 5245875                    /home/ming/Downloads/android studio/android-studio/gradle/gradle-2.14.1/lib/plugins/gradle-platform-play-2.14.1.jar
7fc82a098000-7fc82a0a5000 r--s 0004d000 08:01 5245874                    /home/ming/Downloads/android studio/android-studio/gradle/gradle-2.14.1/lib/plugins/gradle-platform-native-2.14.1.jar
7fc82a0a5000-7fc82a0a9000 r--s 0001a000 08:01 5245896                    /home/ming/Downloads/android studio/android-studio/gradle/gradle-2.14.1/lib/plugins/gradle-platform-jvm-2.14.1.jar
7fc82a0a9000-7fc82a0b0000 r--s 00029000 08:01 5245845                    /home/ming/Downloads/android studio/android-studio/gradle/gradle-2.14.1/lib/plugins/gradle-platform-base-2.14.1.jar
7fc82a0b0000-7fc82a0d1000 r--s 001c3000 08:01 5245821                    /home/ming/Downloads/android studio/android-studio/gradle/gradle-2.14.1/lib/plugins/bndlib-2.4.0.jar
7fc82a0d1000-7fc82a0d3000 r--s 00003000 08:01 5245901                    /home/ming/Downloads/android studio/android-studio/gradle/gradle-2.14.1/lib/plugins/gradle-osgi-2.14.1.jar
7fc82a0d3000-7fc82a0d6000 r--s 0000c000 08:01 5245905                    /home/ming/Downloads/android studio/android-studio/gradle/gradle-2.14.1/lib/plugins/pmaven-groovy-0.8-20100325.jar
7fc82a0d6000-7fc82a0d7000 r--s 00004000 08:01 5245891                    /home/ming/Downloads/android studio/android-studio/gradle/gradle-2.14.1/lib/plugins/pmaven-common-0.8-20100325.jar
7fc82a0d7000-7fc82a0dd000 r--s 00022000 08:01 5245844                    /home/ming/Downloads/android studio/android-studio/gradle/gradle-2.14.1/lib/plugins/gradle-maven-2.14.1.jar
7fc82a0dd000-7fc82a0df000 r--s 0000a000 08:01 5245826                    /home/ming/Downloads/android studio/android-studio/gradle/gradle-2.14.1/lib/plugins/gradle-language-scala-2.14.1.jar
7fc82a0df000-7fc82a0e5000 r--s 0001a000 08:01 5245831                    /home/ming/Downloads/android studio/android-studio/gradle/gradle-2.14.1/lib/plugins/gradle-language-native-2.14.1.jar
7fc82a0e5000-7fc82a0e7000 r--s 00008000 08:01 5245819                    /home/ming/Downloads/android studio/android-studio/gradle/gradle-2.14.1/lib/plugins/gradle-language-jvm-2.14.1.jar
7fc82a0e7000-7fc82a0ed000 r--s 00024000 08:01 5245892                    /home/ming/Downloads/android studio/android-studio/gradle/gradle-2.14.1/lib/plugins/gradle-language-java-2.14.1.jar
7fc82a0ed000-7fc82a0ef000 r--s 0000a000 08:01 5245873                    /home/ming/Downloads/android studio/android-studio/gradle/gradle-2.14.1/lib/plugins/gradle-language-groovy-2.14.1.jar
7fc82a0ef000-7fc82a0f2000 r--s 0001e000 08:01 5245813                    /home/ming/Downloads/android studio/android-studio/gradle/gradle-2.14.1/lib/plugins/jsp-api-2.1-6.1.14.jar
7fc82a0f2000-7fc82a115000 r--s 00344000 08:01 5245866                    /home/ming/Downloads/android studio/android-studio/gradle/gradle-2.14.1/lib/plugins/core-3.1.1.jar
7fc82a115000-7fc82a116000 r--s 00006000 08:01 5245903                    /home/ming/Downloads/android studio/android-studio/gradle/gradle-2.14.1/lib/plugins/jetty-naming-6.1.25.jar
7fc82a116000-7fc82a117000 r--s 00002000 08:01 5245861                    /home/ming/Downloads/android studio/android-studio/gradle/gradle-2.14.1/lib/plugins/geronimo-annotation_1.0_spec-1.0.jar
7fc82a117000-7fc82a119000 r--s 00002000 08:01 5245899                    /home/ming/Downloads/android studio/android-studio/gradle/gradle-2.14.1/lib/plugins/jetty-annotations-6.1.25.jar
7fc82a119000-7fc82a12a000 r--s 000ea000 08:01 5245912                    /home/ming/Downloads/android studio/android-studio/gradle/gradle-2.14.1/lib/plugins/jsp-2.1-6.1.14.jar
7fc82a12a000-7fc82a12c000 r--s 0000d000 08:01 5245867                    /home/ming/Downloads/android studio/android-studio/gradle/gradle-2.14.1/lib/plugins/jetty-plus-6.1.25.jar
7fc82a12c000-7fc82a12e000 r--s 0001f000 08:01 5245926                    /home/ming/Downloads/android studio/android-studio/gradle/gradle-2.14.1/lib/plugins/servlet-api-2.5-20081211.jar
7fc82a12e000-7fc82a132000 r--s 00028000 08:01 5245847                    /home/ming/Downloads/android studio/android-studio/gradle/gradle-2.14.1/lib/plugins/jetty-util-6.1.25.jar
7fc82a132000-7fc82a139000 r--s 0007d000 08:01 5245855                    /home/ming/Downloads/android studio/android-studio/gradle/gradle-2.14.1/lib/plugins/jetty-6.1.25.jar
7fc82a139000-7fc82a13b000 r--s 00009000 08:01 5245908                    /home/ming/Downloads/android studio/android-studio/gradle/gradle-2.14.1/lib/plugins/gradle-jetty-2.14.1.jar
7fc82a13b000-7fc82a142000 r--s 00035000 08:01 5245922                    /home/ming/Downloads/android studio/android-studio/gradle/gradle-2.14.1/lib/plugins/simple-4.1.21.jar
7fc82a142000-7fc82a14e000 r--s 00100000 08:01 5245837                    /home/ming/Downloads/android studio/android-studio/gradle/gradle-2.14.1/lib/plugins/rhino-1.7R3.jar
7fc82a14e000-7fc82a152000 r--s 00011000 08:01 5245890                    /home/ming/Downloads/android studio/android-studio/gradle/gradle-2.14.1/lib/plugins/gradle-javascript-2.14.1.jar
7fc82a152000-7fc82a154000 r--s 0000c000 08:01 5245924                    /home/ming/Downloads/android studio/android-studio/gradle/gradle-2.14.1/lib/plugins/gradle-jacoco-2.14.1.jar
7fc82a154000-7fc82a157000 r--s 0000e000 08:01 5245921                    /home/ming/Downloads/android studio/android-studio/gradle/gradle-2.14.1/lib/plugins/gradle-ivy-2.14.1.jar
7fc82a157000-7fc82a158000 r--s 00002000 08:01 5245913                    /home/ming/Downloads/android studio/android-studio/gradle/gradle-2.14.1/lib/plugins/gradle-ide-play-2.14.1.jar
7fc82a158000-7fc82a15d000 r--s 0002b000 08:01 5245909                    /home/ming/Downloads/android studio/android-studio/gradle/gradle-2.14.1/lib/plugins/gradle-ide-native-2.14.1.jar
7fc82a15d000-7fc82a168000 r--s 00066000 08:01 5245827                    /home/ming/Downloads/android studio/android-studio/gradle/gradle-2.14.1/lib/plugins/gradle-ide-2.14.1.jar
7fc82a168000-7fc82a169000 r--s 00008000 08:01 5245824                    /home/ming/Downloads/android studio/android-studio/gradle/gradle-2.14.1/lib/plugins/gradle-ear-2.14.1.jar
7fc82a169000-7fc82a16f000 r--s 00032000 08:01 5245835                    /home/ming/Downloads/android studio/android-studio/gradle/gradle-2.14.1/lib/plugins/gradle-diagnostics-2.14.1.jar
7fc82a16f000-7fc82a173000 r--s 00021000 08:01 5245911                    /home/ming/Downloads/android studio/android-studio/gradle/gradle-2.14.1/lib/plugins/gradle-code-quality-2.14.1.jar
7fc82a173000-7fc82a177000 r--s 0001f000 08:01 5245834                    /home/ming/Downloads/android studio/android-studio/gradle/gradle-2.14.1/lib/plugins/gradle-build-init-2.14.1.jar
7fc82a177000-7fc82a17e000 r--s 0008e000 08:01 5245918                    /home/ming/Downloads/android studio/android-studio/gradle/gradle-2.14.1/lib/plugins/gradle-build-comparison-2.14.1.jar
7fc82a17e000-7fc82a180000 r--s 00008000 08:01 5245894                    /home/ming/Downloads/android studio/android-studio/gradle/gradle-2.14.1/lib/plugins/gradle-antlr-2.14.1.jar
7fc82a180000-7fc82a182000 r--s 00004000 08:01 5245920                    /home/ming/Downloads/android studio/android-studio/gradle/gradle-2.14.1/lib/plugins/gradle-announce-2.14.1.jar
7fc82a182000-7fc82a19a000 r--s 00115000 08:01 5245858                    /home/ming/Downloads/android studio/android-studio/gradle/gradle-2.14.1/lib/plugins/xercesImpl-2.9.1.jar
7fc82a19a000-7fc82a1a2000 r--s 00028000 08:01 5245886                    /home/ming/Downloads/android studio/android-studio/gradle/gradle-2.14.1/lib/plugins/xml-apis-1.3.04.jar
7fc82a1a2000-7fc82a1a8000 r--s 0005b000 08:01 5245877                    /home/ming/Downloads/android studio/android-studio/gradle/gradle-2.14.1/lib/plugins/jcifs-1.3.17.jar
7fc82a1a8000-7fc82a1af000 r--s 00049000 08:01 5245888                    /home/ming/Downloads/android studio/android-studio/gradle/gradle-2.14.1/lib/plugins/httpcore-4.4.4.jar
7fc82a1af000-7fc82a1b5000 r--s 00033000 08:01 5245833                    /home/ming/Downloads/android studio/android-studio/gradle/gradle-2.14.1/lib/plugins/commons-codec-1.6.jar
7fc82a1b5000-7fc82a1b8000 r--s 0001c000 08:01 5245828                    /home/ming/Downloads/android studio/android-studio/gradle/gradle-2.14.1/lib/plugins/nekohtml-1.9.14.jar
7fc82a1b8000-7fc82a1c5000 r--s 000a4000 08:01 5245906                    /home/ming/Downloads/android studio/android-studio/gradle/gradle-2.14.1/lib/plugins/httpclient-4.4.1.jar
7fc82a1c5000-7fc82a1c7000 r--s 0000a000 08:01 5245815                    /home/ming/Downloads/android studio/android-studio/gradle/gradle-2.14.1/lib/plugins/gradle-resources-http-2.14.1.jar
7fc82a1c7000-7fc82a1cb000 r--s 00014000 08:01 5245880                    /home/ming/Downloads/android studio/android-studio/gradle/gradle-2.14.1/lib/plugins/gradle-plugin-use-2.14.1.jar
7fc82a1cb000-7fc82a1cc000 r--s 00000000 08:01 5245771                    /home/ming/Downloads/android studio/android-studio/gradle/gradle-2.14.1/lib/gradle-installation-beacon-2.14.1.jar
7fc82a1cc000-7fc82a1cd000 r--s 00007000 08:01 5245843                    /home/ming/Downloads/android studio/android-studio/gradle/gradle-2.14.1/lib/plugins/wagon-http-shared4-2.4.jar
7fc82a1cd000-7fc82a1d1000 r--s 00033000 08:01 5245897                    /home/ming/Downloads/android studio/android-studio/gradle/gradle-2.14.1/lib/plugins/plexus-utils-2.0.6.jar
7fc82a1d1000-7fc82a1d5000 r--s 00021000 08:01 5245879                    /home/ming/Downloads/android studio/android-studio/gradle/gradle-2.14.1/lib/plugins/maven-model-builder-3.0.4.jar
7fc82a1d5000-7fc82a1d6000 r--s 00002000 08:01 5245832                    /home/ming/Downloads/android studio/android-studio/gradle/gradle-2.14.1/lib/plugins/wagon-file-2.4.jar
7fc82a1d6000-7fc82a1d8000 r--s 00002000 08:01 5245889                    /home/ming/Downloads/android studio/android-studio/gradle/gradle-2.14.1/lib/plugins/plexus-cipher-1.7.jar
7fc82a1d8000-7fc82a1db000 r--s 00013000 08:01 5245925                    /home/ming/Downloads/android studio/android-studio/gradle/gradle-2.14.1/lib/plugins/aether-api-1.13.1.jar
7fc82a1db000-7fc82a1dd000 r--s 0000a000 08:01 5245848                    /home/ming/Downloads/android studio/android-studio/gradle/gradle-2.14.1/lib/plugins/maven-settings-3.0.4.jar
7fc82a1dd000-7fc82a1df000 r--s 0000d000 08:01 5245881                    /home/ming/Downloads/android studio/android-studio/gradle/gradle-2.14.1/lib/plugins/plexus-interpolation-1.14.jar
7fc82a1df000-7fc82a1e1000 r--s 0000b000 08:01 5245904                    /home/ming/Downloads/android studio/android-studio/gradle/gradle-2.14.1/lib/plugins/maven-artifact-3.0.4.jar
7fc82a1e1000-7fc82a1e8000 r--s 0002e000 08:01 5245840                    /home/ming/Downloads/android studio/android-studio/gradle/gradle-2.14.1/lib/plugins/plexus-container-default-1.5.5.jar
7fc82a1e8000-7fc82a1ea000 r--s 0000b000 08:01 5245868                    /home/ming/Downloads/android studio/android-studio/gradle/gradle-2.14.1/lib/plugins/maven-plugin-api-3.0.4.jar
7fc82a1ea000-7fc82a1ec000 r--s 00000000 08:01 5245871                    /home/ming/Downloads/android studio/android-studio/gradle/gradle-2.14.1/lib/plugins/plexus-component-annotations-1.5.5.jar
7fc82a1ec000-7fc82a1f2000 r--s 0003f000 08:01 5245882                    /home/ming/Downloads/android studio/android-studio/gradle/gradle-2.14.1/lib/plugins/maven-compat-3.0.4.jar
7fc82a1f2000-7fc82a1f5000 r--s 00008000 08:01 5245856                    /home/ming/Downloads/android studio/android-studio/gradle/gradle-2.14.1/lib/plugins/maven-settings-builder-3.0.4.jar
7fc82a1f5000-7fc82a1f6000 r--s 00002000 08:01 5245812                    /home/ming/Downloads/android studio/android-studio/gradle/gradle-2.14.1/lib/plugins/wagon-http-2.4.jar
7fc82a1f6000-7fc82a1f8000 r--s 00026000 08:01 5245923                    /home/ming/Downloads/android studio/android-studio/gradle/gradle-2.14.1/lib/plugins/maven-model-3.0.4.jar
7fc82a1f8000-7fc82a1fa000 r--s 00006000 08:01 5245900                    /home/ming/Downloads/android studio/android-studio/gradle/gradle-2.14.1/lib/plugins/aether-connector-wagon-1.13.1.jar
7fc82a1fa000-7fc82a1fc000 r--s 0000a000 08:01 5245841                    /home/ming/Downloads/android studio/android-studio/gradle/gradle-2.14.1/lib/plugins/plexus-classworlds-2.4.jar
7fc82a1fc000-7fc82a1fe000 r--s 00006000 08:01 5245884                    /home/ming/Downloads/android studio/android-studio/gradle/gradle-2.14.1/lib/plugins/maven-repository-metadata-3.0.4.jar
7fc82a1fe000-7fc82a200000 r--s 0000c000 08:01 5245860                    /home/ming/Downloads/android studio/android-studio/gradle/gradle-2.14.1/lib/plugins/maven-aether-provider-3.0.4.jar
7fc82a200000-7fc82a202000 r--s 0000b000 08:01 5245850                    /home/ming/Downloads/android studio/android-studio/gradle/gradle-2.14.1/lib/plugins/wagon-provider-api-2.4.jar
7fc82a202000-7fc82a203000 r--s 00003000 08:01 5245816                    /home/ming/Downloads/android studio/android-studio/gradle/gradle-2.14.1/lib/plugins/aether-spi-1.13.1.jar
7fc82a203000-7fc82a207000 r--s 0001c000 08:01 5245914                    /home/ming/Downloads/android studio/android-studio/gradle/gradle-2.14.1/lib/plugins/aether-util-1.13.1.jar
7fc82a207000-7fc82a20a000 r--s 0001d000 08:01 5245878                    /home/ming/Downloads/android studio/android-studio/gradle/gradle-2.14.1/lib/plugins/aether-impl-1.13.1.jar
7fc82a20a000-7fc82a20f000 r--s 00040000 08:01 5245818                    /home/ming/Downloads/android studio/android-studio/gradle/gradle-2.14.1/lib/plugins/jsch-0.1.53.jar
7fc82a20f000-7fc82a24f000 r--s 00277000 08:01 5245822                    /home/ming/Downloads/android studio/android-studio/gradle/gradle-2.14.1/lib/plugins/bcprov-jdk15on-1.51.jar
7fc82a24f000-7fc82a25b000 r--s 0007d000 08:01 5245887                    /home/ming/Downloads/android studio/android-studio/gradle/gradle-2.14.1/lib/plugins/maven-core-3.0.4.jar
7fc82a25b000-7fc82a277000 r--s 000d3000 08:01 5245862                    /home/ming/Downloads/android studio/android-studio/gradle/gradle-2.14.1/lib/plugins/gradle-dependency-management-2.14.1.jar
7fc82a277000-7fc82a28d000 r-xp 00000000 08:01 1839527                    /lib/x86_64-linux-gnu/libgcc_s.so.1
7fc82a28d000-7fc82a48c000 ---p 00016000 08:01 1839527                    /lib/x86_64-linux-gnu/libgcc_s.so.1
7fc82a48c000-7fc82a48d000 rw-p 00015000 08:01 1839527                    /lib/x86_64-linux-gnu/libgcc_s.so.1
7fc82a48d000-7fc82a5ff000 r-xp 00000000 08:01 4327421                    /usr/lib/x86_64-linux-gnu/libstdc++.so.6.0.21
7fc82a5ff000-7fc82a7ff000 ---p 00172000 08:01 4327421                    /usr/lib/x86_64-linux-gnu/libstdc++.so.6.0.21
7fc82a7ff000-7fc82a809000 r--p 00172000 08:01 4327421                    /usr/lib/x86_64-linux-gnu/libstdc++.so.6.0.21
7fc82a809000-7fc82a80b000 rw-p 0017c000 08:01 4327421                    /usr/lib/x86_64-linux-gnu/libstdc++.so.6.0.21
7fc82a80b000-7fc82a80f000 rw-p 00000000 00:00 0 
7fc82a80f000-7fc82a810000 r--s 00006000 08:01 5245885                    /home/ming/Downloads/android studio/android-studio/gradle/gradle-2.14.1/lib/plugins/plexus-sec-dispatcher-1.3.jar
7fc82a810000-7fc82a814000 r--s 0001d000 08:01 5245863                    /home/ming/Downloads/android studio/android-studio/gradle/gradle-2.14.1/lib/plugins/xbean-reflect-3.4.jar
7fc82a814000-7fc82a819000 r--s 0002a000 08:01 5245857                    /home/ming/Downloads/android studio/android-studio/gradle/gradle-2.14.1/lib/plugins/gson-2.2.4.jar
7fc82a819000-7fc82a828000 r--s 000d9000 08:01 5245838                    /home/ming/Downloads/android studio/android-studio/gradle/gradle-2.14.1/lib/plugins/ivy-2.2.0.jar
7fc82a828000-7fc82a82c000 r-xp 00000000 08:01 7342835                    /home/ming/.gradle/native/19/linux-amd64/libnative-platform.so
7fc82a82c000-7fc82aa2b000 ---p 00004000 08:01 7342835                    /home/ming/.gradle/native/19/linux-amd64/libnative-platform.so
7fc82aa2b000-7fc82aa2c000 rw-p 00003000 08:01 7342835                    /home/ming/.gradle/native/19/linux-amd64/libnative-platform.so
7fc82aa2c000-7fc82aa3d000 r-xp 00000000 08:01 4592809                    /usr/lib/jvm/java-8-oracle/jre/lib/amd64/libnio.so
7fc82aa3d000-7fc82ac3c000 ---p 00011000 08:01 4592809                    /usr/lib/jvm/java-8-oracle/jre/lib/amd64/libnio.so
7fc82ac3c000-7fc82ac3d000 rw-p 00010000 08:01 4592809                    /usr/lib/jvm/java-8-oracle/jre/lib/amd64/libnio.so
7fc82ac3d000-7fc82af3e000 rw-p 00000000 00:00 0 
7fc82af3e000-7fc82af54000 r-xp 00000000 08:01 4592786                    /usr/lib/jvm/java-8-oracle/jre/lib/amd64/libnet.so
7fc82af54000-7fc82b154000 ---p 00016000 08:01 4592786                    /usr/lib/jvm/java-8-oracle/jre/lib/amd64/libnet.so
7fc82b154000-7fc82b155000 rw-p 00016000 08:01 4592786                    /usr/lib/jvm/java-8-oracle/jre/lib/amd64/libnet.so
7fc82b155000-7fc82b157000 r--s 00005000 08:01 5245781                    /home/ming/Downloads/android studio/android-studio/gradle/gradle-2.14.1/lib/gradle-wrapper-2.14.1.jar
7fc82b157000-7fc82b165000 r--s 0004f000 08:01 5245766                    /home/ming/Downloads/android studio/android-studio/gradle/gradle-2.14.1/lib/gradle-tooling-api-2.14.1.jar
7fc82b165000-7fc82b167000 r--s 00002000 08:01 5245770                    /home/ming/Downloads/android studio/android-studio/gradle/gradle-2.14.1/lib/gradle-open-api-2.14.1.jar
7fc82b167000-7fc82b16d000 r--s 00032000 08:01 5245804                    /home/ming/Downloads/android studio/android-studio/gradle/gradle-2.14.1/lib/jaxen-1.1.jar
7fc82b16d000-7fc82b172000 r--s 00048000 08:01 5245769                    /home/ming/Downloads/android studio/android-studio/gradle/gradle-2.14.1/lib/dom4j-1.6.1.jar
7fc82b172000-7fc82b17d000 r--s 00059000 08:01 5245798                    /home/ming/Downloads/android studio/android-studio/gradle/gradle-2.14.1/lib/gradle-ui-2.14.1.jar
7fc82b17d000-7fc82b180000 r--s 0000b000 08:01 5245927                    /home/ming/Downloads/android studio/android-studio/gradle/gradle-2.14.1/lib/gradle-resources-2.14.1.jar
7fc82b180000-7fc82b182000 r--s 00003000 08:01 5245807                    /home/ming/Downloads/android studio/android-studio/gradle/gradle-2.14.1/lib/jcl-over-slf4j-1.7.10.jar
7fc82b182000-7fc82b183000 r--s 00005000 08:01 5245801                    /home/ming/Downloads/android studio/android-studio/gradle/gradle-2.14.1/lib/log4j-over-slf4j-1.7.10.jar
7fc82b183000-7fc82b185000 r--s 00000000 08:01 5245928                    /home/ming/Downloads/android studio/android-studio/gradle/gradle-2.14.1/lib/jul-to-slf4j-1.7.10.jar
7fc82b185000-7fc82b18a000 r--s 0001c000 08:01 5245779                    /home/ming/Downloads/android studio/android-studio/gradle/gradle-2.14.1/lib/gradle-logging-2.14.1.jar
7fc82b18a000-7fc82b18c000 r--s 00007000 08:01 5245810                    /home/ming/Downloads/android studio/android-studio/gradle/gradle-2.14.1/lib/objenesis-1.2.jar
7fc82b18c000-7fc82b18e000 r--s 00000000 08:01 5245774                    /home/ming/Downloads/android studio/android-studio/gradle/gradle-2.14.1/lib/minlog-1.2.jar
7fc82b18e000-7fc82b190000 r--s 0000f000 08:01 5245785                    /home/ming/Downloads/android studio/android-studio/gradle/gradle-2.14.1/lib/reflectasm-1.07-shaded.jar
7fc82b190000-7fc82b194000 r--s 00026000 08:01 5245799                    /home/ming/Downloads/android studio/android-studio/gradle/gradle-2.14.1/lib/kryo-2.20.jar
7fc82b194000-7fc82b19a000 r--s 00025000 08:01 5245768                    /home/ming/Downloads/android studio/android-studio/gradle/gradle-2.14.1/lib/gradle-messaging-2.14.1.jar
7fc82b19a000-7fc82b19b000 r--s 00003000 08:01 5245806                    /home/ming/Downloads/android studio/android-studio/gradle/gradle-2.14.1/lib/native-platform-freebsd-amd64-0.10.jar
7fc82b19b000-7fc82b19c000 r--s 00003000 08:01 5245788                    /home/ming/Downloads/android studio/android-studio/gradle/gradle-2.14.1/lib/native-platform-freebsd-i386-0.10.jar
7fc82b19c000-7fc82b19d000 r--s 00005000 08:01 5245776                    /home/ming/Downloads/android studio/android-studio/gradle/gradle-2.14.1/lib/native-platform-windows-i386-0.10.jar
7fc82b19d000-7fc82b19e000 r--s 00005000 08:01 5245775                    /home/ming/Downloads/android studio/android-studio/gradle/gradle-2.14.1/lib/native-platform-windows-amd64-0.10.jar
7fc82b19e000-7fc82b19f000 r--s 00003000 08:01 5245789                    /home/ming/Downloads/android studio/android-studio/gradle/gradle-2.14.1/lib/native-platform-linux-i386-0.10.jar
7fc82b19f000-7fc82b1a0000 r--s 00003000 08:01 5245773                    /home/ming/Downloads/android studio/android-studio/gradle/gradle-2.14.1/lib/native-platform-linux-amd64-0.10.jar
7fc82b1a0000-7fc82b1a1000 r--s 00002000 08:01 5245772                    /home/ming/Downloads/android studio/android-studio/gradle/gradle-2.14.1/lib/native-platform-osx-amd64-0.10.jar
7fc82b1a1000-7fc82b1a3000 r--s 00008000 08:01 5245803                    /home/ming/Downloads/android studio/android-studio/gradle/gradle-2.14.1/lib/jansi-1.2.1.jar
7fc82b1a3000-7fc82b1a6000 r--s 0000d000 08:01 5245797                    /home/ming/Downloads/android studio/android-studio/gradle/gradle-2.14.1/lib/native-platform-0.10.jar
7fc82b1a6000-7fc82b215000 r--s 0063e000 08:01 5245931                    /home/ming/Downloads/android studio/android-studio/gradle/gradle-2.14.1/lib/groovy-all-2.4.4.jar
7fc82b215000-7fc82b23d000 r--s 001cf000 08:01 5245782                    /home/ming/Downloads/android studio/android-studio/gradle/gradle-2.14.1/lib/guava-jdk5-17.0.jar
7fc82b23d000-7fc82b23e000 ---p 00000000 00:00 0 
7fc82b23e000-7fc82b33e000 rw-p 00000000 00:00 0 
7fc82b33e000-7fc82b341000 ---p 00000000 00:00 0 
7fc82b341000-7fc82b43f000 rw-p 00000000 00:00 0 
7fc82b43f000-7fc82b442000 ---p 00000000 00:00 0 
7fc82b442000-7fc82b540000 rw-p 00000000 00:00 0 
7fc82b540000-7fc82b543000 ---p 00000000 00:00 0 
7fc82b543000-7fc82b641000 rw-p 00000000 00:00 0 
7fc82b641000-7fc82c000000 r--p 00000000 08:01 4332457                    /usr/lib/locale/locale-archive
7fc82c000000-7fc82c021000 rw-p 00000000 00:00 0 
7fc82c021000-7fc830000000 ---p 00000000 00:00 0 
7fc830000000-7fc830004000 r--s 000e4000 08:01 5245796                    /home/ming/Downloads/android studio/android-studio/gradle/gradle-2.14.1/lib/jna-3.2.7.jar
7fc830004000-7fc830013000 r--s 00080000 08:01 5245794                    /home/ming/Downloads/android studio/android-studio/gradle/gradle-2.14.1/lib/gradle-model-core-2.14.1.jar
7fc830013000-7fc830016000 ---p 00000000 00:00 0 
7fc830016000-7fc830114000 rw-p 00000000 00:00 0 
7fc830114000-7fc830117000 ---p 00000000 00:00 0 
7fc830117000-7fc830215000 rw-p 00000000 00:00 0 
7fc830215000-7fc830218000 ---p 00000000 00:00 0 
7fc830218000-7fc830316000 rw-p 00000000 00:00 0 
7fc830316000-7fc830319000 ---p 00000000 00:00 0 
7fc830319000-7fc830417000 rw-p 00000000 00:00 0 
7fc830417000-7fc830418000 ---p 00000000 00:00 0 
7fc830418000-7fc831427000 rw-p 00000000 00:00 0 
7fc831427000-7fc831600000 r--s 03d29000 08:01 4592778                    /usr/lib/jvm/java-8-oracle/jre/lib/rt.jar
7fc831600000-7fc834000000 rw-p 00000000 00:00 0 
7fc834000000-7fc834021000 rw-p 00000000 00:00 0 
7fc834021000-7fc838000000 ---p 00000000 00:00 0 
7fc838000000-7fc838001000 r--s 00002000 08:01 5245802                    /home/ming/Downloads/android studio/android-studio/gradle/gradle-2.14.1/lib/native-platform-osx-i386-0.10.jar
7fc838001000-7fc838003000 r--s 00009000 08:01 5245808                    /home/ming/Downloads/android studio/android-studio/gradle/gradle-2.14.1/lib/gradle-native-2.14.1.jar
7fc838003000-7fc838005000 r--s 00005000 08:01 5245809                    /home/ming/Downloads/android studio/android-studio/gradle/gradle-2.14.1/lib/gradle-cli-2.14.1.jar
7fc838005000-7fc838007000 r--s 00007000 08:01 5245778                    /home/ming/Downloads/android studio/android-studio/gradle/gradle-2.14.1/lib/gradle-model-groovy-2.14.1.jar
7fc838007000-7fc838008000 r--s 00006000 08:01 5245793                    /home/ming/Downloads/android studio/android-studio/gradle/gradle-2.14.1/lib/gradle-base-services-groovy-2.14.1.jar
7fc838008000-7fc838009000 r--s 00002000 08:01 5245786                    /home/ming/Downloads/android studio/android-studio/gradle/gradle-2.14.1/lib/gradle-docs-2.14.1.jar
7fc838009000-7fc83800a000 r--s 00000000 08:01 5245930                    /home/ming/Downloads/android studio/android-studio/gradle/gradle-2.14.1/lib/javax.inject-1.jar
7fc83800a000-7fc83800e000 r--s 00027000 08:01 5245800                    /home/ming/Downloads/android studio/android-studio/gradle/gradle-2.14.1/lib/commons-io-2.2.jar
7fc83800e000-7fc83801b000 r--s 00083000 08:01 5245929                    /home/ming/Downloads/android studio/android-studio/gradle/gradle-2.14.1/lib/commons-collections-3.2.2.jar
7fc83801b000-7fc838020000 r--s 00038000 08:01 5245790                    /home/ming/Downloads/android studio/android-studio/gradle/gradle-2.14.1/lib/asm-all-5.1.jar
7fc838020000-7fc83803f000 r--s 001d1000 08:01 5245780                    /home/ming/Downloads/android studio/android-studio/gradle/gradle-2.14.1/lib/ant-1.9.6.jar
7fc83803f000-7fc838076000 r--s 001bd000 08:01 5245783                    /home/ming/Downloads/android studio/android-studio/gradle/gradle-2.14.1/lib/gradle-core-2.14.1.jar
7fc838076000-7fc8380b8000 rw-p 00000000 00:00 0 
7fc8380b8000-7fc8380b9000 ---p 00000000 00:00 0 
7fc8380b9000-7fc8381b9000 rw-p 00000000 00:00 0 
7fc8381b9000-7fc8381ba000 ---p 00000000 00:00 0 
7fc8381ba000-7fc8382ba000 rw-p 00000000 00:00 0 
7fc8382ba000-7fc8382bb000 ---p 00000000 00:00 0 
7fc8382bb000-7fc8383bb000 rw-p 00000000 00:00 0 
7fc8383bb000-7fc8383bc000 ---p 00000000 00:00 0 
7fc8383bc000-7fc8384de000 rw-p 00000000 00:00 0 
7fc8384de000-7fc838612000 ---p 00000000 00:00 0 
7fc838612000-7fc838634000 rw-p 00000000 00:00 0 
7fc838634000-7fc838767000 ---p 00000000 00:00 0 
7fc838767000-7fc83877c000 rw-p 00000000 00:00 0 
7fc83877c000-7fc838812000 ---p 00000000 00:00 0 
7fc838812000-7fc83882e000 rw-p 00000000 00:00 0 
7fc83882e000-7fc838bd3000 ---p 00000000 00:00 0 
7fc838bd3000-7fc839283000 rwxp 00000000 00:00 0 
7fc839283000-7fc847bd3000 ---p 00000000 00:00 0 
7fc847bd3000-7fc847bed000 r-xp 00000000 08:01 4592807                    /usr/lib/jvm/java-8-oracle/jre/lib/amd64/libzip.so
7fc847bed000-7fc847ded000 ---p 0001a000 08:01 4592807                    /usr/lib/jvm/java-8-oracle/jre/lib/amd64/libzip.so
7fc847ded000-7fc847dee000 rw-p 0001a000 08:01 4592807                    /usr/lib/jvm/java-8-oracle/jre/lib/amd64/libzip.so
7fc847dee000-7fc847df9000 r-xp 00000000 08:01 1839588                    /lib/x86_64-linux-gnu/libnss_files-2.23.so
7fc847df9000-7fc847ff8000 ---p 0000b000 08:01 1839588                    /lib/x86_64-linux-gnu/libnss_files-2.23.so
7fc847ff8000-7fc847ff9000 r--p 0000a000 08:01 1839588                    /lib/x86_64-linux-gnu/libnss_files-2.23.so
7fc847ff9000-7fc847ffa000 rw-p 0000b000 08:01 1839588                    /lib/x86_64-linux-gnu/libnss_files-2.23.so
7fc847ffa000-7fc848000000 rw-p 00000000 00:00 0 
7fc848000000-7fc848bf4000 rw-p 00000000 00:00 0 
7fc848bf4000-7fc84c000000 ---p 00000000 00:00 0 
7fc84c000000-7fc84c008000 r--s 0003a000 08:01 5245791                    /home/ming/Downloads/android studio/android-studio/gradle/gradle-2.14.1/lib/gradle-base-services-2.14.1.jar
7fc84c008000-7fc84c0ee000 rw-p 00000000 00:00 0 
7fc84c0ee000-7fc84c0f9000 r-xp 00000000 08:01 1839598                    /lib/x86_64-linux-gnu/libnss_nis-2.23.so
7fc84c0f9000-7fc84c2f8000 ---p 0000b000 08:01 1839598                    /lib/x86_64-linux-gnu/libnss_nis-2.23.so
7fc84c2f8000-7fc84c2f9000 r--p 0000a000 08:01 1839598                    /lib/x86_64-linux-gnu/libnss_nis-2.23.so
7fc84c2f9000-7fc84c2fa000 rw-p 0000b000 08:01 1839598                    /lib/x86_64-linux-gnu/libnss_nis-2.23.so
7fc84c2fa000-7fc84c310000 r-xp 00000000 08:01 1839582                    /lib/x86_64-linux-gnu/libnsl-2.23.so
7fc84c310000-7fc84c50f000 ---p 00016000 08:01 1839582                    /lib/x86_64-linux-gnu/libnsl-2.23.so
7fc84c50f000-7fc84c510000 r--p 00015000 08:01 1839582                    /lib/x86_64-linux-gnu/libnsl-2.23.so
7fc84c510000-7fc84c511000 rw-p 00016000 08:01 1839582                    /lib/x86_64-linux-gnu/libnsl-2.23.so
7fc84c511000-7fc84c513000 rw-p 00000000 00:00 0 
7fc84c513000-7fc84c51b000 r-xp 00000000 08:01 1839584                    /lib/x86_64-linux-gnu/libnss_compat-2.23.so
7fc84c51b000-7fc84c71a000 ---p 00008000 08:01 1839584                    /lib/x86_64-linux-gnu/libnss_compat-2.23.so
7fc84c71a000-7fc84c71b000 r--p 00007000 08:01 1839584                    /lib/x86_64-linux-gnu/libnss_compat-2.23.so
7fc84c71b000-7fc84c71c000 rw-p 00008000 08:01 1839584                    /lib/x86_64-linux-gnu/libnss_compat-2.23.so
7fc84c71c000-7fc84c746000 r-xp 00000000 08:01 4592831                    /usr/lib/jvm/java-8-oracle/jre/lib/amd64/libjava.so
7fc84c746000-7fc84c946000 ---p 0002a000 08:01 4592831                    /usr/lib/jvm/java-8-oracle/jre/lib/amd64/libjava.so
7fc84c946000-7fc84c948000 rw-p 0002a000 08:01 4592831                    /usr/lib/jvm/java-8-oracle/jre/lib/amd64/libjava.so
7fc84c948000-7fc84c955000 r-xp 00000000 08:01 4592787                    /usr/lib/jvm/java-8-oracle/jre/lib/amd64/libverify.so
7fc84c955000-7fc84cb55000 ---p 0000d000 08:01 4592787                    /usr/lib/jvm/java-8-oracle/jre/lib/amd64/libverify.so
7fc84cb55000-7fc84cb57000 rw-p 0000d000 08:01 4592787                    /usr/lib/jvm/java-8-oracle/jre/lib/amd64/libverify.so
7fc84cb57000-7fc84cb5e000 r-xp 00000000 08:01 1839643                    /lib/x86_64-linux-gnu/librt-2.23.so
7fc84cb5e000-7fc84cd5d000 ---p 00007000 08:01 1839643                    /lib/x86_64-linux-gnu/librt-2.23.so
7fc84cd5d000-7fc84cd5e000 r--p 00006000 08:01 1839643                    /lib/x86_64-linux-gnu/librt-2.23.so
7fc84cd5e000-7fc84cd5f000 rw-p 00007000 08:01 1839643                    /lib/x86_64-linux-gnu/librt-2.23.so
7fc84cd5f000-7fc84ce67000 r-xp 00000000 08:01 1839559                    /lib/x86_64-linux-gnu/libm-2.23.so
7fc84ce67000-7fc84d066000 ---p 00108000 08:01 1839559                    /lib/x86_64-linux-gnu/libm-2.23.so
7fc84d066000-7fc84d067000 r--p 00107000 08:01 1839559                    /lib/x86_64-linux-gnu/libm-2.23.so
7fc84d067000-7fc84d068000 rw-p 00108000 08:01 1839559                    /lib/x86_64-linux-gnu/libm-2.23.so
7fc84d068000-7fc84dd33000 r-xp 00000000 08:01 4719822                    /usr/lib/jvm/java-8-oracle/jre/lib/amd64/server/libjvm.so
7fc84dd33000-7fc84df32000 ---p 00ccb000 08:01 4719822                    /usr/lib/jvm/java-8-oracle/jre/lib/amd64/server/libjvm.so
7fc84df32000-7fc84e00b000 rw-p 00cca000 08:01 4719822                    /usr/lib/jvm/java-8-oracle/jre/lib/amd64/server/libjvm.so
7fc84e00b000-7fc84e056000 rw-p 00000000 00:00 0 
7fc84e056000-7fc84e216000 r-xp 00000000 08:01 1839489                    /lib/x86_64-linux-gnu/libc-2.23.so
7fc84e216000-7fc84e415000 ---p 001c0000 08:01 1839489                    /lib/x86_64-linux-gnu/libc-2.23.so
7fc84e415000-7fc84e419000 r--p 001bf000 08:01 1839489                    /lib/x86_64-linux-gnu/libc-2.23.so
7fc84e419000-7fc84e41b000 rw-p 001c3000 08:01 1839489                    /lib/x86_64-linux-gnu/libc-2.23.so
7fc84e41b000-7fc84e41f000 rw-p 00000000 00:00 0 
7fc84e41f000-7fc84e422000 r-xp 00000000 08:01 1839513                    /lib/x86_64-linux-gnu/libdl-2.23.so
7fc84e422000-7fc84e621000 ---p 00003000 08:01 1839513                    /lib/x86_64-linux-gnu/libdl-2.23.so
7fc84e621000-7fc84e622000 r--p 00002000 08:01 1839513                    /lib/x86_64-linux-gnu/libdl-2.23.so
7fc84e622000-7fc84e623000 rw-p 00003000 08:01 1839513                    /lib/x86_64-linux-gnu/libdl-2.23.so
7fc84e623000-7fc84e638000 r-xp 00000000 08:01 4461942                    /usr/lib/jvm/java-8-oracle/lib/amd64/jli/libjli.so
7fc84e638000-7fc84e838000 ---p 00015000 08:01 4461942                    /usr/lib/jvm/java-8-oracle/lib/amd64/jli/libjli.so
7fc84e838000-7fc84e839000 rw-p 00015000 08:01 4461942                    /usr/lib/jvm/java-8-oracle/lib/amd64/jli/libjli.so
7fc84e839000-7fc84e851000 r-xp 00000000 08:01 1839635                    /lib/x86_64-linux-gnu/libpthread-2.23.so
7fc84e851000-7fc84ea50000 ---p 00018000 08:01 1839635                    /lib/x86_64-linux-gnu/libpthread-2.23.so
7fc84ea50000-7fc84ea51000 r--p 00017000 08:01 1839635                    /lib/x86_64-linux-gnu/libpthread-2.23.so
7fc84ea51000-7fc84ea52000 rw-p 00018000 08:01 1839635                    /lib/x86_64-linux-gnu/libpthread-2.23.so
7fc84ea52000-7fc84ea56000 rw-p 00000000 00:00 0 
7fc84ea56000-7fc84ea7c000 r-xp 00000000 08:01 1839461                    /lib/x86_64-linux-gnu/ld-2.23.so
7fc84ea7c000-7fc84ea7d000 r--s 00000000 08:01 5245784                    /home/ming/Downloads/android studio/android-studio/gradle/gradle-2.14.1/lib/jcip-annotations-1.0.jar
7fc84ea7d000-7fc84ea82000 r--s 00041000 08:01 5245792                    /home/ming/Downloads/android studio/android-studio/gradle/gradle-2.14.1/lib/commons-lang-2.6.jar
7fc84ea82000-7fc84eb5b000 rw-p 00000000 00:00 0 
7fc84eb5b000-7fc84eb5e000 ---p 00000000 00:00 0 
7fc84eb5e000-7fc84ec60000 rw-p 00000000 00:00 0 
7fc84ec60000-7fc84ec61000 r--s 00001000 08:01 5245805                    /home/ming/Downloads/android studio/android-studio/gradle/gradle-2.14.1/lib/gradle-process-services-2.14.1.jar
7fc84ec61000-7fc84ec62000 r--s 00000000 08:01 5245767                    /home/ming/Downloads/android studio/android-studio/gradle/gradle-2.14.1/lib/gradle-jvm-services-2.14.1.jar
7fc84ec62000-7fc84ec63000 r--s 00007000 08:01 5245777                    /home/ming/Downloads/android studio/android-studio/gradle/gradle-2.14.1/lib/slf4j-api-1.7.10.jar
7fc84ec63000-7fc84ec64000 r--s 00004000 08:01 5245795                    /home/ming/Downloads/android studio/android-studio/gradle/gradle-2.14.1/lib/ant-launcher-1.9.6.jar
7fc84ec64000-7fc84ec6f000 r--s 00051000 08:01 5245787                    /home/ming/Downloads/android studio/android-studio/gradle/gradle-2.14.1/lib/gradle-launcher-2.14.1.jar
7fc84ec6f000-7fc84ec77000 rw-s 00000000 08:01 14680191                   /tmp/hsperfdata_ming/2984
7fc84ec77000-7fc84ec78000 rw-p 00000000 00:00 0 
7fc84ec78000-7fc84ec79000 r--p 00000000 00:00 0 
7fc84ec79000-7fc84ec7b000 rw-p 00000000 00:00 0 
7fc84ec7b000-7fc84ec7c000 r--p 00025000 08:01 1839461                    /lib/x86_64-linux-gnu/ld-2.23.so
7fc84ec7c000-7fc84ec7d000 rw-p 00026000 08:01 1839461                    /lib/x86_64-linux-gnu/ld-2.23.so
7fc84ec7d000-7fc84ec7e000 rw-p 00000000 00:00 0 
7ffd83f98000-7ffd83fb9000 rw-p 00000000 00:00 0                          [stack]
7ffd83fbb000-7ffd83fbd000 r--p 00000000 00:00 0                          [vvar]
7ffd83fbd000-7ffd83fbf000 r-xp 00000000 00:00 0                          [vdso]
ffffffffff600000-ffffffffff601000 r-xp 00000000 00:00 0                  [vsyscall]

VM Arguments:
jvm_args: -XX:MaxPermSize=256m -XX:+HeapDumpOnOutOfMemoryError -Xmx1024m -Dfile.encoding=UTF-8 -Duser.country=IN -Duser.language=en -Duser.variant 
java_command: org.gradle.launcher.daemon.bootstrap.GradleDaemon 2.14.1
java_class_path (initial): /home/ming/Downloads/android studio/android-studio/gradle/gradle-2.14.1/lib/gradle-launcher-2.14.1.jar
Launcher Type: SUN_STANDARD

Environment Variables:
JAVA_HOME=/usr/lib/jvm/java-8-openjdk-amd64
PATH=/home/ming/bin:/home/ming/.local/bin:/usr/local/sbin:/usr/local/bin:/usr/sbin:/usr/bin:/sbin:/bin:/usr/games:/usr/local/games:/snap/bin
SHELL=/bin/bash
DISPLAY=:0

Signal Handlers:
SIGSEGV: [libjvm.so+0xac4790], sa_mask[0]=11111111011111111101111111111110, sa_flags=SA_RESTART|SA_SIGINFO
SIGBUS: [libjvm.so+0xac4790], sa_mask[0]=11111111011111111101111111111110, sa_flags=SA_RESTART|SA_SIGINFO
SIGFPE: [libjvm.so+0x91f140], sa_mask[0]=11111111011111111101111111111110, sa_flags=SA_RESTART|SA_SIGINFO
SIGPIPE: [libjvm.so+0x91f140], sa_mask[0]=11111111011111111101111111111110, sa_flags=SA_RESTART|SA_SIGINFO
SIGXFSZ: [libjvm.so+0x91f140], sa_mask[0]=11111111011111111101111111111110, sa_flags=SA_RESTART|SA_SIGINFO
SIGILL: [libjvm.so+0x91f140], sa_mask[0]=11111111011111111101111111111110, sa_flags=SA_RESTART|SA_SIGINFO
SIGUSR1: SIG_DFL, sa_mask[0]=00000000000000000000000000000000, sa_flags=none
SIGUSR2: [libjvm.so+0x920770], sa_mask[0]=00100000000000000000000000000000, sa_flags=SA_RESTART|SA_SIGINFO
SIGHUP: [libjvm.so+0x921b70], sa_mask[0]=11111111011111111101111111111110, sa_flags=SA_RESTART|SA_SIGINFO
SIGINT: [libjvm.so+0x921b70], sa_mask[0]=11111111011111111101111111111110, sa_flags=SA_RESTART|SA_SIGINFO
SIGTERM: [libjvm.so+0x921b70], sa_mask[0]=11111111011111111101111111111110, sa_flags=SA_RESTART|SA_SIGINFO
SIGQUIT: [libjvm.so+0x921b70], sa_mask[0]=11111111011111111101111111111110, sa_flags=SA_RESTART|SA_SIGINFO


---------------  S Y S T E M  ---------------

OS:DISTRIB_ID=Ubuntu
DISTRIB_RELEASE=16.04
DISTRIB_CODENAME=xenial
DISTRIB_DESCRIPTION="Ubuntu 16.04.1 LTS"

uname:Linux 4.4.0-38-generic #57-Ubuntu SMP Tue Sep 6 15:42:33 UTC 2016 x86_64
libc:glibc 2.23 NPTL 2.23 
rlimit: STACK 8192k, CORE 0k, NPROC 31278, NOFILE 65536, AS infinity
load average:2.85 1.85 0.86

/proc/meminfo:
MemTotal:        8047424 kB
MemFree:         3552408 kB
MemAvailable:    5075632 kB
Buffers:          137708 kB
Cached:          1722152 kB
SwapCached:            0 kB
Active:          3029104 kB
Inactive:        1200760 kB
Active(anon):    2371672 kB
Inactive(anon):   166752 kB
Active(file):     657432 kB
Inactive(file):  1034008 kB
Unevictable:         200 kB
Mlocked:             200 kB
SwapTotal:             0 kB
SwapFree:              0 kB
Dirty:              9464 kB
Writeback:             0 kB
AnonPages:       2370368 kB
Mapped:           373628 kB
Shmem:            168328 kB
Slab:             145452 kB
SReclaimable:     110556 kB
SUnreclaim:        34896 kB
KernelStack:        9904 kB
PageTables:        36836 kB
NFS_Unstable:          0 kB
Bounce:                0 kB
WritebackTmp:          0 kB
CommitLimit:     4023712 kB
Committed_AS:    6082968 kB
VmallocTotal:   34359738367 kB
VmallocUsed:           0 kB
VmallocChunk:          0 kB
HardwareCorrupted:     0 kB
AnonHugePages:    940032 kB
CmaTotal:              0 kB
CmaFree:               0 kB
HugePages_Total:       0
HugePages_Free:        0
HugePages_Rsvd:        0
HugePages_Surp:        0
Hugepagesize:       2048 kB
DirectMap4k:      136956 kB
DirectMap2M:     8124416 kB


CPU:total 4 (2 cores per cpu, 2 threads per core) family 6 model 58 stepping 9, cmov, cx8, fxsr, mmx, sse, sse2, sse3, ssse3, sse4.1, sse4.2, popcnt, avx, aes, clmul, erms, ht, tsc, tscinvbit, tscinv

/proc/cpuinfo:
processor	: 0
vendor_id	: GenuineIntel
cpu family	: 6
model		: 58
model name	: Intel(R) Core(TM) i5-3337U CPU @ 1.80GHz
stepping	: 9
microcode	: 0x17
cpu MHz		: 2499.960
cache size	: 3072 KB
physical id	: 0
siblings	: 4
core id		: 0
cpu cores	: 2
apicid		: 0
initial apicid	: 0
fpu		: yes
fpu_exception	: yes
cpuid level	: 13
wp		: yes
flags		: fpu vme de pse tsc msr pae mce cx8 apic sep mtrr pge mca cmov pat pse36 clflush dts acpi mmx fxsr sse sse2 ss ht tm pbe syscall nx rdtscp lm constant_tsc arch_perfmon pebs bts rep_good nopl xtopology nonstop_tsc aperfmperf eagerfpu pni pclmulqdq dtes64 monitor ds_cpl vmx est tm2 ssse3 cx16 xtpr pdcm pcid sse4_1 sse4_2 x2apic popcnt tsc_deadline_timer aes xsave avx f16c rdrand lahf_lm epb tpr_shadow vnmi flexpriority ept vpid fsgsbase smep erms xsaveopt dtherm ida arat pln pts
bugs		:
bogomips	: 3591.62
clflush size	: 64
cache_alignment	: 64
address sizes	: 36 bits physical, 48 bits virtual
power management:

processor	: 1
vendor_id	: GenuineIntel
cpu family	: 6
model		: 58
model name	: Intel(R) Core(TM) i5-3337U CPU @ 1.80GHz
stepping	: 9
microcode	: 0x17
cpu MHz		: 2499.960
cache size	: 3072 KB
physical id	: 0
siblings	: 4
core id		: 0
cpu cores	: 2
apicid		: 1
initial apicid	: 1
fpu		: yes
fpu_exception	: yes
cpuid level	: 13
wp		: yes
flags		: fpu vme de pse tsc msr pae mce cx8 apic sep mtrr pge mca cmov pat pse36 clflush dts acpi mmx fxsr sse sse2 ss ht tm pbe syscall nx rdtscp lm constant_tsc arch_perfmon pebs bts rep_good nopl xtopology nonstop_tsc aperfmperf eagerfpu pni pclmulqdq dtes64 monitor ds_cpl vmx est tm2 ssse3 cx16 xtpr pdcm pcid sse4_1 sse4_2 x2apic popcnt tsc_deadline_timer aes xsave avx f16c rdrand lahf_lm epb tpr_shadow vnmi flexpriority ept vpid fsgsbase smep erms xsaveopt dtherm ida arat pln pts
bugs		:
bogomips	: 3591.62
clflush size	: 64
cache_alignment	: 64
address sizes	: 36 bits physical, 48 bits virtual
power management:

processor	: 2
vendor_id	: GenuineIntel
cpu family	: 6
model		: 58
model name	: Intel(R) Core(TM) i5-3337U CPU @ 1.80GHz
stepping	: 9
microcode	: 0x17
cpu MHz		: 2499.960
cache size	: 3072 KB
physical id	: 0
siblings	: 4
core id		: 1
cpu cores	: 2
apicid		: 2
initial apicid	: 2
fpu		: yes
fpu_exception	: yes
cpuid level	: 13
wp		: yes
flags		: fpu vme de pse tsc msr pae mce cx8 apic sep mtrr pge mca cmov pat pse36 clflush dts acpi mmx fxsr sse sse2 ss ht tm pbe syscall nx rdtscp lm constant_tsc arch_perfmon pebs bts rep_good nopl xtopology nonstop_tsc aperfmperf eagerfpu pni pclmulqdq dtes64 monitor ds_cpl vmx est tm2 ssse3 cx16 xtpr pdcm pcid sse4_1 sse4_2 x2apic popcnt tsc_deadline_timer aes xsave avx f16c rdrand lahf_lm epb tpr_shadow vnmi flexpriority ept vpid fsgsbase smep erms xsaveopt dtherm ida arat pln pts
bugs		:
bogomips	: 3591.62
clflush size	: 64
cache_alignment	: 64
address sizes	: 36 bits physical, 48 bits virtual
power management:

processor	: 3
vendor_id	: GenuineIntel
cpu family	: 6
model		: 58
model name	: Intel(R) Core(TM) i5-3337U CPU @ 1.80GHz
stepping	: 9
microcode	: 0x17
cpu MHz		: 2499.960
cache size	: 3072 KB
physical id	: 0
siblings	: 4
core id		: 1
cpu cores	: 2
apicid		: 3
initial apicid	: 3
fpu		: yes
fpu_exception	: yes
cpuid level	: 13
wp		: yes
flags		: fpu vme de pse tsc msr pae mce cx8 apic sep mtrr pge mca cmov pat pse36 clflush dts acpi mmx fxsr sse sse2 ss ht tm pbe syscall nx rdtscp lm constant_tsc arch_perfmon pebs bts rep_good nopl xtopology nonstop_tsc aperfmperf eagerfpu pni pclmulqdq dtes64 monitor ds_cpl vmx est tm2 ssse3 cx16 xtpr pdcm pcid sse4_1 sse4_2 x2apic popcnt tsc_deadline_timer aes xsave avx f16c rdrand lahf_lm epb tpr_shadow vnmi flexpriority ept vpid fsgsbase smep erms xsaveopt dtherm ida arat pln pts
bugs		:
bogomips	: 3591.62
clflush size	: 64
cache_alignment	: 64
address sizes	: 36 bits physical, 48 bits virtual
power management:



Memory: 4k page, physical 8047424k(3552408k free), swap 0k(0k free)

vm_info: Java HotSpot(TM) 64-Bit Server VM (25.101-b13) for linux-amd64 JRE (1.8.0_101-b13), built on Jun 22 2016 02:59:44 by "java_re" with gcc 4.3.0 20080428 (Red Hat 4.3.0-8)

time: Tue Sep 27 12:51:42 2016
elapsed time: 4 seconds (0d 0h 0m 4s)

