#
# A fatal error has been detected by the Java Runtime Environment:
#
#  SIGSEGV (0xb) at pc=0x00007f0bb6c9fbdb, pid=5444, tid=0x00007f0b9cb0c700
#
# JRE version: Java(TM) SE Runtime Environment (8.0_101-b13) (build 1.8.0_101-b13)
# Java VM: Java HotSpot(TM) 64-Bit Server VM (25.101-b13 mixed mode linux-amd64 compressed oops)
# Problematic frame:
# V  [libjvm.so+0x7fcbdb]  PhaseLive::compute(unsigned int)+0x37b
#
# Failed to write core dump. Core dumps have been disabled. To enable core dumping, try "ulimit -c unlimited" before starting Java again
#
# If you would like to submit a bug report, please visit:
#   http://bugreport.java.com/bugreport/crash.jsp
#

---------------  T H R E A D  ---------------

Current thread (0x00007f0bb00bb000):  JavaThread "C2 CompilerThread1" daemon [_thread_in_native, id=5458, stack(0x00007f0b9ca0c000,0x00007f0b9cb0d000)]

siginfo: si_signo: 11 (SIGSEGV), si_code: 1 (SEGV_MAPERR), si_addr: 0x0000000000000000

Registers:
RAX=0x0000000000100018, RBX=0x00000000008000c0, RCX=0x0000000000000006, RDX=0x00007f0b74728270
RSP=0x00007f0b9cb08480, RBP=0x00007f0b9cb08540, RSI=0x0000000000000000, RDI=0x0000000000000040
R8 =0x0000000000000000, R9 =0x00007f0b7082c7f0, R10=0x0000000000000000, R11=0x00007f0b9cb084f0
R12=0x00000000008000c0, R13=0x00007f0b70172ee0, R14=0x00007f0b9cb08650, R15=0x00007f0b748debd0
RIP=0x00007f0bb6c9fbdb, EFLAGS=0x0000000000010202, CSGSFS=0x0000000000000033, ERR=0x0000000000000004
  TRAPNO=0x000000000000000e

Top of Stack: (sp=0x00007f0b9cb08480)
0x00007f0b9cb08480:   00007f0b9cb084b0 00007f0b7082c7f0
0x00007f0b9cb08490:   0000000000000010 00007f0b9cb084f0
0x00007f0b9cb084a0:   00007f0bb7429640 0000015400001b97
0x00007f0b9cb084b0:   00007f0b7470a0c0 0000000200000012
0x00007f0b9cb084c0:   00007f0b74f05960 00007f0b74f05b30
0x00007f0b9cb084d0:   00007f0b74f0d948 00007f0bb001bee0
0x00007f0b9cb084e0:   0000000000177878 00007f0b749bca70
0x00007f0b9cb084f0:   00007f0bb740bc10 00007f0bb001bee0
0x00007f0b9cb08500:   00007f0b00000020 00007f0b708f0130
0x00007f0b9cb08510:   00007f0b713f5c80 00007f0bb7456760
0x00007f0b9cb08520:   00000000000015df 0000000000000000
0x00007f0b9cb08530:   00007f0b9cb09ed8 00007f0b9cb09ee0
0x00007f0b9cb08540:   00007f0b9cb087b0 00007f0bb68b1c9c
0x00007f0b9cb08550:   0000000000000002 00007f0b9cb086f0
0x00007f0b9cb08560:   00007f0b9cb086b0 00007f0b9cb08590
0x00007f0b9cb08570:   00007f0b9cb08650 00007f0b9cb08720
0x00007f0b9cb08580:   00007f0b9cb09df0 0000000300000363
0x00007f0b9cb08590:   00007f0bb73f46f0 00007f0b0000000d
0x00007f0b9cb085a0:   00007f0b9cb0ac80 00007f0b9cb09df0
0x00007f0b9cb085b0:   00007f0b00000000 00007f0b700605b0
0x00007f0b9cb085c0:   00007f0b9cb08630 00007f0b749bca80
0x00007f0b9cb085d0:   00007f0b9cb086a0 00007f0bb00072c0
0x00007f0b9cb085e0:   00007f0b9cb086a0 00007f0bb6f175b6
0x00007f0b9cb085f0:   0000000000007fe8 00007f0bb6f17507
0x00007f0b9cb08600:   00007f0b9cb08670 00007f0bb6784e05
0x00007f0b9cb08610:   00007f0b9cb08670 00007f0bb67830bb
0x00007f0b9cb08620:   0000000000005ccc 00007f0b9cb09f20
0x00007f0b9cb08630:   00007f0bb00072c0 00007f0bb6f175b6
0x00007f0b9cb08640:   00007f0b00000016 00007f0bb001bee0
0x00007f0b9cb08650:   000000000000000a 00007f0b9cb0ac80
0x00007f0b9cb08660:   00007f0b70be5af0 00007f0b70816a90
0x00007f0b9cb08670:   00007f0b74706250 00007f0b7470bb80 

Instructions: (pc=0x00007f0bb6c9fbdb)
0x00007f0bb6c9fbbb:   c5 00 00 00 00 0f 84 b6 04 00 00 89 d9 c1 eb 05
0x00007f0bb6c9fbcb:   bf 01 00 00 00 48 89 de 83 e1 1f 83 e6 07 d3 e7
0x00007f0bb6c9fbdb:   41 8b 14 b0 89 d0 09 f8 85 fa 41 89 04 b0 75 04
0x00007f0bb6c9fbeb:   41 83 01 01 48 8b 95 70 ff ff ff 48 8b 42 08 4a 

Register to memory mapping:

RAX=0x0000000000100018 is an unknown value
RBX=0x00000000008000c0 is an unknown value
RCX=0x0000000000000006 is an unknown value
RDX=0x00007f0b74728270 is an unknown value
RSP=0x00007f0b9cb08480 is pointing into the stack for thread: 0x00007f0bb00bb000
RBP=0x00007f0b9cb08540 is pointing into the stack for thread: 0x00007f0bb00bb000
RSI=0x0000000000000000 is an unknown value
RDI=0x0000000000000040 is an unknown value
R8 =0x0000000000000000 is an unknown value
R9 =0x00007f0b7082c7f0 is an unknown value
R10=0x0000000000000000 is an unknown value
R11=0x00007f0b9cb084f0 is pointing into the stack for thread: 0x00007f0bb00bb000
R12=0x00000000008000c0 is an unknown value
R13=0x00007f0b70172ee0 is an unknown value
R14=0x00007f0b9cb08650 is pointing into the stack for thread: 0x00007f0bb00bb000
R15=0x00007f0b748debd0 is an unknown value


Stack: [0x00007f0b9ca0c000,0x00007f0b9cb0d000],  sp=0x00007f0b9cb08480,  free space=1009k
Native frames: (J=compiled Java code, j=interpreted, Vv=VM code, C=native code)
V  [libjvm.so+0x7fcbdb]  PhaseLive::compute(unsigned int)+0x37b
V  [libjvm.so+0x40ec9c]  PhaseChaitin::Register_Allocate()+0xe4c
V  [libjvm.so+0x4a28e0]  Compile::Code_Gen()+0x260
V  [libjvm.so+0x4a6933]  Compile::Compile(ciEnv*, C2Compiler*, ciMethod*, int, bool, bool, bool)+0x14b3
V  [libjvm.so+0x3f20a8]  C2Compiler::compile_method(ciEnv*, ciMethod*, int)+0x198
V  [libjvm.so+0x4af61a]  CompileBroker::invoke_compiler_on_method(CompileTask*)+0xc9a
V  [libjvm.so+0x4b05c6]  CompileBroker::compiler_thread_loop()+0x5d6
V  [libjvm.so+0xa7343f]  JavaThread::thread_main_inner()+0xdf
V  [libjvm.so+0xa7356c]  JavaThread::run()+0x11c
V  [libjvm.so+0x924698]  java_start(Thread*)+0x108
C  [libpthread.so.0+0x76fa]  start_thread+0xca


Current CompileTask:
C2:  33300 9390       4       groovy.lang.MetaClassImpl::filterPropertyMethod (318 bytes)


---------------  P R O C E S S  ---------------

Java Threads: ( => current thread )
  0x00007f0b48011800 JavaThread "Stdin handler" [_thread_blocked, id=5611, stack(0x00007f0b6681d000,0x00007f0b6691e000)]
  0x00007f0b49083800 JavaThread "Asynchronous log dispatcher for org.gradle.launcher.daemon.server.DefaultDaemonConnection@164d35f5" [_thread_blocked, id=5609, stack(0x00007f0b6691e000,0x00007f0b66a1f000)]
  0x00007f0b5c003800 JavaThread "Cancel handler" [_thread_blocked, id=5608, stack(0x00007f0b66b20000,0x00007f0b66c21000)]
  0x00007f0b5c009000 JavaThread "Handler for socket connection from /127.0.0.1:46234 to /127.0.0.1:40458" [_thread_in_native, id=5607, stack(0x00007f0b66c21000,0x00007f0b66d22000)]
  0x00007f0b94015000 JavaThread "process reaper" daemon [_thread_blocked, id=5577, stack(0x00007f0b2c26f000,0x00007f0b2c2a8000)]
  0x00007f0b84002800 JavaThread "process reaper" daemon [_thread_blocked, id=5574, stack(0x00007f0b2c4aa000,0x00007f0b2c4e3000)]
  0x00007f0b8802c800 JavaThread "process reaper" daemon [_thread_blocked, id=5571, stack(0x00007f0b2c6e5000,0x00007f0b2c71e000)]
  0x00007f0b8c02b000 JavaThread "process reaper" daemon [_thread_blocked, id=5568, stack(0x00007f0b2c920000,0x00007f0b2c959000)]
  0x00007f0b80007000 JavaThread "process reaper" daemon [_thread_blocked, id=5562, stack(0x00007f0b2cb5b000,0x00007f0b2cb94000)]
  0x00007f0b6000e800 JavaThread "process reaper" daemon [_thread_blocked, id=5552, stack(0x00007f0b2d29b000,0x00007f0b2d2d4000)]
  0x00007f0b24009800 JavaThread "process reaper" daemon [_thread_blocked, id=5548, stack(0x00007f0b2d4d6000,0x00007f0b2d50f000)]
  0x00007f0b9002f000 JavaThread "process reaper" daemon [_thread_blocked, id=5545, stack(0x00007f0b2d711000,0x00007f0b2d74a000)]
  0x00007f0bb0c02000 JavaThread "process reaper" daemon [_thread_blocked, id=5542, stack(0x00007f0b2d94c000,0x00007f0b2d985000)]
  0x00007f0b98025000 JavaThread "process reaper" daemon [_thread_blocked, id=5539, stack(0x00007f0b2db87000,0x00007f0b2dbc0000)]
  0x00007f0b28001800 JavaThread "process reaper" daemon [_thread_blocked, id=5536, stack(0x00007f0b2ddc2000,0x00007f0b2ddfb000)]
  0x00007f0b9400f000 JavaThread "process reaper" daemon [_thread_blocked, id=5525, stack(0x00007f0b2e300000,0x00007f0b2e339000)]
  0x00007f0b58013000 JavaThread "process reaper" daemon [_thread_blocked, id=5516, stack(0x00007f0b2ea40000,0x00007f0b2ea79000)]
  0x00007f0b6c001800 JavaThread "process reaper" daemon [_thread_blocked, id=5514, stack(0x00007f0b2eb7a000,0x00007f0b2ebb3000)]
  0x00007f0b60002000 JavaThread "process reaper" daemon [_thread_blocked, id=5510, stack(0x00007f0b2edb5000,0x00007f0b2edee000)]
  0x0000000001e3c800 JavaThread "process reaper" daemon [_thread_blocked, id=5494, stack(0x00007f0b64013000,0x00007f0b6404c000)]
  0x00007f0b20001800 JavaThread "process reaper" daemon [_thread_blocked, id=5493, stack(0x00007f0b6404c000,0x00007f0b64085000)]
  0x00007f0b1c001000 JavaThread "process reaper" daemon [_thread_blocked, id=5492, stack(0x00007f0b64085000,0x00007f0b640be000)]
  0x00007f0b24004000 JavaThread "process reaper" daemon [_thread_blocked, id=5491, stack(0x00007f0b640be000,0x00007f0b640f7000)]
  0x00007f0b491be000 JavaThread "File lock request listener" [_thread_in_native, id=5476, stack(0x00007f0b659ac000,0x00007f0b65aad000)]
  0x00007f0b48ef0000 JavaThread "process reaper" daemon [_thread_blocked, id=5475, stack(0x00007f0b65aad000,0x00007f0b65ae6000)]
  0x00007f0b5c007000 JavaThread "Daemon worker" [_thread_in_native, id=5469, stack(0x00007f0b66a1f000,0x00007f0b66b20000)]
  0x00007f0b58015800 JavaThread "Daemon" [_thread_blocked, id=5466, stack(0x00007f0b66d22000,0x00007f0b66e23000)]
  0x00007f0bb0bbe800 JavaThread "Incoming local TCP Connector on port 46234" [_thread_in_native, id=5465, stack(0x00007f0b6702a000,0x00007f0b6712b000)]
  0x00007f0bb0bac800 JavaThread "pool-1-thread-1" [_thread_blocked, id=5464, stack(0x00007f0b6712b000,0x00007f0b6722c000)]
  0x00007f0bb00c0000 JavaThread "Service Thread" daemon [_thread_blocked, id=5460, stack(0x00007f0b9c80a000,0x00007f0b9c90b000)]
  0x00007f0bb00bd000 JavaThread "C1 CompilerThread2" daemon [_thread_blocked, id=5459, stack(0x00007f0b9c90b000,0x00007f0b9ca0c000)]
=>0x00007f0bb00bb000 JavaThread "C2 CompilerThread1" daemon [_thread_in_native, id=5458, stack(0x00007f0b9ca0c000,0x00007f0b9cb0d000)]
  0x00007f0bb00b8000 JavaThread "C2 CompilerThread0" daemon [_thread_in_native, id=5457, stack(0x00007f0b9cb0d000,0x00007f0b9cc0e000)]
  0x00007f0bb00b7000 JavaThread "Signal Dispatcher" daemon [_thread_blocked, id=5456, stack(0x00007f0b9cc0e000,0x00007f0b9cd0f000)]
  0x00007f0bb0084000 JavaThread "Finalizer" daemon [_thread_blocked, id=5455, stack(0x00007f0b9d6ce000,0x00007f0b9d7cf000)]
  0x00007f0bb007f800 JavaThread "Reference Handler" daemon [_thread_blocked, id=5454, stack(0x00007f0b9d7cf000,0x00007f0b9d8d0000)]
  0x00007f0bb000a000 JavaThread "main" [_thread_blocked, id=5447, stack(0x00007f0bb7f96000,0x00007f0bb8097000)]

Other Threads:
  0x00007f0bb0077800 VMThread [stack: 0x00007f0b9d8d0000,0x00007f0b9d9d1000] [id=5453]
  0x00007f0bb00c3000 WatcherThread [stack: 0x00007f0b9c709000,0x00007f0b9c80a000] [id=5461]

VM state:not at safepoint (normal execution)

VM Mutex/Monitor currently owned by a thread: None

Heap:
 PSYoungGen      total 200192K, used 30383K [0x00000000eab00000, 0x00000000f9380000, 0x0000000100000000)
  eden space 163840K, 18% used [0x00000000eab00000,0x00000000ec8abf80,0x00000000f4b00000)
  from space 36352K, 0% used [0x00000000f4b00000,0x00000000f4b00000,0x00000000f6e80000)
  to   space 34304K, 0% used [0x00000000f7200000,0x00000000f7200000,0x00000000f9380000)
 ParOldGen       total 110592K, used 39466K [0x00000000c0000000, 0x00000000c6c00000, 0x00000000eab00000)
  object space 110592K, 35% used [0x00000000c0000000,0x00000000c268aa18,0x00000000c6c00000)
 Metaspace       used 56135K, capacity 57398K, committed 57600K, reserved 1099776K
  class space    used 7530K, capacity 7849K, committed 7936K, reserved 1048576K

Card table byte_map: [0x00007f0bb4b3b000,0x00007f0bb4d3c000] byte_map_base: 0x00007f0bb453b000

Marking Bits: (ParMarkBitMap*) 0x00007f0bb7464120
 Begin Bits: [0x00007f0b9f000000, 0x00007f0ba0000000)
 End Bits:   [0x00007f0ba0000000, 0x00007f0ba1000000)

Polling page: 0x00007f0bb80b3000

CodeCache: size=245760Kb used=25095Kb max_used=25599Kb free=220664Kb
 bounds [0x00007f0ba1000000, 0x00007f0ba2930000, 0x00007f0bb0000000]
 total_blobs=8889 nmethods=8159 adapters=641
 compilation: enabled

Compilation events (10 events):
Event: 33.258 Thread 0x00007f0bb00bd000 nmethod 9526 0x00007f0ba2328fd0 code [0x00007f0ba2329180, 0x00007f0ba23294c8]
Event: 33.258 Thread 0x00007f0bb00bd000 9527       2       org.gradle.api.internal.artifacts.ivyservice.ivyresolve.parser.PomReader$PomDependencyMgtElement::getExcludedModules (132 bytes)
Event: 33.259 Thread 0x00007f0bb00bd000 nmethod 9527 0x00007f0ba19dc0d0 code [0x00007f0ba19dc300, 0x00007f0ba19dcaa8]
Event: 33.260 Thread 0x00007f0bb00bd000 9528       2       org.gradle.internal.resolve.result.DefaultBuildableComponentIdResolveResult::assertResolved (30 bytes)
Event: 33.260 Thread 0x00007f0bb00bd000 nmethod 9528 0x00007f0ba1a74d50 code [0x00007f0ba1a74ec0, 0x00007f0ba1a750e8]
Event: 33.263 Thread 0x00007f0bb00bd000 9529       2       org.gradle.api.internal.artifacts.ivyservice.ivyresolve.parser.PomReader$PomDependencyMgtElement::<init> (15 bytes)
Event: 33.264 Thread 0x00007f0bb00bd000 nmethod 9529 0x00007f0ba20288d0 code [0x00007f0ba2028a20, 0x00007f0ba2028b90]
Event: 33.264 Thread 0x00007f0bb00bd000 9530       2       org.gradle.api.internal.artifacts.ivyservice.ivyresolve.strategy.DefaultVersionSelectorScheme::parseSelector (76 bytes)
Event: 33.265 Thread 0x00007f0bb00bd000 nmethod 9530 0x00007f0ba1e3dc50 code [0x00007f0ba1e3de40, 0x00007f0ba1e3e2b8]
Event: 33.267 Thread 0x00007f0bb00bd000 9531 %     3       org.apache.xerces.impl.XMLDTDScannerImpl::scanDecls @ 12 (461 bytes)

GC Heap History (10 events):
Event: 13.606 GC heap before
{Heap before GC invocations=14 (full 2):
 PSYoungGen      total 138240K, used 138239K [0x00000000eab00000, 0x00000000f6280000, 0x0000000100000000)
  eden space 122880K, 100% used [0x00000000eab00000,0x00000000f2300000,0x00000000f2300000)
  from space 15360K, 99% used [0x00000000f2300000,0x00000000f31ffd08,0x00000000f3200000)
  to   space 20992K, 0% used [0x00000000f4e00000,0x00000000f4e00000,0x00000000f6280000)
 ParOldGen       total 110592K, used 32903K [0x00000000c0000000, 0x00000000c6c00000, 0x00000000eab00000)
  object space 110592K, 29% used [0x00000000c0000000,0x00000000c2021e28,0x00000000c6c00000)
 Metaspace       used 49971K, capacity 50950K, committed 51200K, reserved 1093632K
  class space    used 6820K, capacity 7113K, committed 7168K, reserved 1048576K
Event: 13.632 GC heap after
Heap after GC invocations=14 (full 2):
 PSYoungGen      total 164352K, used 20467K [0x00000000eab00000, 0x00000000f6700000, 0x0000000100000000)
  eden space 143360K, 0% used [0x00000000eab00000,0x00000000eab00000,0x00000000f3700000)
  from space 20992K, 97% used [0x00000000f4e00000,0x00000000f61fcdd0,0x00000000f6280000)
  to   space 23552K, 0% used [0x00000000f3700000,0x00000000f3700000,0x00000000f4e00000)
 ParOldGen       total 110592K, used 32911K [0x00000000c0000000, 0x00000000c6c00000, 0x00000000eab00000)
  object space 110592K, 29% used [0x00000000c0000000,0x00000000c2023e28,0x00000000c6c00000)
 Metaspace       used 49971K, capacity 50950K, committed 51200K, reserved 1093632K
  class space    used 6820K, capacity 7113K, committed 7168K, reserved 1048576K
}
Event: 15.062 GC heap before
{Heap before GC invocations=15 (full 2):
 PSYoungGen      total 164352K, used 163827K [0x00000000eab00000, 0x00000000f6700000, 0x0000000100000000)
  eden space 143360K, 100% used [0x00000000eab00000,0x00000000f3700000,0x00000000f3700000)
  from space 20992K, 97% used [0x00000000f4e00000,0x00000000f61fcdd0,0x00000000f6280000)
  to   space 23552K, 0% used [0x00000000f3700000,0x00000000f3700000,0x00000000f4e00000)
 ParOldGen       total 110592K, used 32911K [0x00000000c0000000, 0x00000000c6c00000, 0x00000000eab00000)
  object space 110592K, 29% used [0x00000000c0000000,0x00000000c2023e28,0x00000000c6c00000)
 Metaspace       used 50019K, capacity 51014K, committed 51200K, reserved 1093632K
  class space    used 6820K, capacity 7113K, committed 7168K, reserved 1048576K
Event: 15.100 GC heap after
Heap after GC invocations=15 (full 2):
 PSYoungGen      total 166912K, used 23530K [0x00000000eab00000, 0x00000000f8980000, 0x0000000100000000)
  eden space 143360K, 0% used [0x00000000eab00000,0x00000000eab00000,0x00000000f3700000)
  from space 23552K, 99% used [0x00000000f3700000,0x00000000f4dfabc8,0x00000000f4e00000)
  to   space 27648K, 0% used [0x00000000f6e80000,0x00000000f6e80000,0x00000000f8980000)
 ParOldGen       total 110592K, used 34143K [0x00000000c0000000, 0x00000000c6c00000, 0x00000000eab00000)
  object space 110592K, 30% used [0x00000000c0000000,0x00000000c2157e30,0x00000000c6c00000)
 Metaspace       used 50019K, capacity 51014K, committed 51200K, reserved 1093632K
  class space    used 6820K, capacity 7113K, committed 7168K, reserved 1048576K
}
Event: 20.538 GC heap before
{Heap before GC invocations=16 (full 2):
 PSYoungGen      total 166912K, used 166890K [0x00000000eab00000, 0x00000000f8980000, 0x0000000100000000)
  eden space 143360K, 100% used [0x00000000eab00000,0x00000000f3700000,0x00000000f3700000)
  from space 23552K, 99% used [0x00000000f3700000,0x00000000f4dfabc8,0x00000000f4e00000)
  to   space 27648K, 0% used [0x00000000f6e80000,0x00000000f6e80000,0x00000000f8980000)
 ParOldGen       total 110592K, used 34143K [0x00000000c0000000, 0x00000000c6c00000, 0x00000000eab00000)
  object space 110592K, 30% used [0x00000000c0000000,0x00000000c2157e30,0x00000000c6c00000)
 Metaspace       used 55554K, capacity 56676K, committed 56704K, reserved 1097728K
  class space    used 7470K, capacity 7794K, committed 7808K, reserved 1048576K
Event: 20.578 GC heap after
Heap after GC invocations=16 (full 2):
 PSYoungGen      total 191488K, used 27644K [0x00000000eab00000, 0x00000000f9780000, 0x0000000100000000)
  eden space 163840K, 0% used [0x00000000eab00000,0x00000000eab00000,0x00000000f4b00000)
  from space 27648K, 99% used [0x00000000f6e80000,0x00000000f897f1f8,0x00000000f8980000)
  to   space 36352K, 0% used [0x00000000f4b00000,0x00000000f4b00000,0x00000000f6e80000)
 ParOldGen       total 110592K, used 46510K [0x00000000c0000000, 0x00000000c6c00000, 0x00000000eab00000)
  object space 110592K, 42% used [0x00000000c0000000,0x00000000c2d6b8b8,0x00000000c6c00000)
 Metaspace       used 55554K, capacity 56676K, committed 56704K, reserved 1097728K
  class space    used 7470K, capacity 7794K, committed 7808K, reserved 1048576K
}
Event: 21.195 GC heap before
{Heap before GC invocations=17 (full 2):
 PSYoungGen      total 191488K, used 70840K [0x00000000eab00000, 0x00000000f9780000, 0x0000000100000000)
  eden space 163840K, 26% used [0x00000000eab00000,0x00000000ed52f1a8,0x00000000f4b00000)
  from space 27648K, 99% used [0x00000000f6e80000,0x00000000f897f1f8,0x00000000f8980000)
  to   space 36352K, 0% used [0x00000000f4b00000,0x00000000f4b00000,0x00000000f6e80000)
 ParOldGen       total 110592K, used 46510K [0x00000000c0000000, 0x00000000c6c00000, 0x00000000eab00000)
  object space 110592K, 42% used [0x00000000c0000000,0x00000000c2d6b8b8,0x00000000c6c00000)
 Metaspace       used 55937K, capacity 57058K, committed 57344K, reserved 1099776K
  class space    used 7515K, capacity 7831K, committed 7936K, reserved 1048576K
Event: 21.218 GC heap after
Heap after GC invocations=17 (full 2):
 PSYoungGen      total 200192K, used 14596K [0x00000000eab00000, 0x00000000f9380000, 0x0000000100000000)
  eden space 163840K, 0% used [0x00000000eab00000,0x00000000eab00000,0x00000000f4b00000)
  from space 36352K, 40% used [0x00000000f4b00000,0x00000000f59410b0,0x00000000f6e80000)
  to   space 34304K, 0% used [0x00000000f7200000,0x00000000f7200000,0x00000000f9380000)
 ParOldGen       total 110592K, used 53470K [0x00000000c0000000, 0x00000000c6c00000, 0x00000000eab00000)
  object space 110592K, 48% used [0x00000000c0000000,0x00000000c3437958,0x00000000c6c00000)
 Metaspace       used 55937K, capacity 57058K, committed 57344K, reserved 1099776K
  class space    used 7515K, capacity 7831K, committed 7936K, reserved 1048576K
}
Event: 21.218 GC heap before
{Heap before GC invocations=18 (full 3):
 PSYoungGen      total 200192K, used 14596K [0x00000000eab00000, 0x00000000f9380000, 0x0000000100000000)
  eden space 163840K, 0% used [0x00000000eab00000,0x00000000eab00000,0x00000000f4b00000)
  from space 36352K, 40% used [0x00000000f4b00000,0x00000000f59410b0,0x00000000f6e80000)
  to   space 34304K, 0% used [0x00000000f7200000,0x00000000f7200000,0x00000000f9380000)
 ParOldGen       total 110592K, used 53470K [0x00000000c0000000, 0x00000000c6c00000, 0x00000000eab00000)
  object space 110592K, 48% used [0x00000000c0000000,0x00000000c3437958,0x00000000c6c00000)
 Metaspace       used 55937K, capacity 57058K, committed 57344K, reserved 1099776K
  class space    used 7515K, capacity 7831K, committed 7936K, reserved 1048576K
Event: 21.421 GC heap after
Heap after GC invocations=18 (full 3):
 PSYoungGen      total 200192K, used 0K [0x00000000eab00000, 0x00000000f9380000, 0x0000000100000000)
  eden space 163840K, 0% used [0x00000000eab00000,0x00000000eab00000,0x00000000f4b00000)
  from space 36352K, 0% used [0x00000000f4b00000,0x00000000f4b00000,0x00000000f6e80000)
  to   space 34304K, 0% used [0x00000000f7200000,0x00000000f7200000,0x00000000f9380000)
 ParOldGen       total 110592K, used 39466K [0x00000000c0000000, 0x00000000c6c00000, 0x00000000eab00000)
  object space 110592K, 35% used [0x00000000c0000000,0x00000000c268aa18,0x00000000c6c00000)
 Metaspace       used 55937K, capacity 57058K, committed 57344K, reserved 1099776K
  class space    used 7515K, capacity 7831K, committed 7936K, reserved 1048576K
}

Deoptimization events (10 events):
Event: 32.878 Thread 0x00007f0b5c007000 Uncommon trap: reason=class_check action=maybe_recompile pc=0x00007f0ba203f6b4 method=com.google.common.cache.LocalCache$Segment.getFirst(I)Lcom/google/common/cache/LocalCache$ReferenceEntry; @ 17
Event: 32.961 Thread 0x00007f0b5c007000 Uncommon trap: reason=class_check action=maybe_recompile pc=0x00007f0ba143cfac method=com.google.common.cache.LocalCache$Segment.drainRecencyQueue()V @ 4
Event: 32.962 Thread 0x00007f0b5c007000 Uncommon trap: reason=class_check action=maybe_recompile pc=0x00007f0ba203f6b4 method=com.google.common.cache.LocalCache$Segment.getFirst(I)Lcom/google/common/cache/LocalCache$ReferenceEntry; @ 17
Event: 32.962 Thread 0x00007f0b5c007000 Uncommon trap: reason=class_check action=maybe_recompile pc=0x00007f0ba143cfac method=com.google.common.cache.LocalCache$Segment.drainRecencyQueue()V @ 4
Event: 32.962 Thread 0x00007f0b5c007000 Uncommon trap: reason=class_check action=maybe_recompile pc=0x00007f0ba221473c method=com.google.common.cache.LocalCache$Segment.drainRecencyQueue()V @ 4
Event: 32.962 Thread 0x00007f0b5c007000 Uncommon trap: reason=class_check action=maybe_recompile pc=0x00007f0ba203f6b4 method=com.google.common.cache.LocalCache$Segment.getFirst(I)Lcom/google/common/cache/LocalCache$ReferenceEntry; @ 17
Event: 32.963 Thread 0x00007f0b5c007000 Uncommon trap: reason=class_check action=maybe_recompile pc=0x00007f0ba143cfac method=com.google.common.cache.LocalCache$Segment.drainRecencyQueue()V @ 4
Event: 32.963 Thread 0x00007f0b5c007000 Uncommon trap: reason=class_check action=maybe_recompile pc=0x00007f0ba221473c method=com.google.common.cache.LocalCache$Segment.drainRecencyQueue()V @ 4
Event: 32.968 Thread 0x00007f0b5c007000 Uncommon trap: reason=unstable_if action=reinterpret pc=0x00007f0ba141f874 method=sun.security.provider.DigestBase.engineUpdate([BII)V @ 35
Event: 32.968 Thread 0x00007f0b5c007000 Uncommon trap: reason=unstable_if action=reinterpret pc=0x00007f0ba21e29f4 method=java.lang.Long.stringSize(J)I @ 11

Internal exceptions (10 events):
Event: 10.823 Thread 0x00007f0b5c007000 Exception <a 'java/lang/NoSuchMethodError': <clinit>> (0x00000000ee4bfde8) thrown at [/HUDSON3/workspace/8-2-build-linux-amd64/jdk8u101/7261/hotspot/src/share/vm/prims/jni.cpp, line 1613]
Event: 12.239 Thread 0x00007f0b5c007000 Implicit null exception at 0x00007f0ba21e9197 to 0x00007f0ba21e92db
Event: 21.437 Thread 0x00007f0b58015800 Exception <a 'java/lang/NoSuchMethodError': <clinit>> (0x00000000eadcf1c0) thrown at [/HUDSON3/workspace/8-2-build-linux-amd64/jdk8u101/7261/hotspot/src/share/vm/prims/jni.cpp, line 1613]
Event: 21.437 Thread 0x00007f0b58015800 Exception <a 'java/lang/NoSuchMethodError': <clinit>> (0x00000000eadd04f0) thrown at [/HUDSON3/workspace/8-2-build-linux-amd64/jdk8u101/7261/hotspot/src/share/vm/prims/jni.cpp, line 1613]
Event: 21.439 Thread 0x00007f0b58015800 Exception <a 'java/lang/NoSuchMethodError': <clinit>> (0x00000000eadda100) thrown at [/HUDSON3/workspace/8-2-build-linux-amd64/jdk8u101/7261/hotspot/src/share/vm/prims/jni.cpp, line 1613]
Event: 21.440 Thread 0x00007f0b58015800 Exception <a 'java/lang/NoSuchMethodError': <clinit>> (0x00000000eade2f30) thrown at [/HUDSON3/workspace/8-2-build-linux-amd64/jdk8u101/7261/hotspot/src/share/vm/prims/jni.cpp, line 1613]
Event: 21.455 Thread 0x00007f0b5c003800 Exception <a 'java/lang/NoSuchMethodError': <clinit>> (0x00000000eb0485f8) thrown at [/HUDSON3/workspace/8-2-build-linux-amd64/jdk8u101/7261/hotspot/src/share/vm/prims/jni.cpp, line 1613]
Event: 32.830 Thread 0x00007f0b5c007000 Exception <a 'java/lang/ClassNotFoundException': asLocalRepo2_7k6mmz32agpq91c68okz6edloBeanInfo> (0x00000000eb38cc08) thrown at [/HUDSON3/workspace/8-2-build-linux-amd64/jdk8u101/7261/hotspot/src/share/vm/classfile/systemDictionary.cpp, line 210]
Event: 32.830 Thread 0x00007f0b5c007000 Exception <a 'java/lang/ClassNotFoundException': asLocalRepo2_7k6mmz32agpq91c68okz6edloCustomizer> (0x00000000eb396c68) thrown at [/HUDSON3/workspace/8-2-build-linux-amd64/jdk8u101/7261/hotspot/src/share/vm/classfile/systemDictionary.cpp, line 210]
Event: 32.868 Thread 0x00007f0b5c007000 Implicit null exception at 0x00007f0ba1eb3027 to 0x00007f0ba1eb37cd

Events (10 events):
Event: 33.190 Thread 0x00007f0b5c007000 DEOPT PACKING pc=0x00007f0ba173c62d sp=0x00007f0b66b19b30
Event: 33.190 Thread 0x00007f0b5c007000 DEOPT UNPACKING pc=0x00007f0ba1047633 sp=0x00007f0b66b19898 mode 0
Event: 33.221 Thread 0x00007f0b5c007000 DEOPT PACKING pc=0x00007f0ba1264d8c sp=0x00007f0b66b1adc0
Event: 33.221 Thread 0x00007f0b5c007000 DEOPT UNPACKING pc=0x00007f0ba1047633 sp=0x00007f0b66b1aba0 mode 0
Event: 33.224 Thread 0x00007f0b5c007000 DEOPT PACKING pc=0x00007f0ba17684e5 sp=0x00007f0b66b1a810
Event: 33.224 Thread 0x00007f0b5c007000 DEOPT UNPACKING pc=0x00007f0ba1047633 sp=0x00007f0b66b1a528 mode 0
Event: 33.239 Thread 0x00007f0b5c007000 DEOPT PACKING pc=0x00007f0ba173c62d sp=0x00007f0b66b1a9a0
Event: 33.239 Thread 0x00007f0b5c007000 DEOPT UNPACKING pc=0x00007f0ba1047633 sp=0x00007f0b66b1a708 mode 0
Event: 33.256 Thread 0x00007f0b5c007000 DEOPT PACKING pc=0x00007f0ba16e8e5f sp=0x00007f0b66b1a9d0
Event: 33.256 Thread 0x00007f0b5c007000 DEOPT UNPACKING pc=0x00007f0ba1047633 sp=0x00007f0b66b1a738 mode 0


Dynamic libraries:
00400000-00401000 r-xp 00000000 08:01 4592730                            /usr/lib/jvm/java-8-oracle/bin/java
00600000-00601000 rw-p 00000000 08:01 4592730                            /usr/lib/jvm/java-8-oracle/bin/java
01e3a000-01e5b000 rw-p 00000000 00:00 0                                  [heap]
c0000000-c6c00000 rw-p 00000000 00:00 0 
c6c00000-eab00000 ---p 00000000 00:00 0 
eab00000-f9380000 rw-p 00000000 00:00 0 
f9380000-100000000 ---p 00000000 00:00 0 
100000000-1007c0000 rw-p 00000000 00:00 0 
1007c0000-140000000 ---p 00000000 00:00 0 
7f0b1c000000-7f0b1c021000 rw-p 00000000 00:00 0 
7f0b1c021000-7f0b20000000 ---p 00000000 00:00 0 
7f0b20000000-7f0b20021000 rw-p 00000000 00:00 0 
7f0b20021000-7f0b24000000 ---p 00000000 00:00 0 
7f0b24000000-7f0b24021000 rw-p 00000000 00:00 0 
7f0b24021000-7f0b28000000 ---p 00000000 00:00 0 
7f0b28000000-7f0b28021000 rw-p 00000000 00:00 0 
7f0b28021000-7f0b2c000000 ---p 00000000 00:00 0 
7f0b2c26f000-7f0b2c272000 ---p 00000000 00:00 0 
7f0b2c272000-7f0b2c2a8000 rw-p 00000000 00:00 0 
7f0b2c2a8000-7f0b2c2ab000 ---p 00000000 00:00 0 
7f0b2c2ab000-7f0b2c3a9000 rw-p 00000000 00:00 0 
7f0b2c3a9000-7f0b2c3ac000 ---p 00000000 00:00 0 
7f0b2c3ac000-7f0b2c4aa000 rw-p 00000000 00:00 0 
7f0b2c4aa000-7f0b2c4ad000 ---p 00000000 00:00 0 
7f0b2c4ad000-7f0b2c4e3000 rw-p 00000000 00:00 0 
7f0b2c4e3000-7f0b2c4e6000 ---p 00000000 00:00 0 
7f0b2c4e6000-7f0b2c5e4000 rw-p 00000000 00:00 0 
7f0b2c5e4000-7f0b2c5e7000 ---p 00000000 00:00 0 
7f0b2c5e7000-7f0b2c6e5000 rw-p 00000000 00:00 0 
7f0b2c6e5000-7f0b2c6e8000 ---p 00000000 00:00 0 
7f0b2c6e8000-7f0b2c71e000 rw-p 00000000 00:00 0 
7f0b2c81f000-7f0b2c822000 ---p 00000000 00:00 0 
7f0b2c822000-7f0b2c920000 rw-p 00000000 00:00 0 
7f0b2c920000-7f0b2c923000 ---p 00000000 00:00 0 
7f0b2c923000-7f0b2c959000 rw-p 00000000 00:00 0 
7f0b2c959000-7f0b2c95c000 ---p 00000000 00:00 0 
7f0b2c95c000-7f0b2ca5a000 rw-p 00000000 00:00 0 
7f0b2ca5a000-7f0b2ca5d000 ---p 00000000 00:00 0 
7f0b2ca5d000-7f0b2cb5b000 rw-p 00000000 00:00 0 
7f0b2cb5b000-7f0b2cb5e000 ---p 00000000 00:00 0 
7f0b2cb5e000-7f0b2cb94000 rw-p 00000000 00:00 0 
7f0b2d099000-7f0b2d09c000 ---p 00000000 00:00 0 
7f0b2d09c000-7f0b2d19a000 rw-p 00000000 00:00 0 
7f0b2d19a000-7f0b2d19d000 ---p 00000000 00:00 0 
7f0b2d19d000-7f0b2d29b000 rw-p 00000000 00:00 0 
7f0b2d29b000-7f0b2d29e000 ---p 00000000 00:00 0 
7f0b2d29e000-7f0b2d2d4000 rw-p 00000000 00:00 0 
7f0b2d3d5000-7f0b2d3d8000 ---p 00000000 00:00 0 
7f0b2d3d8000-7f0b2d4d6000 rw-p 00000000 00:00 0 
7f0b2d4d6000-7f0b2d4d9000 ---p 00000000 00:00 0 
7f0b2d4d9000-7f0b2d50f000 rw-p 00000000 00:00 0 
7f0b2d50f000-7f0b2d512000 ---p 00000000 00:00 0 
7f0b2d512000-7f0b2d610000 rw-p 00000000 00:00 0 
7f0b2d610000-7f0b2d613000 ---p 00000000 00:00 0 
7f0b2d613000-7f0b2d711000 rw-p 00000000 00:00 0 
7f0b2d711000-7f0b2d714000 ---p 00000000 00:00 0 
7f0b2d714000-7f0b2d74a000 rw-p 00000000 00:00 0 
7f0b2d94c000-7f0b2d94f000 ---p 00000000 00:00 0 
7f0b2d94f000-7f0b2d985000 rw-p 00000000 00:00 0 
7f0b2d985000-7f0b2d988000 ---p 00000000 00:00 0 
7f0b2d988000-7f0b2da86000 rw-p 00000000 00:00 0 
7f0b2da86000-7f0b2da89000 ---p 00000000 00:00 0 
7f0b2da89000-7f0b2db87000 rw-p 00000000 00:00 0 
7f0b2db87000-7f0b2db8a000 ---p 00000000 00:00 0 
7f0b2db8a000-7f0b2dbc0000 rw-p 00000000 00:00 0 
7f0b2dbc0000-7f0b2dbc3000 ---p 00000000 00:00 0 
7f0b2dbc3000-7f0b2dcc1000 rw-p 00000000 00:00 0 
7f0b2dcc1000-7f0b2dcc4000 ---p 00000000 00:00 0 
7f0b2dcc4000-7f0b2ddc2000 rw-p 00000000 00:00 0 
7f0b2ddc2000-7f0b2ddc5000 ---p 00000000 00:00 0 
7f0b2ddc5000-7f0b2ddfb000 rw-p 00000000 00:00 0 
7f0b2e0fe000-7f0b2e101000 ---p 00000000 00:00 0 
7f0b2e101000-7f0b2e1ff000 rw-p 00000000 00:00 0 
7f0b2e1ff000-7f0b2e202000 ---p 00000000 00:00 0 
7f0b2e202000-7f0b2e300000 rw-p 00000000 00:00 0 
7f0b2e300000-7f0b2e303000 ---p 00000000 00:00 0 
7f0b2e303000-7f0b2e339000 rw-p 00000000 00:00 0 
7f0b2e53b000-7f0b2e53e000 ---p 00000000 00:00 0 
7f0b2e53e000-7f0b2e63c000 rw-p 00000000 00:00 0 
7f0b2e63c000-7f0b2e63f000 ---p 00000000 00:00 0 
7f0b2e63f000-7f0b2e73d000 rw-p 00000000 00:00 0 
7f0b2e73d000-7f0b2e740000 ---p 00000000 00:00 0 
7f0b2e740000-7f0b2e83e000 rw-p 00000000 00:00 0 
7f0b2e83e000-7f0b2e841000 ---p 00000000 00:00 0 
7f0b2e841000-7f0b2e93f000 rw-p 00000000 00:00 0 
7f0b2ea40000-7f0b2ea43000 ---p 00000000 00:00 0 
7f0b2ea43000-7f0b2ea79000 rw-p 00000000 00:00 0 
7f0b2ea79000-7f0b2ea7c000 ---p 00000000 00:00 0 
7f0b2ea7c000-7f0b2eb7a000 rw-p 00000000 00:00 0 
7f0b2eb7a000-7f0b2eb7d000 ---p 00000000 00:00 0 
7f0b2eb7d000-7f0b2ebb3000 rw-p 00000000 00:00 0 
7f0b2edb5000-7f0b2edb8000 ---p 00000000 00:00 0 
7f0b2edb8000-7f0b2edee000 rw-p 00000000 00:00 0 
7f0b2eef3000-7f0b2f0f3000 rw-p 00000000 00:00 0 
7f0b2f0f3000-7f0b2f2f3000 rw-p 00000000 00:00 0 
7f0b2f2f3000-7f0b2f2f6000 ---p 00000000 00:00 0 
7f0b2f2f6000-7f0b2f3f4000 rw-p 00000000 00:00 0 
7f0b2f3f4000-7f0b2f3f7000 ---p 00000000 00:00 0 
7f0b2f3f7000-7f0b2f4f5000 rw-p 00000000 00:00 0 
7f0b2f4f5000-7f0b2f4f8000 ---p 00000000 00:00 0 
7f0b2f4f8000-7f0b2f5f6000 rw-p 00000000 00:00 0 
7f0b2f5f6000-7f0b2f5f9000 ---p 00000000 00:00 0 
7f0b2f5f9000-7f0b2f6f7000 rw-p 00000000 00:00 0 
7f0b2f6f7000-7f0b2f6fa000 ---p 00000000 00:00 0 
7f0b2f6fa000-7f0b2f7f8000 rw-p 00000000 00:00 0 
7f0b2f7f8000-7f0b2f7fb000 ---p 00000000 00:00 0 
7f0b2f7fb000-7f0b2f8f9000 rw-p 00000000 00:00 0 
7f0b2f8f9000-7f0b2f8fc000 ---p 00000000 00:00 0 
7f0b2f8fc000-7f0b2f9fa000 rw-p 00000000 00:00 0 
7f0b2f9fa000-7f0b2f9fd000 ---p 00000000 00:00 0 
7f0b2f9fd000-7f0b2fafb000 rw-p 00000000 00:00 0 
7f0b2fbfe000-7f0b2fdfe000 rw-p 00000000 00:00 0 
7f0b2fe00000-7f0b2fe80000 rw-p 00000000 00:00 0 
7f0b2fe80000-7f0b30000000 ---p 00000000 00:00 0 
7f0b30000000-7f0b30021000 rw-p 00000000 00:00 0 
7f0b30021000-7f0b34000000 ---p 00000000 00:00 0 
7f0b34000000-7f0b34021000 rw-p 00000000 00:00 0 
7f0b34021000-7f0b38000000 ---p 00000000 00:00 0 
7f0b38000000-7f0b38021000 rw-p 00000000 00:00 0 
7f0b38021000-7f0b3c000000 ---p 00000000 00:00 0 
7f0b3c000000-7f0b3c021000 rw-p 00000000 00:00 0 
7f0b3c021000-7f0b40000000 ---p 00000000 00:00 0 
7f0b40000000-7f0b40021000 rw-p 00000000 00:00 0 
7f0b40021000-7f0b44000000 ---p 00000000 00:00 0 
7f0b44000000-7f0b44021000 rw-p 00000000 00:00 0 
7f0b44021000-7f0b48000000 ---p 00000000 00:00 0 
7f0b48000000-7f0b4973b000 rw-p 00000000 00:00 0 
7f0b4973b000-7f0b4c000000 ---p 00000000 00:00 0 
7f0b4c000000-7f0b4c021000 rw-p 00000000 00:00 0 
7f0b4c021000-7f0b50000000 ---p 00000000 00:00 0 
7f0b50000000-7f0b50021000 rw-p 00000000 00:00 0 
7f0b50021000-7f0b54000000 ---p 00000000 00:00 0 
7f0b54000000-7f0b54021000 rw-p 00000000 00:00 0 
7f0b54021000-7f0b58000000 ---p 00000000 00:00 0 
7f0b58000000-7f0b58070000 rw-p 00000000 00:00 0 
7f0b58070000-7f0b5c000000 ---p 00000000 00:00 0 
7f0b5c000000-7f0b5c29e000 rw-p 00000000 00:00 0 
7f0b5c29e000-7f0b60000000 ---p 00000000 00:00 0 
7f0b60000000-7f0b60021000 rw-p 00000000 00:00 0 
7f0b60021000-7f0b64000000 ---p 00000000 00:00 0 
7f0b64013000-7f0b64016000 ---p 00000000 00:00 0 
7f0b64016000-7f0b6404c000 rw-p 00000000 00:00 0 
7f0b6404c000-7f0b6404f000 ---p 00000000 00:00 0 
7f0b6404f000-7f0b64085000 rw-p 00000000 00:00 0 
7f0b64085000-7f0b64088000 ---p 00000000 00:00 0 
7f0b64088000-7f0b640be000 rw-p 00000000 00:00 0 
7f0b640be000-7f0b640c1000 ---p 00000000 00:00 0 
7f0b640c1000-7f0b640f7000 rw-p 00000000 00:00 0 
7f0b640f7000-7f0b640fa000 ---p 00000000 00:00 0 
7f0b640fa000-7f0b641f8000 rw-p 00000000 00:00 0 
7f0b641f8000-7f0b641fb000 ---p 00000000 00:00 0 
7f0b641fb000-7f0b642f9000 rw-p 00000000 00:00 0 
7f0b642f9000-7f0b642fc000 ---p 00000000 00:00 0 
7f0b642fc000-7f0b643fa000 rw-p 00000000 00:00 0 
7f0b643fa000-7f0b643fd000 ---p 00000000 00:00 0 
7f0b643fd000-7f0b646fb000 rw-p 00000000 00:00 0 
7f0b646fb000-7f0b648fb000 rw-p 00000000 00:00 0 
7f0b648fb000-7f0b64afb000 rw-p 00000000 00:00 0 
7f0b64afb000-7f0b64cfb000 rw-p 00000000 00:00 0 
7f0b64cfb000-7f0b64efb000 rw-p 00000000 00:00 0 
7f0b64efb000-7f0b64f0e000 r--s 00345000 08:01 4592857                    /usr/lib/jvm/java-8-oracle/jre/lib/resources.jar
7f0b64f0e000-7f0b6510e000 rw-p 00000000 00:00 0 
7f0b6510e000-7f0b6530e000 rw-p 00000000 00:00 0 
7f0b6530e000-7f0b6550e000 rw-p 00000000 00:00 0 
7f0b6550e000-7f0b6570e000 rw-p 00000000 00:00 0 
7f0b6570e000-7f0b65710000 r--s 00005000 08:01 6295952                    /home/ming/Downloads/android studio/android-studio/gradle/m2repository/org/abego/treelayout/org.abego.treelayout.core/1.0.1/org.abego.treelayout.core-1.0.1.jar
7f0b65710000-7f0b65718000 r--s 000a8000 08:01 6428173                    /home/ming/Downloads/android studio/android-studio/gradle/m2repository/com/android/tools/external/lombok/lombok-ast/0.2.3/lombok-ast-0.2.3.jar
7f0b65718000-7f0b6571a000 r--s 0000d000 08:01 6557193                    /home/ming/Downloads/android studio/android-studio/gradle/m2repository/commons-codec/commons-codec/1.4/commons-codec-1.4.jar
7f0b6571a000-7f0b6571c000 r--s 0000d000 08:01 6169048                    /home/ming/Downloads/android studio/android-studio/gradle/m2repository/commons-logging/commons-logging/1.1.1/commons-logging-1.1.1.jar
7f0b6571c000-7f0b65721000 r--s 00028000 08:01 6295904                    /home/ming/Downloads/android studio/android-studio/gradle/m2repository/org/apache/httpcomponents/httpcore/4.1/httpcore-4.1.jar
7f0b65721000-7f0b65722000 r--s 00004000 08:01 6296369                    /home/ming/Downloads/android studio/android-studio/gradle/m2repository/com/intellij/annotations/12.0/annotations-12.0.jar
7f0b65722000-7f0b65726000 r--s 00037000 08:01 6295841                    /home/ming/Downloads/android studio/android-studio/gradle/m2repository/org/antlr/ST4/4.0.8/ST4-4.0.8.jar
7f0b65726000-7f0b65729000 r--s 00026000 08:01 6295855                    /home/ming/Downloads/android studio/android-studio/gradle/m2repository/org/antlr/antlr-runtime/3.5.2/antlr-runtime-3.5.2.jar
7f0b65729000-7f0b6572a000 r--s 00002000 08:01 6295967                    /home/ming/Downloads/android studio/android-studio/gradle/m2repository/com/tunnelvisionlabs/antlr4-annotations/4.5/antlr4-annotations-4.5.jar
7f0b6572a000-7f0b65731000 r--s 00062000 08:01 6295962                    /home/ming/Downloads/android studio/android-studio/gradle/m2repository/com/tunnelvisionlabs/antlr4-runtime/4.5/antlr4-runtime-4.5.jar
7f0b65731000-7f0b65732000 r--s 00004000 08:01 6169089                    /home/ming/Downloads/android studio/android-studio/gradle/m2repository/org/ow2/asm/asm-analysis/5.0.3/asm-analysis-5.0.3.jar
7f0b65732000-7f0b65735000 r--s 00030000 08:01 6557123                    /home/ming/Downloads/android studio/android-studio/gradle/m2repository/com/android/tools/lint/lint-api/25.1.3/lint-api-25.1.3.jar
7f0b65735000-7f0b65736000 r--s 0000a000 08:01 6557155                    /home/ming/Downloads/android studio/android-studio/gradle/m2repository/net/sf/kxml/kxml2/2.3.0/kxml2-2.3.0.jar
7f0b65736000-7f0b65738000 r--s 00005000 08:01 6295895                    /home/ming/Downloads/android studio/android-studio/gradle/m2repository/org/apache/httpcomponents/httpmime/4.1/httpmime-4.1.jar
7f0b65738000-7f0b65740000 r--s 0004e000 08:01 6295915                    /home/ming/Downloads/android studio/android-studio/gradle/m2repository/org/apache/httpcomponents/httpclient/4.1.1/httpclient-4.1.1.jar
7f0b65740000-7f0b65747000 r--s 00053000 08:01 6295927                    /home/ming/Downloads/android studio/android-studio/gradle/m2repository/org/apache/commons/commons-compress/1.8.1/commons-compress-1.8.1.jar
7f0b65747000-7f0b6574c000 r--s 0002a000 08:01 6296402                    /home/ming/Downloads/android studio/android-studio/gradle/m2repository/com/google/code/gson/gson/2.2.4/gson-2.2.4.jar
7f0b6574c000-7f0b65750000 r--s 00026000 08:01 6428179                    /home/ming/Downloads/android studio/android-studio/gradle/m2repository/com/android/tools/repository/25.1.3/repository-25.1.3.jar
7f0b65750000-7f0b65753000 r--s 00014000 08:01 6428126                    /home/ming/Downloads/android studio/android-studio/gradle/m2repository/com/android/tools/layoutlib/layoutlib-api/25.1.3/layoutlib-api-25.1.3.jar
7f0b65753000-7f0b65758000 r--s 00058000 08:01 6169066                    /home/ming/Downloads/android studio/android-studio/gradle/m2repository/org/ow2/asm/asm-debug-all/5.0.4/asm-debug-all-5.0.4.jar
7f0b65758000-7f0b65768000 r--s 000d6000 08:01 6557167                    /home/ming/Downloads/android studio/android-studio/gradle/m2repository/net/sf/proguard/proguard-base/5.2.1/proguard-base-5.2.1.jar
7f0b65768000-7f0b6576b000 r--s 00033000 08:01 6296376                    /home/ming/Downloads/android studio/android-studio/gradle/m2repository/com/googlecode/juniversalchardet/juniversalchardet/1.0.3/juniversalchardet-1.0.3.jar
7f0b6576b000-7f0b6576f000 r--s 0002a000 08:01 6169041                    /home/ming/Downloads/android studio/android-studio/gradle/m2repository/commons-io/commons-io/2.4/commons-io-2.4.jar
7f0b6576f000-7f0b6579a000 r--s 001f9000 08:01 6296394                    /home/ming/Downloads/android studio/android-studio/gradle/m2repository/com/google/guava/guava/17.0/guava-17.0.jar
7f0b6579a000-7f0b657ac000 r--s 00223000 08:01 6295812                    /home/ming/Downloads/android studio/android-studio/gradle/m2repository/org/eclipse/jdt/core/compiler/ecj/4.4.2/ecj-4.4.2.jar
7f0b657ac000-7f0b659ac000 rw-p 00000000 00:00 0 
7f0b659ac000-7f0b659af000 ---p 00000000 00:00 0 
7f0b659af000-7f0b65aad000 rw-p 00000000 00:00 0 
7f0b65aad000-7f0b65ab0000 ---p 00000000 00:00 0 
7f0b65ab0000-7f0b65ae6000 rw-p 00000000 00:00 0 
7f0b65ae6000-7f0b65ae7000 r--p 00000000 00:00 0 
7f0b65ae7000-7f0b65ce7000 rw-p 00000000 00:00 0 
7f0b65ce7000-7f0b65ce8000 r--s 00005000 08:01 6428159                    /home/ming/Downloads/android studio/android-studio/gradle/m2repository/com/android/tools/dvlib/25.1.3/dvlib-25.1.3.jar
7f0b65ce8000-7f0b65cf2000 r--s 00099000 08:01 6295972                    /home/ming/Downloads/android studio/android-studio/gradle/m2repository/com/tunnelvisionlabs/antlr4/4.5/antlr4-4.5.jar
7f0b65cf2000-7f0b65cf3000 r--s 00002000 08:01 6296409                    /home/ming/Downloads/android studio/android-studio/gradle/m2repository/com/android/databinding/baseLibrary/2.1.3/baseLibrary-2.1.3.jar
7f0b65cf3000-7f0b65cf4000 r--s 00001000 08:01 6296430                    /home/ming/Downloads/android studio/android-studio/gradle/m2repository/com/android/tools/annotations/25.1.3/annotations-25.1.3.jar
7f0b65cf4000-7f0b65cfb000 r--s 000be000 08:01 6428187                    /home/ming/Downloads/android studio/android-studio/gradle/m2repository/com/android/tools/lint/lint-checks/25.1.3/lint-checks-25.1.3.jar
7f0b65cfb000-7f0b65cfd000 r--s 00006000 08:01 6169101                    /home/ming/Downloads/android studio/android-studio/gradle/m2repository/org/ow2/asm/asm-tree/5.0.3/asm-tree-5.0.3.jar
7f0b65cfd000-7f0b65d30000 r--s 00203000 08:01 6295862                    /home/ming/Downloads/android studio/android-studio/gradle/m2repository/org/bouncycastle/bcprov-jdk15on/1.48/bcprov-jdk15on-1.48.jar
7f0b65d30000-7f0b65d3e000 r--s 00081000 08:01 6295867                    /home/ming/Downloads/android studio/android-studio/gradle/m2repository/org/bouncycastle/bcpkix-jdk15on/1.48/bcpkix-jdk15on-1.48.jar
7f0b65d3e000-7f0b65d40000 r--s 00002000 08:01 6296384                    /home/ming/Downloads/android studio/android-studio/gradle/m2repository/com/squareup/javawriter/2.5.0/javawriter-2.5.0.jar
7f0b65d40000-7f0b65d41000 r--s 00001000 08:01 6428134                    /home/ming/Downloads/android studio/android-studio/gradle/m2repository/com/android/tools/jill/jill-api/0.10.0/jill-api-0.10.0.jar
7f0b65d41000-7f0b65d43000 r--s 00003000 08:01 6557138                    /home/ming/Downloads/android studio/android-studio/gradle/m2repository/com/android/tools/jack/jack-api/0.10.0/jack-api-0.10.0.jar
7f0b65d43000-7f0b65d49000 r--s 0004a000 08:01 6428152                    /home/ming/Downloads/android studio/android-studio/gradle/m2repository/com/android/tools/ddms/ddmlib/25.1.3/ddmlib-25.1.3.jar
7f0b65d49000-7f0b65d4c000 r--s 00028000 08:01 6296467                    /home/ming/Downloads/android studio/android-studio/gradle/m2repository/com/android/tools/build/manifest-merger/25.1.3/manifest-merger-25.1.3.jar
7f0b65d4c000-7f0b65d4e000 r--s 00018000 08:01 6557146                    /home/ming/Downloads/android studio/android-studio/gradle/m2repository/com/android/tools/common/25.1.3/common-25.1.3.jar
7f0b65d4e000-7f0b65d56000 r--s 0007c000 08:01 6428143                    /home/ming/Downloads/android studio/android-studio/gradle/m2repository/com/android/tools/sdk-common/25.1.3/sdk-common-25.1.3.jar
7f0b65d56000-7f0b65d5e000 r--s 00078000 08:01 6557130                    /home/ming/Downloads/android studio/android-studio/gradle/m2repository/com/android/tools/sdklib/25.1.3/sdklib-25.1.3.jar
7f0b65d5e000-7f0b65d5f000 r--s 00002000 08:01 6296452                    /home/ming/Downloads/android studio/android-studio/gradle/m2repository/com/android/tools/build/builder-test-api/2.1.3/builder-test-api-2.1.3.jar
7f0b65d5f000-7f0b65d61000 r--s 00005000 08:01 6296488                    /home/ming/Downloads/android studio/android-studio/gradle/m2repository/com/android/tools/build/builder-model/2.1.3/builder-model-2.1.3.jar
7f0b65d61000-7f0b65d65000 r--s 0001e000 08:01 6295878                    /home/ming/Downloads/android studio/android-studio/gradle/m2repository/org/jacoco/org.jacoco.core/0.7.6.201602180812/org.jacoco.core-0.7.6.201602180812.jar
7f0b65d65000-7f0b65d66000 r--s 00002000 08:01 6557183                    /home/ming/Downloads/android studio/android-studio/gradle/m2repository/net/sf/proguard/proguard-gradle/5.2.1/proguard-gradle-5.2.1.jar
7f0b65d66000-7f0b65d68000 r--s 00009000 08:01 6293929                    /home/ming/Downloads/android studio/android-studio/gradle/m2repository/org/ow2/asm/asm-commons/5.0.3/asm-commons-5.0.3.jar
7f0b65d68000-7f0b65d69000 r--s 0000c000 08:01 6295796                    /home/ming/Downloads/android studio/android-studio/gradle/m2repository/org/ow2/asm/asm/5.0.3/asm-5.0.3.jar
7f0b65d69000-7f0b65d6d000 r--s 0002b000 08:01 6296422                    /home/ming/Downloads/android studio/android-studio/gradle/m2repository/com/android/databinding/compilerCommon/2.1.3/compilerCommon-2.1.3.jar
7f0b65d6d000-7f0b65d6e000 r--s 00002000 08:01 6296459                    /home/ming/Downloads/android studio/android-studio/gradle/m2repository/com/android/tools/build/gradle-api/2.1.3/gradle-api-2.1.3.jar
7f0b65d6e000-7f0b65d6f000 r--s 00000000 08:01 6296480                    /home/ming/Downloads/android studio/android-studio/gradle/m2repository/com/android/tools/build/transform-api/2.0.0-deprecated-use-gradle-api/transform-api-2.0.0-deprecated-use-gradle-api.jar
7f0b65d6f000-7f0b65d71000 r--s 00023000 08:01 6428194                    /home/ming/Downloads/android studio/android-studio/gradle/m2repository/com/android/tools/lint/lint/25.1.3/lint-25.1.3.jar
7f0b65d71000-7f0b65d85000 r--s 00130000 08:01 6296446                    /home/ming/Downloads/android studio/android-studio/gradle/m2repository/com/android/tools/build/builder/2.1.3/builder-2.1.3.jar
7f0b65d85000-7f0b65da2000 r--s 0017c000 08:01 6296474                    /home/ming/Downloads/android studio/android-studio/gradle/m2repository/com/android/tools/build/gradle-core/2.1.3/gradle-core-2.1.3.jar
7f0b65da2000-7f0b65da4000 r--s 0000c000 08:01 6296496                    /home/ming/Downloads/android studio/android-studio/gradle/m2repository/com/android/tools/build/gradle/2.1.3/gradle-2.1.3.jar
7f0b65da4000-7f0b65fa4000 rw-p 00000000 00:00 0 
7f0b65fa4000-7f0b661a4000 rw-p 00000000 00:00 0 
7f0b661a4000-7f0b663a4000 rw-p 00000000 00:00 0 
7f0b663a4000-7f0b665a4000 rw-p 00000000 00:00 0 
7f0b665a4000-7f0b6661d000 r--s 010e5000 08:01 4461945                    /usr/lib/jvm/java-8-oracle/lib/tools.jar
7f0b6661d000-7f0b6681d000 rw-p 00000000 00:00 0 
7f0b6681d000-7f0b66820000 ---p 00000000 00:00 0 
7f0b66820000-7f0b6691e000 rw-p 00000000 00:00 0 
7f0b6691e000-7f0b66921000 ---p 00000000 00:00 0 
7f0b66921000-7f0b66a1f000 rw-p 00000000 00:00 0 
7f0b66a1f000-7f0b66a22000 ---p 00000000 00:00 0 
7f0b66a22000-7f0b66b20000 rw-p 00000000 00:00 0 
7f0b66b20000-7f0b66b23000 ---p 00000000 00:00 0 
7f0b66b23000-7f0b66c21000 rw-p 00000000 00:00 0 
7f0b66c21000-7f0b66c24000 ---p 00000000 00:00 0 
7f0b66c24000-7f0b66d22000 rw-p 00000000 00:00 0 
7f0b66d22000-7f0b66d25000 ---p 00000000 00:00 0 
7f0b66d25000-7f0b66e23000 rw-p 00000000 00:00 0 
7f0b66e23000-7f0b66e2a000 r--s 00000000 08:01 4721045                    /usr/lib/x86_64-linux-gnu/gconv/gconv-modules.cache
7f0b66e2a000-7f0b6702a000 rw-p 00000000 00:00 0 
7f0b6702a000-7f0b6702d000 ---p 00000000 00:00 0 
7f0b6702d000-7f0b6712b000 rw-p 00000000 00:00 0 
7f0b6712b000-7f0b6712e000 ---p 00000000 00:00 0 
7f0b6712e000-7f0b6722c000 rw-p 00000000 00:00 0 
7f0b6722c000-7f0b67235000 r-xp 00000000 08:01 4592820                    /usr/lib/jvm/java-8-oracle/jre/lib/amd64/libmanagement.so
7f0b67235000-7f0b67434000 ---p 00009000 08:01 4592820                    /usr/lib/jvm/java-8-oracle/jre/lib/amd64/libmanagement.so
7f0b67434000-7f0b67435000 rw-p 00008000 08:01 4592820                    /usr/lib/jvm/java-8-oracle/jre/lib/amd64/libmanagement.so
7f0b67435000-7f0b67439000 r--s 00097000 08:01 4592756                    /usr/lib/jvm/java-8-oracle/jre/lib/jsse.jar
7f0b67439000-7f0b6743b000 r--s 00007000 08:01 5245820                    /home/ming/Downloads/android studio/android-studio/gradle/gradle-2.14.1/lib/plugins/gradle-tooling-api-builders-2.14.1.jar
7f0b6743b000-7f0b6743e000 r--s 00008000 08:01 5245814                    /home/ming/Downloads/android studio/android-studio/gradle/gradle-2.14.1/lib/plugins/gradle-testing-native-2.14.1.jar
7f0b6743e000-7f0b67440000 r--s 00009000 08:01 5245895                    /home/ming/Downloads/android studio/android-studio/gradle/gradle-2.14.1/lib/plugins/hamcrest-core-1.3.jar
7f0b67440000-7f0b67446000 r--s 00033000 08:01 5245825                    /home/ming/Downloads/android studio/android-studio/gradle/gradle-2.14.1/lib/plugins/snakeyaml-1.6.jar
7f0b67446000-7f0b67448000 r--s 00006000 08:01 5245846                    /home/ming/Downloads/android studio/android-studio/gradle/gradle-2.14.1/lib/plugins/jcommander-1.12.jar
7f0b67448000-7f0b6744d000 r--s 00040000 08:01 5245823                    /home/ming/Downloads/android studio/android-studio/gradle/gradle-2.14.1/lib/plugins/bsh-2.0b4.jar
7f0b6744d000-7f0b67456000 r--s 00089000 08:01 5245849                    /home/ming/Downloads/android studio/android-studio/gradle/gradle-2.14.1/lib/plugins/testng-6.3.1.jar
7f0b67456000-7f0b6745e000 r--s 00045000 08:01 5245854                    /home/ming/Downloads/android studio/android-studio/gradle/gradle-2.14.1/lib/plugins/junit-4.12.jar
7f0b6745e000-7f0b67464000 r--s 0002e000 08:01 5245830                    /home/ming/Downloads/android studio/android-studio/gradle/gradle-2.14.1/lib/plugins/gradle-testing-jvm-2.14.1.jar
7f0b67464000-7f0b67469000 r--s 00015000 08:01 5245839                    /home/ming/Downloads/android studio/android-studio/gradle/gradle-2.14.1/lib/plugins/gradle-testing-base-2.14.1.jar
7f0b67469000-7f0b6746a000 r--s 00002000 08:01 5245852                    /home/ming/Downloads/android studio/android-studio/gradle/gradle-2.14.1/lib/plugins/sonar-batch-bootstrapper-2.9.jar
7f0b6746a000-7f0b6746d000 r--s 00015000 08:01 5245829                    /home/ming/Downloads/android studio/android-studio/gradle/gradle-2.14.1/lib/plugins/gradle-sonar-2.14.1.jar
7f0b6746d000-7f0b67474000 r--s 00038000 08:01 5245870                    /home/ming/Downloads/android studio/android-studio/gradle/gradle-2.14.1/lib/plugins/bcpg-jdk15on-1.51.jar
7f0b67474000-7f0b67476000 r--s 0000d000 08:01 5245876                    /home/ming/Downloads/android studio/android-studio/gradle/gradle-2.14.1/lib/plugins/gradle-signing-2.14.1.jar
7f0b67476000-7f0b67479000 r--s 00009000 08:01 5245859                    /home/ming/Downloads/android studio/android-studio/gradle/gradle-2.14.1/lib/plugins/gradle-scala-2.14.1.jar
7f0b67479000-7f0b6747a000 r--s 00004000 08:01 5245883                    /home/ming/Downloads/android studio/android-studio/gradle/gradle-2.14.1/lib/plugins/gradle-resources-sftp-2.14.1.jar
7f0b6747a000-7f0b6748a000 r--s 00088000 08:01 5245836                    /home/ming/Downloads/android studio/android-studio/gradle/gradle-2.14.1/lib/plugins/joda-time-2.8.2.jar
7f0b6748a000-7f0b6749b000 r--s 000cf000 08:01 5245902                    /home/ming/Downloads/android studio/android-studio/gradle/gradle-2.14.1/lib/plugins/jackson-databind-2.3.2.jar
7f0b6749b000-7f0b6749d000 r--s 00007000 08:01 5245865                    /home/ming/Downloads/android studio/android-studio/gradle/gradle-2.14.1/lib/plugins/jackson-annotations-2.3.2.jar
7f0b6749d000-7f0b674a0000 r--s 0002e000 08:01 5245872                    /home/ming/Downloads/android studio/android-studio/gradle/gradle-2.14.1/lib/plugins/jackson-core-2.3.2.jar
7f0b674a0000-7f0b674ab000 r--s 0006b000 08:01 5245919                    /home/ming/Downloads/android studio/android-studio/gradle/gradle-2.14.1/lib/plugins/aws-java-sdk-core-1.9.19.jar
7f0b674ab000-7f0b674b1000 r--s 00036000 08:01 5245864                    /home/ming/Downloads/android studio/android-studio/gradle/gradle-2.14.1/lib/plugins/aws-java-sdk-kms-1.9.19.jar
7f0b674b1000-7f0b674bc000 r--s 00079000 08:01 5245851                    /home/ming/Downloads/android studio/android-studio/gradle/gradle-2.14.1/lib/plugins/aws-java-sdk-s3-1.9.19.jar
7f0b674bc000-7f0b674bd000 r--s 00003000 08:01 5245898                    /home/ming/Downloads/android studio/android-studio/gradle/gradle-2.14.1/lib/plugins/gradle-resources-s3-2.14.1.jar
7f0b674bd000-7f0b674bf000 r--s 00005000 08:01 5245893                    /home/ming/Downloads/android studio/android-studio/gradle/gradle-2.14.1/lib/plugins/jatl-0.2.2.jar
7f0b674bf000-7f0b674c1000 r--s 0000f000 08:01 5245910                    /home/ming/Downloads/android studio/android-studio/gradle/gradle-2.14.1/lib/plugins/gradle-reporting-2.14.1.jar
7f0b674c1000-7f0b674c3000 r--s 00002000 08:01 5245869                    /home/ming/Downloads/android studio/android-studio/gradle/gradle-2.14.1/lib/plugins/gradle-publish-2.14.1.jar
7f0b674c3000-7f0b674c5000 r--s 00009000 08:01 5245842                    /home/ming/Downloads/android studio/android-studio/gradle/gradle-2.14.1/lib/plugins/commons-cli-1.2.jar
7f0b674c5000-7f0b674cb000 r--s 00033000 08:01 5245853                    /home/ming/Downloads/android studio/android-studio/gradle/gradle-2.14.1/lib/plugins/gradle-plugins-2.14.1.jar
7f0b674cb000-7f0b674cd000 r--s 00007000 08:01 5245817                    /home/ming/Downloads/android studio/android-studio/gradle/gradle-2.14.1/lib/plugins/gradle-plugin-development-2.14.1.jar
7f0b674cd000-7f0b674d3000 r--s 0002a000 08:01 5245875                    /home/ming/Downloads/android studio/android-studio/gradle/gradle-2.14.1/lib/plugins/gradle-platform-play-2.14.1.jar
7f0b674d3000-7f0b674e0000 r--s 0004d000 08:01 5245874                    /home/ming/Downloads/android studio/android-studio/gradle/gradle-2.14.1/lib/plugins/gradle-platform-native-2.14.1.jar
7f0b674e0000-7f0b674e4000 r--s 0001a000 08:01 5245896                    /home/ming/Downloads/android studio/android-studio/gradle/gradle-2.14.1/lib/plugins/gradle-platform-jvm-2.14.1.jar
7f0b674e4000-7f0b674eb000 r--s 00029000 08:01 5245845                    /home/ming/Downloads/android studio/android-studio/gradle/gradle-2.14.1/lib/plugins/gradle-platform-base-2.14.1.jar
7f0b674eb000-7f0b6750c000 r--s 001c3000 08:01 5245821                    /home/ming/Downloads/android studio/android-studio/gradle/gradle-2.14.1/lib/plugins/bndlib-2.4.0.jar
7f0b6750c000-7f0b6750e000 r--s 00003000 08:01 5245901                    /home/ming/Downloads/android studio/android-studio/gradle/gradle-2.14.1/lib/plugins/gradle-osgi-2.14.1.jar
7f0b6750e000-7f0b67511000 r--s 0000c000 08:01 5245905                    /home/ming/Downloads/android studio/android-studio/gradle/gradle-2.14.1/lib/plugins/pmaven-groovy-0.8-20100325.jar
7f0b67511000-7f0b67512000 r--s 00004000 08:01 5245891                    /home/ming/Downloads/android studio/android-studio/gradle/gradle-2.14.1/lib/plugins/pmaven-common-0.8-20100325.jar
7f0b67512000-7f0b67518000 r--s 00022000 08:01 5245844                    /home/ming/Downloads/android studio/android-studio/gradle/gradle-2.14.1/lib/plugins/gradle-maven-2.14.1.jar
7f0b67518000-7f0b6751a000 r--s 0000a000 08:01 5245826                    /home/ming/Downloads/android studio/android-studio/gradle/gradle-2.14.1/lib/plugins/gradle-language-scala-2.14.1.jar
7f0b6751a000-7f0b67520000 r--s 0001a000 08:01 5245831                    /home/ming/Downloads/android studio/android-studio/gradle/gradle-2.14.1/lib/plugins/gradle-language-native-2.14.1.jar
7f0b67520000-7f0b67522000 r--s 00008000 08:01 5245819                    /home/ming/Downloads/android studio/android-studio/gradle/gradle-2.14.1/lib/plugins/gradle-language-jvm-2.14.1.jar
7f0b67522000-7f0b67528000 r--s 00024000 08:01 5245892                    /home/ming/Downloads/android studio/android-studio/gradle/gradle-2.14.1/lib/plugins/gradle-language-java-2.14.1.jar
7f0b67528000-7f0b6752a000 r--s 0000a000 08:01 5245873                    /home/ming/Downloads/android studio/android-studio/gradle/gradle-2.14.1/lib/plugins/gradle-language-groovy-2.14.1.jar
7f0b6752a000-7f0b6752d000 r--s 0001e000 08:01 5245813                    /home/ming/Downloads/android studio/android-studio/gradle/gradle-2.14.1/lib/plugins/jsp-api-2.1-6.1.14.jar
7f0b6752d000-7f0b67550000 r--s 00344000 08:01 5245866                    /home/ming/Downloads/android studio/android-studio/gradle/gradle-2.14.1/lib/plugins/core-3.1.1.jar
7f0b67550000-7f0b67551000 r--s 00006000 08:01 5245903                    /home/ming/Downloads/android studio/android-studio/gradle/gradle-2.14.1/lib/plugins/jetty-naming-6.1.25.jar
7f0b67551000-7f0b67552000 r--s 00002000 08:01 5245861                    /home/ming/Downloads/android studio/android-studio/gradle/gradle-2.14.1/lib/plugins/geronimo-annotation_1.0_spec-1.0.jar
7f0b67552000-7f0b67554000 r--s 00002000 08:01 5245899                    /home/ming/Downloads/android studio/android-studio/gradle/gradle-2.14.1/lib/plugins/jetty-annotations-6.1.25.jar
7f0b67554000-7f0b67565000 r--s 000ea000 08:01 5245912                    /home/ming/Downloads/android studio/android-studio/gradle/gradle-2.14.1/lib/plugins/jsp-2.1-6.1.14.jar
7f0b67565000-7f0b67567000 r--s 0000d000 08:01 5245867                    /home/ming/Downloads/android studio/android-studio/gradle/gradle-2.14.1/lib/plugins/jetty-plus-6.1.25.jar
7f0b67567000-7f0b67569000 r--s 0001f000 08:01 5245926                    /home/ming/Downloads/android studio/android-studio/gradle/gradle-2.14.1/lib/plugins/servlet-api-2.5-20081211.jar
7f0b67569000-7f0b6756d000 r--s 00028000 08:01 5245847                    /home/ming/Downloads/android studio/android-studio/gradle/gradle-2.14.1/lib/plugins/jetty-util-6.1.25.jar
7f0b6756d000-7f0b67574000 r--s 0007d000 08:01 5245855                    /home/ming/Downloads/android studio/android-studio/gradle/gradle-2.14.1/lib/plugins/jetty-6.1.25.jar
7f0b67574000-7f0b67576000 r--s 00009000 08:01 5245908                    /home/ming/Downloads/android studio/android-studio/gradle/gradle-2.14.1/lib/plugins/gradle-jetty-2.14.1.jar
7f0b67576000-7f0b6757d000 r--s 00035000 08:01 5245922                    /home/ming/Downloads/android studio/android-studio/gradle/gradle-2.14.1/lib/plugins/simple-4.1.21.jar
7f0b6757d000-7f0b67589000 r--s 00100000 08:01 5245837                    /home/ming/Downloads/android studio/android-studio/gradle/gradle-2.14.1/lib/plugins/rhino-1.7R3.jar
7f0b67589000-7f0b6758d000 r--s 00011000 08:01 5245890                    /home/ming/Downloads/android studio/android-studio/gradle/gradle-2.14.1/lib/plugins/gradle-javascript-2.14.1.jar
7f0b6758d000-7f0b6758f000 r--s 0000c000 08:01 5245924                    /home/ming/Downloads/android studio/android-studio/gradle/gradle-2.14.1/lib/plugins/gradle-jacoco-2.14.1.jar
7f0b6758f000-7f0b67592000 r--s 0000e000 08:01 5245921                    /home/ming/Downloads/android studio/android-studio/gradle/gradle-2.14.1/lib/plugins/gradle-ivy-2.14.1.jar
7f0b67592000-7f0b67593000 r--s 00002000 08:01 5245913                    /home/ming/Downloads/android studio/android-studio/gradle/gradle-2.14.1/lib/plugins/gradle-ide-play-2.14.1.jar
7f0b67593000-7f0b67598000 r--s 0002b000 08:01 5245909                    /home/ming/Downloads/android studio/android-studio/gradle/gradle-2.14.1/lib/plugins/gradle-ide-native-2.14.1.jar
7f0b67598000-7f0b675a3000 r--s 00066000 08:01 5245827                    /home/ming/Downloads/android studio/android-studio/gradle/gradle-2.14.1/lib/plugins/gradle-ide-2.14.1.jar
7f0b675a3000-7f0b675a4000 r--s 00008000 08:01 5245824                    /home/ming/Downloads/android studio/android-studio/gradle/gradle-2.14.1/lib/plugins/gradle-ear-2.14.1.jar
7f0b675a4000-7f0b675aa000 r--s 00032000 08:01 5245835                    /home/ming/Downloads/android studio/android-studio/gradle/gradle-2.14.1/lib/plugins/gradle-diagnostics-2.14.1.jar
7f0b675aa000-7f0b675ae000 r--s 00021000 08:01 5245911                    /home/ming/Downloads/android studio/android-studio/gradle/gradle-2.14.1/lib/plugins/gradle-code-quality-2.14.1.jar
7f0b675ae000-7f0b675b2000 r--s 0001f000 08:01 5245834                    /home/ming/Downloads/android studio/android-studio/gradle/gradle-2.14.1/lib/plugins/gradle-build-init-2.14.1.jar
7f0b675b2000-7f0b675b9000 r--s 0008e000 08:01 5245918                    /home/ming/Downloads/android studio/android-studio/gradle/gradle-2.14.1/lib/plugins/gradle-build-comparison-2.14.1.jar
7f0b675b9000-7f0b675bb000 r--s 00008000 08:01 5245894                    /home/ming/Downloads/android studio/android-studio/gradle/gradle-2.14.1/lib/plugins/gradle-antlr-2.14.1.jar
7f0b675bb000-7f0b675bd000 r--s 00004000 08:01 5245920                    /home/ming/Downloads/android studio/android-studio/gradle/gradle-2.14.1/lib/plugins/gradle-announce-2.14.1.jar
7f0b675bd000-7f0b675d5000 r--s 00115000 08:01 5245858                    /home/ming/Downloads/android studio/android-studio/gradle/gradle-2.14.1/lib/plugins/xercesImpl-2.9.1.jar
7f0b675d5000-7f0b675dd000 r--s 00028000 08:01 5245886                    /home/ming/Downloads/android studio/android-studio/gradle/gradle-2.14.1/lib/plugins/xml-apis-1.3.04.jar
7f0b675dd000-7f0b675e3000 r--s 0005b000 08:01 5245877                    /home/ming/Downloads/android studio/android-studio/gradle/gradle-2.14.1/lib/plugins/jcifs-1.3.17.jar
7f0b675e3000-7f0b675ea000 r--s 00049000 08:01 5245888                    /home/ming/Downloads/android studio/android-studio/gradle/gradle-2.14.1/lib/plugins/httpcore-4.4.4.jar
7f0b675ea000-7f0b675f0000 r--s 00033000 08:01 5245833                    /home/ming/Downloads/android studio/android-studio/gradle/gradle-2.14.1/lib/plugins/commons-codec-1.6.jar
7f0b675f0000-7f0b675f3000 r--s 0001c000 08:01 5245828                    /home/ming/Downloads/android studio/android-studio/gradle/gradle-2.14.1/lib/plugins/nekohtml-1.9.14.jar
7f0b675f3000-7f0b67600000 r--s 000a4000 08:01 5245906                    /home/ming/Downloads/android studio/android-studio/gradle/gradle-2.14.1/lib/plugins/httpclient-4.4.1.jar
7f0b67600000-7f0b67602000 r--s 0000a000 08:01 5245815                    /home/ming/Downloads/android studio/android-studio/gradle/gradle-2.14.1/lib/plugins/gradle-resources-http-2.14.1.jar
7f0b67602000-7f0b67606000 r--s 00014000 08:01 5245880                    /home/ming/Downloads/android studio/android-studio/gradle/gradle-2.14.1/lib/plugins/gradle-plugin-use-2.14.1.jar
7f0b67606000-7f0b67607000 r--s 00000000 08:01 5245771                    /home/ming/Downloads/android studio/android-studio/gradle/gradle-2.14.1/lib/gradle-installation-beacon-2.14.1.jar
7f0b67607000-7f0b67608000 r--s 00007000 08:01 5245843                    /home/ming/Downloads/android studio/android-studio/gradle/gradle-2.14.1/lib/plugins/wagon-http-shared4-2.4.jar
7f0b67608000-7f0b6760c000 r--s 00033000 08:01 5245897                    /home/ming/Downloads/android studio/android-studio/gradle/gradle-2.14.1/lib/plugins/plexus-utils-2.0.6.jar
7f0b6760c000-7f0b67610000 r--s 00021000 08:01 5245879                    /home/ming/Downloads/android studio/android-studio/gradle/gradle-2.14.1/lib/plugins/maven-model-builder-3.0.4.jar
7f0b67610000-7f0b67611000 r--s 00002000 08:01 5245832                    /home/ming/Downloads/android studio/android-studio/gradle/gradle-2.14.1/lib/plugins/wagon-file-2.4.jar
7f0b67611000-7f0b67613000 r--s 00002000 08:01 5245889                    /home/ming/Downloads/android studio/android-studio/gradle/gradle-2.14.1/lib/plugins/plexus-cipher-1.7.jar
7f0b67613000-7f0b67653000 r--s 00277000 08:01 5245822                    /home/ming/Downloads/android studio/android-studio/gradle/gradle-2.14.1/lib/plugins/bcprov-jdk15on-1.51.jar
7f0b67653000-7f0b67669000 r-xp 00000000 08:01 1839527                    /lib/x86_64-linux-gnu/libgcc_s.so.1
7f0b67669000-7f0b67868000 ---p 00016000 08:01 1839527                    /lib/x86_64-linux-gnu/libgcc_s.so.1
7f0b67868000-7f0b67869000 rw-p 00015000 08:01 1839527                    /lib/x86_64-linux-gnu/libgcc_s.so.1
7f0b67869000-7f0b679db000 r-xp 00000000 08:01 4327421                    /usr/lib/x86_64-linux-gnu/libstdc++.so.6.0.21
7f0b679db000-7f0b67bdb000 ---p 00172000 08:01 4327421                    /usr/lib/x86_64-linux-gnu/libstdc++.so.6.0.21
7f0b67bdb000-7f0b67be5000 r--p 00172000 08:01 4327421                    /usr/lib/x86_64-linux-gnu/libstdc++.so.6.0.21
7f0b67be5000-7f0b67be7000 rw-p 0017c000 08:01 4327421                    /usr/lib/x86_64-linux-gnu/libstdc++.so.6.0.21
7f0b67be7000-7f0b67beb000 rw-p 00000000 00:00 0 
7f0b67beb000-7f0b67bef000 r-xp 00000000 08:01 7342835                    /home/ming/.gradle/native/19/linux-amd64/libnative-platform.so
7f0b67bef000-7f0b67dee000 ---p 00004000 08:01 7342835                    /home/ming/.gradle/native/19/linux-amd64/libnative-platform.so
7f0b67dee000-7f0b67def000 rw-p 00003000 08:01 7342835                    /home/ming/.gradle/native/19/linux-amd64/libnative-platform.so
7f0b67def000-7f0b67e00000 r-xp 00000000 08:01 4592809                    /usr/lib/jvm/java-8-oracle/jre/lib/amd64/libnio.so
7f0b67e00000-7f0b67fff000 ---p 00011000 08:01 4592809                    /usr/lib/jvm/java-8-oracle/jre/lib/amd64/libnio.so
7f0b67fff000-7f0b68000000 rw-p 00010000 08:01 4592809                    /usr/lib/jvm/java-8-oracle/jre/lib/amd64/libnio.so
7f0b68000000-7f0b68021000 rw-p 00000000 00:00 0 
7f0b68021000-7f0b6c000000 ---p 00000000 00:00 0 
7f0b6c000000-7f0b6c021000 rw-p 00000000 00:00 0 
7f0b6c021000-7f0b70000000 ---p 00000000 00:00 0 
7f0b70000000-7f0b71eb7000 rw-p 00000000 00:00 0 
7f0b71eb7000-7f0b74000000 ---p 00000000 00:00 0 
7f0b74000000-7f0b7524f000 rw-p 00000000 00:00 0 
7f0b7524f000-7f0b78000000 ---p 00000000 00:00 0 
7f0b78000000-7f0b78021000 rw-p 00000000 00:00 0 
7f0b78021000-7f0b7c000000 ---p 00000000 00:00 0 
7f0b7c000000-7f0b7e01e000 rw-p 00000000 00:00 0 
7f0b7e01e000-7f0b80000000 ---p 00000000 00:00 0 
7f0b80000000-7f0b80021000 rw-p 00000000 00:00 0 
7f0b80021000-7f0b84000000 ---p 00000000 00:00 0 
7f0b84000000-7f0b84021000 rw-p 00000000 00:00 0 
7f0b84021000-7f0b88000000 ---p 00000000 00:00 0 
7f0b88000000-7f0b88038000 rw-p 00000000 00:00 0 
7f0b88038000-7f0b8c000000 ---p 00000000 00:00 0 
7f0b8c000000-7f0b8c037000 rw-p 00000000 00:00 0 
7f0b8c037000-7f0b90000000 ---p 00000000 00:00 0 
7f0b90000000-7f0b90037000 rw-p 00000000 00:00 0 
7f0b90037000-7f0b94000000 ---p 00000000 00:00 0 
7f0b94000000-7f0b94021000 rw-p 00000000 00:00 0 
7f0b94021000-7f0b98000000 ---p 00000000 00:00 0 
7f0b98000000-7f0b9802d000 rw-p 00000000 00:00 0 
7f0b9802d000-7f0b9c000000 ---p 00000000 00:00 0 
7f0b9c000000-7f0b9c003000 r--s 00013000 08:01 5245925                    /home/ming/Downloads/android studio/android-studio/gradle/gradle-2.14.1/lib/plugins/aether-api-1.13.1.jar
7f0b9c003000-7f0b9c005000 r--s 0000a000 08:01 5245848                    /home/ming/Downloads/android studio/android-studio/gradle/gradle-2.14.1/lib/plugins/maven-settings-3.0.4.jar
7f0b9c005000-7f0b9c007000 r--s 0000d000 08:01 5245881                    /home/ming/Downloads/android studio/android-studio/gradle/gradle-2.14.1/lib/plugins/plexus-interpolation-1.14.jar
7f0b9c007000-7f0b9c009000 r--s 0000b000 08:01 5245904                    /home/ming/Downloads/android studio/android-studio/gradle/gradle-2.14.1/lib/plugins/maven-artifact-3.0.4.jar
7f0b9c009000-7f0b9c010000 r--s 0002e000 08:01 5245840                    /home/ming/Downloads/android studio/android-studio/gradle/gradle-2.14.1/lib/plugins/plexus-container-default-1.5.5.jar
7f0b9c010000-7f0b9c012000 r--s 0000b000 08:01 5245868                    /home/ming/Downloads/android studio/android-studio/gradle/gradle-2.14.1/lib/plugins/maven-plugin-api-3.0.4.jar
7f0b9c012000-7f0b9c014000 r--s 00000000 08:01 5245871                    /home/ming/Downloads/android studio/android-studio/gradle/gradle-2.14.1/lib/plugins/plexus-component-annotations-1.5.5.jar
7f0b9c014000-7f0b9c01a000 r--s 0003f000 08:01 5245882                    /home/ming/Downloads/android studio/android-studio/gradle/gradle-2.14.1/lib/plugins/maven-compat-3.0.4.jar
7f0b9c01a000-7f0b9c01d000 r--s 00008000 08:01 5245856                    /home/ming/Downloads/android studio/android-studio/gradle/gradle-2.14.1/lib/plugins/maven-settings-builder-3.0.4.jar
7f0b9c01d000-7f0b9c01e000 r--s 00002000 08:01 5245812                    /home/ming/Downloads/android studio/android-studio/gradle/gradle-2.14.1/lib/plugins/wagon-http-2.4.jar
7f0b9c01e000-7f0b9c020000 r--s 00026000 08:01 5245923                    /home/ming/Downloads/android studio/android-studio/gradle/gradle-2.14.1/lib/plugins/maven-model-3.0.4.jar
7f0b9c020000-7f0b9c022000 r--s 00006000 08:01 5245900                    /home/ming/Downloads/android studio/android-studio/gradle/gradle-2.14.1/lib/plugins/aether-connector-wagon-1.13.1.jar
7f0b9c022000-7f0b9c024000 r--s 0000a000 08:01 5245841                    /home/ming/Downloads/android studio/android-studio/gradle/gradle-2.14.1/lib/plugins/plexus-classworlds-2.4.jar
7f0b9c024000-7f0b9c026000 r--s 00006000 08:01 5245884                    /home/ming/Downloads/android studio/android-studio/gradle/gradle-2.14.1/lib/plugins/maven-repository-metadata-3.0.4.jar
7f0b9c026000-7f0b9c028000 r--s 0000c000 08:01 5245860                    /home/ming/Downloads/android studio/android-studio/gradle/gradle-2.14.1/lib/plugins/maven-aether-provider-3.0.4.jar
7f0b9c028000-7f0b9c02a000 r--s 0000b000 08:01 5245850                    /home/ming/Downloads/android studio/android-studio/gradle/gradle-2.14.1/lib/plugins/wagon-provider-api-2.4.jar
7f0b9c02a000-7f0b9c02b000 r--s 00003000 08:01 5245816                    /home/ming/Downloads/android studio/android-studio/gradle/gradle-2.14.1/lib/plugins/aether-spi-1.13.1.jar
7f0b9c02b000-7f0b9c02f000 r--s 0001c000 08:01 5245914                    /home/ming/Downloads/android studio/android-studio/gradle/gradle-2.14.1/lib/plugins/aether-util-1.13.1.jar
7f0b9c02f000-7f0b9c032000 r--s 0001d000 08:01 5245878                    /home/ming/Downloads/android studio/android-studio/gradle/gradle-2.14.1/lib/plugins/aether-impl-1.13.1.jar
7f0b9c032000-7f0b9c033000 r--s 00006000 08:01 5245885                    /home/ming/Downloads/android studio/android-studio/gradle/gradle-2.14.1/lib/plugins/plexus-sec-dispatcher-1.3.jar
7f0b9c033000-7f0b9c038000 r--s 00040000 08:01 5245818                    /home/ming/Downloads/android studio/android-studio/gradle/gradle-2.14.1/lib/plugins/jsch-0.1.53.jar
7f0b9c038000-7f0b9c03c000 r--s 0001d000 08:01 5245863                    /home/ming/Downloads/android studio/android-studio/gradle/gradle-2.14.1/lib/plugins/xbean-reflect-3.4.jar
7f0b9c03c000-7f0b9c048000 r--s 0007d000 08:01 5245887                    /home/ming/Downloads/android studio/android-studio/gradle/gradle-2.14.1/lib/plugins/maven-core-3.0.4.jar
7f0b9c048000-7f0b9c04d000 r--s 0002a000 08:01 5245857                    /home/ming/Downloads/android studio/android-studio/gradle/gradle-2.14.1/lib/plugins/gson-2.2.4.jar
7f0b9c04d000-7f0b9c05c000 r--s 000d9000 08:01 5245838                    /home/ming/Downloads/android studio/android-studio/gradle/gradle-2.14.1/lib/plugins/ivy-2.2.0.jar
7f0b9c05c000-7f0b9c078000 r--s 000d3000 08:01 5245862                    /home/ming/Downloads/android studio/android-studio/gradle/gradle-2.14.1/lib/plugins/gradle-dependency-management-2.14.1.jar
7f0b9c078000-7f0b9c379000 rw-p 00000000 00:00 0 
7f0b9c379000-7f0b9c38f000 r-xp 00000000 08:01 4592786                    /usr/lib/jvm/java-8-oracle/jre/lib/amd64/libnet.so
7f0b9c38f000-7f0b9c58f000 ---p 00016000 08:01 4592786                    /usr/lib/jvm/java-8-oracle/jre/lib/amd64/libnet.so
7f0b9c58f000-7f0b9c590000 rw-p 00016000 08:01 4592786                    /usr/lib/jvm/java-8-oracle/jre/lib/amd64/libnet.so
7f0b9c590000-7f0b9c592000 r--s 00005000 08:01 5245781                    /home/ming/Downloads/android studio/android-studio/gradle/gradle-2.14.1/lib/gradle-wrapper-2.14.1.jar
7f0b9c592000-7f0b9c5a0000 r--s 0004f000 08:01 5245766                    /home/ming/Downloads/android studio/android-studio/gradle/gradle-2.14.1/lib/gradle-tooling-api-2.14.1.jar
7f0b9c5a0000-7f0b9c5a2000 r--s 00002000 08:01 5245770                    /home/ming/Downloads/android studio/android-studio/gradle/gradle-2.14.1/lib/gradle-open-api-2.14.1.jar
7f0b9c5a2000-7f0b9c5a8000 r--s 00032000 08:01 5245804                    /home/ming/Downloads/android studio/android-studio/gradle/gradle-2.14.1/lib/jaxen-1.1.jar
7f0b9c5a8000-7f0b9c5ad000 r--s 00048000 08:01 5245769                    /home/ming/Downloads/android studio/android-studio/gradle/gradle-2.14.1/lib/dom4j-1.6.1.jar
7f0b9c5ad000-7f0b9c5b8000 r--s 00059000 08:01 5245798                    /home/ming/Downloads/android studio/android-studio/gradle/gradle-2.14.1/lib/gradle-ui-2.14.1.jar
7f0b9c5b8000-7f0b9c5bb000 r--s 0000b000 08:01 5245927                    /home/ming/Downloads/android studio/android-studio/gradle/gradle-2.14.1/lib/gradle-resources-2.14.1.jar
7f0b9c5bb000-7f0b9c5bd000 r--s 00003000 08:01 5245807                    /home/ming/Downloads/android studio/android-studio/gradle/gradle-2.14.1/lib/jcl-over-slf4j-1.7.10.jar
7f0b9c5bd000-7f0b9c5be000 r--s 00005000 08:01 5245801                    /home/ming/Downloads/android studio/android-studio/gradle/gradle-2.14.1/lib/log4j-over-slf4j-1.7.10.jar
7f0b9c5be000-7f0b9c5c0000 r--s 00000000 08:01 5245928                    /home/ming/Downloads/android studio/android-studio/gradle/gradle-2.14.1/lib/jul-to-slf4j-1.7.10.jar
7f0b9c5c0000-7f0b9c5c5000 r--s 0001c000 08:01 5245779                    /home/ming/Downloads/android studio/android-studio/gradle/gradle-2.14.1/lib/gradle-logging-2.14.1.jar
7f0b9c5c5000-7f0b9c5c7000 r--s 00007000 08:01 5245810                    /home/ming/Downloads/android studio/android-studio/gradle/gradle-2.14.1/lib/objenesis-1.2.jar
7f0b9c5c7000-7f0b9c5c9000 r--s 00000000 08:01 5245774                    /home/ming/Downloads/android studio/android-studio/gradle/gradle-2.14.1/lib/minlog-1.2.jar
7f0b9c5c9000-7f0b9c5cb000 r--s 0000f000 08:01 5245785                    /home/ming/Downloads/android studio/android-studio/gradle/gradle-2.14.1/lib/reflectasm-1.07-shaded.jar
7f0b9c5cb000-7f0b9c5cf000 r--s 00026000 08:01 5245799                    /home/ming/Downloads/android studio/android-studio/gradle/gradle-2.14.1/lib/kryo-2.20.jar
7f0b9c5cf000-7f0b9c5d5000 r--s 00025000 08:01 5245768                    /home/ming/Downloads/android studio/android-studio/gradle/gradle-2.14.1/lib/gradle-messaging-2.14.1.jar
7f0b9c5d5000-7f0b9c5d6000 r--s 00003000 08:01 5245806                    /home/ming/Downloads/android studio/android-studio/gradle/gradle-2.14.1/lib/native-platform-freebsd-amd64-0.10.jar
7f0b9c5d6000-7f0b9c5d7000 r--s 00003000 08:01 5245788                    /home/ming/Downloads/android studio/android-studio/gradle/gradle-2.14.1/lib/native-platform-freebsd-i386-0.10.jar
7f0b9c5d7000-7f0b9c5d8000 r--s 00005000 08:01 5245776                    /home/ming/Downloads/android studio/android-studio/gradle/gradle-2.14.1/lib/native-platform-windows-i386-0.10.jar
7f0b9c5d8000-7f0b9c5d9000 r--s 00005000 08:01 5245775                    /home/ming/Downloads/android studio/android-studio/gradle/gradle-2.14.1/lib/native-platform-windows-amd64-0.10.jar
7f0b9c5d9000-7f0b9c5da000 r--s 00003000 08:01 5245789                    /home/ming/Downloads/android studio/android-studio/gradle/gradle-2.14.1/lib/native-platform-linux-i386-0.10.jar
7f0b9c5da000-7f0b9c5db000 r--s 00003000 08:01 5245773                    /home/ming/Downloads/android studio/android-studio/gradle/gradle-2.14.1/lib/native-platform-linux-amd64-0.10.jar
7f0b9c5db000-7f0b9c5dc000 r--s 00002000 08:01 5245772                    /home/ming/Downloads/android studio/android-studio/gradle/gradle-2.14.1/lib/native-platform-osx-amd64-0.10.jar
7f0b9c5dc000-7f0b9c5dd000 r--s 00002000 08:01 5245802                    /home/ming/Downloads/android studio/android-studio/gradle/gradle-2.14.1/lib/native-platform-osx-i386-0.10.jar
7f0b9c5dd000-7f0b9c5df000 r--s 00008000 08:01 5245803                    /home/ming/Downloads/android studio/android-studio/gradle/gradle-2.14.1/lib/jansi-1.2.1.jar
7f0b9c5df000-7f0b9c5e2000 r--s 0000d000 08:01 5245797                    /home/ming/Downloads/android studio/android-studio/gradle/gradle-2.14.1/lib/native-platform-0.10.jar
7f0b9c5e2000-7f0b9c5e6000 r--s 000e4000 08:01 5245796                    /home/ming/Downloads/android studio/android-studio/gradle/gradle-2.14.1/lib/jna-3.2.7.jar
7f0b9c5e6000-7f0b9c5e8000 r--s 00009000 08:01 5245808                    /home/ming/Downloads/android studio/android-studio/gradle/gradle-2.14.1/lib/gradle-native-2.14.1.jar
7f0b9c5e8000-7f0b9c5ea000 r--s 00005000 08:01 5245809                    /home/ming/Downloads/android studio/android-studio/gradle/gradle-2.14.1/lib/gradle-cli-2.14.1.jar
7f0b9c5ea000-7f0b9c5ec000 r--s 00007000 08:01 5245778                    /home/ming/Downloads/android studio/android-studio/gradle/gradle-2.14.1/lib/gradle-model-groovy-2.14.1.jar
7f0b9c5ec000-7f0b9c5ed000 r--s 00006000 08:01 5245793                    /home/ming/Downloads/android studio/android-studio/gradle/gradle-2.14.1/lib/gradle-base-services-groovy-2.14.1.jar
7f0b9c5ed000-7f0b9c5fc000 r--s 00080000 08:01 5245794                    /home/ming/Downloads/android studio/android-studio/gradle/gradle-2.14.1/lib/gradle-model-core-2.14.1.jar
7f0b9c5fc000-7f0b9c5fd000 r--s 00002000 08:01 5245786                    /home/ming/Downloads/android studio/android-studio/gradle/gradle-2.14.1/lib/gradle-docs-2.14.1.jar
7f0b9c5fd000-7f0b9c5fe000 r--s 00000000 08:01 5245930                    /home/ming/Downloads/android studio/android-studio/gradle/gradle-2.14.1/lib/javax.inject-1.jar
7f0b9c5fe000-7f0b9c602000 r--s 00027000 08:01 5245800                    /home/ming/Downloads/android studio/android-studio/gradle/gradle-2.14.1/lib/commons-io-2.2.jar
7f0b9c602000-7f0b9c60f000 r--s 00083000 08:01 5245929                    /home/ming/Downloads/android studio/android-studio/gradle/gradle-2.14.1/lib/commons-collections-3.2.2.jar
7f0b9c60f000-7f0b9c614000 r--s 00038000 08:01 5245790                    /home/ming/Downloads/android studio/android-studio/gradle/gradle-2.14.1/lib/asm-all-5.1.jar
7f0b9c614000-7f0b9c683000 r--s 0063e000 08:01 5245931                    /home/ming/Downloads/android studio/android-studio/gradle/gradle-2.14.1/lib/groovy-all-2.4.4.jar
7f0b9c683000-7f0b9c6ab000 r--s 001cf000 08:01 5245782                    /home/ming/Downloads/android studio/android-studio/gradle/gradle-2.14.1/lib/guava-jdk5-17.0.jar
7f0b9c6ab000-7f0b9c6ca000 r--s 001d1000 08:01 5245780                    /home/ming/Downloads/android studio/android-studio/gradle/gradle-2.14.1/lib/ant-1.9.6.jar
7f0b9c6ca000-7f0b9c6d2000 r--s 0003a000 08:01 5245791                    /home/ming/Downloads/android studio/android-studio/gradle/gradle-2.14.1/lib/gradle-base-services-2.14.1.jar
7f0b9c6d2000-7f0b9c709000 r--s 001bd000 08:01 5245783                    /home/ming/Downloads/android studio/android-studio/gradle/gradle-2.14.1/lib/gradle-core-2.14.1.jar
7f0b9c709000-7f0b9c70a000 ---p 00000000 00:00 0 
7f0b9c70a000-7f0b9c80a000 rw-p 00000000 00:00 0 
7f0b9c80a000-7f0b9c80d000 ---p 00000000 00:00 0 
7f0b9c80d000-7f0b9c90b000 rw-p 00000000 00:00 0 
7f0b9c90b000-7f0b9c90e000 ---p 00000000 00:00 0 
7f0b9c90e000-7f0b9ca0c000 rw-p 00000000 00:00 0 
7f0b9ca0c000-7f0b9ca0f000 ---p 00000000 00:00 0 
7f0b9ca0f000-7f0b9cb0d000 rw-p 00000000 00:00 0 
7f0b9cb0d000-7f0b9cb10000 ---p 00000000 00:00 0 
7f0b9cb10000-7f0b9cc0e000 rw-p 00000000 00:00 0 
7f0b9cc0e000-7f0b9cc11000 ---p 00000000 00:00 0 
7f0b9cc11000-7f0b9cd0f000 rw-p 00000000 00:00 0 
7f0b9cd0f000-7f0b9d6ce000 r--p 00000000 08:01 4332457                    /usr/lib/locale/locale-archive
7f0b9d6ce000-7f0b9d6d1000 ---p 00000000 00:00 0 
7f0b9d6d1000-7f0b9d7cf000 rw-p 00000000 00:00 0 
7f0b9d7cf000-7f0b9d7d2000 ---p 00000000 00:00 0 
7f0b9d7d2000-7f0b9d8d0000 rw-p 00000000 00:00 0 
7f0b9d8d0000-7f0b9d8d1000 ---p 00000000 00:00 0 
7f0b9d8d1000-7f0ba1000000 rw-p 00000000 00:00 0 
7f0ba1000000-7f0ba2930000 rwxp 00000000 00:00 0 
7f0ba2930000-7f0bb0000000 ---p 00000000 00:00 0 
7f0bb0000000-7f0bb0c07000 rw-p 00000000 00:00 0 
7f0bb0c07000-7f0bb4000000 ---p 00000000 00:00 0 
7f0bb4000000-7f0bb4192000 rw-p 00000000 00:00 0 
7f0bb4192000-7f0bb436b000 r--s 03d29000 08:01 4592778                    /usr/lib/jvm/java-8-oracle/jre/lib/rt.jar
7f0bb436b000-7f0bb45e1000 rw-p 00000000 00:00 0 
7f0bb45e1000-7f0bb45e2000 ---p 00000000 00:00 0 
7f0bb45e2000-7f0bb46e2000 rw-p 00000000 00:00 0 
7f0bb46e2000-7f0bb46e3000 ---p 00000000 00:00 0 
7f0bb46e3000-7f0bb47e3000 rw-p 00000000 00:00 0 
7f0bb47e3000-7f0bb47e4000 ---p 00000000 00:00 0 
7f0bb47e4000-7f0bb48e4000 rw-p 00000000 00:00 0 
7f0bb48e4000-7f0bb48e5000 ---p 00000000 00:00 0 
7f0bb48e5000-7f0bb4a1b000 rw-p 00000000 00:00 0 
7f0bb4a1b000-7f0bb4b3b000 ---p 00000000 00:00 0 
7f0bb4b3b000-7f0bb4b71000 rw-p 00000000 00:00 0 
7f0bb4b71000-7f0bb4c90000 ---p 00000000 00:00 0 
7f0bb4c90000-7f0bb4d05000 rw-p 00000000 00:00 0 
7f0bb4d05000-7f0bb4d3b000 ---p 00000000 00:00 0 
7f0bb4d3b000-7f0bb4da1000 rw-p 00000000 00:00 0 
7f0bb4da1000-7f0bb50fc000 ---p 00000000 00:00 0 
7f0bb50fc000-7f0bb5116000 r-xp 00000000 08:01 4592807                    /usr/lib/jvm/java-8-oracle/jre/lib/amd64/libzip.so
7f0bb5116000-7f0bb5316000 ---p 0001a000 08:01 4592807                    /usr/lib/jvm/java-8-oracle/jre/lib/amd64/libzip.so
7f0bb5316000-7f0bb5317000 rw-p 0001a000 08:01 4592807                    /usr/lib/jvm/java-8-oracle/jre/lib/amd64/libzip.so
7f0bb5317000-7f0bb5322000 r-xp 00000000 08:01 1839588                    /lib/x86_64-linux-gnu/libnss_files-2.23.so
7f0bb5322000-7f0bb5521000 ---p 0000b000 08:01 1839588                    /lib/x86_64-linux-gnu/libnss_files-2.23.so
7f0bb5521000-7f0bb5522000 r--p 0000a000 08:01 1839588                    /lib/x86_64-linux-gnu/libnss_files-2.23.so
7f0bb5522000-7f0bb5523000 rw-p 0000b000 08:01 1839588                    /lib/x86_64-linux-gnu/libnss_files-2.23.so
7f0bb5523000-7f0bb5529000 rw-p 00000000 00:00 0 
7f0bb5529000-7f0bb5534000 r-xp 00000000 08:01 1839598                    /lib/x86_64-linux-gnu/libnss_nis-2.23.so
7f0bb5534000-7f0bb5733000 ---p 0000b000 08:01 1839598                    /lib/x86_64-linux-gnu/libnss_nis-2.23.so
7f0bb5733000-7f0bb5734000 r--p 0000a000 08:01 1839598                    /lib/x86_64-linux-gnu/libnss_nis-2.23.so
7f0bb5734000-7f0bb5735000 rw-p 0000b000 08:01 1839598                    /lib/x86_64-linux-gnu/libnss_nis-2.23.so
7f0bb5735000-7f0bb574b000 r-xp 00000000 08:01 1839582                    /lib/x86_64-linux-gnu/libnsl-2.23.so
7f0bb574b000-7f0bb594a000 ---p 00016000 08:01 1839582                    /lib/x86_64-linux-gnu/libnsl-2.23.so
7f0bb594a000-7f0bb594b000 r--p 00015000 08:01 1839582                    /lib/x86_64-linux-gnu/libnsl-2.23.so
7f0bb594b000-7f0bb594c000 rw-p 00016000 08:01 1839582                    /lib/x86_64-linux-gnu/libnsl-2.23.so
7f0bb594c000-7f0bb594e000 rw-p 00000000 00:00 0 
7f0bb594e000-7f0bb5956000 r-xp 00000000 08:01 1839584                    /lib/x86_64-linux-gnu/libnss_compat-2.23.so
7f0bb5956000-7f0bb5b55000 ---p 00008000 08:01 1839584                    /lib/x86_64-linux-gnu/libnss_compat-2.23.so
7f0bb5b55000-7f0bb5b56000 r--p 00007000 08:01 1839584                    /lib/x86_64-linux-gnu/libnss_compat-2.23.so
7f0bb5b56000-7f0bb5b57000 rw-p 00008000 08:01 1839584                    /lib/x86_64-linux-gnu/libnss_compat-2.23.so
7f0bb5b57000-7f0bb5b81000 r-xp 00000000 08:01 4592831                    /usr/lib/jvm/java-8-oracle/jre/lib/amd64/libjava.so
7f0bb5b81000-7f0bb5d81000 ---p 0002a000 08:01 4592831                    /usr/lib/jvm/java-8-oracle/jre/lib/amd64/libjava.so
7f0bb5d81000-7f0bb5d83000 rw-p 0002a000 08:01 4592831                    /usr/lib/jvm/java-8-oracle/jre/lib/amd64/libjava.so
7f0bb5d83000-7f0bb5d90000 r-xp 00000000 08:01 4592787                    /usr/lib/jvm/java-8-oracle/jre/lib/amd64/libverify.so
7f0bb5d90000-7f0bb5f90000 ---p 0000d000 08:01 4592787                    /usr/lib/jvm/java-8-oracle/jre/lib/amd64/libverify.so
7f0bb5f90000-7f0bb5f92000 rw-p 0000d000 08:01 4592787                    /usr/lib/jvm/java-8-oracle/jre/lib/amd64/libverify.so
7f0bb5f92000-7f0bb5f99000 r-xp 00000000 08:01 1839643                    /lib/x86_64-linux-gnu/librt-2.23.so
7f0bb5f99000-7f0bb6198000 ---p 00007000 08:01 1839643                    /lib/x86_64-linux-gnu/librt-2.23.so
7f0bb6198000-7f0bb6199000 r--p 00006000 08:01 1839643                    /lib/x86_64-linux-gnu/librt-2.23.so
7f0bb6199000-7f0bb619a000 rw-p 00007000 08:01 1839643                    /lib/x86_64-linux-gnu/librt-2.23.so
7f0bb619a000-7f0bb62a2000 r-xp 00000000 08:01 1839559                    /lib/x86_64-linux-gnu/libm-2.23.so
7f0bb62a2000-7f0bb64a1000 ---p 00108000 08:01 1839559                    /lib/x86_64-linux-gnu/libm-2.23.so
7f0bb64a1000-7f0bb64a2000 r--p 00107000 08:01 1839559                    /lib/x86_64-linux-gnu/libm-2.23.so
7f0bb64a2000-7f0bb64a3000 rw-p 00108000 08:01 1839559                    /lib/x86_64-linux-gnu/libm-2.23.so
7f0bb64a3000-7f0bb716e000 r-xp 00000000 08:01 4719822                    /usr/lib/jvm/java-8-oracle/jre/lib/amd64/server/libjvm.so
7f0bb716e000-7f0bb736d000 ---p 00ccb000 08:01 4719822                    /usr/lib/jvm/java-8-oracle/jre/lib/amd64/server/libjvm.so
7f0bb736d000-7f0bb7446000 rw-p 00cca000 08:01 4719822                    /usr/lib/jvm/java-8-oracle/jre/lib/amd64/server/libjvm.so
7f0bb7446000-7f0bb7491000 rw-p 00000000 00:00 0 
7f0bb7491000-7f0bb7651000 r-xp 00000000 08:01 1839489                    /lib/x86_64-linux-gnu/libc-2.23.so
7f0bb7651000-7f0bb7850000 ---p 001c0000 08:01 1839489                    /lib/x86_64-linux-gnu/libc-2.23.so
7f0bb7850000-7f0bb7854000 r--p 001bf000 08:01 1839489                    /lib/x86_64-linux-gnu/libc-2.23.so
7f0bb7854000-7f0bb7856000 rw-p 001c3000 08:01 1839489                    /lib/x86_64-linux-gnu/libc-2.23.so
7f0bb7856000-7f0bb785a000 rw-p 00000000 00:00 0 
7f0bb785a000-7f0bb785d000 r-xp 00000000 08:01 1839513                    /lib/x86_64-linux-gnu/libdl-2.23.so
7f0bb785d000-7f0bb7a5c000 ---p 00003000 08:01 1839513                    /lib/x86_64-linux-gnu/libdl-2.23.so
7f0bb7a5c000-7f0bb7a5d000 r--p 00002000 08:01 1839513                    /lib/x86_64-linux-gnu/libdl-2.23.so
7f0bb7a5d000-7f0bb7a5e000 rw-p 00003000 08:01 1839513                    /lib/x86_64-linux-gnu/libdl-2.23.so
7f0bb7a5e000-7f0bb7a73000 r-xp 00000000 08:01 4461942                    /usr/lib/jvm/java-8-oracle/lib/amd64/jli/libjli.so
7f0bb7a73000-7f0bb7c73000 ---p 00015000 08:01 4461942                    /usr/lib/jvm/java-8-oracle/lib/amd64/jli/libjli.so
7f0bb7c73000-7f0bb7c74000 rw-p 00015000 08:01 4461942                    /usr/lib/jvm/java-8-oracle/lib/amd64/jli/libjli.so
7f0bb7c74000-7f0bb7c8c000 r-xp 00000000 08:01 1839635                    /lib/x86_64-linux-gnu/libpthread-2.23.so
7f0bb7c8c000-7f0bb7e8b000 ---p 00018000 08:01 1839635                    /lib/x86_64-linux-gnu/libpthread-2.23.so
7f0bb7e8b000-7f0bb7e8c000 r--p 00017000 08:01 1839635                    /lib/x86_64-linux-gnu/libpthread-2.23.so
7f0bb7e8c000-7f0bb7e8d000 rw-p 00018000 08:01 1839635                    /lib/x86_64-linux-gnu/libpthread-2.23.so
7f0bb7e8d000-7f0bb7e91000 rw-p 00000000 00:00 0 
7f0bb7e91000-7f0bb7eb7000 r-xp 00000000 08:01 1839461                    /lib/x86_64-linux-gnu/ld-2.23.so
7f0bb7eb7000-7f0bb7eb8000 r--s 00000000 08:01 5245784                    /home/ming/Downloads/android studio/android-studio/gradle/gradle-2.14.1/lib/jcip-annotations-1.0.jar
7f0bb7eb8000-7f0bb7ebd000 r--s 00041000 08:01 5245792                    /home/ming/Downloads/android studio/android-studio/gradle/gradle-2.14.1/lib/commons-lang-2.6.jar
7f0bb7ebd000-7f0bb7f96000 rw-p 00000000 00:00 0 
7f0bb7f96000-7f0bb7f99000 ---p 00000000 00:00 0 
7f0bb7f99000-7f0bb809b000 rw-p 00000000 00:00 0 
7f0bb809b000-7f0bb809c000 r--s 00001000 08:01 5245805                    /home/ming/Downloads/android studio/android-studio/gradle/gradle-2.14.1/lib/gradle-process-services-2.14.1.jar
7f0bb809c000-7f0bb809d000 r--s 00000000 08:01 5245767                    /home/ming/Downloads/android studio/android-studio/gradle/gradle-2.14.1/lib/gradle-jvm-services-2.14.1.jar
7f0bb809d000-7f0bb809e000 r--s 00007000 08:01 5245777                    /home/ming/Downloads/android studio/android-studio/gradle/gradle-2.14.1/lib/slf4j-api-1.7.10.jar
7f0bb809e000-7f0bb809f000 r--s 00004000 08:01 5245795                    /home/ming/Downloads/android studio/android-studio/gradle/gradle-2.14.1/lib/ant-launcher-1.9.6.jar
7f0bb809f000-7f0bb80aa000 r--s 00051000 08:01 5245787                    /home/ming/Downloads/android studio/android-studio/gradle/gradle-2.14.1/lib/gradle-launcher-2.14.1.jar
7f0bb80aa000-7f0bb80b2000 rw-s 00000000 08:01 14680192                   /tmp/hsperfdata_ming/5444
7f0bb80b2000-7f0bb80b3000 rw-p 00000000 00:00 0 
7f0bb80b3000-7f0bb80b4000 r--p 00000000 00:00 0 
7f0bb80b4000-7f0bb80b6000 rw-p 00000000 00:00 0 
7f0bb80b6000-7f0bb80b7000 r--p 00025000 08:01 1839461                    /lib/x86_64-linux-gnu/ld-2.23.so
7f0bb80b7000-7f0bb80b8000 rw-p 00026000 08:01 1839461                    /lib/x86_64-linux-gnu/ld-2.23.so
7f0bb80b8000-7f0bb80b9000 rw-p 00000000 00:00 0 
7ffe7c0c0000-7ffe7c0e1000 rw-p 00000000 00:00 0                          [stack]
7ffe7c1f6000-7ffe7c1f8000 r--p 00000000 00:00 0                          [vvar]
7ffe7c1f8000-7ffe7c1fa000 r-xp 00000000 00:00 0                          [vdso]
ffffffffff600000-ffffffffff601000 r-xp 00000000 00:00 0                  [vsyscall]

VM Arguments:
jvm_args: -XX:MaxPermSize=256m -XX:+HeapDumpOnOutOfMemoryError -Xmx1024m -Dfile.encoding=UTF-8 -Duser.country=IN -Duser.language=en -Duser.variant 
java_command: org.gradle.launcher.daemon.bootstrap.GradleDaemon 2.14.1
java_class_path (initial): /home/ming/Downloads/android studio/android-studio/gradle/gradle-2.14.1/lib/gradle-launcher-2.14.1.jar
Launcher Type: SUN_STANDARD

Environment Variables:
JAVA_HOME=/usr/lib/jvm/java-8-openjdk-amd64
PATH=/home/ming/bin:/home/ming/.local/bin:/usr/local/sbin:/usr/local/bin:/usr/sbin:/usr/bin:/sbin:/bin:/usr/games:/usr/local/games:/snap/bin
SHELL=/bin/bash
DISPLAY=:0

Signal Handlers:
SIGSEGV: [libjvm.so+0xac4790], sa_mask[0]=11111111011111111101111111111110, sa_flags=SA_RESTART|SA_SIGINFO
SIGBUS: [libjvm.so+0xac4790], sa_mask[0]=11111111011111111101111111111110, sa_flags=SA_RESTART|SA_SIGINFO
SIGFPE: [libjvm.so+0x91f140], sa_mask[0]=11111111011111111101111111111110, sa_flags=SA_RESTART|SA_SIGINFO
SIGPIPE: [libjvm.so+0x91f140], sa_mask[0]=11111111011111111101111111111110, sa_flags=SA_RESTART|SA_SIGINFO
SIGXFSZ: [libjvm.so+0x91f140], sa_mask[0]=11111111011111111101111111111110, sa_flags=SA_RESTART|SA_SIGINFO
SIGILL: [libjvm.so+0x91f140], sa_mask[0]=11111111011111111101111111111110, sa_flags=SA_RESTART|SA_SIGINFO
SIGUSR1: SIG_DFL, sa_mask[0]=00000000000000000000000000000000, sa_flags=none
SIGUSR2: [libjvm.so+0x920770], sa_mask[0]=00100000000000000000000000000000, sa_flags=SA_RESTART|SA_SIGINFO
SIGHUP: [libjvm.so+0x921b70], sa_mask[0]=11111111011111111101111111111110, sa_flags=SA_RESTART|SA_SIGINFO
SIGINT: [libjvm.so+0x921b70], sa_mask[0]=11111111011111111101111111111110, sa_flags=SA_RESTART|SA_SIGINFO
SIGTERM: [libjvm.so+0x921b70], sa_mask[0]=11111111011111111101111111111110, sa_flags=SA_RESTART|SA_SIGINFO
SIGQUIT: [libjvm.so+0x921b70], sa_mask[0]=11111111011111111101111111111110, sa_flags=SA_RESTART|SA_SIGINFO


---------------  S Y S T E M  ---------------

OS:DISTRIB_ID=Ubuntu
DISTRIB_RELEASE=16.04
DISTRIB_CODENAME=xenial
DISTRIB_DESCRIPTION="Ubuntu 16.04.1 LTS"

uname:Linux 4.4.0-38-generic #57-Ubuntu SMP Tue Sep 6 15:42:33 UTC 2016 x86_64
libc:glibc 2.23 NPTL 2.23 
rlimit: STACK 8192k, CORE 0k, NPROC 31278, NOFILE 65536, AS infinity
load average:1.92 1.04 0.77

/proc/meminfo:
MemTotal:        8047424 kB
MemFree:         3697844 kB
MemAvailable:    5014088 kB
Buffers:          151308 kB
Cached:          1513848 kB
SwapCached:            0 kB
Active:          3228740 kB
Inactive:         839028 kB
Active(anon):    2406688 kB
Inactive(anon):   182216 kB
Active(file):     822052 kB
Inactive(file):   656812 kB
Unevictable:         216 kB
Mlocked:             216 kB
SwapTotal:             0 kB
SwapFree:              0 kB
Dirty:             23116 kB
Writeback:             0 kB
AnonPages:       2402932 kB
Mapped:           393684 kB
Shmem:            186260 kB
Slab:             159620 kB
SReclaimable:     121748 kB
SUnreclaim:        37872 kB
KernelStack:       10432 kB
PageTables:        38340 kB
NFS_Unstable:          0 kB
Bounce:                0 kB
WritebackTmp:          0 kB
CommitLimit:     4023712 kB
Committed_AS:    6284412 kB
VmallocTotal:   34359738367 kB
VmallocUsed:           0 kB
VmallocChunk:          0 kB
HardwareCorrupted:     0 kB
AnonHugePages:   1101824 kB
CmaTotal:              0 kB
CmaFree:               0 kB
HugePages_Total:       0
HugePages_Free:        0
HugePages_Rsvd:        0
HugePages_Surp:        0
Hugepagesize:       2048 kB
DirectMap4k:      153340 kB
DirectMap2M:     8108032 kB


CPU:total 4 (2 cores per cpu, 2 threads per core) family 6 model 58 stepping 9, cmov, cx8, fxsr, mmx, sse, sse2, sse3, ssse3, sse4.1, sse4.2, popcnt, avx, aes, clmul, erms, ht, tsc, tscinvbit, tscinv

/proc/cpuinfo:
processor	: 0
vendor_id	: GenuineIntel
cpu family	: 6
model		: 58
model name	: Intel(R) Core(TM) i5-3337U CPU @ 1.80GHz
stepping	: 9
microcode	: 0x17
cpu MHz		: 2499.960
cache size	: 3072 KB
physical id	: 0
siblings	: 4
core id		: 0
cpu cores	: 2
apicid		: 0
initial apicid	: 0
fpu		: yes
fpu_exception	: yes
cpuid level	: 13
wp		: yes
flags		: fpu vme de pse tsc msr pae mce cx8 apic sep mtrr pge mca cmov pat pse36 clflush dts acpi mmx fxsr sse sse2 ss ht tm pbe syscall nx rdtscp lm constant_tsc arch_perfmon pebs bts rep_good nopl xtopology nonstop_tsc aperfmperf eagerfpu pni pclmulqdq dtes64 monitor ds_cpl vmx est tm2 ssse3 cx16 xtpr pdcm pcid sse4_1 sse4_2 x2apic popcnt tsc_deadline_timer aes xsave avx f16c rdrand lahf_lm epb tpr_shadow vnmi flexpriority ept vpid fsgsbase smep erms xsaveopt dtherm ida arat pln pts
bugs		:
bogomips	: 3591.54
clflush size	: 64
cache_alignment	: 64
address sizes	: 36 bits physical, 48 bits virtual
power management:

processor	: 1
vendor_id	: GenuineIntel
cpu family	: 6
model		: 58
model name	: Intel(R) Core(TM) i5-3337U CPU @ 1.80GHz
stepping	: 9
microcode	: 0x17
cpu MHz		: 2499.960
cache size	: 3072 KB
physical id	: 0
siblings	: 4
core id		: 0
cpu cores	: 2
apicid		: 1
initial apicid	: 1
fpu		: yes
fpu_exception	: yes
cpuid level	: 13
wp		: yes
flags		: fpu vme de pse tsc msr pae mce cx8 apic sep mtrr pge mca cmov pat pse36 clflush dts acpi mmx fxsr sse sse2 ss ht tm pbe syscall nx rdtscp lm constant_tsc arch_perfmon pebs bts rep_good nopl xtopology nonstop_tsc aperfmperf eagerfpu pni pclmulqdq dtes64 monitor ds_cpl vmx est tm2 ssse3 cx16 xtpr pdcm pcid sse4_1 sse4_2 x2apic popcnt tsc_deadline_timer aes xsave avx f16c rdrand lahf_lm epb tpr_shadow vnmi flexpriority ept vpid fsgsbase smep erms xsaveopt dtherm ida arat pln pts
bugs		:
bogomips	: 3591.54
clflush size	: 64
cache_alignment	: 64
address sizes	: 36 bits physical, 48 bits virtual
power management:

processor	: 2
vendor_id	: GenuineIntel
cpu family	: 6
model		: 58
model name	: Intel(R) Core(TM) i5-3337U CPU @ 1.80GHz
stepping	: 9
microcode	: 0x17
cpu MHz		: 2499.960
cache size	: 3072 KB
physical id	: 0
siblings	: 4
core id		: 1
cpu cores	: 2
apicid		: 2
initial apicid	: 2
fpu		: yes
fpu_exception	: yes
cpuid level	: 13
wp		: yes
flags		: fpu vme de pse tsc msr pae mce cx8 apic sep mtrr pge mca cmov pat pse36 clflush dts acpi mmx fxsr sse sse2 ss ht tm pbe syscall nx rdtscp lm constant_tsc arch_perfmon pebs bts rep_good nopl xtopology nonstop_tsc aperfmperf eagerfpu pni pclmulqdq dtes64 monitor ds_cpl vmx est tm2 ssse3 cx16 xtpr pdcm pcid sse4_1 sse4_2 x2apic popcnt tsc_deadline_timer aes xsave avx f16c rdrand lahf_lm epb tpr_shadow vnmi flexpriority ept vpid fsgsbase smep erms xsaveopt dtherm ida arat pln pts
bugs		:
bogomips	: 3591.54
clflush size	: 64
cache_alignment	: 64
address sizes	: 36 bits physical, 48 bits virtual
power management:

processor	: 3
vendor_id	: GenuineIntel
cpu family	: 6
model		: 58
model name	: Intel(R) Core(TM) i5-3337U CPU @ 1.80GHz
stepping	: 9
microcode	: 0x17
cpu MHz		: 2499.960
cache size	: 3072 KB
physical id	: 0
siblings	: 4
core id		: 1
cpu cores	: 2
apicid		: 3
initial apicid	: 3
fpu		: yes
fpu_exception	: yes
cpuid level	: 13
wp		: yes
flags		: fpu vme de pse tsc msr pae mce cx8 apic sep mtrr pge mca cmov pat pse36 clflush dts acpi mmx fxsr sse sse2 ss ht tm pbe syscall nx rdtscp lm constant_tsc arch_perfmon pebs bts rep_good nopl xtopology nonstop_tsc aperfmperf eagerfpu pni pclmulqdq dtes64 monitor ds_cpl vmx est tm2 ssse3 cx16 xtpr pdcm pcid sse4_1 sse4_2 x2apic popcnt tsc_deadline_timer aes xsave avx f16c rdrand lahf_lm epb tpr_shadow vnmi flexpriority ept vpid fsgsbase smep erms xsaveopt dtherm ida arat pln pts
bugs		:
bogomips	: 3591.54
clflush size	: 64
cache_alignment	: 64
address sizes	: 36 bits physical, 48 bits virtual
power management:



Memory: 4k page, physical 8047424k(3697844k free), swap 0k(0k free)

vm_info: Java HotSpot(TM) 64-Bit Server VM (25.101-b13) for linux-amd64 JRE (1.8.0_101-b13), built on Jun 22 2016 02:59:44 by "java_re" with gcc 4.3.0 20080428 (Red Hat 4.3.0-8)

time: Tue Sep 27 12:04:40 2016
elapsed time: 33 seconds (0d 0h 0m 33s)

