#
# A fatal error has been detected by the Java Runtime Environment:
#
#  SIGSEGV (0xb) at pc=0x00007f1c8134eafb, pid=5249, tid=0x00007f1c63640700
#
# JRE version: Java(TM) SE Runtime Environment (8.0_101-b13) (build 1.8.0_101-b13)
# Java VM: Java HotSpot(TM) 64-Bit Server VM (25.101-b13 mixed mode linux-amd64 compressed oops)
# Problematic frame:
# J 1029 C1 java.util.ArrayList.add(ILjava/lang/Object;)V (54 bytes) @ 0x00007f1c8134eafb [0x00007f1c8134e940+0x1bb]
#
# Failed to write core dump. Core dumps have been disabled. To enable core dumping, try "ulimit -c unlimited" before starting Java again
#
# If you would like to submit a bug report, please visit:
#   http://bugreport.java.com/bugreport/crash.jsp
#

---------------  T H R E A D  ---------------

Current thread (0x00007f1c9016b000):  JavaThread "pool-2-thread-3" [_thread_in_Java, id=5271, stack(0x00007f1c63540000,0x00007f1c63641000)]

siginfo: si_signo: 11 (SIGSEGV), si_code: 1 (SEGV_MAPERR), si_addr: 0x0000000180011878

Registers:
RAX=0x0000000100082ac8, RBX=0x0000000000000000, RCX=0x00000000eb6d4c18, RDX=0x0000000180011790
RSP=0x00007f1c6363ee40, RBP=0x00007f1c6363ef58, RSI=0x00000000c083c308, RDI=0x00000000c083c330
R8 =0x0000000000000001, R9 =0x0000000000000001, R10=0x00000000eef4f3b0, R11=0x00007f1c80e031e1
R12=0x0000000000000000, R13=0x00007f1c6363ef00, R14=0x0000000000000000, R15=0x00007f1c9016b000
RIP=0x00007f1c8134eafb, EFLAGS=0x0000000000010202, CSGSFS=0x0000000000000033, ERR=0x0000000000000004
  TRAPNO=0x000000000000000e

Top of Stack: (sp=0x00007f1c6363ee40)
0x00007f1c6363ee40:   00000000000007af 00007f1c812cb398
0x00007f1c6363ee50:   0000000000000001 0000000000000007
0x00007f1c6363ee60:   00007f1c6363eed0 00007f1c810082bd
0x00007f1c6363ee70:   00007f1c810082bd 00000000eaeb02d8
0x00007f1c6363ee80:   00007f1c6363eef8 00007f1c810082bd
0x00007f1c6363ee90:   00007f1c810082bd 00000000c083c2c0
0x00007f1c6363eea0:   00000000eb6d4bc8 00000000eb6d4c18
0x00007f1c6363eeb0:   00000000c083c308 00007f1c00000000
0x00007f1c6363eec0:   00000000eb6d4c18 00007f1c6363ef10
0x00007f1c6363eed0:   00007f1c7e3b36c8 00007f1c7e4a27d8
0x00007f1c6363eee0:   00007f1c6363ef58 00007f1c810082bd
0x00007f1c6363eef0:   00007f1c6363ef08 00007f1c810082bd
0x00007f1c6363ef00:   00000000eb6d4c18 0000000000000000
0x00007f1c6363ef10:   00000000c083c308 00007f1c6363ef18
0x00007f1c6363ef20:   00007f1c7e3e1440 00007f1c6363efd0
0x00007f1c6363ef30:   00007f1c7e3eaa68 0000000000000000
0x00007f1c6363ef40:   00007f1c7e3e1588 00007f1c6363ef00
0x00007f1c6363ef50:   00007f1c6363efc0 00007f1c6363f028
0x00007f1c6363ef60:   00007f1c81008040 0000000000000000
0x00007f1c6363ef70:   0000000000000000 0000000000000000
0x00007f1c6363ef80:   0000000000000000 0000000000000000
0x00007f1c6363ef90:   0000000000000000 00000000eb6d4c18
0x00007f1c6363efa0:   00000000eb6d4b90 0000000000000000
0x00007f1c6363efb0:   00000000c083c308 00000000c083c2c0
0x00007f1c6363efc0:   00000000eaeb02d8 00000000c083c358
0x00007f1c6363efd0:   00000000eb6c18a8 0000000000000000
0x00007f1c6363efe0:   00000000c083c358 00007f1c6363efe8
0x00007f1c6363eff0:   00007f1c7e3e52d8 00007f1c6363f0b0
0x00007f1c6363f000:   00007f1c7e3eba28 0000000000000000
0x00007f1c6363f010:   00007f1c7e3e5410 00007f1c6363efc0
0x00007f1c6363f020:   00007f1c6363f0a8 00007f1c6363f0f8
0x00007f1c6363f030:   00007f1c81007d00 0000000000000000 

Instructions: (pc=0x00007f1c8134eafb)
0x00007f1c8134eadb:   48 8b 8c 24 80 00 00 00 48 83 f9 00 0f 84 46 00
0x00007f1c8134eaeb:   00 00 8b 52 08 48 c1 e2 03 8b 41 08 48 c1 e0 03
0x00007f1c8134eafb:   48 8b 92 e8 00 00 00 48 3b c2 0f 84 28 00 00 00
0x00007f1c8134eb0b:   8b 5a 0c 48 3b 14 18 0f 84 1b 00 00 00 83 fb 18 

Register to memory mapping:

RAX=0x0000000100082ac8 is pointing into metadata
RBX=0x0000000000000000 is an unknown value
RCX=0x00000000eb6d4c18 is an oop
com.android.dx.ssa.NormalSsaInsn 
 - klass: 'com/android/dx/ssa/NormalSsaInsn'
RDX=0x0000000180011790 is an unknown value
RSP=0x00007f1c6363ee40 is pointing into the stack for thread: 0x00007f1c9016b000
RBP=0x00007f1c6363ef58 is pointing into the stack for thread: 0x00007f1c9016b000
RSI=0x00000000c083c308 is an oop
java.util.ArrayList 
 - klass: 'java/util/ArrayList'
RDI=
[error occurred during error reporting (printing register info), id 0xb]

Stack: [0x00007f1c63540000,0x00007f1c63641000],  sp=0x00007f1c6363ee40,  free space=1019k
Native frames: (J=compiled Java code, j=interpreted, Vv=VM code, C=native code)
J 1029 C1 java.util.ArrayList.add(ILjava/lang/Object;)V (54 bytes) @ 0x00007f1c8134eafb [0x00007f1c8134e940+0x1bb]
j  com.android.dx.ssa.back.RegisterAllocator.insertMoveBefore(Lcom/android/dx/ssa/SsaInsn;Lcom/android/dx/rop/code/RegisterSpec;)Lcom/android/dx/rop/code/RegisterSpec;+128
j  com.android.dx.ssa.back.FirstFitLocalCombiningAllocator.findRangeAndAdjust(Lcom/android/dx/ssa/NormalSsaInsn;)I+288
j  com.android.dx.ssa.back.FirstFitLocalCombiningAllocator.adjustAndMapSourceRangeRange(Lcom/android/dx/ssa/NormalSsaInsn;)V+2
j  com.android.dx.ssa.back.FirstFitLocalCombiningAllocator.handleInvokeRangeInsns()V+29
j  com.android.dx.ssa.back.FirstFitLocalCombiningAllocator.allocateRegisters()Lcom/android/dx/ssa/RegisterMapper;+13
j  com.android.dx.ssa.back.SsaToRop.convert()Lcom/android/dx/rop/code/RopMethod;+21
j  com.android.dx.ssa.back.SsaToRop.convertToRopMethod(Lcom/android/dx/ssa/SsaMethod;Z)Lcom/android/dx/rop/code/RopMethod;+9
j  com.android.dx.ssa.Optimizer.optimize(Lcom/android/dx/rop/code/RopMethod;IZZLcom/android/dx/rop/code/TranslationAdvice;Ljava/util/EnumSet;)Lcom/android/dx/rop/code/RopMethod;+30
j  com.android.dx.ssa.Optimizer.optimize(Lcom/android/dx/rop/code/RopMethod;IZZLcom/android/dx/rop/code/TranslationAdvice;)Lcom/android/dx/rop/code/RopMethod;+11
j  com.android.dx.dex.cf.CfTranslator.processMethods(Lcom/android/dx/cf/direct/DirectClassFile;Lcom/android/dx/dex/cf/CfOptions;Lcom/android/dx/dex/DexOptions;Lcom/android/dx/dex/file/ClassDefItem;Lcom/android/dx/dex/file/DexFile;)V+265
j  com.android.dx.dex.cf.CfTranslator.translate0(Lcom/android/dx/cf/direct/DirectClassFile;[BLcom/android/dx/dex/cf/CfOptions;Lcom/android/dx/dex/DexOptions;Lcom/android/dx/dex/file/DexFile;)Lcom/android/dx/dex/file/ClassDefItem;+120
j  com.android.dx.dex.cf.CfTranslator.translate(Lcom/android/dx/cf/direct/DirectClassFile;[BLcom/android/dx/dex/cf/CfOptions;Lcom/android/dx/dex/DexOptions;Lcom/android/dx/dex/file/DexFile;)Lcom/android/dx/dex/file/ClassDefItem;+6
j  com.android.dx.command.dexer.Main.translateClass([BLcom/android/dx/cf/direct/DirectClassFile;)Lcom/android/dx/dex/file/ClassDefItem;+17
j  com.android.dx.command.dexer.Main.access$2700([BLcom/android/dx/cf/direct/DirectClassFile;)Lcom/android/dx/dex/file/ClassDefItem;+2
j  com.android.dx.command.dexer.Main$ClassTranslatorTask.call()Lcom/android/dx/dex/file/ClassDefItem;+8
j  com.android.dx.command.dexer.Main$ClassTranslatorTask.call()Ljava/lang/Object;+1
j  java.util.concurrent.FutureTask.run()V+42
j  java.util.concurrent.ThreadPoolExecutor.runWorker(Ljava/util/concurrent/ThreadPoolExecutor$Worker;)V+95
j  java.util.concurrent.ThreadPoolExecutor$Worker.run()V+5
j  java.lang.Thread.run()V+11
v  ~StubRoutines::call_stub
V  [libjvm.so+0x68f6b6]  JavaCalls::call_helper(JavaValue*, methodHandle*, JavaCallArguments*, Thread*)+0x1056
V  [libjvm.so+0x68fbc1]  JavaCalls::call_virtual(JavaValue*, KlassHandle, Symbol*, Symbol*, JavaCallArguments*, Thread*)+0x321
V  [libjvm.so+0x690067]  JavaCalls::call_virtual(JavaValue*, Handle, KlassHandle, Symbol*, Symbol*, Thread*)+0x47
V  [libjvm.so+0x726fc0]  thread_entry(JavaThread*, Thread*)+0xa0
V  [libjvm.so+0xa7343f]  JavaThread::thread_main_inner()+0xdf
V  [libjvm.so+0xa7356c]  JavaThread::run()+0x11c
V  [libjvm.so+0x924698]  java_start(Thread*)+0x108
C  [libpthread.so.0+0x76fa]  start_thread+0xca


---------------  P R O C E S S  ---------------

Java Threads: ( => current thread )
  0x00007f1c9016d800 JavaThread "pool-2-thread-4" [_thread_in_Java, id=5272, stack(0x00007f1c6343f000,0x00007f1c63540000)]
=>0x00007f1c9016b000 JavaThread "pool-2-thread-3" [_thread_in_Java, id=5271, stack(0x00007f1c63540000,0x00007f1c63641000)]
  0x00007f1c9015c800 JavaThread "pool-3-thread-1" [_thread_blocked, id=5269, stack(0x00007f1c7c1ab000,0x00007f1c7c2ac000)]
  0x00007f1c9015a800 JavaThread "pool-2-thread-1" [_thread_in_Java, id=5268, stack(0x00007f1c7c2ac000,0x00007f1c7c3ad000)]
  0x00007f1c900c0000 JavaThread "Service Thread" daemon [_thread_blocked, id=5266, stack(0x00007f1c7c4ae000,0x00007f1c7c5af000)]
  0x00007f1c900bd000 JavaThread "C1 CompilerThread2" daemon [_thread_blocked, id=5265, stack(0x00007f1c7c5af000,0x00007f1c7c6b0000)]
  0x00007f1c900bb800 JavaThread "C2 CompilerThread1" daemon [_thread_in_native, id=5264, stack(0x00007f1c7c6b0000,0x00007f1c7c7b1000)]
  0x00007f1c900b8800 JavaThread "C2 CompilerThread0" daemon [_thread_in_native, id=5263, stack(0x00007f1c7c7b1000,0x00007f1c7c8b2000)]
  0x00007f1c900b7000 JavaThread "Signal Dispatcher" daemon [_thread_blocked, id=5262, stack(0x00007f1c7c8b2000,0x00007f1c7c9b3000)]
  0x00007f1c90084000 JavaThread "Finalizer" daemon [_thread_blocked, id=5261, stack(0x00007f1c7c9b3000,0x00007f1c7cab4000)]
  0x00007f1c9007f800 JavaThread "Reference Handler" daemon [_thread_blocked, id=5260, stack(0x00007f1c7cab4000,0x00007f1c7cbb5000)]
  0x00007f1c9000a000 JavaThread "main" [_thread_blocked, id=5251, stack(0x00007f1c97280000,0x00007f1c97381000)]

Other Threads:
  0x00007f1c90078000 VMThread [stack: 0x00007f1c7cbb5000,0x00007f1c7ccb6000] [id=5259]
  0x00007f1c900c3000 WatcherThread [stack: 0x00007f1c7c3ad000,0x00007f1c7c4ae000] [id=5267]

VM state:not at safepoint (normal execution)

VM Mutex/Monitor currently owned by a thread: None

Heap:
 PSYoungGen      total 68608K, used 17740K [0x00000000eab00000, 0x00000000ef300000, 0x0000000100000000)
  eden space 63488K, 19% used [0x00000000eab00000,0x00000000eb75b1d0,0x00000000ee900000)
  from space 5120K, 99% used [0x00000000eee00000,0x00000000ef2f8020,0x00000000ef300000)
  to   space 5120K, 0% used [0x00000000ee900000,0x00000000ee900000,0x00000000eee00000)
 ParOldGen       total 84992K, used 12250K [0x00000000c0000000, 0x00000000c5300000, 0x00000000eab00000)
  object space 84992K, 14% used [0x00000000c0000000,0x00000000c0bf6878,0x00000000c5300000)
 Metaspace       used 5748K, capacity 6896K, committed 7040K, reserved 1056768K
  class space    used 575K, capacity 616K, committed 640K, reserved 1048576K

Card table byte_map: [0x00007f1c80dff000,0x00007f1c81000000] byte_map_base: 0x00007f1c807ff000

Marking Bits: (ParMarkBitMap*) 0x00007f1c9674e120
 Begin Bits: [0x00007f1c7e8a5000, 0x00007f1c7f8a5000)
 End Bits:   [0x00007f1c7f8a5000, 0x00007f1c808a5000)

Polling page: 0x00007f1c9739d000

CodeCache: size=245760Kb used=4396Kb max_used=4396Kb free=241363Kb
 bounds [0x00007f1c81000000, 0x00007f1c81450000, 0x00007f1c90000000]
 total_blobs=1460 nmethods=1199 adapters=175
 compilation: enabled

Compilation events (10 events):
Event: 3.122 Thread 0x00007f1c900bd000 1276       3       com.android.dx.ssa.PhiInsn::predBlocksForReg (73 bytes)
Event: 3.124 Thread 0x00007f1c900bd000 nmethod 1276 0x00007f1c8144a290 code [0x00007f1c8144a520, 0x00007f1c8144b578]
Event: 3.144 Thread 0x00007f1c900bd000 1277       2       com.android.dx.rop.type.Type::asUninitialized (140 bytes)
Event: 3.145 Thread 0x00007f1c900bd000 nmethod 1277 0x00007f1c8144c110 code [0x00007f1c8144c380, 0x00007f1c8144ce18]
Event: 3.159 Thread 0x00007f1c900bd000 1278       2       com.android.dx.ssa.back.LivenessAnalyzer::coInterferePhis (128 bytes)
Event: 3.161 Thread 0x00007f1c900bd000 nmethod 1278 0x00007f1c8144d550 code [0x00007f1c8144d760, 0x00007f1c8144ddd8]
Event: 3.163 Thread 0x00007f1c900bd000 1279       2       com.android.dx.ssa.InterferenceRegisterMapper::interferes (78 bytes)
Event: 3.164 Thread 0x00007f1c900bd000 nmethod 1279 0x00007f1c8144e550 code [0x00007f1c8144e700, 0x00007f1c8144eae8]
Event: 3.165 Thread 0x00007f1c900bd000 1280       2       java.lang.Integer::bitCount (49 bytes)
Event: 3.165 Thread 0x00007f1c900bd000 nmethod 1280 0x00007f1c813e9850 code [0x00007f1c813e99a0, 0x00007f1c813e9b10]

GC Heap History (4 events):
Event: 1.202 GC heap before
{Heap before GC invocations=1 (full 0):
 PSYoungGen      total 36864K, used 31744K [0x00000000eab00000, 0x00000000ed400000, 0x0000000100000000)
  eden space 31744K, 100% used [0x00000000eab00000,0x00000000eca00000,0x00000000eca00000)
  from space 5120K, 0% used [0x00000000ecf00000,0x00000000ecf00000,0x00000000ed400000)
  to   space 5120K, 0% used [0x00000000eca00000,0x00000000eca00000,0x00000000ecf00000)
 ParOldGen       total 84992K, used 0K [0x00000000c0000000, 0x00000000c5300000, 0x00000000eab00000)
  object space 84992K, 0% used [0x00000000c0000000,0x00000000c0000000,0x00000000c5300000)
 Metaspace       used 5528K, capacity 6704K, committed 6784K, reserved 1056768K
  class space    used 572K, capacity 616K, committed 640K, reserved 1048576K
Event: 1.229 GC heap after
Heap after GC invocations=1 (full 0):
 PSYoungGen      total 36864K, used 5107K [0x00000000eab00000, 0x00000000ef300000, 0x0000000100000000)
  eden space 31744K, 0% used [0x00000000eab00000,0x00000000eab00000,0x00000000eca00000)
  from space 5120K, 99% used [0x00000000eca00000,0x00000000ecefced0,0x00000000ecf00000)
  to   space 5120K, 0% used [0x00000000eee00000,0x00000000eee00000,0x00000000ef300000)
 ParOldGen       total 84992K, used 2340K [0x00000000c0000000, 0x00000000c5300000, 0x00000000eab00000)
  object space 84992K, 2% used [0x00000000c0000000,0x00000000c0249258,0x00000000c5300000)
 Metaspace       used 5528K, capacity 6704K, committed 6784K, reserved 1056768K
  class space    used 572K, capacity 616K, committed 640K, reserved 1048576K
}
Event: 2.620 GC heap before
{Heap before GC invocations=2 (full 0):
 PSYoungGen      total 36864K, used 36851K [0x00000000eab00000, 0x00000000ef300000, 0x0000000100000000)
  eden space 31744K, 100% used [0x00000000eab00000,0x00000000eca00000,0x00000000eca00000)
  from space 5120K, 99% used [0x00000000eca00000,0x00000000ecefced0,0x00000000ecf00000)
  to   space 5120K, 0% used [0x00000000eee00000,0x00000000eee00000,0x00000000ef300000)
 ParOldGen       total 84992K, used 2340K [0x00000000c0000000, 0x00000000c5300000, 0x00000000eab00000)
  object space 84992K, 2% used [0x00000000c0000000,0x00000000c0249258,0x00000000c5300000)
 Metaspace       used 5706K, capacity 6896K, committed 7040K, reserved 1056768K
  class space    used 574K, capacity 616K, committed 640K, reserved 1048576K
Event: 2.688 GC heap after
Heap after GC invocations=2 (full 0):
 PSYoungGen      total 68608K, used 5088K [0x00000000eab00000, 0x00000000ef300000, 0x0000000100000000)
  eden space 63488K, 0% used [0x00000000eab00000,0x00000000eab00000,0x00000000ee900000)
  from space 5120K, 99% used [0x00000000eee00000,0x00000000ef2f8020,0x00000000ef300000)
  to   space 5120K, 0% used [0x00000000ee900000,0x00000000ee900000,0x00000000eee00000)
 ParOldGen       total 84992K, used 12250K [0x00000000c0000000, 0x00000000c5300000, 0x00000000eab00000)
  object space 84992K, 14% used [0x00000000c0000000,0x00000000c0bf6878,0x00000000c5300000)
 Metaspace       used 5706K, capacity 6896K, committed 7040K, reserved 1056768K
  class space    used 574K, capacity 616K, committed 640K, reserved 1048576K
}

Deoptimization events (8 events):
Event: 0.359 Thread 0x00007f1c9000a000 Uncommon trap: reason=unstable_if action=reinterpret pc=0x00007f1c8113a104 method=java.lang.String.indexOf(II)I @ 49
Event: 0.664 Thread 0x00007f1c9015a800 Uncommon trap: reason=unstable_if action=reinterpret pc=0x00007f1c811b15ec method=java.util.HashMap.getNode(ILjava/lang/Object;)Ljava/util/HashMap$Node; @ 129
Event: 0.676 Thread 0x00007f1c90167800 Uncommon trap: reason=unstable_if action=reinterpret pc=0x00007f1c811dcbec method=java.util.BitSet.nextSetBit(I)I @ 87
Event: 1.504 Thread 0x00007f1c9000a000 Uncommon trap: reason=class_check action=maybe_recompile pc=0x00007f1c812940ec method=com.android.dx.ssa.NormalSsaInsn.accept(Lcom/android/dx/ssa/SsaInsn$Visitor;)V @ 9
Event: 1.878 Thread 0x00007f1c90167800 Uncommon trap: reason=class_check action=maybe_recompile pc=0x00007f1c812940ec method=com.android.dx.ssa.NormalSsaInsn.accept(Lcom/android/dx/ssa/SsaInsn$Visitor;)V @ 9
Event: 1.878 Thread 0x00007f1c90167800 Uncommon trap: reason=class_check action=maybe_recompile pc=0x00007f1c812940ec method=com.android.dx.ssa.NormalSsaInsn.accept(Lcom/android/dx/ssa/SsaInsn$Visitor;)V @ 9
Event: 1.878 Thread 0x00007f1c90167800 Uncommon trap: reason=class_check action=maybe_recompile pc=0x00007f1c812940ec method=com.android.dx.ssa.NormalSsaInsn.accept(Lcom/android/dx/ssa/SsaInsn$Visitor;)V @ 9
Event: 1.879 Thread 0x00007f1c90167800 Uncommon trap: reason=class_check action=maybe_recompile pc=0x00007f1c812b3714 method=com.android.dx.ssa.NormalSsaInsn.accept(Lcom/android/dx/ssa/SsaInsn$Visitor;)V @ 9

Internal exceptions (2 events):
Event: 0.035 Thread 0x00007f1c9000a000 Exception <a 'java/lang/NoSuchMethodError': Method sun.misc.Unsafe.defineClass(Ljava/lang/String;[BII)Ljava/lang/Class; name or signature does not match> (0x00000000eab07cc0) thrown at [/HUDSON3/workspace/8-2-build-linux-amd64/jdk8u101/7261/hotspot/src/sh
Event: 0.036 Thread 0x00007f1c9000a000 Exception <a 'java/lang/NoSuchMethodError': Method sun.misc.Unsafe.prefetchRead(Ljava/lang/Object;J)V name or signature does not match> (0x00000000eab07fa8) thrown at [/HUDSON3/workspace/8-2-build-linux-amd64/jdk8u101/7261/hotspot/src/share/vm/prims/jni.c

Events (10 events):
Event: 3.065 Thread 0x00007f1c9016b000 DEOPT PACKING pc=0x00007f1c81363ba8 sp=0x00007f1c6363f050
Event: 3.065 Thread 0x00007f1c9016b000 DEOPT UNPACKING pc=0x00007f1c81047633 sp=0x00007f1c6363edc0 mode 0
Event: 3.072 Thread 0x00007f1c9016b000 DEOPT PACKING pc=0x00007f1c81390238 sp=0x00007f1c6363efe0
Event: 3.072 Thread 0x00007f1c9016b000 DEOPT UNPACKING pc=0x00007f1c81047633 sp=0x00007f1c6363eda8 mode 0
Event: 3.073 Thread 0x00007f1c9016b000 DEOPT PACKING pc=0x00007f1c81390238 sp=0x00007f1c6363efe0
Event: 3.073 Thread 0x00007f1c9016b000 DEOPT UNPACKING pc=0x00007f1c81047633 sp=0x00007f1c6363eda8 mode 0
Event: 3.096 Thread 0x00007f1c9016b000 DEOPT PACKING pc=0x00007f1c8132c68a sp=0x00007f1c6363ef20
Event: 3.096 Thread 0x00007f1c9016b000 DEOPT UNPACKING pc=0x00007f1c81047633 sp=0x00007f1c6363ed08 mode 0
Event: 3.124 Thread 0x00007f1c9016b000 DEOPT PACKING pc=0x00007f1c8138cdb4 sp=0x00007f1c6363f010
Event: 3.124 Thread 0x00007f1c9016b000 DEOPT UNPACKING pc=0x00007f1c81047633 sp=0x00007f1c6363edd0 mode 0


Dynamic libraries:
00400000-00401000 r-xp 00000000 08:01 4592730                            /usr/lib/jvm/java-8-oracle/bin/java
00600000-00601000 rw-p 00000000 08:01 4592730                            /usr/lib/jvm/java-8-oracle/bin/java
01c45000-01c66000 rw-p 00000000 00:00 0                                  [heap]
c0000000-c5300000 rw-p 00000000 00:00 0 
c5300000-eab00000 ---p 00000000 00:00 0 
eab00000-ef300000 rw-p 00000000 00:00 0 
ef300000-100000000 ---p 00000000 00:00 0 
100000000-1000a0000 rw-p 00000000 00:00 0 
1000a0000-140000000 ---p 00000000 00:00 0 
7f1c30000000-7f1c302c8000 rw-p 00000000 00:00 0 
7f1c302c8000-7f1c34000000 ---p 00000000 00:00 0 
7f1c34000000-7f1c3404a000 rw-p 00000000 00:00 0 
7f1c3404a000-7f1c38000000 ---p 00000000 00:00 0 
7f1c38000000-7f1c38021000 rw-p 00000000 00:00 0 
7f1c38021000-7f1c3c000000 ---p 00000000 00:00 0 
7f1c3c000000-7f1c3c043000 rw-p 00000000 00:00 0 
7f1c3c043000-7f1c40000000 ---p 00000000 00:00 0 
7f1c40000000-7f1c40021000 rw-p 00000000 00:00 0 
7f1c40021000-7f1c44000000 ---p 00000000 00:00 0 
7f1c44000000-7f1c44080000 rw-p 00000000 00:00 0 
7f1c44080000-7f1c48000000 ---p 00000000 00:00 0 
7f1c48000000-7f1c48658000 rw-p 00000000 00:00 0 
7f1c48658000-7f1c4c000000 ---p 00000000 00:00 0 
7f1c4c000000-7f1c4c021000 rw-p 00000000 00:00 0 
7f1c4c021000-7f1c50000000 ---p 00000000 00:00 0 
7f1c50000000-7f1c50c54000 rw-p 00000000 00:00 0 
7f1c50c54000-7f1c54000000 ---p 00000000 00:00 0 
7f1c54000000-7f1c54e28000 rw-p 00000000 00:00 0 
7f1c54e28000-7f1c58000000 ---p 00000000 00:00 0 
7f1c58000000-7f1c58021000 rw-p 00000000 00:00 0 
7f1c58021000-7f1c5c000000 ---p 00000000 00:00 0 
7f1c5c000000-7f1c5c021000 rw-p 00000000 00:00 0 
7f1c5c021000-7f1c60000000 ---p 00000000 00:00 0 
7f1c6343f000-7f1c63442000 ---p 00000000 00:00 0 
7f1c63442000-7f1c63540000 rw-p 00000000 00:00 0 
7f1c63540000-7f1c63543000 ---p 00000000 00:00 0 
7f1c63543000-7f1c63641000 rw-p 00000000 00:00 0 
7f1c63641000-7f1c64000000 r--p 00000000 08:01 4332457                    /usr/lib/locale/locale-archive
7f1c64000000-7f1c64021000 rw-p 00000000 00:00 0 
7f1c64021000-7f1c68000000 ---p 00000000 00:00 0 
7f1c68000000-7f1c68021000 rw-p 00000000 00:00 0 
7f1c68021000-7f1c6c000000 ---p 00000000 00:00 0 
7f1c6c000000-7f1c6c021000 rw-p 00000000 00:00 0 
7f1c6c021000-7f1c70000000 ---p 00000000 00:00 0 
7f1c70000000-7f1c70021000 rw-p 00000000 00:00 0 
7f1c70021000-7f1c74000000 ---p 00000000 00:00 0 
7f1c74000000-7f1c74021000 rw-p 00000000 00:00 0 
7f1c74021000-7f1c78000000 ---p 00000000 00:00 0 
7f1c78000000-7f1c78021000 rw-p 00000000 00:00 0 
7f1c78021000-7f1c7c000000 ---p 00000000 00:00 0 
7f1c7c0aa000-7f1c7c0ad000 ---p 00000000 00:00 0 
7f1c7c0ad000-7f1c7c1ab000 rw-p 00000000 00:00 0 
7f1c7c1ab000-7f1c7c1ae000 ---p 00000000 00:00 0 
7f1c7c1ae000-7f1c7c2ac000 rw-p 00000000 00:00 0 
7f1c7c2ac000-7f1c7c2af000 ---p 00000000 00:00 0 
7f1c7c2af000-7f1c7c3ad000 rw-p 00000000 00:00 0 
7f1c7c3ad000-7f1c7c3ae000 ---p 00000000 00:00 0 
7f1c7c3ae000-7f1c7c4ae000 rw-p 00000000 00:00 0 
7f1c7c4ae000-7f1c7c4b1000 ---p 00000000 00:00 0 
7f1c7c4b1000-7f1c7c5af000 rw-p 00000000 00:00 0 
7f1c7c5af000-7f1c7c5b2000 ---p 00000000 00:00 0 
7f1c7c5b2000-7f1c7c6b0000 rw-p 00000000 00:00 0 
7f1c7c6b0000-7f1c7c6b3000 ---p 00000000 00:00 0 
7f1c7c6b3000-7f1c7c7b1000 rw-p 00000000 00:00 0 
7f1c7c7b1000-7f1c7c7b4000 ---p 00000000 00:00 0 
7f1c7c7b4000-7f1c7c8b2000 rw-p 00000000 00:00 0 
7f1c7c8b2000-7f1c7c8b5000 ---p 00000000 00:00 0 
7f1c7c8b5000-7f1c7c9b3000 rw-p 00000000 00:00 0 
7f1c7c9b3000-7f1c7c9b6000 ---p 00000000 00:00 0 
7f1c7c9b6000-7f1c7cab4000 rw-p 00000000 00:00 0 
7f1c7cab4000-7f1c7cab7000 ---p 00000000 00:00 0 
7f1c7cab7000-7f1c7cbb5000 rw-p 00000000 00:00 0 
7f1c7cbb5000-7f1c7cbb6000 ---p 00000000 00:00 0 
7f1c7cbb6000-7f1c7dc56000 rw-p 00000000 00:00 0 
7f1c7dc56000-7f1c7de2f000 r--s 03d29000 08:01 4592778                    /usr/lib/jvm/java-8-oracle/jre/lib/rt.jar
7f1c7de2f000-7f1c7e4e5000 rw-p 00000000 00:00 0 
7f1c7e4e5000-7f1c7e6a5000 ---p 00000000 00:00 0 
7f1c7e6a5000-7f1c808a5000 rw-p 00000000 00:00 0 
7f1c808a5000-7f1c808a6000 ---p 00000000 00:00 0 
7f1c808a6000-7f1c809a6000 rw-p 00000000 00:00 0 
7f1c809a6000-7f1c809a7000 ---p 00000000 00:00 0 
7f1c809a7000-7f1c80aa7000 rw-p 00000000 00:00 0 
7f1c80aa7000-7f1c80aa8000 ---p 00000000 00:00 0 
7f1c80aa8000-7f1c80ba8000 rw-p 00000000 00:00 0 
7f1c80ba8000-7f1c80ba9000 ---p 00000000 00:00 0 
7f1c80ba9000-7f1c80cd3000 rw-p 00000000 00:00 0 
7f1c80cd3000-7f1c80dff000 ---p 00000000 00:00 0 
7f1c80dff000-7f1c80e29000 rw-p 00000000 00:00 0 
7f1c80e29000-7f1c80f54000 ---p 00000000 00:00 0 
7f1c80f54000-7f1c80f79000 rw-p 00000000 00:00 0 
7f1c80f79000-7f1c80fff000 ---p 00000000 00:00 0 
7f1c80fff000-7f1c81000000 rw-p 00000000 00:00 0 
7f1c81000000-7f1c81450000 rwxp 00000000 00:00 0 
7f1c81450000-7f1c90000000 ---p 00000000 00:00 0 
7f1c90000000-7f1c903a2000 rw-p 00000000 00:00 0 
7f1c903a2000-7f1c94000000 ---p 00000000 00:00 0 
7f1c94005000-7f1c94038000 rw-p 00000000 00:00 0 
7f1c94038000-7f1c943e6000 ---p 00000000 00:00 0 
7f1c943e6000-7f1c94400000 r-xp 00000000 08:01 4592807                    /usr/lib/jvm/java-8-oracle/jre/lib/amd64/libzip.so
7f1c94400000-7f1c94600000 ---p 0001a000 08:01 4592807                    /usr/lib/jvm/java-8-oracle/jre/lib/amd64/libzip.so
7f1c94600000-7f1c94601000 rw-p 0001a000 08:01 4592807                    /usr/lib/jvm/java-8-oracle/jre/lib/amd64/libzip.so
7f1c94601000-7f1c9460c000 r-xp 00000000 08:01 1839588                    /lib/x86_64-linux-gnu/libnss_files-2.23.so
7f1c9460c000-7f1c9480b000 ---p 0000b000 08:01 1839588                    /lib/x86_64-linux-gnu/libnss_files-2.23.so
7f1c9480b000-7f1c9480c000 r--p 0000a000 08:01 1839588                    /lib/x86_64-linux-gnu/libnss_files-2.23.so
7f1c9480c000-7f1c9480d000 rw-p 0000b000 08:01 1839588                    /lib/x86_64-linux-gnu/libnss_files-2.23.so
7f1c9480d000-7f1c94813000 rw-p 00000000 00:00 0 
7f1c94813000-7f1c9481e000 r-xp 00000000 08:01 1839598                    /lib/x86_64-linux-gnu/libnss_nis-2.23.so
7f1c9481e000-7f1c94a1d000 ---p 0000b000 08:01 1839598                    /lib/x86_64-linux-gnu/libnss_nis-2.23.so
7f1c94a1d000-7f1c94a1e000 r--p 0000a000 08:01 1839598                    /lib/x86_64-linux-gnu/libnss_nis-2.23.so
7f1c94a1e000-7f1c94a1f000 rw-p 0000b000 08:01 1839598                    /lib/x86_64-linux-gnu/libnss_nis-2.23.so
7f1c94a1f000-7f1c94a35000 r-xp 00000000 08:01 1839582                    /lib/x86_64-linux-gnu/libnsl-2.23.so
7f1c94a35000-7f1c94c34000 ---p 00016000 08:01 1839582                    /lib/x86_64-linux-gnu/libnsl-2.23.so
7f1c94c34000-7f1c94c35000 r--p 00015000 08:01 1839582                    /lib/x86_64-linux-gnu/libnsl-2.23.so
7f1c94c35000-7f1c94c36000 rw-p 00016000 08:01 1839582                    /lib/x86_64-linux-gnu/libnsl-2.23.so
7f1c94c36000-7f1c94c38000 rw-p 00000000 00:00 0 
7f1c94c38000-7f1c94c40000 r-xp 00000000 08:01 1839584                    /lib/x86_64-linux-gnu/libnss_compat-2.23.so
7f1c94c40000-7f1c94e3f000 ---p 00008000 08:01 1839584                    /lib/x86_64-linux-gnu/libnss_compat-2.23.so
7f1c94e3f000-7f1c94e40000 r--p 00007000 08:01 1839584                    /lib/x86_64-linux-gnu/libnss_compat-2.23.so
7f1c94e40000-7f1c94e41000 rw-p 00008000 08:01 1839584                    /lib/x86_64-linux-gnu/libnss_compat-2.23.so
7f1c94e41000-7f1c94e6b000 r-xp 00000000 08:01 4592831                    /usr/lib/jvm/java-8-oracle/jre/lib/amd64/libjava.so
7f1c94e6b000-7f1c9506b000 ---p 0002a000 08:01 4592831                    /usr/lib/jvm/java-8-oracle/jre/lib/amd64/libjava.so
7f1c9506b000-7f1c9506d000 rw-p 0002a000 08:01 4592831                    /usr/lib/jvm/java-8-oracle/jre/lib/amd64/libjava.so
7f1c9506d000-7f1c9507a000 r-xp 00000000 08:01 4592787                    /usr/lib/jvm/java-8-oracle/jre/lib/amd64/libverify.so
7f1c9507a000-7f1c9527a000 ---p 0000d000 08:01 4592787                    /usr/lib/jvm/java-8-oracle/jre/lib/amd64/libverify.so
7f1c9527a000-7f1c9527c000 rw-p 0000d000 08:01 4592787                    /usr/lib/jvm/java-8-oracle/jre/lib/amd64/libverify.so
7f1c9527c000-7f1c95283000 r-xp 00000000 08:01 1839643                    /lib/x86_64-linux-gnu/librt-2.23.so
7f1c95283000-7f1c95482000 ---p 00007000 08:01 1839643                    /lib/x86_64-linux-gnu/librt-2.23.so
7f1c95482000-7f1c95483000 r--p 00006000 08:01 1839643                    /lib/x86_64-linux-gnu/librt-2.23.so
7f1c95483000-7f1c95484000 rw-p 00007000 08:01 1839643                    /lib/x86_64-linux-gnu/librt-2.23.so
7f1c95484000-7f1c9558c000 r-xp 00000000 08:01 1839559                    /lib/x86_64-linux-gnu/libm-2.23.so
7f1c9558c000-7f1c9578b000 ---p 00108000 08:01 1839559                    /lib/x86_64-linux-gnu/libm-2.23.so
7f1c9578b000-7f1c9578c000 r--p 00107000 08:01 1839559                    /lib/x86_64-linux-gnu/libm-2.23.so
7f1c9578c000-7f1c9578d000 rw-p 00108000 08:01 1839559                    /lib/x86_64-linux-gnu/libm-2.23.so
7f1c9578d000-7f1c96458000 r-xp 00000000 08:01 4719822                    /usr/lib/jvm/java-8-oracle/jre/lib/amd64/server/libjvm.so
7f1c96458000-7f1c96657000 ---p 00ccb000 08:01 4719822                    /usr/lib/jvm/java-8-oracle/jre/lib/amd64/server/libjvm.so
7f1c96657000-7f1c96730000 rw-p 00cca000 08:01 4719822                    /usr/lib/jvm/java-8-oracle/jre/lib/amd64/server/libjvm.so
7f1c96730000-7f1c9677b000 rw-p 00000000 00:00 0 
7f1c9677b000-7f1c9693b000 r-xp 00000000 08:01 1839489                    /lib/x86_64-linux-gnu/libc-2.23.so
7f1c9693b000-7f1c96b3a000 ---p 001c0000 08:01 1839489                    /lib/x86_64-linux-gnu/libc-2.23.so
7f1c96b3a000-7f1c96b3e000 r--p 001bf000 08:01 1839489                    /lib/x86_64-linux-gnu/libc-2.23.so
7f1c96b3e000-7f1c96b40000 rw-p 001c3000 08:01 1839489                    /lib/x86_64-linux-gnu/libc-2.23.so
7f1c96b40000-7f1c96b44000 rw-p 00000000 00:00 0 
7f1c96b44000-7f1c96b47000 r-xp 00000000 08:01 1839513                    /lib/x86_64-linux-gnu/libdl-2.23.so
7f1c96b47000-7f1c96d46000 ---p 00003000 08:01 1839513                    /lib/x86_64-linux-gnu/libdl-2.23.so
7f1c96d46000-7f1c96d47000 r--p 00002000 08:01 1839513                    /lib/x86_64-linux-gnu/libdl-2.23.so
7f1c96d47000-7f1c96d48000 rw-p 00003000 08:01 1839513                    /lib/x86_64-linux-gnu/libdl-2.23.so
7f1c96d48000-7f1c96d5d000 r-xp 00000000 08:01 4461942                    /usr/lib/jvm/java-8-oracle/lib/amd64/jli/libjli.so
7f1c96d5d000-7f1c96f5d000 ---p 00015000 08:01 4461942                    /usr/lib/jvm/java-8-oracle/lib/amd64/jli/libjli.so
7f1c96f5d000-7f1c96f5e000 rw-p 00015000 08:01 4461942                    /usr/lib/jvm/java-8-oracle/lib/amd64/jli/libjli.so
7f1c96f5e000-7f1c96f76000 r-xp 00000000 08:01 1839635                    /lib/x86_64-linux-gnu/libpthread-2.23.so
7f1c96f76000-7f1c97175000 ---p 00018000 08:01 1839635                    /lib/x86_64-linux-gnu/libpthread-2.23.so
7f1c97175000-7f1c97176000 r--p 00017000 08:01 1839635                    /lib/x86_64-linux-gnu/libpthread-2.23.so
7f1c97176000-7f1c97177000 rw-p 00018000 08:01 1839635                    /lib/x86_64-linux-gnu/libpthread-2.23.so
7f1c97177000-7f1c9717b000 rw-p 00000000 00:00 0 
7f1c9717b000-7f1c971a1000 r-xp 00000000 08:01 1839461                    /lib/x86_64-linux-gnu/ld-2.23.so
7f1c971a7000-7f1c97280000 rw-p 00000000 00:00 0 
7f1c97280000-7f1c97283000 ---p 00000000 00:00 0 
7f1c97283000-7f1c97385000 rw-p 00000000 00:00 0 
7f1c97386000-7f1c97394000 r--s 000e0000 08:01 8259611                    /home/ming/Android/Sdk/build-tools/24.0.2/lib/dx.jar
7f1c97394000-7f1c9739c000 rw-s 00000000 08:01 14680195                   /tmp/hsperfdata_ming/5249
7f1c9739c000-7f1c9739d000 rw-p 00000000 00:00 0 
7f1c9739d000-7f1c9739e000 r--p 00000000 00:00 0 
7f1c9739e000-7f1c973a0000 rw-p 00000000 00:00 0 
7f1c973a0000-7f1c973a1000 r--p 00025000 08:01 1839461                    /lib/x86_64-linux-gnu/ld-2.23.so
7f1c973a1000-7f1c973a2000 rw-p 00026000 08:01 1839461                    /lib/x86_64-linux-gnu/ld-2.23.so
7f1c973a2000-7f1c973a3000 rw-p 00000000 00:00 0 
7ffe1a858000-7ffe1a879000 rw-p 00000000 00:00 0                          [stack]
7ffe1a91a000-7ffe1a91c000 r--p 00000000 00:00 0                          [vvar]
7ffe1a91c000-7ffe1a91e000 r-xp 00000000 00:00 0                          [vdso]
ffffffffff600000-ffffffffff601000 r-xp 00000000 00:00 0                  [vsyscall]

VM Arguments:
jvm_args: -Djava.awt.headless=true -Xmx1024M -Dfile.encoding=UTF-8 -Duser.country=IN -Duser.language=en -Duser.variant 
java_command: com.android.dx.command.Main --dex --force-jumbo --num-threads=4 --multi-dex --output /home/ming/AndroidStudioProjects/CropinSunnnyDatabase/app/build/intermediates/transforms/dex/debug/folders/1000/5/slice_0 /home/ming/AndroidStudioProjects/CropinSunnnyDatabase/app/build/intermediates/transforms/instantRunSlicer/debug/folders/1/5/slice_0
java_class_path (initial): /home/ming/Android/Sdk/build-tools/24.0.2/lib/dx.jar
Launcher Type: SUN_STANDARD

Environment Variables:
JAVA_HOME=/usr/lib/jvm/java-8-openjdk-amd64
PATH=/home/ming/bin:/home/ming/.local/bin:/usr/local/sbin:/usr/local/bin:/usr/sbin:/usr/bin:/sbin:/bin:/usr/games:/usr/local/games:/snap/bin
SHELL=/bin/bash
DISPLAY=:0

Signal Handlers:
SIGSEGV: [libjvm.so+0xac4790], sa_mask[0]=11111111011111111101111111111110, sa_flags=SA_RESTART|SA_SIGINFO
SIGBUS: [libjvm.so+0xac4790], sa_mask[0]=11111111011111111101111111111110, sa_flags=SA_RESTART|SA_SIGINFO
SIGFPE: [libjvm.so+0x91f140], sa_mask[0]=11111111011111111101111111111110, sa_flags=SA_RESTART|SA_SIGINFO
SIGPIPE: [libjvm.so+0x91f140], sa_mask[0]=11111111011111111101111111111110, sa_flags=SA_RESTART|SA_SIGINFO
SIGXFSZ: [libjvm.so+0x91f140], sa_mask[0]=11111111011111111101111111111110, sa_flags=SA_RESTART|SA_SIGINFO
SIGILL: [libjvm.so+0x91f140], sa_mask[0]=11111111011111111101111111111110, sa_flags=SA_RESTART|SA_SIGINFO
SIGUSR1: SIG_DFL, sa_mask[0]=00000000000000000000000000000000, sa_flags=none
SIGUSR2: [libjvm.so+0x920770], sa_mask[0]=00100000000000000000000000000000, sa_flags=SA_RESTART|SA_SIGINFO
SIGHUP: [libjvm.so+0x921b70], sa_mask[0]=11111111011111111101111111111110, sa_flags=SA_RESTART|SA_SIGINFO
SIGINT: [libjvm.so+0x921b70], sa_mask[0]=11111111011111111101111111111110, sa_flags=SA_RESTART|SA_SIGINFO
SIGTERM: [libjvm.so+0x921b70], sa_mask[0]=11111111011111111101111111111110, sa_flags=SA_RESTART|SA_SIGINFO
SIGQUIT: [libjvm.so+0x921b70], sa_mask[0]=11111111011111111101111111111110, sa_flags=SA_RESTART|SA_SIGINFO


---------------  S Y S T E M  ---------------

OS:DISTRIB_ID=Ubuntu
DISTRIB_RELEASE=16.04
DISTRIB_CODENAME=xenial
DISTRIB_DESCRIPTION="Ubuntu 16.04.1 LTS"

uname:Linux 4.4.0-38-generic #57-Ubuntu SMP Tue Sep 6 15:42:33 UTC 2016 x86_64
libc:glibc 2.23 NPTL 2.23 
rlimit: STACK 8192k, CORE 0k, NPROC 31278, NOFILE 65536, AS infinity
load average:1.61 0.79 0.67

/proc/meminfo:
MemTotal:        8047424 kB
MemFree:         3520424 kB
MemAvailable:    4714596 kB
Buffers:          148108 kB
Cached:          1386664 kB
SwapCached:            0 kB
Active:          3368464 kB
Inactive:         879428 kB
Active(anon):    2717160 kB
Inactive(anon):   172440 kB
Active(file):     651304 kB
Inactive(file):   706988 kB
Unevictable:         216 kB
Mlocked:             216 kB
SwapTotal:             0 kB
SwapFree:              0 kB
Dirty:              6828 kB
Writeback:             0 kB
AnonPages:       2713416 kB
Mapped:           395008 kB
Shmem:            176484 kB
Slab:             155408 kB
SReclaimable:     118748 kB
SUnreclaim:        36660 kB
KernelStack:       10656 kB
PageTables:        39448 kB
NFS_Unstable:          0 kB
Bounce:                0 kB
WritebackTmp:          0 kB
CommitLimit:     4023712 kB
Committed_AS:    6962084 kB
VmallocTotal:   34359738367 kB
VmallocUsed:           0 kB
VmallocChunk:          0 kB
HardwareCorrupted:     0 kB
AnonHugePages:   1187840 kB
CmaTotal:              0 kB
CmaFree:               0 kB
HugePages_Total:       0
HugePages_Free:        0
HugePages_Rsvd:        0
HugePages_Surp:        0
Hugepagesize:       2048 kB
DirectMap4k:      153340 kB
DirectMap2M:     8108032 kB


CPU:total 4 (2 cores per cpu, 2 threads per core) family 6 model 58 stepping 9, cmov, cx8, fxsr, mmx, sse, sse2, sse3, ssse3, sse4.1, sse4.2, popcnt, avx, aes, clmul, erms, ht, tsc, tscinvbit, tscinv

/proc/cpuinfo:
processor	: 0
vendor_id	: GenuineIntel
cpu family	: 6
model		: 58
model name	: Intel(R) Core(TM) i5-3337U CPU @ 1.80GHz
stepping	: 9
microcode	: 0x17
cpu MHz		: 2499.960
cache size	: 3072 KB
physical id	: 0
siblings	: 4
core id		: 0
cpu cores	: 2
apicid		: 0
initial apicid	: 0
fpu		: yes
fpu_exception	: yes
cpuid level	: 13
wp		: yes
flags		: fpu vme de pse tsc msr pae mce cx8 apic sep mtrr pge mca cmov pat pse36 clflush dts acpi mmx fxsr sse sse2 ss ht tm pbe syscall nx rdtscp lm constant_tsc arch_perfmon pebs bts rep_good nopl xtopology nonstop_tsc aperfmperf eagerfpu pni pclmulqdq dtes64 monitor ds_cpl vmx est tm2 ssse3 cx16 xtpr pdcm pcid sse4_1 sse4_2 x2apic popcnt tsc_deadline_timer aes xsave avx f16c rdrand lahf_lm epb tpr_shadow vnmi flexpriority ept vpid fsgsbase smep erms xsaveopt dtherm ida arat pln pts
bugs		:
bogomips	: 3591.54
clflush size	: 64
cache_alignment	: 64
address sizes	: 36 bits physical, 48 bits virtual
power management:

processor	: 1
vendor_id	: GenuineIntel
cpu family	: 6
model		: 58
model name	: Intel(R) Core(TM) i5-3337U CPU @ 1.80GHz
stepping	: 9
microcode	: 0x17
cpu MHz		: 2499.960
cache size	: 3072 KB
physical id	: 0
siblings	: 4
core id		: 0
cpu cores	: 2
apicid		: 1
initial apicid	: 1
fpu		: yes
fpu_exception	: yes
cpuid level	: 13
wp		: yes
flags		: fpu vme de pse tsc msr pae mce cx8 apic sep mtrr pge mca cmov pat pse36 clflush dts acpi mmx fxsr sse sse2 ss ht tm pbe syscall nx rdtscp lm constant_tsc arch_perfmon pebs bts rep_good nopl xtopology nonstop_tsc aperfmperf eagerfpu pni pclmulqdq dtes64 monitor ds_cpl vmx est tm2 ssse3 cx16 xtpr pdcm pcid sse4_1 sse4_2 x2apic popcnt tsc_deadline_timer aes xsave avx f16c rdrand lahf_lm epb tpr_shadow vnmi flexpriority ept vpid fsgsbase smep erms xsaveopt dtherm ida arat pln pts
bugs		:
bogomips	: 3591.54
clflush size	: 64
cache_alignment	: 64
address sizes	: 36 bits physical, 48 bits virtual
power management:

processor	: 2
vendor_id	: GenuineIntel
cpu family	: 6
model		: 58
model name	: Intel(R) Core(TM) i5-3337U CPU @ 1.80GHz
stepping	: 9
microcode	: 0x17
cpu MHz		: 2499.960
cache size	: 3072 KB
physical id	: 0
siblings	: 4
core id		: 1
cpu cores	: 2
apicid		: 2
initial apicid	: 2
fpu		: yes
fpu_exception	: yes
cpuid level	: 13
wp		: yes
flags		: fpu vme de pse tsc msr pae mce cx8 apic sep mtrr pge mca cmov pat pse36 clflush dts acpi mmx fxsr sse sse2 ss ht tm pbe syscall nx rdtscp lm constant_tsc arch_perfmon pebs bts rep_good nopl xtopology nonstop_tsc aperfmperf eagerfpu pni pclmulqdq dtes64 monitor ds_cpl vmx est tm2 ssse3 cx16 xtpr pdcm pcid sse4_1 sse4_2 x2apic popcnt tsc_deadline_timer aes xsave avx f16c rdrand lahf_lm epb tpr_shadow vnmi flexpriority ept vpid fsgsbase smep erms xsaveopt dtherm ida arat pln pts
bugs		:
bogomips	: 3591.54
clflush size	: 64
cache_alignment	: 64
address sizes	: 36 bits physical, 48 bits virtual
power management:

processor	: 3
vendor_id	: GenuineIntel
cpu family	: 6
model		: 58
model name	: Intel(R) Core(TM) i5-3337U CPU @ 1.80GHz
stepping	: 9
microcode	: 0x17
cpu MHz		: 2499.960
cache size	: 3072 KB
physical id	: 0
siblings	: 4
core id		: 1
cpu cores	: 2
apicid		: 3
initial apicid	: 3
fpu		: yes
fpu_exception	: yes
cpuid level	: 13
wp		: yes
flags		: fpu vme de pse tsc msr pae mce cx8 apic sep mtrr pge mca cmov pat pse36 clflush dts acpi mmx fxsr sse sse2 ss ht tm pbe syscall nx rdtscp lm constant_tsc arch_perfmon pebs bts rep_good nopl xtopology nonstop_tsc aperfmperf eagerfpu pni pclmulqdq dtes64 monitor ds_cpl vmx est tm2 ssse3 cx16 xtpr pdcm pcid sse4_1 sse4_2 x2apic popcnt tsc_deadline_timer aes xsave avx f16c rdrand lahf_lm epb tpr_shadow vnmi flexpriority ept vpid fsgsbase smep erms xsaveopt dtherm ida arat pln pts
bugs		:
bogomips	: 3591.54
clflush size	: 64
cache_alignment	: 64
address sizes	: 36 bits physical, 48 bits virtual
power management:



Memory: 4k page, physical 8047424k(3520424k free), swap 0k(0k free)

vm_info: Java HotSpot(TM) 64-Bit Server VM (25.101-b13) for linux-amd64 JRE (1.8.0_101-b13), built on Jun 22 2016 02:59:44 by "java_re" with gcc 4.3.0 20080428 (Red Hat 4.3.0-8)

time: Tue Sep 27 12:00:46 2016
elapsed time: 3 seconds (0d 0h 0m 3s)

