#
# A fatal error has been detected by the Java Runtime Environment:
#
#  SIGSEGV (0xb) at pc=0x00007fb3dabc9479, pid=7714, tid=0x00007fb3bc933700
#
# JRE version: Java(TM) SE Runtime Environment (8.0_101-b13) (build 1.8.0_101-b13)
# Java VM: Java HotSpot(TM) 64-Bit Server VM (25.101-b13 mixed mode linux-amd64 compressed oops)
# Problematic frame:
# V  [libjvm.so+0x972479]  PhaseChaitin::use_prior_register(Node*, unsigned int, Node*, Block*, Node_List&, Node_List&)+0x49
#
# Failed to write core dump. Core dumps have been disabled. To enable core dumping, try "ulimit -c unlimited" before starting Java again
#
# If you would like to submit a bug report, please visit:
#   http://bugreport.java.com/bugreport/crash.jsp
#

---------------  T H R E A D  ---------------

Current thread (0x00007fb3d40b8800):  JavaThread "C2 CompilerThread0" daemon [_thread_in_native, id=7729, stack(0x00007fb3bc833000,0x00007fb3bc934000)]

siginfo: si_signo: 11 (SIGSEGV), si_code: 2 (SEGV_ACCERR), si_addr: 0x00007fb3882db070

Registers:
RAX=0x00007fb3982e7ba8, RBX=0x00007fb398f54480, RCX=0x00007fb3882db050, RDX=0x0000000000000001
RSP=0x00007fb3bc92f430, RBP=0x00007fb3bc92f490, RSI=0x00007fb3982e7b50, RDI=0x00007fb3bc930f70
R8 =0x00007fb39c259c70, R9 =0x00007fb398f544c0, R10=0x0000000000000001, R11=0x0000000000000000
R12=0x00000000000000c9, R13=0x00007fb3882db050, R14=0x00000000000000c9, R15=0x00007fb3982e7b50
RIP=0x00007fb3dabc9479, EFLAGS=0x0000000000010287, CSGSFS=0x0000000000000033, ERR=0x0000000000000004
  TRAPNO=0x000000000000000e

Top of Stack: (sp=0x00007fb3bc92f430)
0x00007fb3bc92f430:   00007fb3bc92f490 0000000000000001
0x00007fb3bc92f440:   00007fb398f54480 00007fb398f544c0
0x00007fb3bc92f450:   00007fb39c259c70 00000001902b7ca8
0x00007fb3bc92f460:   00007fb3bc930f70 00007fb398f54480
0x00007fb3bc92f470:   00000000000000c9 00007fb39c197c08
0x00007fb3bc92f480:   00000000000000c9 00007fb3bc930f70
0x00007fb3bc92f490:   00007fb3bc92f530 00007fb3dabc9bd0
0x00007fb3bc92f4a0:   00007fb398f54480 0000000000000000
0x00007fb3bc92f4b0:   00007fb300000001 0000000000000001
0x00007fb3bc92f4c0:   00007fb398f54480 00007fb398f544c0
0x00007fb3bc92f4d0:   00007fb39c259c70 00000001dabc9195
0x00007fb3bc92f4e0:   00007fb3982e7b50 0000000098f54480
0x00007fb3bc92f4f0:   0000000000000000 0000000000000008
0x00007fb3bc92f500:   000000c9bc930f70 0000000000000002
0x00007fb3bc92f510:   0000000000000000 0000000000000001
0x00007fb3bc92f520:   0000000000000001 00000000000000c9
0x00007fb3bc92f530:   00007fb3bc92f6c0 00007fb3dabca678
0x00007fb3bc92f540:   00007fb300000001 00007fb3ffffffff
0x00007fb3bc92f550:   0000000000000000 0000000000000000
0x00007fb3bc92f560:   00007fb300000004 00007fb3bc92f670
0x00007fb3bc92f570:   0000000000000016 0000000000056950
0x00007fb3bc92f580:   00000000000698c8 00007fb3bc930f70
0x00007fb3bc92f590:   00007fb3982eaa30 00007fb39c4dd9e0
0x00007fb3bc92f5a0:   000004cabc92f5b0 00007fb39c259c70
0x00007fb3bc92f5b0:   00001d0f00000000 00007fb398722b40
0x00007fb3bc92f5c0:   00007fb398f54480 00007fb398f544c0
0x00007fb3bc92f5d0:   00007fb3982e7b50 000000030000001e
0x00007fb3bc92f5e0:   00007fb3982e8a60 00007fb3982eaa30
0x00007fb3bc92f5f0:   00007fb3982f0a48 00007fb3d40b8e20
0x00007fb3bc92f600:   0000000000270a48 0000000100000007
0x00007fb3bc92f610:   0000000000000000 0000000000000000
0x00007fb3bc92f620:   0000000000000000 0000000000000000 

Instructions: (pc=0x00007fb3dabc9479)
0x00007fb3dabc9459:   89 d2 48 89 7d d0 4c 89 45 c0 4c 89 4d b8 48 89
0x00007fb3dabc9469:   45 b0 48 89 55 a8 48 8b 46 08 48 3b 0c d0 74 09
0x00007fb3dabc9479:   44 8b 51 20 45 85 d2 75 1e 31 c0 48 8b 5d d8 4c
0x00007fb3dabc9489:   8b 65 e0 4c 8b 6d e8 4c 8b 75 f0 4c 8b 7d f8 c9 

Register to memory mapping:

RAX=0x00007fb3982e7ba8 is an unknown value
RBX=0x00007fb398f54480 is an unknown value
RCX=0x00007fb3882db050 is an unknown value
RDX=0x0000000000000001 is an unknown value
RSP=0x00007fb3bc92f430 is pointing into the stack for thread: 0x00007fb3d40b8800
RBP=0x00007fb3bc92f490 is pointing into the stack for thread: 0x00007fb3d40b8800
RSI=0x00007fb3982e7b50 is an unknown value
RDI=0x00007fb3bc930f70 is pointing into the stack for thread: 0x00007fb3d40b8800
R8 =0x00007fb39c259c70 is an unknown value
R9 =0x00007fb398f544c0 is an unknown value
R10=0x0000000000000001 is an unknown value
R11=0x0000000000000000 is an unknown value
R12=0x00000000000000c9 is an unknown value
R13=0x00007fb3882db050 is an unknown value
R14=0x00000000000000c9 is an unknown value
R15=0x00007fb3982e7b50 is an unknown value


Stack: [0x00007fb3bc833000,0x00007fb3bc934000],  sp=0x00007fb3bc92f430,  free space=1009k
Native frames: (J=compiled Java code, j=interpreted, Vv=VM code, C=native code)
V  [libjvm.so+0x972479]  PhaseChaitin::use_prior_register(Node*, unsigned int, Node*, Block*, Node_List&, Node_List&)+0x49
V  [libjvm.so+0x972bd0]  PhaseChaitin::elide_copy(Node*, int, Block*, Node_List&, Node_List&, bool)+0x4d0
V  [libjvm.so+0x973678]  PhaseChaitin::post_allocate_copy_removal()+0x9b8
V  [libjvm.so+0x40ef58]  PhaseChaitin::Register_Allocate()+0x1108
V  [libjvm.so+0x4a28e0]  Compile::Code_Gen()+0x260
V  [libjvm.so+0x4a6933]  Compile::Compile(ciEnv*, C2Compiler*, ciMethod*, int, bool, bool, bool)+0x14b3
V  [libjvm.so+0x3f20a8]  C2Compiler::compile_method(ciEnv*, ciMethod*, int)+0x198
V  [libjvm.so+0x4af61a]  CompileBroker::invoke_compiler_on_method(CompileTask*)+0xc9a
V  [libjvm.so+0x4b05c6]  CompileBroker::compiler_thread_loop()+0x5d6
V  [libjvm.so+0xa7343f]  JavaThread::thread_main_inner()+0xdf
V  [libjvm.so+0xa7356c]  JavaThread::run()+0x11c
V  [libjvm.so+0x924698]  java_start(Thread*)+0x108
C  [libpthread.so.0+0x76fa]  start_thread+0xca


Current CompileTask:
C2:   1865  884   !   4       com.android.dx.cf.code.BytecodeArray::parseInstruction (2764 bytes)


---------------  P R O C E S S  ---------------

Java Threads: ( => current thread )
  0x00007fb3d41b7000 JavaThread "pool-2-thread-4" [_thread_in_Java, id=7738, stack(0x00007fb37feff000,0x00007fb380000000)]
  0x00007fb3d41b5800 JavaThread "pool-2-thread-3" [_thread_in_Java, id=7737, stack(0x00007fb3bc02b000,0x00007fb3bc12c000)]
  0x00007fb3d41ad000 JavaThread "pool-2-thread-2" [_thread_in_Java, id=7736, stack(0x00007fb3bc12c000,0x00007fb3bc22d000)]
  0x00007fb3d4184000 JavaThread "pool-3-thread-1" [_thread_blocked, id=7735, stack(0x00007fb3bc22d000,0x00007fb3bc32e000)]
  0x00007fb3d40c8000 JavaThread "Service Thread" daemon [_thread_blocked, id=7732, stack(0x00007fb3bc530000,0x00007fb3bc631000)]
  0x00007fb3d40bd000 JavaThread "C1 CompilerThread2" daemon [_thread_blocked, id=7731, stack(0x00007fb3bc631000,0x00007fb3bc732000)]
  0x00007fb3d40bb800 JavaThread "C2 CompilerThread1" daemon [_thread_in_native, id=7730, stack(0x00007fb3bc732000,0x00007fb3bc833000)]
=>0x00007fb3d40b8800 JavaThread "C2 CompilerThread0" daemon [_thread_in_native, id=7729, stack(0x00007fb3bc833000,0x00007fb3bc934000)]
  0x00007fb3d40b7000 JavaThread "Signal Dispatcher" daemon [_thread_blocked, id=7728, stack(0x00007fb3bc934000,0x00007fb3bca35000)]
  0x00007fb3d4084000 JavaThread "Finalizer" daemon [_thread_blocked, id=7727, stack(0x00007fb3bd3f4000,0x00007fb3bd4f5000)]
  0x00007fb3d407f800 JavaThread "Reference Handler" daemon [_thread_blocked, id=7726, stack(0x00007fb3bd4f5000,0x00007fb3bd5f6000)]
  0x00007fb3d400a000 JavaThread "main" [_thread_blocked, id=7720, stack(0x00007fb3dbd4a000,0x00007fb3dbe4b000)]

Other Threads:
  0x00007fb3d4078000 VMThread [stack: 0x00007fb3bd5f6000,0x00007fb3bd6f7000] [id=7725]
  0x00007fb3d40cb000 WatcherThread [stack: 0x00007fb3bc42f000,0x00007fb3bc530000] [id=7733]

VM state:not at safepoint (normal execution)

VM Mutex/Monitor currently owned by a thread: None

Heap:
 PSYoungGen      total 36864K, used 28914K [0x00000000eab00000, 0x00000000ef300000, 0x0000000100000000)
  eden space 31744K, 75% used [0x00000000eab00000,0x00000000ec243568,0x00000000eca00000)
  from space 5120K, 99% used [0x00000000eca00000,0x00000000ecef92e0,0x00000000ecf00000)
  to   space 5120K, 0% used [0x00000000eee00000,0x00000000eee00000,0x00000000ef300000)
 ParOldGen       total 84992K, used 2173K [0x00000000c0000000, 0x00000000c5300000, 0x00000000eab00000)
  object space 84992K, 2% used [0x00000000c0000000,0x00000000c021f5d0,0x00000000c5300000)
 Metaspace       used 5698K, capacity 6832K, committed 7040K, reserved 1056768K
  class space    used 575K, capacity 616K, committed 640K, reserved 1048576K

Card table byte_map: [0x00007fb3d88ef000,0x00007fb3d8af0000] byte_map_base: 0x00007fb3d82ef000

Marking Bits: (ParMarkBitMap*) 0x00007fb3db218120
 Begin Bits: [0x00007fb3be000000, 0x00007fb3bf000000)
 End Bits:   [0x00007fb3bf000000, 0x00007fb3c0000000)

Polling page: 0x00007fb3dbe67000

CodeCache: size=245760Kb used=3707Kb max_used=3707Kb free=242052Kb
 bounds [0x00007fb3c5000000, 0x00007fb3c53b0000, 0x00007fb3d4000000]
 total_blobs=1337 nmethods=1073 adapters=178
 compilation: enabled

Compilation events (10 events):
Event: 1.413 Thread 0x00007fb3d40bd000 1139   !   2       com.android.dx.rop.type.Type::putIntern (50 bytes)
Event: 1.413 Thread 0x00007fb3d40bd000 nmethod 1139 0x00007fb3c539f450 code [0x00007fb3c539f600, 0x00007fb3c539fad8]
Event: 1.483 Thread 0x00007fb3d40bd000 1141       2       com.android.dx.rop.type.Type::asUninitialized (140 bytes)
Event: 1.485 Thread 0x00007fb3d40bd000 nmethod 1141 0x00007fb3c53a0490 code [0x00007fb3c53a0700, 0x00007fb3c53a1198]
Event: 1.485 Thread 0x00007fb3d40bd000 1142       2       java.lang.String::<init> (15 bytes)
Event: 1.485 Thread 0x00007fb3d40bd000 nmethod 1142 0x00007fb3c539c850 code [0x00007fb3c539c9c0, 0x00007fb3c539cc48]
Event: 1.587 Thread 0x00007fb3d40bd000 1143       2       com.android.dx.util.Hex::u2 (44 bytes)
Event: 1.588 Thread 0x00007fb3d40bd000 nmethod 1143 0x00007fb3c539ec90 code [0x00007fb3c539ee20, 0x00007fb3c539f278]
Event: 1.608 Thread 0x00007fb3d40bd000 1144   !   2       com.android.dx.cf.code.Ropper::doit (126 bytes)
Event: 1.610 Thread 0x00007fb3d40bd000 nmethod 1144 0x00007fb3c53a18d0 code [0x00007fb3c53a1b40, 0x00007fb3c53a22b8]

GC Heap History (2 events):
Event: 0.878 GC heap before
{Heap before GC invocations=1 (full 0):
 PSYoungGen      total 36864K, used 31744K [0x00000000eab00000, 0x00000000ed400000, 0x0000000100000000)
  eden space 31744K, 100% used [0x00000000eab00000,0x00000000eca00000,0x00000000eca00000)
  from space 5120K, 0% used [0x00000000ecf00000,0x00000000ecf00000,0x00000000ed400000)
  to   space 5120K, 0% used [0x00000000eca00000,0x00000000eca00000,0x00000000ecf00000)
 ParOldGen       total 84992K, used 0K [0x00000000c0000000, 0x00000000c5300000, 0x00000000eab00000)
  object space 84992K, 0% used [0x00000000c0000000,0x00000000c0000000,0x00000000c5300000)
 Metaspace       used 5574K, capacity 6768K, committed 7040K, reserved 1056768K
  class space    used 573K, capacity 616K, committed 640K, reserved 1048576K
Event: 0.889 GC heap after
Heap after GC invocations=1 (full 0):
 PSYoungGen      total 36864K, used 5092K [0x00000000eab00000, 0x00000000ef300000, 0x0000000100000000)
  eden space 31744K, 0% used [0x00000000eab00000,0x00000000eab00000,0x00000000eca00000)
  from space 5120K, 99% used [0x00000000eca00000,0x00000000ecef92e0,0x00000000ecf00000)
  to   space 5120K, 0% used [0x00000000eee00000,0x00000000eee00000,0x00000000ef300000)
 ParOldGen       total 84992K, used 2173K [0x00000000c0000000, 0x00000000c5300000, 0x00000000eab00000)
  object space 84992K, 2% used [0x00000000c0000000,0x00000000c021f5d0,0x00000000c5300000)
 Metaspace       used 5574K, capacity 6768K, committed 7040K, reserved 1056768K
  class space    used 573K, capacity 616K, committed 640K, reserved 1048576K
}

Deoptimization events (8 events):
Event: 0.190 Thread 0x00007fb3d400a000 Uncommon trap: reason=unstable_if action=reinterpret pc=0x00007fb3c513f284 method=java.lang.String.indexOf(II)I @ 49
Event: 0.343 Thread 0x00007fb3d4181800 Uncommon trap: reason=unstable_if action=reinterpret pc=0x00007fb3c5195460 method=java.util.HashMap.getNode(ILjava/lang/Object;)Ljava/util/HashMap$Node; @ 62
Event: 0.639 Thread 0x00007fb3d41ad000 Uncommon trap: reason=null_check action=make_not_entrant pc=0x00007fb3c524b958 method=com.android.dx.ssa.SsaRenamer.getLocalForNewReg(I)Lcom/android/dx/rop/code/LocalItem; @ 19
Event: 1.034 Thread 0x00007fb3d400a000 Uncommon trap: reason=class_check action=maybe_recompile pc=0x00007fb3c5288b10 method=com.android.dx.ssa.NormalSsaInsn.accept(Lcom/android/dx/ssa/SsaInsn$Visitor;)V @ 9
Event: 1.182 Thread 0x00007fb3d4181800 Uncommon trap: reason=class_check action=maybe_recompile pc=0x00007fb3c5288b10 method=com.android.dx.ssa.NormalSsaInsn.accept(Lcom/android/dx/ssa/SsaInsn$Visitor;)V @ 9
Event: 1.182 Thread 0x00007fb3d4181800 Uncommon trap: reason=class_check action=maybe_recompile pc=0x00007fb3c5288b10 method=com.android.dx.ssa.NormalSsaInsn.accept(Lcom/android/dx/ssa/SsaInsn$Visitor;)V @ 9
Event: 1.182 Thread 0x00007fb3d4181800 Uncommon trap: reason=class_check action=maybe_recompile pc=0x00007fb3c5288b10 method=com.android.dx.ssa.NormalSsaInsn.accept(Lcom/android/dx/ssa/SsaInsn$Visitor;)V @ 9
Event: 1.183 Thread 0x00007fb3d4181800 Uncommon trap: reason=class_check action=maybe_recompile pc=0x00007fb3c5325e64 method=com.android.dx.ssa.NormalSsaInsn.accept(Lcom/android/dx/ssa/SsaInsn$Visitor;)V @ 9

Internal exceptions (3 events):
Event: 0.034 Thread 0x00007fb3d400a000 Exception <a 'java/lang/NoSuchMethodError': Method sun.misc.Unsafe.defineClass(Ljava/lang/String;[BII)Ljava/lang/Class; name or signature does not match> (0x00000000eab07cc0) thrown at [/HUDSON3/workspace/8-2-build-linux-amd64/jdk8u101/7261/hotspot/src/sh
Event: 0.034 Thread 0x00007fb3d400a000 Exception <a 'java/lang/NoSuchMethodError': Method sun.misc.Unsafe.prefetchRead(Ljava/lang/Object;J)V name or signature does not match> (0x00000000eab07fa8) thrown at [/HUDSON3/workspace/8-2-build-linux-amd64/jdk8u101/7261/hotspot/src/share/vm/prims/jni.c
Event: 0.639 Thread 0x00007fb3d41ad000 Implicit null exception at 0x00007fb3c52493f4 to 0x00007fb3c524b939

Events (10 events):
Event: 1.182 Thread 0x00007fb3d4181800 Uncommon trap: trap_request=0xffffffde fr.pc=0x00007fb3c5288b10
Event: 1.182 Thread 0x00007fb3d4181800 DEOPT PACKING pc=0x00007fb3c5288b10 sp=0x00007fb3bc42ca60
Event: 1.182 Thread 0x00007fb3d4181800 DEOPT UNPACKING pc=0x00007fb3c5005229 sp=0x00007fb3bc42ca50 mode 2
Event: 1.182 Thread 0x00007fb3d4181800 Uncommon trap: trap_request=0xffffffde fr.pc=0x00007fb3c5288b10
Event: 1.182 Thread 0x00007fb3d4181800 DEOPT PACKING pc=0x00007fb3c5288b10 sp=0x00007fb3bc42ca00
Event: 1.182 Thread 0x00007fb3d4181800 DEOPT UNPACKING pc=0x00007fb3c5005229 sp=0x00007fb3bc42c9f0 mode 2
Event: 1.183 Thread 0x00007fb3d4181800 Uncommon trap: trap_request=0xffffffde fr.pc=0x00007fb3c5325e64
Event: 1.183 Thread 0x00007fb3d4181800 DEOPT PACKING pc=0x00007fb3c5325e64 sp=0x00007fb3bc42ccc0
Event: 1.183 Thread 0x00007fb3d4181800 DEOPT UNPACKING pc=0x00007fb3c5005229 sp=0x00007fb3bc42cd10 mode 2
Event: 1.321 Thread 0x00007fb3d4181800 Thread exited: 0x00007fb3d4181800


Dynamic libraries:
00400000-00401000 r-xp 00000000 08:01 4592730                            /usr/lib/jvm/java-8-oracle/bin/java
00600000-00601000 rw-p 00000000 08:01 4592730                            /usr/lib/jvm/java-8-oracle/bin/java
007fc000-0081d000 rw-p 00000000 00:00 0                                  [heap]
c0000000-c5300000 rw-p 00000000 00:00 0 
c5300000-eab00000 ---p 00000000 00:00 0 
eab00000-ef300000 rw-p 00000000 00:00 0 
ef300000-100000000 ---p 00000000 00:00 0 
100000000-1000a0000 rw-p 00000000 00:00 0 
1000a0000-140000000 ---p 00000000 00:00 0 
7fb370000000-7fb370021000 rw-p 00000000 00:00 0 
7fb370021000-7fb374000000 ---p 00000000 00:00 0 
7fb378000000-7fb37803e000 rw-p 00000000 00:00 0 
7fb37803e000-7fb37c000000 ---p 00000000 00:00 0 
7fb37feff000-7fb37ff02000 ---p 00000000 00:00 0 
7fb37ff02000-7fb380000000 rw-p 00000000 00:00 0 
7fb380000000-7fb380021000 rw-p 00000000 00:00 0 
7fb380021000-7fb384000000 ---p 00000000 00:00 0 
7fb384000000-7fb384058000 rw-p 00000000 00:00 0 
7fb384058000-7fb388000000 ---p 00000000 00:00 0 
7fb388000000-7fb388021000 rw-p 00000000 00:00 0 
7fb388021000-7fb38c000000 ---p 00000000 00:00 0 
7fb38c000000-7fb38c021000 rw-p 00000000 00:00 0 
7fb38c021000-7fb390000000 ---p 00000000 00:00 0 
7fb390000000-7fb3904c7000 rw-p 00000000 00:00 0 
7fb3904c7000-7fb394000000 ---p 00000000 00:00 0 
7fb394000000-7fb394021000 rw-p 00000000 00:00 0 
7fb394021000-7fb398000000 ---p 00000000 00:00 0 
7fb398000000-7fb39922d000 rw-p 00000000 00:00 0 
7fb39922d000-7fb39c000000 ---p 00000000 00:00 0 
7fb39c000000-7fb39ccaa000 rw-p 00000000 00:00 0 
7fb39ccaa000-7fb3a0000000 ---p 00000000 00:00 0 
7fb3a0000000-7fb3a0021000 rw-p 00000000 00:00 0 
7fb3a0021000-7fb3a4000000 ---p 00000000 00:00 0 
7fb3a4000000-7fb3a4021000 rw-p 00000000 00:00 0 
7fb3a4021000-7fb3a8000000 ---p 00000000 00:00 0 
7fb3a8000000-7fb3a8021000 rw-p 00000000 00:00 0 
7fb3a8021000-7fb3ac000000 ---p 00000000 00:00 0 
7fb3ac000000-7fb3ac021000 rw-p 00000000 00:00 0 
7fb3ac021000-7fb3b0000000 ---p 00000000 00:00 0 
7fb3b0000000-7fb3b0021000 rw-p 00000000 00:00 0 
7fb3b0021000-7fb3b4000000 ---p 00000000 00:00 0 
7fb3b4000000-7fb3b4021000 rw-p 00000000 00:00 0 
7fb3b4021000-7fb3b8000000 ---p 00000000 00:00 0 
7fb3b8000000-7fb3b8021000 rw-p 00000000 00:00 0 
7fb3b8021000-7fb3bc000000 ---p 00000000 00:00 0 
7fb3bc02b000-7fb3bc02e000 ---p 00000000 00:00 0 
7fb3bc02e000-7fb3bc12c000 rw-p 00000000 00:00 0 
7fb3bc12c000-7fb3bc12f000 ---p 00000000 00:00 0 
7fb3bc12f000-7fb3bc22d000 rw-p 00000000 00:00 0 
7fb3bc22d000-7fb3bc230000 ---p 00000000 00:00 0 
7fb3bc230000-7fb3bc32e000 rw-p 00000000 00:00 0 
7fb3bc32e000-7fb3bc331000 ---p 00000000 00:00 0 
7fb3bc331000-7fb3bc42f000 rw-p 00000000 00:00 0 
7fb3bc42f000-7fb3bc430000 ---p 00000000 00:00 0 
7fb3bc430000-7fb3bc530000 rw-p 00000000 00:00 0 
7fb3bc530000-7fb3bc533000 ---p 00000000 00:00 0 
7fb3bc533000-7fb3bc631000 rw-p 00000000 00:00 0 
7fb3bc631000-7fb3bc634000 ---p 00000000 00:00 0 
7fb3bc634000-7fb3bc732000 rw-p 00000000 00:00 0 
7fb3bc732000-7fb3bc735000 ---p 00000000 00:00 0 
7fb3bc735000-7fb3bc833000 rw-p 00000000 00:00 0 
7fb3bc833000-7fb3bc836000 ---p 00000000 00:00 0 
7fb3bc836000-7fb3bc934000 rw-p 00000000 00:00 0 
7fb3bc934000-7fb3bc937000 ---p 00000000 00:00 0 
7fb3bc937000-7fb3bca35000 rw-p 00000000 00:00 0 
7fb3bca35000-7fb3bd3f4000 r--p 00000000 08:01 4332457                    /usr/lib/locale/locale-archive
7fb3bd3f4000-7fb3bd3f7000 ---p 00000000 00:00 0 
7fb3bd3f7000-7fb3bd4f5000 rw-p 00000000 00:00 0 
7fb3bd4f5000-7fb3bd4f8000 ---p 00000000 00:00 0 
7fb3bd4f8000-7fb3bd5f6000 rw-p 00000000 00:00 0 
7fb3bd5f6000-7fb3bd5f7000 ---p 00000000 00:00 0 
7fb3bd5f7000-7fb3c0000000 rw-p 00000000 00:00 0 
7fb3c0000000-7fb3c0021000 rw-p 00000000 00:00 0 
7fb3c0021000-7fb3c4000000 ---p 00000000 00:00 0 
7fb3c4021000-7fb3c4627000 rw-p 00000000 00:00 0 
7fb3c4627000-7fb3c4800000 r--s 03d29000 08:01 4592778                    /usr/lib/jvm/java-8-oracle/jre/lib/rt.jar
7fb3c4800000-7fb3c4e40000 rw-p 00000000 00:00 0 
7fb3c4e40000-7fb3c5000000 ---p 00000000 00:00 0 
7fb3c5000000-7fb3c53b0000 rwxp 00000000 00:00 0 
7fb3c53b0000-7fb3d4000000 ---p 00000000 00:00 0 
7fb3d4000000-7fb3d43fe000 rw-p 00000000 00:00 0 
7fb3d43fe000-7fb3d8000000 ---p 00000000 00:00 0 
7fb3d806d000-7fb3d8395000 rw-p 00000000 00:00 0 
7fb3d8395000-7fb3d8396000 ---p 00000000 00:00 0 
7fb3d8396000-7fb3d8496000 rw-p 00000000 00:00 0 
7fb3d8496000-7fb3d8497000 ---p 00000000 00:00 0 
7fb3d8497000-7fb3d8597000 rw-p 00000000 00:00 0 
7fb3d8597000-7fb3d8598000 ---p 00000000 00:00 0 
7fb3d8598000-7fb3d8698000 rw-p 00000000 00:00 0 
7fb3d8698000-7fb3d8699000 ---p 00000000 00:00 0 
7fb3d8699000-7fb3d87c3000 rw-p 00000000 00:00 0 
7fb3d87c3000-7fb3d88ef000 ---p 00000000 00:00 0 
7fb3d88ef000-7fb3d8919000 rw-p 00000000 00:00 0 
7fb3d8919000-7fb3d8a44000 ---p 00000000 00:00 0 
7fb3d8a44000-7fb3d8a69000 rw-p 00000000 00:00 0 
7fb3d8a69000-7fb3d8aef000 ---p 00000000 00:00 0 
7fb3d8aef000-7fb3d8aff000 rw-p 00000000 00:00 0 
7fb3d8aff000-7fb3d8eb0000 ---p 00000000 00:00 0 
7fb3d8eb0000-7fb3d8eca000 r-xp 00000000 08:01 4592807                    /usr/lib/jvm/java-8-oracle/jre/lib/amd64/libzip.so
7fb3d8eca000-7fb3d90ca000 ---p 0001a000 08:01 4592807                    /usr/lib/jvm/java-8-oracle/jre/lib/amd64/libzip.so
7fb3d90ca000-7fb3d90cb000 rw-p 0001a000 08:01 4592807                    /usr/lib/jvm/java-8-oracle/jre/lib/amd64/libzip.so
7fb3d90cb000-7fb3d90d6000 r-xp 00000000 08:01 1839588                    /lib/x86_64-linux-gnu/libnss_files-2.23.so
7fb3d90d6000-7fb3d92d5000 ---p 0000b000 08:01 1839588                    /lib/x86_64-linux-gnu/libnss_files-2.23.so
7fb3d92d5000-7fb3d92d6000 r--p 0000a000 08:01 1839588                    /lib/x86_64-linux-gnu/libnss_files-2.23.so
7fb3d92d6000-7fb3d92d7000 rw-p 0000b000 08:01 1839588                    /lib/x86_64-linux-gnu/libnss_files-2.23.so
7fb3d92d7000-7fb3d92dd000 rw-p 00000000 00:00 0 
7fb3d92dd000-7fb3d92e8000 r-xp 00000000 08:01 1839598                    /lib/x86_64-linux-gnu/libnss_nis-2.23.so
7fb3d92e8000-7fb3d94e7000 ---p 0000b000 08:01 1839598                    /lib/x86_64-linux-gnu/libnss_nis-2.23.so
7fb3d94e7000-7fb3d94e8000 r--p 0000a000 08:01 1839598                    /lib/x86_64-linux-gnu/libnss_nis-2.23.so
7fb3d94e8000-7fb3d94e9000 rw-p 0000b000 08:01 1839598                    /lib/x86_64-linux-gnu/libnss_nis-2.23.so
7fb3d94e9000-7fb3d94ff000 r-xp 00000000 08:01 1839582                    /lib/x86_64-linux-gnu/libnsl-2.23.so
7fb3d94ff000-7fb3d96fe000 ---p 00016000 08:01 1839582                    /lib/x86_64-linux-gnu/libnsl-2.23.so
7fb3d96fe000-7fb3d96ff000 r--p 00015000 08:01 1839582                    /lib/x86_64-linux-gnu/libnsl-2.23.so
7fb3d96ff000-7fb3d9700000 rw-p 00016000 08:01 1839582                    /lib/x86_64-linux-gnu/libnsl-2.23.so
7fb3d9700000-7fb3d9702000 rw-p 00000000 00:00 0 
7fb3d9702000-7fb3d970a000 r-xp 00000000 08:01 1839584                    /lib/x86_64-linux-gnu/libnss_compat-2.23.so
7fb3d970a000-7fb3d9909000 ---p 00008000 08:01 1839584                    /lib/x86_64-linux-gnu/libnss_compat-2.23.so
7fb3d9909000-7fb3d990a000 r--p 00007000 08:01 1839584                    /lib/x86_64-linux-gnu/libnss_compat-2.23.so
7fb3d990a000-7fb3d990b000 rw-p 00008000 08:01 1839584                    /lib/x86_64-linux-gnu/libnss_compat-2.23.so
7fb3d990b000-7fb3d9935000 r-xp 00000000 08:01 4592831                    /usr/lib/jvm/java-8-oracle/jre/lib/amd64/libjava.so
7fb3d9935000-7fb3d9b35000 ---p 0002a000 08:01 4592831                    /usr/lib/jvm/java-8-oracle/jre/lib/amd64/libjava.so
7fb3d9b35000-7fb3d9b37000 rw-p 0002a000 08:01 4592831                    /usr/lib/jvm/java-8-oracle/jre/lib/amd64/libjava.so
7fb3d9b37000-7fb3d9b44000 r-xp 00000000 08:01 4592787                    /usr/lib/jvm/java-8-oracle/jre/lib/amd64/libverify.so
7fb3d9b44000-7fb3d9d44000 ---p 0000d000 08:01 4592787                    /usr/lib/jvm/java-8-oracle/jre/lib/amd64/libverify.so
7fb3d9d44000-7fb3d9d46000 rw-p 0000d000 08:01 4592787                    /usr/lib/jvm/java-8-oracle/jre/lib/amd64/libverify.so
7fb3d9d46000-7fb3d9d4d000 r-xp 00000000 08:01 1839643                    /lib/x86_64-linux-gnu/librt-2.23.so
7fb3d9d4d000-7fb3d9f4c000 ---p 00007000 08:01 1839643                    /lib/x86_64-linux-gnu/librt-2.23.so
7fb3d9f4c000-7fb3d9f4d000 r--p 00006000 08:01 1839643                    /lib/x86_64-linux-gnu/librt-2.23.so
7fb3d9f4d000-7fb3d9f4e000 rw-p 00007000 08:01 1839643                    /lib/x86_64-linux-gnu/librt-2.23.so
7fb3d9f4e000-7fb3da056000 r-xp 00000000 08:01 1839559                    /lib/x86_64-linux-gnu/libm-2.23.so
7fb3da056000-7fb3da255000 ---p 00108000 08:01 1839559                    /lib/x86_64-linux-gnu/libm-2.23.so
7fb3da255000-7fb3da256000 r--p 00107000 08:01 1839559                    /lib/x86_64-linux-gnu/libm-2.23.so
7fb3da256000-7fb3da257000 rw-p 00108000 08:01 1839559                    /lib/x86_64-linux-gnu/libm-2.23.so
7fb3da257000-7fb3daf22000 r-xp 00000000 08:01 4719822                    /usr/lib/jvm/java-8-oracle/jre/lib/amd64/server/libjvm.so
7fb3daf22000-7fb3db121000 ---p 00ccb000 08:01 4719822                    /usr/lib/jvm/java-8-oracle/jre/lib/amd64/server/libjvm.so
7fb3db121000-7fb3db1fa000 rw-p 00cca000 08:01 4719822                    /usr/lib/jvm/java-8-oracle/jre/lib/amd64/server/libjvm.so
7fb3db1fa000-7fb3db245000 rw-p 00000000 00:00 0 
7fb3db245000-7fb3db405000 r-xp 00000000 08:01 1839489                    /lib/x86_64-linux-gnu/libc-2.23.so
7fb3db405000-7fb3db604000 ---p 001c0000 08:01 1839489                    /lib/x86_64-linux-gnu/libc-2.23.so
7fb3db604000-7fb3db608000 r--p 001bf000 08:01 1839489                    /lib/x86_64-linux-gnu/libc-2.23.so
7fb3db608000-7fb3db60a000 rw-p 001c3000 08:01 1839489                    /lib/x86_64-linux-gnu/libc-2.23.so
7fb3db60a000-7fb3db60e000 rw-p 00000000 00:00 0 
7fb3db60e000-7fb3db611000 r-xp 00000000 08:01 1839513                    /lib/x86_64-linux-gnu/libdl-2.23.so
7fb3db611000-7fb3db810000 ---p 00003000 08:01 1839513                    /lib/x86_64-linux-gnu/libdl-2.23.so
7fb3db810000-7fb3db811000 r--p 00002000 08:01 1839513                    /lib/x86_64-linux-gnu/libdl-2.23.so
7fb3db811000-7fb3db812000 rw-p 00003000 08:01 1839513                    /lib/x86_64-linux-gnu/libdl-2.23.so
7fb3db812000-7fb3db827000 r-xp 00000000 08:01 4461942                    /usr/lib/jvm/java-8-oracle/lib/amd64/jli/libjli.so
7fb3db827000-7fb3dba27000 ---p 00015000 08:01 4461942                    /usr/lib/jvm/java-8-oracle/lib/amd64/jli/libjli.so
7fb3dba27000-7fb3dba28000 rw-p 00015000 08:01 4461942                    /usr/lib/jvm/java-8-oracle/lib/amd64/jli/libjli.so
7fb3dba28000-7fb3dba40000 r-xp 00000000 08:01 1839635                    /lib/x86_64-linux-gnu/libpthread-2.23.so
7fb3dba40000-7fb3dbc3f000 ---p 00018000 08:01 1839635                    /lib/x86_64-linux-gnu/libpthread-2.23.so
7fb3dbc3f000-7fb3dbc40000 r--p 00017000 08:01 1839635                    /lib/x86_64-linux-gnu/libpthread-2.23.so
7fb3dbc40000-7fb3dbc41000 rw-p 00018000 08:01 1839635                    /lib/x86_64-linux-gnu/libpthread-2.23.so
7fb3dbc41000-7fb3dbc45000 rw-p 00000000 00:00 0 
7fb3dbc45000-7fb3dbc6b000 r-xp 00000000 08:01 1839461                    /lib/x86_64-linux-gnu/ld-2.23.so
7fb3dbc71000-7fb3dbd4a000 rw-p 00000000 00:00 0 
7fb3dbd4a000-7fb3dbd4d000 ---p 00000000 00:00 0 
7fb3dbd4d000-7fb3dbe4f000 rw-p 00000000 00:00 0 
7fb3dbe50000-7fb3dbe5e000 r--s 000e0000 08:01 8259611                    /home/ming/Android/Sdk/build-tools/24.0.2/lib/dx.jar
7fb3dbe5e000-7fb3dbe66000 rw-s 00000000 08:01 14680220                   /tmp/hsperfdata_ming/7714
7fb3dbe66000-7fb3dbe67000 rw-p 00000000 00:00 0 
7fb3dbe67000-7fb3dbe68000 r--p 00000000 00:00 0 
7fb3dbe68000-7fb3dbe6a000 rw-p 00000000 00:00 0 
7fb3dbe6a000-7fb3dbe6b000 r--p 00025000 08:01 1839461                    /lib/x86_64-linux-gnu/ld-2.23.so
7fb3dbe6b000-7fb3dbe6c000 rw-p 00026000 08:01 1839461                    /lib/x86_64-linux-gnu/ld-2.23.so
7fb3dbe6c000-7fb3dbe6d000 rw-p 00000000 00:00 0 
7ffcf2d8e000-7ffcf2daf000 rw-p 00000000 00:00 0                          [stack]
7ffcf2df7000-7ffcf2df9000 r--p 00000000 00:00 0                          [vvar]
7ffcf2df9000-7ffcf2dfb000 r-xp 00000000 00:00 0                          [vdso]
ffffffffff600000-ffffffffff601000 r-xp 00000000 00:00 0                  [vsyscall]

VM Arguments:
jvm_args: -Djava.awt.headless=true -Xmx1024M -Dfile.encoding=UTF-8 -Duser.country=IN -Duser.language=en -Duser.variant 
java_command: com.android.dx.command.Main --dex --force-jumbo --num-threads=4 --multi-dex --output /home/ming/AndroidStudioProjects/CropinSunnnyDatabase/app/build/intermediates/transforms/dex/debug/folders/1000/5/slice_0 /home/ming/AndroidStudioProjects/CropinSunnnyDatabase/app/build/intermediates/transforms/instantRunSlicer/debug/folders/1/5/slice_0
java_class_path (initial): /home/ming/Android/Sdk/build-tools/24.0.2/lib/dx.jar
Launcher Type: SUN_STANDARD

Environment Variables:
JAVA_HOME=/usr/lib/jvm/java-8-openjdk-amd64
PATH=/home/ming/bin:/home/ming/.local/bin:/usr/local/sbin:/usr/local/bin:/usr/sbin:/usr/bin:/sbin:/bin:/usr/games:/usr/local/games:/snap/bin
SHELL=/bin/bash
DISPLAY=:0

Signal Handlers:
SIGSEGV: [libjvm.so+0xac4790], sa_mask[0]=11111111011111111101111111111110, sa_flags=SA_RESTART|SA_SIGINFO
SIGBUS: [libjvm.so+0xac4790], sa_mask[0]=11111111011111111101111111111110, sa_flags=SA_RESTART|SA_SIGINFO
SIGFPE: [libjvm.so+0x91f140], sa_mask[0]=11111111011111111101111111111110, sa_flags=SA_RESTART|SA_SIGINFO
SIGPIPE: [libjvm.so+0x91f140], sa_mask[0]=11111111011111111101111111111110, sa_flags=SA_RESTART|SA_SIGINFO
SIGXFSZ: [libjvm.so+0x91f140], sa_mask[0]=11111111011111111101111111111110, sa_flags=SA_RESTART|SA_SIGINFO
SIGILL: [libjvm.so+0x91f140], sa_mask[0]=11111111011111111101111111111110, sa_flags=SA_RESTART|SA_SIGINFO
SIGUSR1: SIG_DFL, sa_mask[0]=00000000000000000000000000000000, sa_flags=none
SIGUSR2: [libjvm.so+0x920770], sa_mask[0]=00100000000000000000000000000000, sa_flags=SA_RESTART|SA_SIGINFO
SIGHUP: [libjvm.so+0x921b70], sa_mask[0]=11111111011111111101111111111110, sa_flags=SA_RESTART|SA_SIGINFO
SIGINT: [libjvm.so+0x921b70], sa_mask[0]=11111111011111111101111111111110, sa_flags=SA_RESTART|SA_SIGINFO
SIGTERM: [libjvm.so+0x921b70], sa_mask[0]=11111111011111111101111111111110, sa_flags=SA_RESTART|SA_SIGINFO
SIGQUIT: [libjvm.so+0x921b70], sa_mask[0]=11111111011111111101111111111110, sa_flags=SA_RESTART|SA_SIGINFO


---------------  S Y S T E M  ---------------

OS:DISTRIB_ID=Ubuntu
DISTRIB_RELEASE=16.04
DISTRIB_CODENAME=xenial
DISTRIB_DESCRIPTION="Ubuntu 16.04.1 LTS"

uname:Linux 4.4.0-38-generic #57-Ubuntu SMP Tue Sep 6 15:42:33 UTC 2016 x86_64
libc:glibc 2.23 NPTL 2.23 
rlimit: STACK 8192k, CORE 0k, NPROC 31278, NOFILE 65536, AS infinity
load average:1.02 0.66 0.48

/proc/meminfo:
MemTotal:        8047424 kB
MemFree:         1236920 kB
MemAvailable:    3053892 kB
Buffers:          165036 kB
Cached:          2038944 kB
SwapCached:            0 kB
Active:          5505108 kB
Inactive:        1012860 kB
Active(anon):    4318744 kB
Inactive(anon):   223276 kB
Active(file):    1186364 kB
Inactive(file):   789584 kB
Unevictable:         200 kB
Mlocked:             200 kB
SwapTotal:             0 kB
SwapFree:              0 kB
Dirty:               796 kB
Writeback:             0 kB
AnonPages:       4314404 kB
Mapped:           384960 kB
Shmem:            228036 kB
Slab:             168796 kB
SReclaimable:     129040 kB
SUnreclaim:        39756 kB
KernelStack:       11472 kB
PageTables:        42416 kB
NFS_Unstable:          0 kB
Bounce:                0 kB
WritebackTmp:          0 kB
CommitLimit:     4023712 kB
Committed_AS:    8246036 kB
VmallocTotal:   34359738367 kB
VmallocUsed:           0 kB
VmallocChunk:          0 kB
HardwareCorrupted:     0 kB
AnonHugePages:   3176448 kB
CmaTotal:              0 kB
CmaFree:               0 kB
HugePages_Total:       0
HugePages_Free:        0
HugePages_Rsvd:        0
HugePages_Surp:        0
Hugepagesize:       2048 kB
DirectMap4k:      149244 kB
DirectMap2M:     8112128 kB


CPU:total 4 (2 cores per cpu, 2 threads per core) family 6 model 58 stepping 9, cmov, cx8, fxsr, mmx, sse, sse2, sse3, ssse3, sse4.1, sse4.2, popcnt, avx, aes, clmul, erms, ht, tsc, tscinvbit, tscinv

/proc/cpuinfo:
processor	: 0
vendor_id	: GenuineIntel
cpu family	: 6
model		: 58
model name	: Intel(R) Core(TM) i5-3337U CPU @ 1.80GHz
stepping	: 9
microcode	: 0x17
cpu MHz		: 2499.960
cache size	: 3072 KB
physical id	: 0
siblings	: 4
core id		: 0
cpu cores	: 2
apicid		: 0
initial apicid	: 0
fpu		: yes
fpu_exception	: yes
cpuid level	: 13
wp		: yes
flags		: fpu vme de pse tsc msr pae mce cx8 apic sep mtrr pge mca cmov pat pse36 clflush dts acpi mmx fxsr sse sse2 ss ht tm pbe syscall nx rdtscp lm constant_tsc arch_perfmon pebs bts rep_good nopl xtopology nonstop_tsc aperfmperf eagerfpu pni pclmulqdq dtes64 monitor ds_cpl vmx est tm2 ssse3 cx16 xtpr pdcm pcid sse4_1 sse4_2 x2apic popcnt tsc_deadline_timer aes xsave avx f16c rdrand lahf_lm epb tpr_shadow vnmi flexpriority ept vpid fsgsbase smep erms xsaveopt dtherm ida arat pln pts
bugs		:
bogomips	: 3591.69
clflush size	: 64
cache_alignment	: 64
address sizes	: 36 bits physical, 48 bits virtual
power management:

processor	: 1
vendor_id	: GenuineIntel
cpu family	: 6
model		: 58
model name	: Intel(R) Core(TM) i5-3337U CPU @ 1.80GHz
stepping	: 9
microcode	: 0x17
cpu MHz		: 2499.960
cache size	: 3072 KB
physical id	: 0
siblings	: 4
core id		: 0
cpu cores	: 2
apicid		: 1
initial apicid	: 1
fpu		: yes
fpu_exception	: yes
cpuid level	: 13
wp		: yes
flags		: fpu vme de pse tsc msr pae mce cx8 apic sep mtrr pge mca cmov pat pse36 clflush dts acpi mmx fxsr sse sse2 ss ht tm pbe syscall nx rdtscp lm constant_tsc arch_perfmon pebs bts rep_good nopl xtopology nonstop_tsc aperfmperf eagerfpu pni pclmulqdq dtes64 monitor ds_cpl vmx est tm2 ssse3 cx16 xtpr pdcm pcid sse4_1 sse4_2 x2apic popcnt tsc_deadline_timer aes xsave avx f16c rdrand lahf_lm epb tpr_shadow vnmi flexpriority ept vpid fsgsbase smep erms xsaveopt dtherm ida arat pln pts
bugs		:
bogomips	: 3591.69
clflush size	: 64
cache_alignment	: 64
address sizes	: 36 bits physical, 48 bits virtual
power management:

processor	: 2
vendor_id	: GenuineIntel
cpu family	: 6
model		: 58
model name	: Intel(R) Core(TM) i5-3337U CPU @ 1.80GHz
stepping	: 9
microcode	: 0x17
cpu MHz		: 2499.960
cache size	: 3072 KB
physical id	: 0
siblings	: 4
core id		: 1
cpu cores	: 2
apicid		: 2
initial apicid	: 2
fpu		: yes
fpu_exception	: yes
cpuid level	: 13
wp		: yes
flags		: fpu vme de pse tsc msr pae mce cx8 apic sep mtrr pge mca cmov pat pse36 clflush dts acpi mmx fxsr sse sse2 ss ht tm pbe syscall nx rdtscp lm constant_tsc arch_perfmon pebs bts rep_good nopl xtopology nonstop_tsc aperfmperf eagerfpu pni pclmulqdq dtes64 monitor ds_cpl vmx est tm2 ssse3 cx16 xtpr pdcm pcid sse4_1 sse4_2 x2apic popcnt tsc_deadline_timer aes xsave avx f16c rdrand lahf_lm epb tpr_shadow vnmi flexpriority ept vpid fsgsbase smep erms xsaveopt dtherm ida arat pln pts
bugs		:
bogomips	: 3591.69
clflush size	: 64
cache_alignment	: 64
address sizes	: 36 bits physical, 48 bits virtual
power management:

processor	: 3
vendor_id	: GenuineIntel
cpu family	: 6
model		: 58
model name	: Intel(R) Core(TM) i5-3337U CPU @ 1.80GHz
stepping	: 9
microcode	: 0x17
cpu MHz		: 2499.960
cache size	: 3072 KB
physical id	: 0
siblings	: 4
core id		: 1
cpu cores	: 2
apicid		: 3
initial apicid	: 3
fpu		: yes
fpu_exception	: yes
cpuid level	: 13
wp		: yes
flags		: fpu vme de pse tsc msr pae mce cx8 apic sep mtrr pge mca cmov pat pse36 clflush dts acpi mmx fxsr sse sse2 ss ht tm pbe syscall nx rdtscp lm constant_tsc arch_perfmon pebs bts rep_good nopl xtopology nonstop_tsc aperfmperf eagerfpu pni pclmulqdq dtes64 monitor ds_cpl vmx est tm2 ssse3 cx16 xtpr pdcm pcid sse4_1 sse4_2 x2apic popcnt tsc_deadline_timer aes xsave avx f16c rdrand lahf_lm epb tpr_shadow vnmi flexpriority ept vpid fsgsbase smep erms xsaveopt dtherm ida arat pln pts
bugs		:
bogomips	: 3591.69
clflush size	: 64
cache_alignment	: 64
address sizes	: 36 bits physical, 48 bits virtual
power management:



Memory: 4k page, physical 8047424k(1236920k free), swap 0k(0k free)

vm_info: Java HotSpot(TM) 64-Bit Server VM (25.101-b13) for linux-amd64 JRE (1.8.0_101-b13), built on Jun 22 2016 02:59:44 by "java_re" with gcc 4.3.0 20080428 (Red Hat 4.3.0-8)

time: Tue Sep 27 16:01:51 2016
elapsed time: 1 seconds (0d 0h 0m 1s)

