#
# A fatal error has been detected by the Java Runtime Environment:
#
#  SIGSEGV (0xb) at pc=0x00007f27f91d2998, pid=7819, tid=0x00007f27f4d97700
#
# JRE version: Java(TM) SE Runtime Environment (8.0_101-b13) (build 1.8.0_101-b13)
# Java VM: Java HotSpot(TM) 64-Bit Server VM (25.101-b13 mixed mode linux-amd64 compressed oops)
# Problematic frame:
# J 422 C2 com.android.dx.util.IntList.get(I)I (36 bytes) @ 0x00007f27f91d2998 [0x00007f27f91d2960+0x38]
#
# Failed to write core dump. Core dumps have been disabled. To enable core dumping, try "ulimit -c unlimited" before starting Java again
#
# If you would like to submit a bug report, please visit:
#   http://bugreport.java.com/bugreport/crash.jsp
#

---------------  T H R E A D  ---------------

Current thread (0x00007f2808132800):  JavaThread "pool-2-thread-1" [_thread_in_Java, id=7898, stack(0x00007f27f4c97000,0x00007f27f4d98000)]

siginfo: si_signo: 11 (SIGSEGV), si_code: 2 (SEGV_ACCERR), si_addr: 0x00000000fc83c33c

Registers:
RAX=0x00007f280c7358c0, RBX=0x00007f280c7358c0, RCX=0x00000000ec83c310, RDX=0x0000000000000000
RSP=0x00007f27f4d95f20, RBP=0x00000000fc83c330, RSI=0x00000000ec83c310, RDI=0x00000001000812b8
R8 =0x0000000000024208, R9 =0x00000000000048af, R10=0x00007f280fafeca0, R11=0x0000000000000001
R12=0x0000000000000000, R13=0x00007f27f4d95f60, R14=0x00007f27f4d95fe8, R15=0x00007f2808132800
RIP=0x00007f27f91d2998, EFLAGS=0x0000000000010297, CSGSFS=0x41ad000000000033, ERR=0x0000000000000004
  TRAPNO=0x000000000000000e

Top of Stack: (sp=0x00007f27f4d95f20)
0x00007f27f4d95f20:   00007f27f4d96030 00007f27f91f46cc
0x00007f27f4d95f30:   ffffffffffffffff 00007f280c772348
0x00007f27f4d95f40:   00007f27f4d95fb8 00007f27f9007d00
0x00007f27f4d95f50:   00007f27f4d95fb8 00007f27f9007d00
0x00007f27f4d95f60:   0000000000000000 00000000ec83c310
0x00007f27f4d95f70:   00000000ec83e6e0 00007f27f4d95f78
0x00007f27f4d95f80:   00007f280c772721 00007f27f4d95fe8
0x00007f27f4d95f90:   00007f280c772ef0 00007f280c842ca0
0x00007f27f4d95fa0:   00007f280c772788 00007f27f4d95f60
0x00007f27f4d95fb0:   00007f27f4d95fe0 00007f27f4d96030
0x00007f27f4d95fc0:   00007f27f9008040 0000000000000001
0x00007f27f4d95fd0:   00000000ec83c310 000000000000019f
0x00007f27f4d95fe0:   00000000ec83c348 00000000ec83e6e0
0x00007f27f4d95ff0:   00007f27f4d95ff0 00007f280c7c2e77
0x00007f27f4d96000:   00007f27f4d960c0 00007f280c7cb028
0x00007f27f4d96010:   0000000000000000 00007f280c7c3098
0x00007f27f4d96020:   00007f27f4d95fe0 00007f27f4d960c0
0x00007f27f4d96030:   00007f27f4d96108 00007f27f90082bd
0x00007f27f4d96040:   00000000000000a9 0000000000000001
0x00007f27f4d96050:   0000000000000001 00000000ec83bcd8
0x00007f27f4d96060:   00000000000000e6 00000000000000e6
0x00007f27f4d96070:   00000000ec83c348 00000000ec83c348
0x00007f27f4d96080:   00000000000000e6 0000000000000054
0x00007f27f4d96090:   00000000ec84f6a8 00000000ec84f660
0x00007f27f4d960a0:   00000000ec84f618 00000000000001b3
0x00007f27f4d960b0:   0000000000000082 00000000ec83e6e0
0x00007f27f4d960c0:   00000000ec849d70 00007f27f4d960c8
0x00007f27f4d960d0:   00007f280c7c2951 00007f27f4d96120
0x00007f27f4d960e0:   00007f280c7cb028 0000000000000000
0x00007f27f4d960f0:   00007f280c7c29a8 00007f27f4d960c0
0x00007f27f4d96100:   00007f27f4d96120 00007f27f4d96168
0x00007f27f4d96110:   00007f27f9008040 0000000000000000 

Instructions: (pc=0x00007f27f91d2998)
0x00007f27f91d2978:   00 00 00 00 66 66 66 90 89 84 24 00 c0 fe ff 55
0x00007f27f91d2988:   48 83 ec 20 44 8b 5e 10 41 3b d3 7d 30 8b 6e 18
0x00007f27f91d2998:   44 8b 5d 0c 41 3b d3 73 10 8b 44 95 10 48 83 c4
0x00007f27f91d29a8:   20 5d 85 05 50 86 57 17 c3 be e4 ff ff ff 89 14 

Register to memory mapping:

RAX={method} {0x00007f280c7358c0} 'get' '(I)I' in 'com/android/dx/util/IntList'
RBX={method} {0x00007f280c7358c0} 'get' '(I)I' in 'com/android/dx/util/IntList'
RCX=0x00000000ec83c310 is an oop
com.android.dx.util.IntList 
 - klass: 'com/android/dx/util/IntList'
RDX=0x0000000000000000 is an unknown value
RSP=0x00007f27f4d95f20 is pointing into the stack for thread: 0x00007f2808132800
RBP=0x00000000fc83c330 is an unallocated location in the heap
RSI=0x00000000ec83c310 is an oop
com.android.dx.util.IntList 
 - klass: 'com/android/dx/util/IntList'
RDI=0x00000001000812b8 is pointing into metadata
R8 =0x0000000000024208 is an unknown value
R9 =0x00000000000048af is an unknown value
R10=0x00007f280fafeca0: <offset 0xfc3ca0> in /usr/lib/jvm/java-8-oracle/jre/lib/amd64/server/libjvm.so at 0x00007f280eb3b000
R11=0x0000000000000001 is an unknown value
R12=0x0000000000000000 is an unknown value
R13=0x00007f27f4d95f60 is pointing into the stack for thread: 0x00007f2808132800
R14=0x00007f27f4d95fe8 is pointing into the stack for thread: 0x00007f2808132800
R15=0x00007f2808132800 is a thread


Stack: [0x00007f27f4c97000,0x00007f27f4d98000],  sp=0x00007f27f4d95f20,  free space=1019k
Native frames: (J=compiled Java code, j=interpreted, Vv=VM code, C=native code)
J 422 C2 com.android.dx.util.IntList.get(I)I (36 bytes) @ 0x00007f27f91d2998 [0x00007f27f91d2960+0x38]
j  com.android.dx.rop.code.BasicBlockList.preferredSuccessorOf(Lcom/android/dx/rop/code/BasicBlock;)Lcom/android/dx/rop/code/BasicBlock;+49
j  com.android.dx.dex.code.RopTranslator.pickOrder()V+231
j  com.android.dx.dex.code.RopTranslator.translateAndGetResult()Lcom/android/dx/dex/code/DalvCode;+1
j  com.android.dx.dex.code.RopTranslator.translate(Lcom/android/dx/rop/code/RopMethod;ILcom/android/dx/rop/code/LocalVariableInfo;ILcom/android/dx/dex/DexOptions;)Lcom/android/dx/dex/code/DalvCode;+17
j  com.android.dx.dex.cf.CfTranslator.processMethods(Lcom/android/dx/cf/direct/DirectClassFile;Lcom/android/dx/dex/cf/CfOptions;Lcom/android/dx/dex/DexOptions;Lcom/android/dx/dex/file/ClassDefItem;Lcom/android/dx/dex/file/DexFile;)V+312
j  com.android.dx.dex.cf.CfTranslator.translate0(Lcom/android/dx/cf/direct/DirectClassFile;[BLcom/android/dx/dex/cf/CfOptions;Lcom/android/dx/dex/DexOptions;Lcom/android/dx/dex/file/DexFile;)Lcom/android/dx/dex/file/ClassDefItem;+120
j  com.android.dx.dex.cf.CfTranslator.translate(Lcom/android/dx/cf/direct/DirectClassFile;[BLcom/android/dx/dex/cf/CfOptions;Lcom/android/dx/dex/DexOptions;Lcom/android/dx/dex/file/DexFile;)Lcom/android/dx/dex/file/ClassDefItem;+6
j  com.android.dx.command.dexer.Main.translateClass([BLcom/android/dx/cf/direct/DirectClassFile;)Lcom/android/dx/dex/file/ClassDefItem;+17
j  com.android.dx.command.dexer.Main.access$2700([BLcom/android/dx/cf/direct/DirectClassFile;)Lcom/android/dx/dex/file/ClassDefItem;+2
j  com.android.dx.command.dexer.Main$ClassTranslatorTask.call()Lcom/android/dx/dex/file/ClassDefItem;+8
j  com.android.dx.command.dexer.Main$ClassTranslatorTask.call()Ljava/lang/Object;+1
j  java.util.concurrent.FutureTask.run()V+42
j  java.util.concurrent.ThreadPoolExecutor.runWorker(Ljava/util/concurrent/ThreadPoolExecutor$Worker;)V+95
j  java.util.concurrent.ThreadPoolExecutor$Worker.run()V+5
j  java.lang.Thread.run()V+11
v  ~StubRoutines::call_stub
V  [libjvm.so+0x68f6b6]  JavaCalls::call_helper(JavaValue*, methodHandle*, JavaCallArguments*, Thread*)+0x1056
V  [libjvm.so+0x68fbc1]  JavaCalls::call_virtual(JavaValue*, KlassHandle, Symbol*, Symbol*, JavaCallArguments*, Thread*)+0x321
V  [libjvm.so+0x690067]  JavaCalls::call_virtual(JavaValue*, Handle, KlassHandle, Symbol*, Symbol*, Thread*)+0x47
V  [libjvm.so+0x726fc0]  thread_entry(JavaThread*, Thread*)+0xa0
V  [libjvm.so+0xa7343f]  JavaThread::thread_main_inner()+0xdf
V  [libjvm.so+0xa7356c]  JavaThread::run()+0x11c
V  [libjvm.so+0x924698]  java_start(Thread*)+0x108
C  [libpthread.so.0+0x76fa]  start_thread+0xca


---------------  P R O C E S S  ---------------

Java Threads: ( => current thread )
  0x00007f280813b800 JavaThread "pool-2-thread-4" [_thread_blocked, id=7904, stack(0x00007f27f4893000,0x00007f27f4994000)]
  0x00007f2808139000 JavaThread "pool-2-thread-3" [_thread_in_Java, id=7902, stack(0x00007f27f4994000,0x00007f27f4a95000)]
  0x00007f2808137000 JavaThread "pool-2-thread-2" [_thread_in_vm, id=7901, stack(0x00007f27f4a95000,0x00007f27f4b96000)]
  0x00007f2808135000 JavaThread "pool-3-thread-1" [_thread_blocked, id=7900, stack(0x00007f27f4b96000,0x00007f27f4c97000)]
=>0x00007f2808132800 JavaThread "pool-2-thread-1" [_thread_in_Java, id=7898, stack(0x00007f27f4c97000,0x00007f27f4d98000)]
  0x00007f28080c0000 JavaThread "Service Thread" daemon [_thread_blocked, id=7883, stack(0x00007f27f4e99000,0x00007f27f4f9a000)]
  0x00007f28080bd000 JavaThread "C1 CompilerThread2" daemon [_thread_blocked, id=7882, stack(0x00007f27f4f9a000,0x00007f27f509b000)]
  0x00007f28080bb800 JavaThread "C2 CompilerThread1" daemon [_thread_blocked, id=7877, stack(0x00007f27f509b000,0x00007f27f519c000)]
  0x00007f28080b8800 JavaThread "C2 CompilerThread0" daemon [_thread_blocked, id=7876, stack(0x00007f27f519c000,0x00007f27f529d000)]
  0x00007f28080b7000 JavaThread "Signal Dispatcher" daemon [_thread_blocked, id=7875, stack(0x00007f27f529d000,0x00007f27f539e000)]
  0x00007f2808084000 JavaThread "Finalizer" daemon [_thread_blocked, id=7864, stack(0x00007f27f5d5d000,0x00007f27f5e5e000)]
  0x00007f280807f800 JavaThread "Reference Handler" daemon [_thread_blocked, id=7861, stack(0x00007f27f5e5e000,0x00007f27f5f5f000)]
  0x00007f280800a000 JavaThread "main" [_thread_in_vm, id=7823, stack(0x00007f281062e000,0x00007f281072f000)]

Other Threads:
  0x00007f2808078000 VMThread [stack: 0x00007f27f5f5f000,0x00007f27f6060000] [id=7859]
  0x00007f28080c3000 WatcherThread [stack: 0x00007f27f4d98000,0x00007f27f4e99000] [id=7888]

VM state:synchronizing (normal execution)

VM Mutex/Monitor currently owned by a thread:  ([mutex/lock_event])
[0x00007f2808006470] Safepoint_lock - owner thread: 0x00007f2808078000
[0x00007f28080064f0] Threads_lock - owner thread: 0x00007f2808078000
[0x00007f28080069f0] Heap_lock - owner thread: 0x00007f2808137000

Heap:
 PSYoungGen      total 36864K, used 31744K [0x00000000eab00000, 0x00000000ed400000, 0x0000000100000000)
  eden space 31744K, 100% used [0x00000000eab00000,0x00000000eca00000,0x00000000eca00000)
  from space 5120K, 0% used [0x00000000ecf00000,0x00000000ecf00000,0x00000000ed400000)
  to   space 5120K, 0% used [0x00000000eca00000,0x00000000eca00000,0x00000000ecf00000)
 ParOldGen       total 84992K, used 0K [0x00000000c0000000, 0x00000000c5300000, 0x00000000eab00000)
  object space 84992K, 0% used [0x00000000c0000000,0x00000000c0000000,0x00000000c5300000)
 Metaspace       used 5664K, capacity 6704K, committed 6784K, reserved 1056768K
  class space    used 586K, capacity 616K, committed 640K, reserved 1048576K

Card table byte_map: [0x00007f280d1d3000,0x00007f280d3d4000] byte_map_base: 0x00007f280cbd3000

Marking Bits: (ParMarkBitMap*) 0x00007f280fafc120
 Begin Bits: [0x00007f27f7000000, 0x00007f27f8000000)
 End Bits:   [0x00007f27f8000000, 0x00007f27f9000000)

Polling page: 0x00007f281074b000

CodeCache: size=245760Kb used=2619Kb max_used=2644Kb free=243140Kb
 bounds [0x00007f27f9000000, 0x00007f27f92a0000, 0x00007f2808000000]
 total_blobs=939 nmethods=671 adapters=182
 compilation: enabled

Compilation events (10 events):
Event: 1.742 Thread 0x00007f28080bd000 nmethod 809 0x00007f27f927d6d0 code [0x00007f27f927d8e0, 0x00007f27f927dfe8]
Event: 1.742 Thread 0x00007f28080bd000  807       2       com.android.dx.ssa.SsaBasicBlock::getRopLabelSuccessorList (57 bytes)
Event: 1.743 Thread 0x00007f28080bd000 nmethod 807 0x00007f27f927ea50 code [0x00007f27f927ec20, 0x00007f27f927f088]
Event: 1.743 Thread 0x00007f28080bd000  818       2       com.android.dx.ssa.SsaBasicBlock::newFromRop (183 bytes)
Event: 1.769 Thread 0x00007f28080bd000 nmethod 818 0x00007f27f9280b10 code [0x00007f27f9280d20, 0x00007f27f92814b8]
Event: 1.769 Thread 0x00007f28080bd000  842       2       com.android.dx.cf.code.Ropper::labelToResultIndex (47 bytes)
Event: 1.770 Thread 0x00007f28080bd000 nmethod 842 0x00007f27f9281dd0 code [0x00007f27f9281f60, 0x00007f27f9282298]
Event: 1.770 Thread 0x00007f28080bd000  802       2       com.android.dx.ssa.back.SsaToRop$1::visitBlock (97 bytes)
Event: 1.771 Thread 0x00007f28080bd000 nmethod 802 0x00007f27f9282610 code [0x00007f27f9282820, 0x00007f27f9282dc8]
Event: 1.771 Thread 0x00007f28080bd000  819       2       com.android.dx.ssa.SsaMethod::indexListFromLabelList (47 bytes)

GC Heap History (0 events):
No events

Deoptimization events (7 events):
Event: 0.369 Thread 0x00007f280800a000 Uncommon trap: reason=unstable_if action=reinterpret pc=0x00007f27f91527c8 method=java.lang.String.indexOf(II)I @ 49
Event: 0.706 Thread 0x00007f2808139000 Uncommon trap: reason=unstable_if action=reinterpret pc=0x00007f27f91c4f80 method=java.util.HashMap.getNode(ILjava/lang/Object;)Ljava/util/HashMap$Node; @ 129
Event: 1.149 Thread 0x00007f2808139000 Uncommon trap: reason=class_check action=maybe_recompile pc=0x00007f27f91e75d0 method=com.android.dx.ssa.NormalSsaInsn.accept(Lcom/android/dx/ssa/SsaInsn$Visitor;)V @ 9
Event: 1.149 Thread 0x00007f2808139000 Uncommon trap: reason=class_check action=maybe_recompile pc=0x00007f27f91e75d0 method=com.android.dx.ssa.NormalSsaInsn.accept(Lcom/android/dx/ssa/SsaInsn$Visitor;)V @ 9
Event: 1.149 Thread 0x00007f2808139000 Uncommon trap: reason=class_check action=maybe_recompile pc=0x00007f27f91e75d0 method=com.android.dx.ssa.NormalSsaInsn.accept(Lcom/android/dx/ssa/SsaInsn$Visitor;)V @ 9
Event: 1.149 Thread 0x00007f2808139000 Uncommon trap: reason=class_check action=maybe_recompile pc=0x00007f27f91e75d0 method=com.android.dx.ssa.NormalSsaInsn.accept(Lcom/android/dx/ssa/SsaInsn$Visitor;)V @ 9
Event: 1.616 Thread 0x00007f2808132800 Uncommon trap: reason=bimorphic action=maybe_recompile pc=0x00007f27f91d0bc0 method=java.util.HashMap.getNode(ILjava/lang/Object;)Ljava/util/HashMap$Node; @ 126

Internal exceptions (2 events):
Event: 0.034 Thread 0x00007f280800a000 Exception <a 'java/lang/NoSuchMethodError': Method sun.misc.Unsafe.defineClass(Ljava/lang/String;[BII)Ljava/lang/Class; name or signature does not match> (0x00000000eab07cc0) thrown at [/HUDSON3/workspace/8-2-build-linux-amd64/jdk8u101/7261/hotspot/src/sh
Event: 0.034 Thread 0x00007f280800a000 Exception <a 'java/lang/NoSuchMethodError': Method sun.misc.Unsafe.prefetchRead(Ljava/lang/Object;J)V name or signature does not match> (0x00000000eab07fa8) thrown at [/HUDSON3/workspace/8-2-build-linux-amd64/jdk8u101/7261/hotspot/src/share/vm/prims/jni.c

Events (10 events):
Event: 1.149 Thread 0x00007f2808139000 DEOPT UNPACKING pc=0x00007f27f9005229 sp=0x00007f27f4a92f20 mode 2
Event: 1.168 loading class java/util/DualPivotQuicksort
Event: 1.168 loading class java/util/DualPivotQuicksort done
Event: 1.215 loading class java/util/TreeMap$EntrySet
Event: 1.216 loading class java/util/TreeMap$EntrySet done
Event: 1.216 loading class java/util/TreeMap$EntryIterator
Event: 1.216 loading class java/util/TreeMap$EntryIterator done
Event: 1.616 Thread 0x00007f2808132800 Uncommon trap: trap_request=0xffffffc6 fr.pc=0x00007f27f91d0bc0
Event: 1.616 Thread 0x00007f2808132800 DEOPT PACKING pc=0x00007f27f91d0bc0 sp=0x00007f27f4d95e10
Event: 1.616 Thread 0x00007f2808132800 DEOPT UNPACKING pc=0x00007f27f9005229 sp=0x00007f27f4d95d48 mode 2


Dynamic libraries:
00400000-00401000 r-xp 00000000 08:01 4592730                            /usr/lib/jvm/java-8-oracle/bin/java
00600000-00601000 rw-p 00000000 08:01 4592730                            /usr/lib/jvm/java-8-oracle/bin/java
0255c000-0257d000 rw-p 00000000 00:00 0                                  [heap]
c0000000-c5300000 rw-p 00000000 00:00 0 
c5300000-eab00000 ---p 00000000 00:00 0 
eab00000-ed400000 rw-p 00000000 00:00 0 
ed400000-100000000 ---p 00000000 00:00 0 
100000000-1000a0000 rw-p 00000000 00:00 0 
1000a0000-140000000 ---p 00000000 00:00 0 
7f27a4000000-7f27a4021000 rw-p 00000000 00:00 0 
7f27a4021000-7f27a8000000 ---p 00000000 00:00 0 
7f27ac000000-7f27ac021000 rw-p 00000000 00:00 0 
7f27ac021000-7f27b0000000 ---p 00000000 00:00 0 
7f27b0000000-7f27b0021000 rw-p 00000000 00:00 0 
7f27b0021000-7f27b4000000 ---p 00000000 00:00 0 
7f27b4000000-7f27b42c4000 rw-p 00000000 00:00 0 
7f27b42c4000-7f27b8000000 ---p 00000000 00:00 0 
7f27b8000000-7f27b8021000 rw-p 00000000 00:00 0 
7f27b8021000-7f27bc000000 ---p 00000000 00:00 0 
7f27bc000000-7f27bc021000 rw-p 00000000 00:00 0 
7f27bc021000-7f27c0000000 ---p 00000000 00:00 0 
7f27c0000000-7f27c0021000 rw-p 00000000 00:00 0 
7f27c0021000-7f27c4000000 ---p 00000000 00:00 0 
7f27c4000000-7f27c43bc000 rw-p 00000000 00:00 0 
7f27c43bc000-7f27c8000000 ---p 00000000 00:00 0 
7f27c8000000-7f27c876d000 rw-p 00000000 00:00 0 
7f27c876d000-7f27cc000000 ---p 00000000 00:00 0 
7f27cc000000-7f27cc021000 rw-p 00000000 00:00 0 
7f27cc021000-7f27d0000000 ---p 00000000 00:00 0 
7f27d0000000-7f27d05d2000 rw-p 00000000 00:00 0 
7f27d05d2000-7f27d4000000 ---p 00000000 00:00 0 
7f27d4000000-7f27d4021000 rw-p 00000000 00:00 0 
7f27d4021000-7f27d8000000 ---p 00000000 00:00 0 
7f27d8000000-7f27d8021000 rw-p 00000000 00:00 0 
7f27d8021000-7f27dc000000 ---p 00000000 00:00 0 
7f27dc000000-7f27dc021000 rw-p 00000000 00:00 0 
7f27dc021000-7f27e0000000 ---p 00000000 00:00 0 
7f27e0000000-7f27e0021000 rw-p 00000000 00:00 0 
7f27e0021000-7f27e4000000 ---p 00000000 00:00 0 
7f27e4000000-7f27e4021000 rw-p 00000000 00:00 0 
7f27e4021000-7f27e8000000 ---p 00000000 00:00 0 
7f27e8000000-7f27e8021000 rw-p 00000000 00:00 0 
7f27e8021000-7f27ec000000 ---p 00000000 00:00 0 
7f27f0000000-7f27f0021000 rw-p 00000000 00:00 0 
7f27f0021000-7f27f4000000 ---p 00000000 00:00 0 
7f27f4893000-7f27f4896000 ---p 00000000 00:00 0 
7f27f4896000-7f27f4994000 rw-p 00000000 00:00 0 
7f27f4994000-7f27f4997000 ---p 00000000 00:00 0 
7f27f4997000-7f27f4a95000 rw-p 00000000 00:00 0 
7f27f4a95000-7f27f4a98000 ---p 00000000 00:00 0 
7f27f4a98000-7f27f4b96000 rw-p 00000000 00:00 0 
7f27f4b96000-7f27f4b99000 ---p 00000000 00:00 0 
7f27f4b99000-7f27f4c97000 rw-p 00000000 00:00 0 
7f27f4c97000-7f27f4c9a000 ---p 00000000 00:00 0 
7f27f4c9a000-7f27f4d98000 rw-p 00000000 00:00 0 
7f27f4d98000-7f27f4d99000 ---p 00000000 00:00 0 
7f27f4d99000-7f27f4e99000 rw-p 00000000 00:00 0 
7f27f4e99000-7f27f4e9c000 ---p 00000000 00:00 0 
7f27f4e9c000-7f27f4f9a000 rw-p 00000000 00:00 0 
7f27f4f9a000-7f27f4f9d000 ---p 00000000 00:00 0 
7f27f4f9d000-7f27f509b000 rw-p 00000000 00:00 0 
7f27f509b000-7f27f509e000 ---p 00000000 00:00 0 
7f27f509e000-7f27f519c000 rw-p 00000000 00:00 0 
7f27f519c000-7f27f519f000 ---p 00000000 00:00 0 
7f27f519f000-7f27f529d000 rw-p 00000000 00:00 0 
7f27f529d000-7f27f52a0000 ---p 00000000 00:00 0 
7f27f52a0000-7f27f539e000 rw-p 00000000 00:00 0 
7f27f539e000-7f27f5d5d000 r--p 00000000 08:01 4332457                    /usr/lib/locale/locale-archive
7f27f5d5d000-7f27f5d60000 ---p 00000000 00:00 0 
7f27f5d60000-7f27f5e5e000 rw-p 00000000 00:00 0 
7f27f5e5e000-7f27f5e61000 ---p 00000000 00:00 0 
7f27f5e61000-7f27f5f5f000 rw-p 00000000 00:00 0 
7f27f5f5f000-7f27f5f60000 ---p 00000000 00:00 0 
7f27f5f60000-7f27f9000000 rw-p 00000000 00:00 0 
7f27f9000000-7f27f92a0000 rwxp 00000000 00:00 0 
7f27f92a0000-7f2808000000 ---p 00000000 00:00 0 
7f2808000000-7f2808391000 rw-p 00000000 00:00 0 
7f2808391000-7f280c000000 ---p 00000000 00:00 0 
7f280c009000-7f280c02a000 rw-p 00000000 00:00 0 
7f280c02a000-7f280c203000 r--s 03d29000 08:01 4592778                    /usr/lib/jvm/java-8-oracle/jre/lib/rt.jar
7f280c203000-7f280c879000 rw-p 00000000 00:00 0 
7f280c879000-7f280ca79000 ---p 00000000 00:00 0 
7f280ca79000-7f280cc79000 rw-p 00000000 00:00 0 
7f280cc79000-7f280cc7a000 ---p 00000000 00:00 0 
7f280cc7a000-7f280cd7a000 rw-p 00000000 00:00 0 
7f280cd7a000-7f280cd7b000 ---p 00000000 00:00 0 
7f280cd7b000-7f280ce7b000 rw-p 00000000 00:00 0 
7f280ce7b000-7f280ce7c000 ---p 00000000 00:00 0 
7f280ce7c000-7f280cf7c000 rw-p 00000000 00:00 0 
7f280cf7c000-7f280cf7d000 ---p 00000000 00:00 0 
7f280cf7d000-7f280d0a7000 rw-p 00000000 00:00 0 
7f280d0a7000-7f280d1d3000 ---p 00000000 00:00 0 
7f280d1d3000-7f280d1fd000 rw-p 00000000 00:00 0 
7f280d1fd000-7f280d328000 ---p 00000000 00:00 0 
7f280d328000-7f280d33d000 rw-p 00000000 00:00 0 
7f280d33d000-7f280d3d3000 ---p 00000000 00:00 0 
7f280d3d3000-7f280d3df000 rw-p 00000000 00:00 0 
7f280d3df000-7f280d794000 ---p 00000000 00:00 0 
7f280d794000-7f280d7ae000 r-xp 00000000 08:01 4592807                    /usr/lib/jvm/java-8-oracle/jre/lib/amd64/libzip.so
7f280d7ae000-7f280d9ae000 ---p 0001a000 08:01 4592807                    /usr/lib/jvm/java-8-oracle/jre/lib/amd64/libzip.so
7f280d9ae000-7f280d9af000 rw-p 0001a000 08:01 4592807                    /usr/lib/jvm/java-8-oracle/jre/lib/amd64/libzip.so
7f280d9af000-7f280d9ba000 r-xp 00000000 08:01 1839588                    /lib/x86_64-linux-gnu/libnss_files-2.23.so
7f280d9ba000-7f280dbb9000 ---p 0000b000 08:01 1839588                    /lib/x86_64-linux-gnu/libnss_files-2.23.so
7f280dbb9000-7f280dbba000 r--p 0000a000 08:01 1839588                    /lib/x86_64-linux-gnu/libnss_files-2.23.so
7f280dbba000-7f280dbbb000 rw-p 0000b000 08:01 1839588                    /lib/x86_64-linux-gnu/libnss_files-2.23.so
7f280dbbb000-7f280dbc1000 rw-p 00000000 00:00 0 
7f280dbc1000-7f280dbcc000 r-xp 00000000 08:01 1839598                    /lib/x86_64-linux-gnu/libnss_nis-2.23.so
7f280dbcc000-7f280ddcb000 ---p 0000b000 08:01 1839598                    /lib/x86_64-linux-gnu/libnss_nis-2.23.so
7f280ddcb000-7f280ddcc000 r--p 0000a000 08:01 1839598                    /lib/x86_64-linux-gnu/libnss_nis-2.23.so
7f280ddcc000-7f280ddcd000 rw-p 0000b000 08:01 1839598                    /lib/x86_64-linux-gnu/libnss_nis-2.23.so
7f280ddcd000-7f280dde3000 r-xp 00000000 08:01 1839582                    /lib/x86_64-linux-gnu/libnsl-2.23.so
7f280dde3000-7f280dfe2000 ---p 00016000 08:01 1839582                    /lib/x86_64-linux-gnu/libnsl-2.23.so
7f280dfe2000-7f280dfe3000 r--p 00015000 08:01 1839582                    /lib/x86_64-linux-gnu/libnsl-2.23.so
7f280dfe3000-7f280dfe4000 rw-p 00016000 08:01 1839582                    /lib/x86_64-linux-gnu/libnsl-2.23.so
7f280dfe4000-7f280dfe6000 rw-p 00000000 00:00 0 
7f280dfe6000-7f280dfee000 r-xp 00000000 08:01 1839584                    /lib/x86_64-linux-gnu/libnss_compat-2.23.so
7f280dfee000-7f280e1ed000 ---p 00008000 08:01 1839584                    /lib/x86_64-linux-gnu/libnss_compat-2.23.so
7f280e1ed000-7f280e1ee000 r--p 00007000 08:01 1839584                    /lib/x86_64-linux-gnu/libnss_compat-2.23.so
7f280e1ee000-7f280e1ef000 rw-p 00008000 08:01 1839584                    /lib/x86_64-linux-gnu/libnss_compat-2.23.so
7f280e1ef000-7f280e219000 r-xp 00000000 08:01 4592831                    /usr/lib/jvm/java-8-oracle/jre/lib/amd64/libjava.so
7f280e219000-7f280e419000 ---p 0002a000 08:01 4592831                    /usr/lib/jvm/java-8-oracle/jre/lib/amd64/libjava.so
7f280e419000-7f280e41b000 rw-p 0002a000 08:01 4592831                    /usr/lib/jvm/java-8-oracle/jre/lib/amd64/libjava.so
7f280e41b000-7f280e428000 r-xp 00000000 08:01 4592787                    /usr/lib/jvm/java-8-oracle/jre/lib/amd64/libverify.so
7f280e428000-7f280e628000 ---p 0000d000 08:01 4592787                    /usr/lib/jvm/java-8-oracle/jre/lib/amd64/libverify.so
7f280e628000-7f280e62a000 rw-p 0000d000 08:01 4592787                    /usr/lib/jvm/java-8-oracle/jre/lib/amd64/libverify.so
7f280e62a000-7f280e631000 r-xp 00000000 08:01 1839643                    /lib/x86_64-linux-gnu/librt-2.23.so
7f280e631000-7f280e830000 ---p 00007000 08:01 1839643                    /lib/x86_64-linux-gnu/librt-2.23.so
7f280e830000-7f280e831000 r--p 00006000 08:01 1839643                    /lib/x86_64-linux-gnu/librt-2.23.so
7f280e831000-7f280e832000 rw-p 00007000 08:01 1839643                    /lib/x86_64-linux-gnu/librt-2.23.so
7f280e832000-7f280e93a000 r-xp 00000000 08:01 1839559                    /lib/x86_64-linux-gnu/libm-2.23.so
7f280e93a000-7f280eb39000 ---p 00108000 08:01 1839559                    /lib/x86_64-linux-gnu/libm-2.23.so
7f280eb39000-7f280eb3a000 r--p 00107000 08:01 1839559                    /lib/x86_64-linux-gnu/libm-2.23.so
7f280eb3a000-7f280eb3b000 rw-p 00108000 08:01 1839559                    /lib/x86_64-linux-gnu/libm-2.23.so
7f280eb3b000-7f280f806000 r-xp 00000000 08:01 4719822                    /usr/lib/jvm/java-8-oracle/jre/lib/amd64/server/libjvm.so
7f280f806000-7f280fa05000 ---p 00ccb000 08:01 4719822                    /usr/lib/jvm/java-8-oracle/jre/lib/amd64/server/libjvm.so
7f280fa05000-7f280fade000 rw-p 00cca000 08:01 4719822                    /usr/lib/jvm/java-8-oracle/jre/lib/amd64/server/libjvm.so
7f280fade000-7f280fb29000 rw-p 00000000 00:00 0 
7f280fb29000-7f280fce9000 r-xp 00000000 08:01 1839489                    /lib/x86_64-linux-gnu/libc-2.23.so
7f280fce9000-7f280fee8000 ---p 001c0000 08:01 1839489                    /lib/x86_64-linux-gnu/libc-2.23.so
7f280fee8000-7f280feec000 r--p 001bf000 08:01 1839489                    /lib/x86_64-linux-gnu/libc-2.23.so
7f280feec000-7f280feee000 rw-p 001c3000 08:01 1839489                    /lib/x86_64-linux-gnu/libc-2.23.so
7f280feee000-7f280fef2000 rw-p 00000000 00:00 0 
7f280fef2000-7f280fef5000 r-xp 00000000 08:01 1839513                    /lib/x86_64-linux-gnu/libdl-2.23.so
7f280fef5000-7f28100f4000 ---p 00003000 08:01 1839513                    /lib/x86_64-linux-gnu/libdl-2.23.so
7f28100f4000-7f28100f5000 r--p 00002000 08:01 1839513                    /lib/x86_64-linux-gnu/libdl-2.23.so
7f28100f5000-7f28100f6000 rw-p 00003000 08:01 1839513                    /lib/x86_64-linux-gnu/libdl-2.23.so
7f28100f6000-7f281010b000 r-xp 00000000 08:01 4461942                    /usr/lib/jvm/java-8-oracle/lib/amd64/jli/libjli.so
7f281010b000-7f281030b000 ---p 00015000 08:01 4461942                    /usr/lib/jvm/java-8-oracle/lib/amd64/jli/libjli.so
7f281030b000-7f281030c000 rw-p 00015000 08:01 4461942                    /usr/lib/jvm/java-8-oracle/lib/amd64/jli/libjli.so
7f281030c000-7f2810324000 r-xp 00000000 08:01 1839635                    /lib/x86_64-linux-gnu/libpthread-2.23.so
7f2810324000-7f2810523000 ---p 00018000 08:01 1839635                    /lib/x86_64-linux-gnu/libpthread-2.23.so
7f2810523000-7f2810524000 r--p 00017000 08:01 1839635                    /lib/x86_64-linux-gnu/libpthread-2.23.so
7f2810524000-7f2810525000 rw-p 00018000 08:01 1839635                    /lib/x86_64-linux-gnu/libpthread-2.23.so
7f2810525000-7f2810529000 rw-p 00000000 00:00 0 
7f2810529000-7f281054f000 r-xp 00000000 08:01 1839461                    /lib/x86_64-linux-gnu/ld-2.23.so
7f2810553000-7f2810555000 r--s 0000d000 08:01 7734082                    /home/ming/AndroidStudioProjects/CropinSunnnyDatabase/app/build/intermediates/incremental-runtime-classes/debug/instant-run.jar
7f2810555000-7f281062e000 rw-p 00000000 00:00 0 
7f281062e000-7f2810631000 ---p 00000000 00:00 0 
7f2810631000-7f2810733000 rw-p 00000000 00:00 0 
7f2810734000-7f2810742000 r--s 000e0000 08:01 8259611                    /home/ming/Android/Sdk/build-tools/24.0.2/lib/dx.jar
7f2810742000-7f281074a000 rw-s 00000000 08:01 14680221                   /tmp/hsperfdata_ming/7819
7f281074a000-7f281074b000 rw-p 00000000 00:00 0 
7f281074b000-7f281074c000 ---p 00000000 00:00 0 
7f281074c000-7f281074e000 rw-p 00000000 00:00 0 
7f281074e000-7f281074f000 r--p 00025000 08:01 1839461                    /lib/x86_64-linux-gnu/ld-2.23.so
7f281074f000-7f2810750000 rw-p 00026000 08:01 1839461                    /lib/x86_64-linux-gnu/ld-2.23.so
7f2810750000-7f2810751000 rw-p 00000000 00:00 0 
7ffc59fa8000-7ffc59fc9000 rw-p 00000000 00:00 0                          [stack]
7ffc59fce000-7ffc59fd0000 r--p 00000000 00:00 0                          [vvar]
7ffc59fd0000-7ffc59fd2000 r-xp 00000000 00:00 0                          [vdso]
ffffffffff600000-ffffffffff601000 r-xp 00000000 00:00 0                  [vsyscall]

VM Arguments:
jvm_args: -Djava.awt.headless=true -Xmx1024M -Dfile.encoding=UTF-8 -Duser.country=IN -Duser.language=en -Duser.variant 
java_command: com.android.dx.command.Main --dex --force-jumbo --num-threads=4 --multi-dex --output /home/ming/AndroidStudioProjects/CropinSunnnyDatabase/app/build/intermediates/transforms/dex/debug/folders/1000/10/instant-run_6ea7e713127379a65a688a41e1abff7ff958abbc /home/ming/AndroidStudioProjects/CropinSunnnyDatabase/app/build/intermediates/incremental-runtime-classes/debug/instant-run.jar
java_class_path (initial): /home/ming/Android/Sdk/build-tools/24.0.2/lib/dx.jar
Launcher Type: SUN_STANDARD

Environment Variables:
JAVA_HOME=/usr/lib/jvm/java-8-openjdk-amd64
PATH=/home/ming/bin:/home/ming/.local/bin:/usr/local/sbin:/usr/local/bin:/usr/sbin:/usr/bin:/sbin:/bin:/usr/games:/usr/local/games:/snap/bin
SHELL=/bin/bash
DISPLAY=:0

Signal Handlers:
SIGSEGV: [libjvm.so+0xac4790], sa_mask[0]=11111111011111111101111111111110, sa_flags=SA_RESTART|SA_SIGINFO
SIGBUS: [libjvm.so+0xac4790], sa_mask[0]=11111111011111111101111111111110, sa_flags=SA_RESTART|SA_SIGINFO
SIGFPE: [libjvm.so+0x91f140], sa_mask[0]=11111111011111111101111111111110, sa_flags=SA_RESTART|SA_SIGINFO
SIGPIPE: [libjvm.so+0x91f140], sa_mask[0]=11111111011111111101111111111110, sa_flags=SA_RESTART|SA_SIGINFO
SIGXFSZ: [libjvm.so+0x91f140], sa_mask[0]=11111111011111111101111111111110, sa_flags=SA_RESTART|SA_SIGINFO
SIGILL: [libjvm.so+0x91f140], sa_mask[0]=11111111011111111101111111111110, sa_flags=SA_RESTART|SA_SIGINFO
SIGUSR1: SIG_DFL, sa_mask[0]=00000000000000000000000000000000, sa_flags=none
SIGUSR2: [libjvm.so+0x920770], sa_mask[0]=00100000000000000000000000000000, sa_flags=SA_RESTART|SA_SIGINFO
SIGHUP: [libjvm.so+0x921b70], sa_mask[0]=11111111011111111101111111111110, sa_flags=SA_RESTART|SA_SIGINFO
SIGINT: [libjvm.so+0x921b70], sa_mask[0]=11111111011111111101111111111110, sa_flags=SA_RESTART|SA_SIGINFO
SIGTERM: [libjvm.so+0x921b70], sa_mask[0]=11111111011111111101111111111110, sa_flags=SA_RESTART|SA_SIGINFO
SIGQUIT: [libjvm.so+0x921b70], sa_mask[0]=11111111011111111101111111111110, sa_flags=SA_RESTART|SA_SIGINFO


---------------  S Y S T E M  ---------------

OS:DISTRIB_ID=Ubuntu
DISTRIB_RELEASE=16.04
DISTRIB_CODENAME=xenial
DISTRIB_DESCRIPTION="Ubuntu 16.04.1 LTS"

uname:Linux 4.4.0-38-generic #57-Ubuntu SMP Tue Sep 6 15:42:33 UTC 2016 x86_64
libc:glibc 2.23 NPTL 2.23 
rlimit: STACK 8192k, CORE 0k, NPROC 31278, NOFILE 65536, AS infinity
load average:11.62 6.05 2.81

/proc/meminfo:
MemTotal:        8047424 kB
MemFree:         4611516 kB
MemAvailable:    4713816 kB
Buffers:           17640 kB
Cached:           464592 kB
SwapCached:            0 kB
Active:          2943064 kB
Inactive:         290352 kB
Active(anon):    2759504 kB
Inactive(anon):   170468 kB
Active(file):     183560 kB
Inactive(file):   119884 kB
Unevictable:         216 kB
Mlocked:             216 kB
SwapTotal:             0 kB
SwapFree:              0 kB
Dirty:             14744 kB
Writeback:             0 kB
AnonPages:       2751496 kB
Mapped:           224700 kB
Shmem:            178788 kB
Slab:              81104 kB
SReclaimable:      44704 kB
SUnreclaim:        36400 kB
KernelStack:       11824 kB
PageTables:        39628 kB
NFS_Unstable:          0 kB
Bounce:                0 kB
WritebackTmp:          0 kB
CommitLimit:     4023712 kB
Committed_AS:    7105008 kB
VmallocTotal:   34359738367 kB
VmallocUsed:           0 kB
VmallocChunk:          0 kB
HardwareCorrupted:     0 kB
AnonHugePages:   1314816 kB
CmaTotal:              0 kB
CmaFree:               0 kB
HugePages_Total:       0
HugePages_Free:        0
HugePages_Rsvd:        0
HugePages_Surp:        0
Hugepagesize:       2048 kB
DirectMap4k:      153340 kB
DirectMap2M:     8108032 kB


CPU:total 4 (2 cores per cpu, 2 threads per core) family 6 model 58 stepping 9, cmov, cx8, fxsr, mmx, sse, sse2, sse3, ssse3, sse4.1, sse4.2, popcnt, avx, aes, clmul, erms, ht, tsc, tscinvbit, tscinv

/proc/cpuinfo:
processor	: 0
vendor_id	: GenuineIntel
cpu family	: 6
model		: 58
model name	: Intel(R) Core(TM) i5-3337U CPU @ 1.80GHz
stepping	: 9
microcode	: 0x17
cpu MHz		: 2499.960
cache size	: 3072 KB
physical id	: 0
siblings	: 4
core id		: 0
cpu cores	: 2
apicid		: 0
initial apicid	: 0
fpu		: yes
fpu_exception	: yes
cpuid level	: 13
wp		: yes
flags		: fpu vme de pse tsc msr pae mce cx8 apic sep mtrr pge mca cmov pat pse36 clflush dts acpi mmx fxsr sse sse2 ss ht tm pbe syscall nx rdtscp lm constant_tsc arch_perfmon pebs bts rep_good nopl xtopology nonstop_tsc aperfmperf eagerfpu pni pclmulqdq dtes64 monitor ds_cpl vmx est tm2 ssse3 cx16 xtpr pdcm pcid sse4_1 sse4_2 x2apic popcnt tsc_deadline_timer aes xsave avx f16c rdrand lahf_lm epb tpr_shadow vnmi flexpriority ept vpid fsgsbase smep erms xsaveopt dtherm ida arat pln pts
bugs		:
bogomips	: 3591.54
clflush size	: 64
cache_alignment	: 64
address sizes	: 36 bits physical, 48 bits virtual
power management:

processor	: 1
vendor_id	: GenuineIntel
cpu family	: 6
model		: 58
model name	: Intel(R) Core(TM) i5-3337U CPU @ 1.80GHz
stepping	: 9
microcode	: 0x17
cpu MHz		: 2499.960
cache size	: 3072 KB
physical id	: 0
siblings	: 4
core id		: 0
cpu cores	: 2
apicid		: 1
initial apicid	: 1
fpu		: yes
fpu_exception	: yes
cpuid level	: 13
wp		: yes
flags		: fpu vme de pse tsc msr pae mce cx8 apic sep mtrr pge mca cmov pat pse36 clflush dts acpi mmx fxsr sse sse2 ss ht tm pbe syscall nx rdtscp lm constant_tsc arch_perfmon pebs bts rep_good nopl xtopology nonstop_tsc aperfmperf eagerfpu pni pclmulqdq dtes64 monitor ds_cpl vmx est tm2 ssse3 cx16 xtpr pdcm pcid sse4_1 sse4_2 x2apic popcnt tsc_deadline_timer aes xsave avx f16c rdrand lahf_lm epb tpr_shadow vnmi flexpriority ept vpid fsgsbase smep erms xsaveopt dtherm ida arat pln pts
bugs		:
bogomips	: 3591.54
clflush size	: 64
cache_alignment	: 64
address sizes	: 36 bits physical, 48 bits virtual
power management:

processor	: 2
vendor_id	: GenuineIntel
cpu family	: 6
model		: 58
model name	: Intel(R) Core(TM) i5-3337U CPU @ 1.80GHz
stepping	: 9
microcode	: 0x17
cpu MHz		: 2499.960
cache size	: 3072 KB
physical id	: 0
siblings	: 4
core id		: 1
cpu cores	: 2
apicid		: 2
initial apicid	: 2
fpu		: yes
fpu_exception	: yes
cpuid level	: 13
wp		: yes
flags		: fpu vme de pse tsc msr pae mce cx8 apic sep mtrr pge mca cmov pat pse36 clflush dts acpi mmx fxsr sse sse2 ss ht tm pbe syscall nx rdtscp lm constant_tsc arch_perfmon pebs bts rep_good nopl xtopology nonstop_tsc aperfmperf eagerfpu pni pclmulqdq dtes64 monitor ds_cpl vmx est tm2 ssse3 cx16 xtpr pdcm pcid sse4_1 sse4_2 x2apic popcnt tsc_deadline_timer aes xsave avx f16c rdrand lahf_lm epb tpr_shadow vnmi flexpriority ept vpid fsgsbase smep erms xsaveopt dtherm ida arat pln pts
bugs		:
bogomips	: 3591.54
clflush size	: 64
cache_alignment	: 64
address sizes	: 36 bits physical, 48 bits virtual
power management:

processor	: 3
vendor_id	: GenuineIntel
cpu family	: 6
model		: 58
model name	: Intel(R) Core(TM) i5-3337U CPU @ 1.80GHz
stepping	: 9
microcode	: 0x17
cpu MHz		: 2499.960
cache size	: 3072 KB
physical id	: 0
siblings	: 4
core id		: 1
cpu cores	: 2
apicid		: 3
initial apicid	: 3
fpu		: yes
fpu_exception	: yes
cpuid level	: 13
wp		: yes
flags		: fpu vme de pse tsc msr pae mce cx8 apic sep mtrr pge mca cmov pat pse36 clflush dts acpi mmx fxsr sse sse2 ss ht tm pbe syscall nx rdtscp lm constant_tsc arch_perfmon pebs bts rep_good nopl xtopology nonstop_tsc aperfmperf eagerfpu pni pclmulqdq dtes64 monitor ds_cpl vmx est tm2 ssse3 cx16 xtpr pdcm pcid sse4_1 sse4_2 x2apic popcnt tsc_deadline_timer aes xsave avx f16c rdrand lahf_lm epb tpr_shadow vnmi flexpriority ept vpid fsgsbase smep erms xsaveopt dtherm ida arat pln pts
bugs		:
bogomips	: 3591.54
clflush size	: 64
cache_alignment	: 64
address sizes	: 36 bits physical, 48 bits virtual
power management:



Memory: 4k page, physical 8047424k(4611516k free), swap 0k(0k free)

vm_info: Java HotSpot(TM) 64-Bit Server VM (25.101-b13) for linux-amd64 JRE (1.8.0_101-b13), built on Jun 22 2016 02:59:44 by "java_re" with gcc 4.3.0 20080428 (Red Hat 4.3.0-8)

time: Tue Sep 27 12:08:15 2016
elapsed time: 2 seconds (0d 0h 0m 2s)

