#
# A fatal error has been detected by the Java Runtime Environment:
#
#  SIGSEGV (0xb) at pc=0x00007ff5174a54cc, pid=3016, tid=0x00007ff4ead37700
#
# JRE version: Java(TM) SE Runtime Environment (8.0_101-b13) (build 1.8.0_101-b13)
# Java VM: Java HotSpot(TM) 64-Bit Server VM (25.101-b13 mixed mode linux-amd64 compressed oops)
# Problematic frame:
# V  [libjvm.so+0x7fc4cc]  PhaseLive::add_liveout(Block*, IndexSet*, VectorSet&)+0x13c
#
# Failed to write core dump. Core dumps have been disabled. To enable core dumping, try "ulimit -c unlimited" before starting Java again
#
# If you would like to submit a bug report, please visit:
#   http://bugreport.java.com/bugreport/crash.jsp
#

---------------  T H R E A D  ---------------

Current thread (0x00007ff5100b8800):  JavaThread "C2 CompilerThread0" daemon [_thread_in_native, id=3031, stack(0x00007ff4eac37000,0x00007ff4ead38000)]

siginfo: si_signo: 11 (SIGSEGV), si_code: 2 (SEGV_ACCERR), si_addr: 0x00007ff507c5c760

Registers:
RAX=0x00007ff507c5c760, RBX=0x0000000000000d13, RCX=0x0000000000000013, RDX=0x00007ff4d8a5f960
RSP=0x00007ff4ead33640, RBP=0x00007ff4ead336f0, RSI=0x00007ff4d8c7ada0, RDI=0x0000000000000007
R8 =0x00007ff517c5c760, R9 =0x00000000003c0000, R10=0x0000000000000000, R11=0x0000000000000000
R12=0x0000000000000000, R13=0x0000000000080000, R14=0x000000000000000d, R15=0x00007ff4d8a36540
RIP=0x00007ff5174a54cc, EFLAGS=0x0000000000010206, CSGSFS=0x0000000000000033, ERR=0x0000000000000004
  TRAPNO=0x000000000000000e

Top of Stack: (sp=0x00007ff4ead33640)
0x00007ff4ead33640:   00007ff517c5c760 00007ff4ead33680
0x00007ff4ead33650:   00007ff4ead33770 00007ff4d030c180
0x00007ff4ead33660:   00007ff4ead338d0 00007ff4d8a5f960
0x00007ff4ead33670:   00007ff4ccab98b0 00007ff4ccab98b0
0x00007ff4ead33680:   00000d1400000003 00007ff400000001
0x00007ff4ead33690:   00007ff4cc733840 00007ff50000000e
0x00007ff4ead336a0:   00007ff4cc89fc10 00007ff400000018
0x00007ff4ead336b0:   00007ff4ccabad60 0000000000000006
0x00007ff4ead336c0:   00007ff4ead338d0 0000000000000000
0x00007ff4ead336d0:   00007ff4d030c180 00007ff4d030c030
0x00007ff4ead336e0:   00007ff4ead338d0 0000000000000008
0x00007ff4ead336f0:   00007ff4ead337c0 00007ff5174a5e1b
0x00007ff4ead33700:   00007ff4ead33730 00007ff4d8a5faa0
0x00007ff4ead33710:   0000000000000010 00007ff4ead33770
0x00007ff4ead33720:   00007ff517c2f640 000000f700001768
0x00007ff4ead33730:   00007ff4ccabad60 0000000100000001
0x00007ff4ead33740:   00007ff4d8369120 00007ff4d836ebf0
0x00007ff4ead33750:   00007ff4d8371108 00007ff5100b8e20
0x00007ff4ead33760:   00000000001cb288 00007ff4ccaab038
0x00007ff4ead33770:   00007ff517c11c10 00007ff5100b8e20
0x00007ff4ead33780:   00007ff400000020 00007ff4cc0e6dc0
0x00007ff4ead33790:   00007ff4ead35158 00007ff517c5c760
0x00007ff4ead337a0:   00000000000008f2 0000000000000048
0x00007ff4ead337b0:   00007ff4ead35158 00000000000008f2
0x00007ff4ead337c0:   00007ff4ead33a30 00007ff5170b7715
0x00007ff4ead337d0:   00007ff4d02b2da0 00007ff4ead33970
0x00007ff4ead337e0:   00007ff4ead33930 00007ff4ead33810
0x00007ff4ead337f0:   00007ff4ead338d0 00007ff4ead339a0
0x00007ff4ead33800:   00007ff4ead35070 0000000900000420
0x00007ff4ead33810:   00007ff517bfa710 00007ff50000000d
0x00007ff4ead33820:   00007ff4ead35f00 00007ff4ead35070
0x00007ff4ead33830:   00007ff400001ed7 00007ff4ead338b0 

Instructions: (pc=0x00007ff5174a54cc)
0x00007ff5174a54ac:   44 85 ea 42 89 04 a6 0f 85 57 ff ff ff 41 83 07
0x00007ff5174a54bc:   01 48 8b 95 78 ff ff ff 48 8b 42 08 4a 8b 04 f0
0x00007ff5174a54cc:   46 85 2c a0 0f 85 3a ff ff ff 48 8b 4d 88 48 8b
0x00007ff5174a54dc:   41 08 4a 8b 0c f0 4c 39 c1 0f 84 35 01 00 00 42 

Register to memory mapping:

RAX=0x00007ff507c5c760 is an unknown value
RBX=0x0000000000000d13 is an unknown value
RCX=0x0000000000000013 is an unknown value
RDX=0x00007ff4d8a5f960 is an unknown value
RSP=0x00007ff4ead33640 is pointing into the stack for thread: 0x00007ff5100b8800
RBP=0x00007ff4ead336f0 is pointing into the stack for thread: 0x00007ff5100b8800
RSI=0x00007ff4d8c7ada0 is an unknown value
RDI=0x0000000000000007 is an unknown value
R8 =0x00007ff517c5c760: <offset 0xfb3760> in /usr/lib/jvm/java-8-oracle/jre/lib/amd64/server/libjvm.so at 0x00007ff516ca9000
R9 =0x00000000003c0000 is an unknown value
R10=0x0000000000000000 is an unknown value
R11=0x0000000000000000 is an unknown value
R12=0x0000000000000000 is an unknown value
R13=0x0000000000080000 is an unknown value
R14=0x000000000000000d is an unknown value
R15=0x00007ff4d8a36540 is an unknown value


Stack: [0x00007ff4eac37000,0x00007ff4ead38000],  sp=0x00007ff4ead33640,  free space=1009k
Native frames: (J=compiled Java code, j=interpreted, Vv=VM code, C=native code)
V  [libjvm.so+0x7fc4cc]  PhaseLive::add_liveout(Block*, IndexSet*, VectorSet&)+0x13c
V  [libjvm.so+0x7fce1b]  PhaseLive::compute(unsigned int)+0x5bb
V  [libjvm.so+0x40e715]  PhaseChaitin::Register_Allocate()+0x8c5
V  [libjvm.so+0x4a28e0]  Compile::Code_Gen()+0x260
V  [libjvm.so+0x4a6933]  Compile::Compile(ciEnv*, C2Compiler*, ciMethod*, int, bool, bool, bool)+0x14b3
V  [libjvm.so+0x3f20a8]  C2Compiler::compile_method(ciEnv*, ciMethod*, int)+0x198
V  [libjvm.so+0x4af61a]  CompileBroker::invoke_compiler_on_method(CompileTask*)+0xc9a
V  [libjvm.so+0x4b05c6]  CompileBroker::compiler_thread_loop()+0x5d6
V  [libjvm.so+0xa7343f]  JavaThread::thread_main_inner()+0xdf
V  [libjvm.so+0xa7356c]  JavaThread::run()+0x11c
V  [libjvm.so+0x924698]  java_start(Thread*)+0x108
C  [libpthread.so.0+0x76fa]  start_thread+0xca


Current CompileTask:
C2:   2941 1114   !   4       com.android.dx.cf.code.RopperMachine::run (1550 bytes)


---------------  P R O C E S S  ---------------

Java Threads: ( => current thread )
  0x00007ff51015c000 JavaThread "pool-1-thread-1" [_thread_in_vm, id=3041, stack(0x00007ff4ea631000,0x00007ff4ea732000)]
  0x00007ff5100c0000 JavaThread "Service Thread" daemon [_thread_blocked, id=3034, stack(0x00007ff4ea934000,0x00007ff4eaa35000)]
  0x00007ff5100bd000 JavaThread "C1 CompilerThread2" daemon [_thread_blocked, id=3033, stack(0x00007ff4eaa35000,0x00007ff4eab36000)]
  0x00007ff5100bb800 JavaThread "C2 CompilerThread1" daemon [_thread_in_native, id=3032, stack(0x00007ff4eab36000,0x00007ff4eac37000)]
=>0x00007ff5100b8800 JavaThread "C2 CompilerThread0" daemon [_thread_in_native, id=3031, stack(0x00007ff4eac37000,0x00007ff4ead38000)]
  0x00007ff5100b7000 JavaThread "Signal Dispatcher" daemon [_thread_blocked, id=3030, stack(0x00007ff4ead38000,0x00007ff4eae39000)]
  0x00007ff510084000 JavaThread "Finalizer" daemon [_thread_blocked, id=3029, stack(0x00007ff4eb7f8000,0x00007ff4eb8f9000)]
  0x00007ff51007f800 JavaThread "Reference Handler" daemon [_thread_blocked, id=3028, stack(0x00007ff4eb8f9000,0x00007ff4eb9fa000)]
  0x00007ff51000a000 JavaThread "main" [_thread_blocked, id=3021, stack(0x00007ff51879c000,0x00007ff51889d000)]

Other Threads:
  0x00007ff510078000 VMThread [stack: 0x00007ff4eb9fa000,0x00007ff4ebafb000] [id=3027]
  0x00007ff5100c3000 WatcherThread [stack: 0x00007ff4ea833000,0x00007ff4ea934000] [id=3035]

VM state:not at safepoint (normal execution)

VM Mutex/Monitor currently owned by a thread: None

Heap:
 PSYoungGen      total 68608K, used 29161K [0x00000000d5580000, 0x00000000ddb80000, 0x0000000100000000)
  eden space 63488K, 37% used [0x00000000d5580000,0x00000000d6d00fb8,0x00000000d9380000)
  from space 5120K, 99% used [0x00000000d9380000,0x00000000d9879728,0x00000000d9880000)
  to   space 5120K, 0% used [0x00000000dd680000,0x00000000dd680000,0x00000000ddb80000)
 ParOldGen       total 84992K, used 40369K [0x0000000080000000, 0x0000000085300000, 0x00000000d5580000)
  object space 84992K, 47% used [0x0000000080000000,0x000000008276c5b8,0x0000000085300000)
 Metaspace       used 5810K, capacity 6960K, committed 7040K, reserved 1056768K
  class space    used 579K, capacity 616K, committed 640K, reserved 1048576K

Card table byte_map: [0x00007ff515141000,0x00007ff515542000] byte_map_base: 0x00007ff514d41000

Marking Bits: (ParMarkBitMap*) 0x00007ff517c6a120
 Begin Bits: [0x00007ff4f0000000, 0x00007ff4f2000000)
 End Bits:   [0x00007ff4f2000000, 0x00007ff4f4000000)

Polling page: 0x00007ff5188b9000

CodeCache: size=245760Kb used=5396Kb max_used=5407Kb free=240363Kb
 bounds [0x00007ff501000000, 0x00007ff501550000, 0x00007ff510000000]
 total_blobs=1562 nmethods=1301 adapters=175
 compilation: enabled

Compilation events (10 events):
Event: 2.913 Thread 0x00007ff5100bb800 nmethod 1119 0x00007ff50152ea50 code [0x00007ff50152eba0, 0x00007ff50152ed18]
Event: 2.913 Thread 0x00007ff5100bb800 1178       4       com.android.dx.ssa.DeadCodeRemover$NoSideEffectVisitor::visitNonMoveInsn (28 bytes)
Event: 2.914 Thread 0x00007ff5100bd000 nmethod 1332 0x00007ff50152a1d0 code [0x00007ff50152a380, 0x00007ff50152a708]
Event: 2.914 Thread 0x00007ff5100bd000 1333       2       com.android.dx.dex.cf.AttributeTranslator::getAnnotations0 (62 bytes)
Event: 2.915 Thread 0x00007ff5100bd000 nmethod 1333 0x00007ff5015296d0 code [0x00007ff5015298c0, 0x00007ff501529e38]
Event: 2.915 Thread 0x00007ff5100bd000 1335       2       com.android.dx.dex.cf.AttributeTranslator::getSignature (26 bytes)
Event: 2.915 Thread 0x00007ff5100bd000 nmethod 1335 0x00007ff50152e210 code [0x00007ff50152e3a0, 0x00007ff50152e5b8]
Event: 2.915 Thread 0x00007ff5100bd000 1336       2       com.android.dx.dex.file.EncodedMember::<init> (10 bytes)
Event: 2.915 Thread 0x00007ff5100bd000 nmethod 1336 0x00007ff501529390 code [0x00007ff5015294e0, 0x00007ff501529630]
Event: 2.915 Thread 0x00007ff5100bd000 1330       2       java.util.TreeMap::rotateLeft (96 bytes)

GC Heap History (6 events):
Event: 0.942 GC heap before
{Heap before GC invocations=1 (full 0):
 PSYoungGen      total 36864K, used 31744K [0x00000000d5580000, 0x00000000d7e80000, 0x0000000100000000)
  eden space 31744K, 100% used [0x00000000d5580000,0x00000000d7480000,0x00000000d7480000)
  from space 5120K, 0% used [0x00000000d7980000,0x00000000d7980000,0x00000000d7e80000)
  to   space 5120K, 0% used [0x00000000d7480000,0x00000000d7480000,0x00000000d7980000)
 ParOldGen       total 84992K, used 0K [0x0000000080000000, 0x0000000085300000, 0x00000000d5580000)
  object space 84992K, 0% used [0x0000000080000000,0x0000000080000000,0x0000000085300000)
 Metaspace       used 5536K, capacity 6768K, committed 7040K, reserved 1056768K
  class space    used 569K, capacity 616K, committed 640K, reserved 1048576K
Event: 0.957 GC heap after
Heap after GC invocations=1 (full 0):
 PSYoungGen      total 36864K, used 5108K [0x00000000d5580000, 0x00000000d9d80000, 0x0000000100000000)
  eden space 31744K, 0% used [0x00000000d5580000,0x00000000d5580000,0x00000000d7480000)
  from space 5120K, 99% used [0x00000000d7480000,0x00000000d797d058,0x00000000d7980000)
  to   space 5120K, 0% used [0x00000000d9880000,0x00000000d9880000,0x00000000d9d80000)
 ParOldGen       total 84992K, used 2921K [0x0000000080000000, 0x0000000085300000, 0x00000000d5580000)
  object space 84992K, 3% used [0x0000000080000000,0x00000000802da490,0x0000000085300000)
 Metaspace       used 5536K, capacity 6768K, committed 7040K, reserved 1056768K
  class space    used 569K, capacity 616K, committed 640K, reserved 1048576K
}
Event: 2.480 GC heap before
{Heap before GC invocations=2 (full 0):
 PSYoungGen      total 36864K, used 36852K [0x00000000d5580000, 0x00000000d9d80000, 0x0000000100000000)
  eden space 31744K, 100% used [0x00000000d5580000,0x00000000d7480000,0x00000000d7480000)
  from space 5120K, 99% used [0x00000000d7480000,0x00000000d797d058,0x00000000d7980000)
  to   space 5120K, 0% used [0x00000000d9880000,0x00000000d9880000,0x00000000d9d80000)
 ParOldGen       total 84992K, used 2921K [0x0000000080000000, 0x0000000085300000, 0x00000000d5580000)
  object space 84992K, 3% used [0x0000000080000000,0x00000000802da490,0x0000000085300000)
 Metaspace       used 5727K, capacity 6896K, committed 7040K, reserved 1056768K
  class space    used 574K, capacity 616K, committed 640K, reserved 1048576K
Event: 2.501 GC heap after
Heap after GC invocations=2 (full 0):
 PSYoungGen      total 68608K, used 5103K [0x00000000d5580000, 0x00000000d9d80000, 0x0000000100000000)
  eden space 63488K, 0% used [0x00000000d5580000,0x00000000d5580000,0x00000000d9380000)
  from space 5120K, 99% used [0x00000000d9880000,0x00000000d9d7bc20,0x00000000d9d80000)
  to   space 5120K, 0% used [0x00000000d9380000,0x00000000d9380000,0x00000000d9880000)
 ParOldGen       total 84992K, used 14267K [0x0000000080000000, 0x0000000085300000, 0x00000000d5580000)
  object space 84992K, 16% used [0x0000000080000000,0x0000000080deeee0,0x0000000085300000)
 Metaspace       used 5727K, capacity 6896K, committed 7040K, reserved 1056768K
  class space    used 574K, capacity 616K, committed 640K, reserved 1048576K
}
Event: 2.759 GC heap before
{Heap before GC invocations=3 (full 0):
 PSYoungGen      total 68608K, used 68591K [0x00000000d5580000, 0x00000000d9d80000, 0x0000000100000000)
  eden space 63488K, 100% used [0x00000000d5580000,0x00000000d9380000,0x00000000d9380000)
  from space 5120K, 99% used [0x00000000d9880000,0x00000000d9d7bc20,0x00000000d9d80000)
  to   space 5120K, 0% used [0x00000000d9380000,0x00000000d9380000,0x00000000d9880000)
 ParOldGen       total 84992K, used 14267K [0x0000000080000000, 0x0000000085300000, 0x00000000d5580000)
  object space 84992K, 16% used [0x0000000080000000,0x0000000080deeee0,0x0000000085300000)
 Metaspace       used 5748K, capacity 6896K, committed 7040K, reserved 1056768K
  class space    used 574K, capacity 616K, committed 640K, reserved 1048576K
Event: 2.793 GC heap after
Heap after GC invocations=3 (full 0):
 PSYoungGen      total 68608K, used 5093K [0x00000000d5580000, 0x00000000ddb80000, 0x0000000100000000)
  eden space 63488K, 0% used [0x00000000d5580000,0x00000000d5580000,0x00000000d9380000)
  from space 5120K, 99% used [0x00000000d9380000,0x00000000d9879728,0x00000000d9880000)
  to   space 5120K, 0% used [0x00000000dd680000,0x00000000dd680000,0x00000000ddb80000)
 ParOldGen       total 84992K, used 40369K [0x0000000080000000, 0x0000000085300000, 0x00000000d5580000)
  object space 84992K, 47% used [0x0000000080000000,0x000000008276c5b8,0x0000000085300000)
 Metaspace       used 5748K, capacity 6896K, committed 7040K, reserved 1056768K
  class space    used 574K, capacity 616K, committed 640K, reserved 1048576K
}

Deoptimization events (10 events):
Event: 0.774 Thread 0x00007ff51016b800 Uncommon trap: reason=null_check action=make_not_entrant pc=0x00007ff50125a738 method=com.android.dx.ssa.SsaRenamer.getLocalForNewReg(I)Lcom/android/dx/rop/code/LocalItem; @ 19
Event: 1.134 Thread 0x00007ff51000a000 Uncommon trap: reason=class_check action=maybe_recompile pc=0x00007ff501324d20 method=com.android.dx.cf.code.BytecodeArray.parseInstruction(ILcom/android/dx/cf/code/BytecodeArray$Visitor;)I @ 1287
Event: 1.134 Thread 0x00007ff51000a000 Uncommon trap: reason=class_check action=maybe_recompile pc=0x00007ff5013238c0 method=com.android.dx.cf.code.BytecodeArray.parseInstruction(ILcom/android/dx/cf/code/BytecodeArray$Visitor;)I @ 1130
Event: 1.142 Thread 0x00007ff51000a000 Uncommon trap: reason=class_check action=maybe_recompile pc=0x00007ff501324d20 method=com.android.dx.cf.code.BytecodeArray.parseInstruction(ILcom/android/dx/cf/code/BytecodeArray$Visitor;)I @ 1287
Event: 1.144 Thread 0x00007ff51000a000 Uncommon trap: reason=class_check action=maybe_recompile pc=0x00007ff501324d20 method=com.android.dx.cf.code.BytecodeArray.parseInstruction(ILcom/android/dx/cf/code/BytecodeArray$Visitor;)I @ 1287
Event: 2.606 Thread 0x00007ff51016a000 Uncommon trap: reason=class_check action=maybe_recompile pc=0x00007ff50134c8a0 method=com.android.dx.ssa.NormalSsaInsn.accept(Lcom/android/dx/ssa/SsaInsn$Visitor;)V @ 9
Event: 2.607 Thread 0x00007ff51016a000 Uncommon trap: reason=class_check action=maybe_recompile pc=0x00007ff50134c8a0 method=com.android.dx.ssa.NormalSsaInsn.accept(Lcom/android/dx/ssa/SsaInsn$Visitor;)V @ 9
Event: 2.608 Thread 0x00007ff51016a000 Uncommon trap: reason=class_check action=maybe_recompile pc=0x00007ff50134c8a0 method=com.android.dx.ssa.NormalSsaInsn.accept(Lcom/android/dx/ssa/SsaInsn$Visitor;)V @ 9
Event: 2.608 Thread 0x00007ff51016a000 Uncommon trap: reason=class_check action=maybe_recompile pc=0x00007ff50134c8a0 method=com.android.dx.ssa.NormalSsaInsn.accept(Lcom/android/dx/ssa/SsaInsn$Visitor;)V @ 9
Event: 2.872 Thread 0x00007ff51016b800 Uncommon trap: reason=unstable_if action=reinterpret pc=0x00007ff501436d3c method=java.util.HashMap.putVal(ILjava/lang/Object;Ljava/lang/Object;ZZ)Ljava/lang/Object; @ 94

Internal exceptions (3 events):
Event: 0.035 Thread 0x00007ff51000a000 Exception <a 'java/lang/NoSuchMethodError': Method sun.misc.Unsafe.defineClass(Ljava/lang/String;[BII)Ljava/lang/Class; name or signature does not match> (0x00000000d5587cc0) thrown at [/HUDSON3/workspace/8-2-build-linux-amd64/jdk8u101/7261/hotspot/src/sh
Event: 0.035 Thread 0x00007ff51000a000 Exception <a 'java/lang/NoSuchMethodError': Method sun.misc.Unsafe.prefetchRead(Ljava/lang/Object;J)V name or signature does not match> (0x00000000d5587fa8) thrown at [/HUDSON3/workspace/8-2-build-linux-amd64/jdk8u101/7261/hotspot/src/share/vm/prims/jni.c
Event: 0.774 Thread 0x00007ff51016b800 Implicit null exception at 0x00007ff5012582d7 to 0x00007ff50125a715

Events (10 events):
Event: 2.872 Thread 0x00007ff51016b800 Uncommon trap: trap_request=0xffffff65 fr.pc=0x00007ff501436d3c
Event: 2.873 Thread 0x00007ff51016b800 DEOPT PACKING pc=0x00007ff501436d3c sp=0x00007ff4ea52e020
Event: 2.873 Thread 0x00007ff51016b800 DEOPT UNPACKING pc=0x00007ff501005229 sp=0x00007ff4ea52dfc0 mode 2
Event: 2.874 Thread 0x00007ff51016a000 Thread exited: 0x00007ff51016a000
Event: 2.880 Thread 0x00007ff51014f800 Thread exited: 0x00007ff51014f800
Event: 2.885 Thread 0x00007ff51016b800 DEOPT PACKING pc=0x00007ff5013d36ec sp=0x00007ff4ea52e290
Event: 2.885 Thread 0x00007ff51016b800 DEOPT UNPACKING pc=0x00007ff501047633 sp=0x00007ff4ea52dfa0 mode 0
Event: 2.886 Thread 0x00007ff51016b800 Thread exited: 0x00007ff51016b800
Event: 2.888 Thread 0x00007ff510177000 DEOPT PACKING pc=0x00007ff5014b4a03 sp=0x00007ff4ea42d170
Event: 2.888 Thread 0x00007ff510177000 DEOPT UNPACKING pc=0x00007ff501047633 sp=0x00007ff4ea42cf20 mode 0


Dynamic libraries:
00400000-00401000 r-xp 00000000 08:01 4592730                            /usr/lib/jvm/java-8-oracle/bin/java
00600000-00601000 rw-p 00000000 08:01 4592730                            /usr/lib/jvm/java-8-oracle/bin/java
00854000-00875000 rw-p 00000000 00:00 0                                  [heap]
80000000-85300000 rw-p 00000000 00:00 0 
85300000-d5580000 ---p 00000000 00:00 0 
d5580000-ddb80000 rw-p 00000000 00:00 0 
ddb80000-100000000 ---p 00000000 00:00 0 
100000000-1000a0000 rw-p 00000000 00:00 0 
1000a0000-140000000 ---p 00000000 00:00 0 
7ff4ac000000-7ff4ac038000 rw-p 00000000 00:00 0 
7ff4ac038000-7ff4b0000000 ---p 00000000 00:00 0 
7ff4b4000000-7ff4b403a000 rw-p 00000000 00:00 0 
7ff4b403a000-7ff4b8000000 ---p 00000000 00:00 0 
7ff4b8000000-7ff4b8021000 rw-p 00000000 00:00 0 
7ff4b8021000-7ff4bc000000 ---p 00000000 00:00 0 
7ff4bc000000-7ff4bc069000 rw-p 00000000 00:00 0 
7ff4bc069000-7ff4c0000000 ---p 00000000 00:00 0 
7ff4c0000000-7ff4c0021000 rw-p 00000000 00:00 0 
7ff4c0021000-7ff4c4000000 ---p 00000000 00:00 0 
7ff4c4000000-7ff4c4021000 rw-p 00000000 00:00 0 
7ff4c4021000-7ff4c8000000 ---p 00000000 00:00 0 
7ff4c8000000-7ff4c8021000 rw-p 00000000 00:00 0 
7ff4c8021000-7ff4cc000000 ---p 00000000 00:00 0 
7ff4cc000000-7ff4cccf8000 rw-p 00000000 00:00 0 
7ff4cccf8000-7ff4d0000000 ---p 00000000 00:00 0 
7ff4d0000000-7ff4d0689000 rw-p 00000000 00:00 0 
7ff4d0689000-7ff4d4000000 ---p 00000000 00:00 0 
7ff4d4000000-7ff4d4021000 rw-p 00000000 00:00 0 
7ff4d4021000-7ff4d8000000 ---p 00000000 00:00 0 
7ff4d8000000-7ff4d9265000 rw-p 00000000 00:00 0 
7ff4d9265000-7ff4dc000000 ---p 00000000 00:00 0 
7ff4dc000000-7ff4dc021000 rw-p 00000000 00:00 0 
7ff4dc021000-7ff4e0000000 ---p 00000000 00:00 0 
7ff4e0000000-7ff4e0021000 rw-p 00000000 00:00 0 
7ff4e0021000-7ff4e4000000 ---p 00000000 00:00 0 
7ff4e4000000-7ff4e4021000 rw-p 00000000 00:00 0 
7ff4e4021000-7ff4e8000000 ---p 00000000 00:00 0 
7ff4ea32e000-7ff4ea331000 ---p 00000000 00:00 0 
7ff4ea331000-7ff4ea42f000 rw-p 00000000 00:00 0 
7ff4ea42f000-7ff4ea432000 ---p 00000000 00:00 0 
7ff4ea432000-7ff4ea530000 rw-p 00000000 00:00 0 
7ff4ea530000-7ff4ea533000 ---p 00000000 00:00 0 
7ff4ea533000-7ff4ea631000 rw-p 00000000 00:00 0 
7ff4ea631000-7ff4ea634000 ---p 00000000 00:00 0 
7ff4ea634000-7ff4ea732000 rw-p 00000000 00:00 0 
7ff4ea732000-7ff4ea735000 ---p 00000000 00:00 0 
7ff4ea735000-7ff4ea833000 rw-p 00000000 00:00 0 
7ff4ea833000-7ff4ea834000 ---p 00000000 00:00 0 
7ff4ea834000-7ff4ea934000 rw-p 00000000 00:00 0 
7ff4ea934000-7ff4ea937000 ---p 00000000 00:00 0 
7ff4ea937000-7ff4eaa35000 rw-p 00000000 00:00 0 
7ff4eaa35000-7ff4eaa38000 ---p 00000000 00:00 0 
7ff4eaa38000-7ff4eab36000 rw-p 00000000 00:00 0 
7ff4eab36000-7ff4eab39000 ---p 00000000 00:00 0 
7ff4eab39000-7ff4eac37000 rw-p 00000000 00:00 0 
7ff4eac37000-7ff4eac3a000 ---p 00000000 00:00 0 
7ff4eac3a000-7ff4ead38000 rw-p 00000000 00:00 0 
7ff4ead38000-7ff4ead3b000 ---p 00000000 00:00 0 
7ff4ead3b000-7ff4eae39000 rw-p 00000000 00:00 0 
7ff4eae39000-7ff4eb7f8000 r--p 00000000 08:01 4332457                    /usr/lib/locale/locale-archive
7ff4eb7f8000-7ff4eb7fb000 ---p 00000000 00:00 0 
7ff4eb7fb000-7ff4eb8f9000 rw-p 00000000 00:00 0 
7ff4eb8f9000-7ff4eb8fc000 ---p 00000000 00:00 0 
7ff4eb8fc000-7ff4eb9fa000 rw-p 00000000 00:00 0 
7ff4eb9fa000-7ff4eb9fb000 ---p 00000000 00:00 0 
7ff4eb9fb000-7ff4ec000000 rw-p 00000000 00:00 0 
7ff4ec000000-7ff4ec021000 rw-p 00000000 00:00 0 
7ff4ec021000-7ff4f0000000 ---p 00000000 00:00 0 
7ff4f0000000-7ff4f4000000 rw-p 00000000 00:00 0 
7ff4f4000000-7ff4f4021000 rw-p 00000000 00:00 0 
7ff4f4021000-7ff4f8000000 ---p 00000000 00:00 0 
7ff4f8000000-7ff4f8021000 rw-p 00000000 00:00 0 
7ff4f8021000-7ff4fc000000 ---p 00000000 00:00 0 
7ff4fc000000-7ff4fc021000 rw-p 00000000 00:00 0 
7ff4fc021000-7ff500000000 ---p 00000000 00:00 0 
7ff5000f9000-7ff500e40000 rw-p 00000000 00:00 0 
7ff500e40000-7ff501000000 ---p 00000000 00:00 0 
7ff501000000-7ff501550000 rwxp 00000000 00:00 0 
7ff501550000-7ff510000000 ---p 00000000 00:00 0 
7ff510000000-7ff5103a2000 rw-p 00000000 00:00 0 
7ff5103a2000-7ff514000000 ---p 00000000 00:00 0 
7ff51406d000-7ff514443000 rw-p 00000000 00:00 0 
7ff514443000-7ff51461c000 r--s 03d29000 08:01 4592778                    /usr/lib/jvm/java-8-oracle/jre/lib/rt.jar
7ff51461c000-7ff514a92000 rw-p 00000000 00:00 0 
7ff514a92000-7ff514a93000 ---p 00000000 00:00 0 
7ff514a93000-7ff514b93000 rw-p 00000000 00:00 0 
7ff514b93000-7ff514b94000 ---p 00000000 00:00 0 
7ff514b94000-7ff514c94000 rw-p 00000000 00:00 0 
7ff514c94000-7ff514c95000 ---p 00000000 00:00 0 
7ff514c95000-7ff514d95000 rw-p 00000000 00:00 0 
7ff514d95000-7ff514d96000 ---p 00000000 00:00 0 
7ff514d96000-7ff514ec0000 rw-p 00000000 00:00 0 
7ff514ec0000-7ff515141000 ---p 00000000 00:00 0 
7ff515141000-7ff51516b000 rw-p 00000000 00:00 0 
7ff51516b000-7ff5153eb000 ---p 00000000 00:00 0 
7ff5153eb000-7ff51542f000 rw-p 00000000 00:00 0 
7ff51542f000-7ff515541000 ---p 00000000 00:00 0 
7ff515541000-7ff515558000 rw-p 00000000 00:00 0 
7ff515558000-7ff515902000 ---p 00000000 00:00 0 
7ff515902000-7ff51591c000 r-xp 00000000 08:01 4592807                    /usr/lib/jvm/java-8-oracle/jre/lib/amd64/libzip.so
7ff51591c000-7ff515b1c000 ---p 0001a000 08:01 4592807                    /usr/lib/jvm/java-8-oracle/jre/lib/amd64/libzip.so
7ff515b1c000-7ff515b1d000 rw-p 0001a000 08:01 4592807                    /usr/lib/jvm/java-8-oracle/jre/lib/amd64/libzip.so
7ff515b1d000-7ff515b28000 r-xp 00000000 08:01 1839588                    /lib/x86_64-linux-gnu/libnss_files-2.23.so
7ff515b28000-7ff515d27000 ---p 0000b000 08:01 1839588                    /lib/x86_64-linux-gnu/libnss_files-2.23.so
7ff515d27000-7ff515d28000 r--p 0000a000 08:01 1839588                    /lib/x86_64-linux-gnu/libnss_files-2.23.so
7ff515d28000-7ff515d29000 rw-p 0000b000 08:01 1839588                    /lib/x86_64-linux-gnu/libnss_files-2.23.so
7ff515d29000-7ff515d2f000 rw-p 00000000 00:00 0 
7ff515d2f000-7ff515d3a000 r-xp 00000000 08:01 1839598                    /lib/x86_64-linux-gnu/libnss_nis-2.23.so
7ff515d3a000-7ff515f39000 ---p 0000b000 08:01 1839598                    /lib/x86_64-linux-gnu/libnss_nis-2.23.so
7ff515f39000-7ff515f3a000 r--p 0000a000 08:01 1839598                    /lib/x86_64-linux-gnu/libnss_nis-2.23.so
7ff515f3a000-7ff515f3b000 rw-p 0000b000 08:01 1839598                    /lib/x86_64-linux-gnu/libnss_nis-2.23.so
7ff515f3b000-7ff515f51000 r-xp 00000000 08:01 1839582                    /lib/x86_64-linux-gnu/libnsl-2.23.so
7ff515f51000-7ff516150000 ---p 00016000 08:01 1839582                    /lib/x86_64-linux-gnu/libnsl-2.23.so
7ff516150000-7ff516151000 r--p 00015000 08:01 1839582                    /lib/x86_64-linux-gnu/libnsl-2.23.so
7ff516151000-7ff516152000 rw-p 00016000 08:01 1839582                    /lib/x86_64-linux-gnu/libnsl-2.23.so
7ff516152000-7ff516154000 rw-p 00000000 00:00 0 
7ff516154000-7ff51615c000 r-xp 00000000 08:01 1839584                    /lib/x86_64-linux-gnu/libnss_compat-2.23.so
7ff51615c000-7ff51635b000 ---p 00008000 08:01 1839584                    /lib/x86_64-linux-gnu/libnss_compat-2.23.so
7ff51635b000-7ff51635c000 r--p 00007000 08:01 1839584                    /lib/x86_64-linux-gnu/libnss_compat-2.23.so
7ff51635c000-7ff51635d000 rw-p 00008000 08:01 1839584                    /lib/x86_64-linux-gnu/libnss_compat-2.23.so
7ff51635d000-7ff516387000 r-xp 00000000 08:01 4592831                    /usr/lib/jvm/java-8-oracle/jre/lib/amd64/libjava.so
7ff516387000-7ff516587000 ---p 0002a000 08:01 4592831                    /usr/lib/jvm/java-8-oracle/jre/lib/amd64/libjava.so
7ff516587000-7ff516589000 rw-p 0002a000 08:01 4592831                    /usr/lib/jvm/java-8-oracle/jre/lib/amd64/libjava.so
7ff516589000-7ff516596000 r-xp 00000000 08:01 4592787                    /usr/lib/jvm/java-8-oracle/jre/lib/amd64/libverify.so
7ff516596000-7ff516796000 ---p 0000d000 08:01 4592787                    /usr/lib/jvm/java-8-oracle/jre/lib/amd64/libverify.so
7ff516796000-7ff516798000 rw-p 0000d000 08:01 4592787                    /usr/lib/jvm/java-8-oracle/jre/lib/amd64/libverify.so
7ff516798000-7ff51679f000 r-xp 00000000 08:01 1839643                    /lib/x86_64-linux-gnu/librt-2.23.so
7ff51679f000-7ff51699e000 ---p 00007000 08:01 1839643                    /lib/x86_64-linux-gnu/librt-2.23.so
7ff51699e000-7ff51699f000 r--p 00006000 08:01 1839643                    /lib/x86_64-linux-gnu/librt-2.23.so
7ff51699f000-7ff5169a0000 rw-p 00007000 08:01 1839643                    /lib/x86_64-linux-gnu/librt-2.23.so
7ff5169a0000-7ff516aa8000 r-xp 00000000 08:01 1839559                    /lib/x86_64-linux-gnu/libm-2.23.so
7ff516aa8000-7ff516ca7000 ---p 00108000 08:01 1839559                    /lib/x86_64-linux-gnu/libm-2.23.so
7ff516ca7000-7ff516ca8000 r--p 00107000 08:01 1839559                    /lib/x86_64-linux-gnu/libm-2.23.so
7ff516ca8000-7ff516ca9000 rw-p 00108000 08:01 1839559                    /lib/x86_64-linux-gnu/libm-2.23.so
7ff516ca9000-7ff517974000 r-xp 00000000 08:01 4719822                    /usr/lib/jvm/java-8-oracle/jre/lib/amd64/server/libjvm.so
7ff517974000-7ff517b73000 ---p 00ccb000 08:01 4719822                    /usr/lib/jvm/java-8-oracle/jre/lib/amd64/server/libjvm.so
7ff517b73000-7ff517c4c000 rw-p 00cca000 08:01 4719822                    /usr/lib/jvm/java-8-oracle/jre/lib/amd64/server/libjvm.so
7ff517c4c000-7ff517c97000 rw-p 00000000 00:00 0 
7ff517c97000-7ff517e57000 r-xp 00000000 08:01 1839489                    /lib/x86_64-linux-gnu/libc-2.23.so
7ff517e57000-7ff518056000 ---p 001c0000 08:01 1839489                    /lib/x86_64-linux-gnu/libc-2.23.so
7ff518056000-7ff51805a000 r--p 001bf000 08:01 1839489                    /lib/x86_64-linux-gnu/libc-2.23.so
7ff51805a000-7ff51805c000 rw-p 001c3000 08:01 1839489                    /lib/x86_64-linux-gnu/libc-2.23.so
7ff51805c000-7ff518060000 rw-p 00000000 00:00 0 
7ff518060000-7ff518063000 r-xp 00000000 08:01 1839513                    /lib/x86_64-linux-gnu/libdl-2.23.so
7ff518063000-7ff518262000 ---p 00003000 08:01 1839513                    /lib/x86_64-linux-gnu/libdl-2.23.so
7ff518262000-7ff518263000 r--p 00002000 08:01 1839513                    /lib/x86_64-linux-gnu/libdl-2.23.so
7ff518263000-7ff518264000 rw-p 00003000 08:01 1839513                    /lib/x86_64-linux-gnu/libdl-2.23.so
7ff518264000-7ff518279000 r-xp 00000000 08:01 4461942                    /usr/lib/jvm/java-8-oracle/lib/amd64/jli/libjli.so
7ff518279000-7ff518479000 ---p 00015000 08:01 4461942                    /usr/lib/jvm/java-8-oracle/lib/amd64/jli/libjli.so
7ff518479000-7ff51847a000 rw-p 00015000 08:01 4461942                    /usr/lib/jvm/java-8-oracle/lib/amd64/jli/libjli.so
7ff51847a000-7ff518492000 r-xp 00000000 08:01 1839635                    /lib/x86_64-linux-gnu/libpthread-2.23.so
7ff518492000-7ff518691000 ---p 00018000 08:01 1839635                    /lib/x86_64-linux-gnu/libpthread-2.23.so
7ff518691000-7ff518692000 r--p 00017000 08:01 1839635                    /lib/x86_64-linux-gnu/libpthread-2.23.so
7ff518692000-7ff518693000 rw-p 00018000 08:01 1839635                    /lib/x86_64-linux-gnu/libpthread-2.23.so
7ff518693000-7ff518697000 rw-p 00000000 00:00 0 
7ff518697000-7ff5186bd000 r-xp 00000000 08:01 1839461                    /lib/x86_64-linux-gnu/ld-2.23.so
7ff5186d0000-7ff51879c000 rw-p 00000000 00:00 0 
7ff51879c000-7ff51879f000 ---p 00000000 00:00 0 
7ff51879f000-7ff5188a1000 rw-p 00000000 00:00 0 
7ff5188a2000-7ff5188b0000 r--s 000e0000 08:01 8259611                    /home/ming/Android/Sdk/build-tools/24.0.2/lib/dx.jar
7ff5188b0000-7ff5188b8000 rw-s 00000000 08:01 14680195                   /tmp/hsperfdata_ming/3016
7ff5188b8000-7ff5188b9000 rw-p 00000000 00:00 0 
7ff5188b9000-7ff5188ba000 r--p 00000000 00:00 0 
7ff5188ba000-7ff5188bc000 rw-p 00000000 00:00 0 
7ff5188bc000-7ff5188bd000 r--p 00025000 08:01 1839461                    /lib/x86_64-linux-gnu/ld-2.23.so
7ff5188bd000-7ff5188be000 rw-p 00026000 08:01 1839461                    /lib/x86_64-linux-gnu/ld-2.23.so
7ff5188be000-7ff5188bf000 rw-p 00000000 00:00 0 
7ffdd7f2f000-7ffdd7f50000 rw-p 00000000 00:00 0                          [stack]
7ffdd7f85000-7ffdd7f87000 r--p 00000000 00:00 0                          [vvar]
7ffdd7f87000-7ffdd7f89000 r-xp 00000000 00:00 0                          [vdso]
ffffffffff600000-ffffffffff601000 r-xp 00000000 00:00 0                  [vsyscall]

VM Arguments:
jvm_args: -Djava.awt.headless=true -Xmx2g -Dfile.encoding=UTF-8 -Duser.country=IN -Duser.language=en -Duser.variant 
java_command: com.android.dx.command.Main --dex --force-jumbo --num-threads=4 --multi-dex --output /home/ming/AndroidStudioProjects/CropinSunnnyDatabase/app/build/intermediates/transforms/dex/debug/folders/1000/5/slice_0 /home/ming/AndroidStudioProjects/CropinSunnnyDatabase/app/build/intermediates/transforms/instantRunSlicer/debug/folders/1/5/slice_0
java_class_path (initial): /home/ming/Android/Sdk/build-tools/24.0.2/lib/dx.jar
Launcher Type: SUN_STANDARD

Environment Variables:
JAVA_HOME=/usr/lib/jvm/java-8-openjdk-amd64
PATH=/home/ming/bin:/home/ming/.local/bin:/usr/local/sbin:/usr/local/bin:/usr/sbin:/usr/bin:/sbin:/bin:/usr/games:/usr/local/games:/snap/bin
SHELL=/bin/bash
DISPLAY=:0

Signal Handlers:
SIGSEGV: [libjvm.so+0xac4790], sa_mask[0]=11111111011111111101111111111110, sa_flags=SA_RESTART|SA_SIGINFO
SIGBUS: [libjvm.so+0xac4790], sa_mask[0]=11111111011111111101111111111110, sa_flags=SA_RESTART|SA_SIGINFO
SIGFPE: [libjvm.so+0x91f140], sa_mask[0]=11111111011111111101111111111110, sa_flags=SA_RESTART|SA_SIGINFO
SIGPIPE: [libjvm.so+0x91f140], sa_mask[0]=11111111011111111101111111111110, sa_flags=SA_RESTART|SA_SIGINFO
SIGXFSZ: [libjvm.so+0x91f140], sa_mask[0]=11111111011111111101111111111110, sa_flags=SA_RESTART|SA_SIGINFO
SIGILL: [libjvm.so+0x91f140], sa_mask[0]=11111111011111111101111111111110, sa_flags=SA_RESTART|SA_SIGINFO
SIGUSR1: SIG_DFL, sa_mask[0]=00000000000000000000000000000000, sa_flags=none
SIGUSR2: [libjvm.so+0x920770], sa_mask[0]=00100000000000000000000000000000, sa_flags=SA_RESTART|SA_SIGINFO
SIGHUP: [libjvm.so+0x921b70], sa_mask[0]=11111111011111111101111111111110, sa_flags=SA_RESTART|SA_SIGINFO
SIGINT: [libjvm.so+0x921b70], sa_mask[0]=11111111011111111101111111111110, sa_flags=SA_RESTART|SA_SIGINFO
SIGTERM: [libjvm.so+0x921b70], sa_mask[0]=11111111011111111101111111111110, sa_flags=SA_RESTART|SA_SIGINFO
SIGQUIT: [libjvm.so+0x921b70], sa_mask[0]=11111111011111111101111111111110, sa_flags=SA_RESTART|SA_SIGINFO


---------------  S Y S T E M  ---------------

OS:DISTRIB_ID=Ubuntu
DISTRIB_RELEASE=16.04
DISTRIB_CODENAME=xenial
DISTRIB_DESCRIPTION="Ubuntu 16.04.1 LTS"

uname:Linux 4.4.0-38-generic #57-Ubuntu SMP Tue Sep 6 15:42:33 UTC 2016 x86_64
libc:glibc 2.23 NPTL 2.23 
rlimit: STACK 8192k, CORE 0k, NPROC 31278, NOFILE 65536, AS infinity
load average:1.90 1.81 0.94

/proc/meminfo:
MemTotal:        8047424 kB
MemFree:         3466332 kB
MemAvailable:    4481328 kB
Buffers:          117744 kB
Cached:          1253864 kB
SwapCached:            0 kB
Active:          3520308 kB
Inactive:         814372 kB
Active(anon):    2964624 kB
Inactive(anon):   175032 kB
Active(file):     555684 kB
Inactive(file):   639340 kB
Unevictable:         200 kB
Mlocked:             200 kB
SwapTotal:             0 kB
SwapFree:              0 kB
Dirty:             14276 kB
Writeback:             0 kB
AnonPages:       2963268 kB
Mapped:           346644 kB
Shmem:            176588 kB
Slab:             121652 kB
SReclaimable:      86936 kB
SUnreclaim:        34716 kB
KernelStack:       10608 kB
PageTables:        38868 kB
NFS_Unstable:          0 kB
Bounce:                0 kB
WritebackTmp:          0 kB
CommitLimit:     4023712 kB
Committed_AS:    7095268 kB
VmallocTotal:   34359738367 kB
VmallocUsed:           0 kB
VmallocChunk:          0 kB
HardwareCorrupted:     0 kB
AnonHugePages:   1302528 kB
CmaTotal:              0 kB
CmaFree:               0 kB
HugePages_Total:       0
HugePages_Free:        0
HugePages_Rsvd:        0
HugePages_Surp:        0
Hugepagesize:       2048 kB
DirectMap4k:      122620 kB
DirectMap2M:     8138752 kB


CPU:total 4 (2 cores per cpu, 2 threads per core) family 6 model 58 stepping 9, cmov, cx8, fxsr, mmx, sse, sse2, sse3, ssse3, sse4.1, sse4.2, popcnt, avx, aes, clmul, erms, ht, tsc, tscinvbit, tscinv

/proc/cpuinfo:
processor	: 0
vendor_id	: GenuineIntel
cpu family	: 6
model		: 58
model name	: Intel(R) Core(TM) i5-3337U CPU @ 1.80GHz
stepping	: 9
microcode	: 0x17
cpu MHz		: 2499.960
cache size	: 3072 KB
physical id	: 0
siblings	: 4
core id		: 0
cpu cores	: 2
apicid		: 0
initial apicid	: 0
fpu		: yes
fpu_exception	: yes
cpuid level	: 13
wp		: yes
flags		: fpu vme de pse tsc msr pae mce cx8 apic sep mtrr pge mca cmov pat pse36 clflush dts acpi mmx fxsr sse sse2 ss ht tm pbe syscall nx rdtscp lm constant_tsc arch_perfmon pebs bts rep_good nopl xtopology nonstop_tsc aperfmperf eagerfpu pni pclmulqdq dtes64 monitor ds_cpl vmx est tm2 ssse3 cx16 xtpr pdcm pcid sse4_1 sse4_2 x2apic popcnt tsc_deadline_timer aes xsave avx f16c rdrand lahf_lm epb tpr_shadow vnmi flexpriority ept vpid fsgsbase smep erms xsaveopt dtherm ida arat pln pts
bugs		:
bogomips	: 3591.64
clflush size	: 64
cache_alignment	: 64
address sizes	: 36 bits physical, 48 bits virtual
power management:

processor	: 1
vendor_id	: GenuineIntel
cpu family	: 6
model		: 58
model name	: Intel(R) Core(TM) i5-3337U CPU @ 1.80GHz
stepping	: 9
microcode	: 0x17
cpu MHz		: 2499.960
cache size	: 3072 KB
physical id	: 0
siblings	: 4
core id		: 0
cpu cores	: 2
apicid		: 1
initial apicid	: 1
fpu		: yes
fpu_exception	: yes
cpuid level	: 13
wp		: yes
flags		: fpu vme de pse tsc msr pae mce cx8 apic sep mtrr pge mca cmov pat pse36 clflush dts acpi mmx fxsr sse sse2 ss ht tm pbe syscall nx rdtscp lm constant_tsc arch_perfmon pebs bts rep_good nopl xtopology nonstop_tsc aperfmperf eagerfpu pni pclmulqdq dtes64 monitor ds_cpl vmx est tm2 ssse3 cx16 xtpr pdcm pcid sse4_1 sse4_2 x2apic popcnt tsc_deadline_timer aes xsave avx f16c rdrand lahf_lm epb tpr_shadow vnmi flexpriority ept vpid fsgsbase smep erms xsaveopt dtherm ida arat pln pts
bugs		:
bogomips	: 3591.64
clflush size	: 64
cache_alignment	: 64
address sizes	: 36 bits physical, 48 bits virtual
power management:

processor	: 2
vendor_id	: GenuineIntel
cpu family	: 6
model		: 58
model name	: Intel(R) Core(TM) i5-3337U CPU @ 1.80GHz
stepping	: 9
microcode	: 0x17
cpu MHz		: 2563.031
cache size	: 3072 KB
physical id	: 0
siblings	: 4
core id		: 1
cpu cores	: 2
apicid		: 2
initial apicid	: 2
fpu		: yes
fpu_exception	: yes
cpuid level	: 13
wp		: yes
flags		: fpu vme de pse tsc msr pae mce cx8 apic sep mtrr pge mca cmov pat pse36 clflush dts acpi mmx fxsr sse sse2 ss ht tm pbe syscall nx rdtscp lm constant_tsc arch_perfmon pebs bts rep_good nopl xtopology nonstop_tsc aperfmperf eagerfpu pni pclmulqdq dtes64 monitor ds_cpl vmx est tm2 ssse3 cx16 xtpr pdcm pcid sse4_1 sse4_2 x2apic popcnt tsc_deadline_timer aes xsave avx f16c rdrand lahf_lm epb tpr_shadow vnmi flexpriority ept vpid fsgsbase smep erms xsaveopt dtherm ida arat pln pts
bugs		:
bogomips	: 3591.64
clflush size	: 64
cache_alignment	: 64
address sizes	: 36 bits physical, 48 bits virtual
power management:

processor	: 3
vendor_id	: GenuineIntel
cpu family	: 6
model		: 58
model name	: Intel(R) Core(TM) i5-3337U CPU @ 1.80GHz
stepping	: 9
microcode	: 0x17
cpu MHz		: 2510.367
cache size	: 3072 KB
physical id	: 0
siblings	: 4
core id		: 1
cpu cores	: 2
apicid		: 3
initial apicid	: 3
fpu		: yes
fpu_exception	: yes
cpuid level	: 13
wp		: yes
flags		: fpu vme de pse tsc msr pae mce cx8 apic sep mtrr pge mca cmov pat pse36 clflush dts acpi mmx fxsr sse sse2 ss ht tm pbe syscall nx rdtscp lm constant_tsc arch_perfmon pebs bts rep_good nopl xtopology nonstop_tsc aperfmperf eagerfpu pni pclmulqdq dtes64 monitor ds_cpl vmx est tm2 ssse3 cx16 xtpr pdcm pcid sse4_1 sse4_2 x2apic popcnt tsc_deadline_timer aes xsave avx f16c rdrand lahf_lm epb tpr_shadow vnmi flexpriority ept vpid fsgsbase smep erms xsaveopt dtherm ida arat pln pts
bugs		:
bogomips	: 3591.64
clflush size	: 64
cache_alignment	: 64
address sizes	: 36 bits physical, 48 bits virtual
power management:



Memory: 4k page, physical 8047424k(3466332k free), swap 0k(0k free)

vm_info: Java HotSpot(TM) 64-Bit Server VM (25.101-b13) for linux-amd64 JRE (1.8.0_101-b13), built on Jun 22 2016 02:59:44 by "java_re" with gcc 4.3.0 20080428 (Red Hat 4.3.0-8)

time: Wed Sep 28 17:14:37 2016
elapsed time: 2 seconds (0d 0h 0m 2s)

