#
# A fatal error has been detected by the Java Runtime Environment:
#
#  SIGSEGV (0xb) at pc=0x00007f15f170c45f, pid=8189, tid=0x00007f15ec42e700
#
# JRE version: Java(TM) SE Runtime Environment (8.0_101-b13) (build 1.8.0_101-b13)
# Java VM: Java HotSpot(TM) 64-Bit Server VM (25.101-b13 mixed mode linux-amd64 compressed oops)
# Problematic frame:
# J 2158 C1 com.android.dx.dex.code.form.Form11n.isCompatible(Lcom/android/dx/dex/code/DalvInsn;)Z (89 bytes) @ 0x00007f15f170c45f [0x00007f15f170c3c0+0x9f]
#
# Failed to write core dump. Core dumps have been disabled. To enable core dumping, try "ulimit -c unlimited" before starting Java again
#
# If you would like to submit a bug report, please visit:
#   http://bugreport.java.com/bugreport/crash.jsp
#

---------------  T H R E A D  ---------------

Current thread (0x00007f160015a800):  JavaThread "pool-1-thread-1" [_thread_in_Java, id=8247, stack(0x00007f15ec32e000,0x00007f15ec42f000)]

siginfo: si_signo: 11 (SIGSEGV), si_code: 2 (SEGV_ACCERR), si_addr: 0x00000000d0d3c33c

Registers:
RAX=0x0000000100090c68, RBX=0x0000000100094990, RCX=0x0000000100094990, RDX=0x00000000c0d3c2d8
RSP=0x00007f15ec42cd60, RBP=0x00007f15ec42d250, RSI=0x00000000c0d3c318, RDI=0x00000000d0d3c330
R8 =0x00000000f36279a0, R9 =0x00000000c0d3aeb8, R10=0x00007f16072a2dc0, R11=0x00007f15eee772b8
R12=0x0000000000000000, R13=0x00000000c0d3aeb8, R14=0x00007f15ec42cdb0, R15=0x00007f160015a800
RIP=0x00007f15f170c45f, EFLAGS=0x0000000000010202, CSGSFS=0x0000000000000033, ERR=0x0000000000000004
  TRAPNO=0x000000000000000e

Top of Stack: (sp=0x00007f15ec42cd60)
0x00007f15ec42cd60:   00007f15eed87608 0000000000000000
0x00007f15ec42cd70:   00007f15eed87218 0000000000000000
0x00007f15ec42cd80:   00007f15ec42cdc0 00007f15ec42d250
0x00007f15ec42cd90:   00007f15f169a0b4 00000000c0d3c3c0
0x00007f15ec42cda0:   00000000c0d3c3e0 00000000c0d3c3c0
0x00007f15ec42cdb0:   00007f15ec42d250 00007f15f169a0b4
0x00007f15ec42cdc0:   00007f15eee7aa00 0000000000000000
0x00007f15ec42cdd0:   000000010008e168 0000000000000000
0x00007f15ec42cde0:   00007f15ec42d250 00007f15f119aec4
0x00007f15ec42cdf0:   00000000f39b25b8 00000000c0cf5fd8
0x00007f15ec42ce00:   0000000200000000 00000000f36e0d80
0x00007f15ec42ce10:   00000000c0d3aeb8 00000000f36279a0
0x00007f15ec42ce20:   00000000c0d3c2d8 00007f15f12f0dd0
0x00007f15ec42ce30:   00007f15ec42d250 00007f15f12fec2c
0x00007f15ec42ce40:   00007f15ec42d250 00007f15f16cd2bc
0x00007f15ec42ce50:   00007f1500000000 00007f15f1709eee
0x00007f15ec42ce60:   00000000f1451350 00000000f36bcdc8
0x00007f15ec42ce70:   0000000000000002 0000000000000002
0x00007f15ec42ce80:   00007f15ec42d250 00007f15f16a4bf4
0x00007f15ec42ce90:   00000000c0bc1e68 00000000c0bc1e90
0x00007f15ec42cea0:   00000000f1a89530 00000000f3609fc0
0x00007f15ec42ceb0:   00000000c0d3aeb8 00000000c0d3c2d8
0x00007f15ec42cec0:   000000d6ffffffff 00000000f36279a0
0x00007f15ec42ced0:   00000000f1a895f8 00007f15000000fd
0x00007f15ec42cee0:   00007f15ec42d250 00007f15f16d6574
0x00007f15ec42cef0:   00000000c0bc1d88 0000000200000000
0x00007f15ec42cf00:   00007f15ec42d250 00007f15f170371c
0x00007f15ec42cf10:   0000000000000000 00000000c0d3f518
0x00007f15ec42cf20:   00007f15ffffffff 00007f15f16cc44c
0x00007f15ec42cf30:   00007f15ec42d250 00007f15f16a0374
0x00007f15ec42cf40:   00007f15ec42d250 00000000f1a893c0
0x00007f15ec42cf50:   0000000700000008 00000000c0d40898 

Instructions: (pc=0x00007f15f170c45f)
0x00007f15f170c43f:   e9 05 00 00 00 48 33 ff eb 0a 48 bf 01 00 00 00
0x00007f15f170c44f:   00 00 00 00 83 ff 00 0f 84 b6 01 00 00 8b 7e 10
0x00007f15f170c45f:   8b 7f 0c 83 ff 01 0f 85 a7 01 00 00 48 89 54 24
0x00007f15f170c46f:   38 ba 00 00 00 00 90 90 e8 04 7b ab ff 48 83 f8 

Register to memory mapping:

RAX=0x0000000100090c68 is pointing into metadata
RBX=0x0000000100094990 is pointing into metadata
RCX=0x0000000100094990 is pointing into metadata
RDX=0x00000000c0d3c2d8 is an oop
com.android.dx.dex.code.CstInsn 
 - klass: 'com/android/dx/dex/code/CstInsn'
RSP=0x00007f15ec42cd60 is pointing into the stack for thread: 0x00007f160015a800
RBP=0x00007f15ec42d250 is pointing into the stack for thread: 0x00007f160015a800
RSI=0x00000000c0d3c318 is an oop
com.android.dx.rop.code.RegisterSpecList 
 - klass: 'com/android/dx/rop/code/RegisterSpecList'
RDI=0x00000000d0d3c330 is an unallocated location in the heap
R8 =0x00000000f36279a0 is an oop
com.android.dx.dex.code.Dop 
 - klass: 'com/android/dx/dex/code/Dop'
R9 =0x00000000c0d3aeb8 is an oop
com.android.dx.dex.code.OutputFinisher 
 - klass: 'com/android/dx/dex/code/OutputFinisher'
R10=0x00007f16072a2dc0: <offset 0xfc5dc0> in /usr/lib/jvm/java-8-oracle/jre/lib/amd64/server/libjvm.so at 0x00007f16062dd000
R11=0x00007f15eee772b8 is pointing into metadata
R12=0x0000000000000000 is an unknown value
R13=0x00000000c0d3aeb8 is an oop
com.android.dx.dex.code.OutputFinisher 
 - klass: 'com/android/dx/dex/code/OutputFinisher'
R14=0x00007f15ec42cdb0 is pointing into the stack for thread: 0x00007f160015a800
R15=0x00007f160015a800 is a thread


Stack: [0x00007f15ec32e000,0x00007f15ec42f000],  sp=0x00007f15ec42cd60,  free space=1019k
Native frames: (J=compiled Java code, j=interpreted, Vv=VM code, C=native code)
J 2158 C1 com.android.dx.dex.code.form.Form11n.isCompatible(Lcom/android/dx/dex/code/DalvInsn;)Z (89 bytes) @ 0x00007f15f170c45f [0x00007f15f170c3c0+0x9f]
J 2015 C1 com.android.dx.dex.code.OutputFinisher.findOpcodeForInsn(Lcom/android/dx/dex/code/DalvInsn;Lcom/android/dx/dex/code/Dop;)Lcom/android/dx/dex/code/Dop; (51 bytes) @ 0x00007f15f169a0b4 [0x00007f15f169a020+0x94]
J 2100 C1 com.android.dx.dex.code.OutputFinisher.calculateReservedCount([Lcom/android/dx/dex/code/Dop;)I (122 bytes) @ 0x00007f15f16cd2bc [0x00007f15f16ccf80+0x33c]
J 2148 C1 com.android.dx.dex.code.OutputFinisher.reserveRegisters([Lcom/android/dx/dex/code/Dop;)Z (119 bytes) @ 0x00007f15f170371c [0x00007f15f1703680+0x9c]
J 2170 C1 com.android.dx.dex.code.OutputFinisher.finishProcessingAndGetList()Lcom/android/dx/dex/code/DalvInsnList; (74 bytes) @ 0x00007f15f170fc2c [0x00007f15f170fba0+0x8c]
J 2137 C1 com.android.dx.dex.code.DalvCode.finishProcessingIfNecessary()V (69 bytes) @ 0x00007f15f1701424 [0x00007f15f17013a0+0x84]
J 2139 C1 com.android.dx.dex.file.CodeItem.place0(Lcom/android/dx/dex/file/Section;I)V (88 bytes) @ 0x00007f15f1702a94 [0x00007f15f17028c0+0x1d4]
J 1992 C1 com.android.dx.dex.file.OffsettedItem.place(Lcom/android/dx/dex/file/Section;I)I (78 bytes) @ 0x00007f15f1692744 [0x00007f15f1692680+0xc4]
j  com.android.dx.dex.file.MixedItemSection.placeItems()V+94
j  com.android.dx.dex.file.DexFile.toDex0(ZZ)Lcom/android/dx/util/ByteArrayAnnotatedOutput;+195
j  com.android.dx.dex.file.DexFile.toDex(Ljava/io/Writer;Z)[B+13
j  com.android.dx.command.dexer.Main.writeDex(Lcom/android/dx/dex/file/DexFile;)[B+44
j  com.android.dx.command.dexer.Main.access$3000(Lcom/android/dx/dex/file/DexFile;)[B+1
j  com.android.dx.command.dexer.Main$DexWriter.call()[B+4
j  com.android.dx.command.dexer.Main$DexWriter.call()Ljava/lang/Object;+1
j  java.util.concurrent.FutureTask.run()V+42
j  java.util.concurrent.ThreadPoolExecutor.runWorker(Ljava/util/concurrent/ThreadPoolExecutor$Worker;)V+95
j  java.util.concurrent.ThreadPoolExecutor$Worker.run()V+5
j  java.lang.Thread.run()V+11
v  ~StubRoutines::call_stub
V  [libjvm.so+0x68f6b6]  JavaCalls::call_helper(JavaValue*, methodHandle*, JavaCallArguments*, Thread*)+0x1056
V  [libjvm.so+0x68fbc1]  JavaCalls::call_virtual(JavaValue*, KlassHandle, Symbol*, Symbol*, JavaCallArguments*, Thread*)+0x321
V  [libjvm.so+0x690067]  JavaCalls::call_virtual(JavaValue*, Handle, KlassHandle, Symbol*, Symbol*, Thread*)+0x47
V  [libjvm.so+0x726fc0]  thread_entry(JavaThread*, Thread*)+0xa0
V  [libjvm.so+0xa7343f]  JavaThread::thread_main_inner()+0xdf
V  [libjvm.so+0xa7356c]  JavaThread::run()+0x11c
V  [libjvm.so+0x924698]  java_start(Thread*)+0x108
C  [libpthread.so.0+0x76fa]  start_thread+0xca


---------------  P R O C E S S  ---------------

Java Threads: ( => current thread )
=>0x00007f160015a800 JavaThread "pool-1-thread-1" [_thread_in_Java, id=8247, stack(0x00007f15ec32e000,0x00007f15ec42f000)]
  0x00007f16000c0000 JavaThread "Service Thread" daemon [_thread_blocked, id=8207, stack(0x00007f15ec631000,0x00007f15ec732000)]
  0x00007f16000bd000 JavaThread "C1 CompilerThread2" daemon [_thread_blocked, id=8206, stack(0x00007f15ec732000,0x00007f15ec833000)]
  0x00007f16000bb800 JavaThread "C2 CompilerThread1" daemon [_thread_in_native, id=8205, stack(0x00007f15ec833000,0x00007f15ec934000)]
  0x00007f16000b8800 JavaThread "C2 CompilerThread0" daemon [_thread_in_native, id=8204, stack(0x00007f15ec934000,0x00007f15eca35000)]
  0x00007f16000b7000 JavaThread "Signal Dispatcher" daemon [_thread_blocked, id=8203, stack(0x00007f15eca35000,0x00007f15ecb36000)]
  0x00007f1600084000 JavaThread "Finalizer" daemon [_thread_blocked, id=8202, stack(0x00007f15ed4f5000,0x00007f15ed5f6000)]
  0x00007f160007f800 JavaThread "Reference Handler" daemon [_thread_blocked, id=8201, stack(0x00007f15ed5f6000,0x00007f15ed6f7000)]
  0x00007f160000a000 JavaThread "main" [_thread_blocked, id=8191, stack(0x00007f1607dd0000,0x00007f1607ed1000)]

Other Threads:
  0x00007f1600078000 VMThread [stack: 0x00007f15ed6f7000,0x00007f15ed7f8000] [id=8200]
  0x00007f16000c3800 WatcherThread [stack: 0x00007f15ec530000,0x00007f15ec631000] [id=8208]

VM state:not at safepoint (normal execution)

VM Mutex/Monitor currently owned by a thread: None

Heap:
 PSYoungGen      total 140288K, used 129318K [0x00000000eab00000, 0x00000000f4900000, 0x0000000100000000)
  eden space 124928K, 91% used [0x00000000eab00000,0x00000000f1ad2780,0x00000000f2500000)
  from space 15360K, 96% used [0x00000000f3600000,0x00000000f44770c0,0x00000000f4500000)
  to   space 17408K, 0% used [0x00000000f2500000,0x00000000f2500000,0x00000000f3600000)
 ParOldGen       total 84992K, used 23507K [0x00000000c0000000, 0x00000000c5300000, 0x00000000eab00000)
  object space 84992K, 27% used [0x00000000c0000000,0x00000000c16f4d48,0x00000000c5300000)
 Metaspace       used 6402K, capacity 7378K, committed 7680K, reserved 1056768K
  class space    used 617K, capacity 650K, committed 768K, reserved 1048576K

Card table byte_map: [0x00007f1604975000,0x00007f1604b76000] byte_map_base: 0x00007f1604375000

Marking Bits: (ParMarkBitMap*) 0x00007f160729e120
 Begin Bits: [0x00007f15ef000000, 0x00007f15f0000000)
 End Bits:   [0x00007f15f0000000, 0x00007f15f1000000)

Polling page: 0x00007f1607eed000

CodeCache: size=245760Kb used=7233Kb max_used=7233Kb free=238526Kb
 bounds [0x00007f15f1000000, 0x00007f15f1720000, 0x00007f1600000000]
 total_blobs=2219 nmethods=1956 adapters=176
 compilation: enabled

Compilation events (10 events):
Event: 5.321 Thread 0x00007f16000bd000 2145       2       com.android.dx.dex.code.DalvInsn::getNextAddress (10 bytes)
Event: 5.321 Thread 0x00007f16000bd000 nmethod 2145 0x00007f15f1711150 code [0x00007f15f17112e0, 0x00007f15f1711518]
Event: 5.323 Thread 0x00007f16000bd000 2171       2       com.android.dx.dex.code.LocalList$MakeState::checkForEmptyRange (198 bytes)
Event: 5.325 Thread 0x00007f16000bd000 nmethod 2171 0x00007f15f1711610 code [0x00007f15f1711880, 0x00007f15f1712348]
Event: 5.325 Thread 0x00007f16000bd000 2172       2       com.android.dx.dex.code.LocalList$MakeState::endLocal (51 bytes)
Event: 5.326 Thread 0x00007f16000bd000 nmethod 2172 0x00007f15f1713290 code [0x00007f15f1713440, 0x00007f15f1713788]
Event: 5.326 Thread 0x00007f16000bd000 2173       2       com.android.dx.dex.code.form.Form12x::isCompatible (119 bytes)
Event: 5.327 Thread 0x00007f16000bd000 nmethod 2173 0x00007f15f17139d0 code [0x00007f15f1713ba0, 0x00007f15f1714008]
Event: 5.328 Thread 0x00007f16000bd000 2174       2       com.android.dx.dex.code.form.Form10t::isCompatible (41 bytes)
Event: 5.329 Thread 0x00007f16000bd000 nmethod 2174 0x00007f15f17143d0 code [0x00007f15f1714560, 0x00007f15f1714998]

GC Heap History (10 events):
Event: 3.193 GC heap before
{Heap before GC invocations=2 (full 0):
 PSYoungGen      total 36864K, used 36836K [0x00000000eab00000, 0x00000000ed400000, 0x0000000100000000)
  eden space 31744K, 100% used [0x00000000eab00000,0x00000000eca00000,0x00000000eca00000)
  from space 5120K, 99% used [0x00000000eca00000,0x00000000ecef9258,0x00000000ecf00000)
  to   space 5120K, 0% used [0x00000000ecf00000,0x00000000ecf00000,0x00000000ed400000)
 ParOldGen       total 84992K, used 831K [0x00000000c0000000, 0x00000000c5300000, 0x00000000eab00000)
  object space 84992K, 0% used [0x00000000c0000000,0x00000000c00cffb8,0x00000000c5300000)
 Metaspace       used 5668K, capacity 6832K, committed 7040K, reserved 1056768K
  class space    used 579K, capacity 616K, committed 640K, reserved 1048576K
Event: 3.223 GC heap after
Heap after GC invocations=2 (full 0):
 PSYoungGen      total 36864K, used 5118K [0x00000000eab00000, 0x00000000ef300000, 0x0000000100000000)
  eden space 31744K, 0% used [0x00000000eab00000,0x00000000eab00000,0x00000000eca00000)
  from space 5120K, 99% used [0x00000000ecf00000,0x00000000ed3ffac8,0x00000000ed400000)
  to   space 5120K, 0% used [0x00000000eca00000,0x00000000eca00000,0x00000000ecf00000)
 ParOldGen       total 84992K, used 4994K [0x00000000c0000000, 0x00000000c5300000, 0x00000000eab00000)
  object space 84992K, 5% used [0x00000000c0000000,0x00000000c04e0aa8,0x00000000c5300000)
 Metaspace       used 5668K, capacity 6832K, committed 7040K, reserved 1056768K
  class space    used 579K, capacity 616K, committed 640K, reserved 1048576K
}
Event: 3.528 GC heap before
{Heap before GC invocations=3 (full 0):
 PSYoungGen      total 36864K, used 36862K [0x00000000eab00000, 0x00000000ef300000, 0x0000000100000000)
  eden space 31744K, 100% used [0x00000000eab00000,0x00000000eca00000,0x00000000eca00000)
  from space 5120K, 99% used [0x00000000ecf00000,0x00000000ed3ffac8,0x00000000ed400000)
  to   space 5120K, 0% used [0x00000000eca00000,0x00000000eca00000,0x00000000ecf00000)
 ParOldGen       total 84992K, used 4994K [0x00000000c0000000, 0x00000000c5300000, 0x00000000eab00000)
  object space 84992K, 5% used [0x00000000c0000000,0x00000000c04e0aa8,0x00000000c5300000)
 Metaspace       used 5703K, capacity 6832K, committed 7040K, reserved 1056768K
  class space    used 579K, capacity 616K, committed 640K, reserved 1048576K
Event: 3.562 GC heap after
Heap after GC invocations=3 (full 0):
 PSYoungGen      total 36864K, used 5108K [0x00000000eab00000, 0x00000000ef300000, 0x0000000100000000)
  eden space 31744K, 0% used [0x00000000eab00000,0x00000000eab00000,0x00000000eca00000)
  from space 5120K, 99% used [0x00000000eca00000,0x00000000ecefd048,0x00000000ecf00000)
  to   space 5120K, 0% used [0x00000000eee00000,0x00000000eee00000,0x00000000ef300000)
 ParOldGen       total 84992K, used 9116K [0x00000000c0000000, 0x00000000c5300000, 0x00000000eab00000)
  object space 84992K, 10% used [0x00000000c0000000,0x00000000c08e7180,0x00000000c5300000)
 Metaspace       used 5703K, capacity 6832K, committed 7040K, reserved 1056768K
  class space    used 579K, capacity 616K, committed 640K, reserved 1048576K
}
Event: 3.824 GC heap before
{Heap before GC invocations=4 (full 0):
 PSYoungGen      total 36864K, used 36852K [0x00000000eab00000, 0x00000000ef300000, 0x0000000100000000)
  eden space 31744K, 100% used [0x00000000eab00000,0x00000000eca00000,0x00000000eca00000)
  from space 5120K, 99% used [0x00000000eca00000,0x00000000ecefd048,0x00000000ecf00000)
  to   space 5120K, 0% used [0x00000000eee00000,0x00000000eee00000,0x00000000ef300000)
 ParOldGen       total 84992K, used 9116K [0x00000000c0000000, 0x00000000c5300000, 0x00000000eab00000)
  object space 84992K, 10% used [0x00000000c0000000,0x00000000c08e7180,0x00000000c5300000)
 Metaspace       used 5743K, capacity 6896K, committed 7040K, reserved 1056768K
  class space    used 580K, capacity 616K, committed 640K, reserved 1048576K
Event: 3.852 GC heap after
Heap after GC invocations=4 (full 0):
 PSYoungGen      total 68608K, used 5104K [0x00000000eab00000, 0x00000000ef300000, 0x0000000100000000)
  eden space 63488K, 0% used [0x00000000eab00000,0x00000000eab00000,0x00000000ee900000)
  from space 5120K, 99% used [0x00000000eee00000,0x00000000ef2fc120,0x00000000ef300000)
  to   space 5120K, 0% used [0x00000000ee900000,0x00000000ee900000,0x00000000eee00000)
 ParOldGen       total 84992K, used 13955K [0x00000000c0000000, 0x00000000c5300000, 0x00000000eab00000)
  object space 84992K, 16% used [0x00000000c0000000,0x00000000c0da0db0,0x00000000c5300000)
 Metaspace       used 5743K, capacity 6896K, committed 7040K, reserved 1056768K
  class space    used 580K, capacity 616K, committed 640K, reserved 1048576K
}
Event: 4.202 GC heap before
{Heap before GC invocations=5 (full 0):
 PSYoungGen      total 68608K, used 68592K [0x00000000eab00000, 0x00000000ef300000, 0x0000000100000000)
  eden space 63488K, 100% used [0x00000000eab00000,0x00000000ee900000,0x00000000ee900000)
  from space 5120K, 99% used [0x00000000eee00000,0x00000000ef2fc120,0x00000000ef300000)
  to   space 5120K, 0% used [0x00000000ee900000,0x00000000ee900000,0x00000000eee00000)
 ParOldGen       total 84992K, used 13955K [0x00000000c0000000, 0x00000000c5300000, 0x00000000eab00000)
  object space 84992K, 16% used [0x00000000c0000000,0x00000000c0da0db0,0x00000000c5300000)
 Metaspace       used 5888K, capacity 6896K, committed 7040K, reserved 1056768K
  class space    used 599K, capacity 616K, committed 640K, reserved 1048576K
Event: 4.233 GC heap after
Heap after GC invocations=5 (full 0):
 PSYoungGen      total 68608K, used 5089K [0x00000000eab00000, 0x00000000f4500000, 0x0000000100000000)
  eden space 63488K, 0% used [0x00000000eab00000,0x00000000eab00000,0x00000000ee900000)
  from space 5120K, 99% used [0x00000000ee900000,0x00000000eedf8640,0x00000000eee00000)
  to   space 15360K, 0% used [0x00000000f3600000,0x00000000f3600000,0x00000000f4500000)
 ParOldGen       total 84992K, used 23507K [0x00000000c0000000, 0x00000000c5300000, 0x00000000eab00000)
  object space 84992K, 27% used [0x00000000c0000000,0x00000000c16f4d48,0x00000000c5300000)
 Metaspace       used 5888K, capacity 6896K, committed 7040K, reserved 1056768K
  class space    used 599K, capacity 616K, committed 640K, reserved 1048576K
}
Event: 4.562 GC heap before
{Heap before GC invocations=6 (full 0):
 PSYoungGen      total 68608K, used 68577K [0x00000000eab00000, 0x00000000f4500000, 0x0000000100000000)
  eden space 63488K, 100% used [0x00000000eab00000,0x00000000ee900000,0x00000000ee900000)
  from space 5120K, 99% used [0x00000000ee900000,0x00000000eedf8640,0x00000000eee00000)
  to   space 15360K, 0% used [0x00000000f3600000,0x00000000f3600000,0x00000000f4500000)
 ParOldGen       total 84992K, used 23507K [0x00000000c0000000, 0x00000000c5300000, 0x00000000eab00000)
  object space 84992K, 27% used [0x00000000c0000000,0x00000000c16f4d48,0x00000000c5300000)
 Metaspace       used 5916K, capacity 6960K, committed 7040K, reserved 1056768K
  class space    used 599K, capacity 616K, committed 640K, reserved 1048576K
Event: 4.599 GC heap after
Heap after GC invocations=6 (full 0):
 PSYoungGen      total 140288K, used 14812K [0x00000000eab00000, 0x00000000f4900000, 0x0000000100000000)
  eden space 124928K, 0% used [0x00000000eab00000,0x00000000eab00000,0x00000000f2500000)
  from space 15360K, 96% used [0x00000000f3600000,0x00000000f44770c0,0x00000000f4500000)
  to   space 17408K, 0% used [0x00000000f2500000,0x00000000f2500000,0x00000000f3600000)
 ParOldGen       total 84992K, used 23507K [0x00000000c0000000, 0x00000000c5300000, 0x00000000eab00000)
  object space 84992K, 27% used [0x00000000c0000000,0x00000000c16f4d48,0x00000000c5300000)
 Metaspace       used 5916K, capacity 6960K, committed 7040K, reserved 1056768K
  class space    used 599K, capacity 616K, committed 640K, reserved 1048576K
}

Deoptimization events (10 events):
Event: 4.200 Thread 0x00007f1600159800 Uncommon trap: reason=unstable_if action=reinterpret pc=0x00007f15f146a034 method=java.util.HashMap.putVal(ILjava/lang/Object;Ljava/lang/Object;ZZ)Ljava/lang/Object; @ 162
Event: 4.614 Thread 0x00007f160000a000 Uncommon trap: reason=unstable_if action=reinterpret pc=0x00007f15f131af08 method=com.android.dx.dex.code.OutputFinisher.hasLocalInfo(Lcom/android/dx/dex/code/DalvInsn;)Z @ 24
Event: 4.910 Thread 0x00007f160015c000 Uncommon trap: reason=bimorphic action=maybe_recompile pc=0x00007f15f15b53f4 method=com.android.dx.cf.code.BytecodeArray.parseInstruction(ILcom/android/dx/cf/code/BytecodeArray$Visitor;)I @ 1287
Event: 4.910 Thread 0x00007f160015c000 Uncommon trap: reason=bimorphic action=maybe_recompile pc=0x00007f15f15b53f4 method=com.android.dx.cf.code.BytecodeArray.parseInstruction(ILcom/android/dx/cf/code/BytecodeArray$Visitor;)I @ 1287
Event: 5.031 Thread 0x00007f160015a800 Uncommon trap: reason=class_check action=maybe_recompile pc=0x00007f15f141a938 method=java.util.Arrays.hashCode([Ljava/lang/Object;)I @ 43
Event: 5.031 Thread 0x00007f160015a800 Uncommon trap: reason=class_check action=maybe_recompile pc=0x00007f15f141a938 method=java.util.Arrays.hashCode([Ljava/lang/Object;)I @ 43
Event: 5.031 Thread 0x00007f160015a800 Uncommon trap: reason=class_check action=maybe_recompile pc=0x00007f15f141a938 method=java.util.Arrays.hashCode([Ljava/lang/Object;)I @ 43
Event: 5.031 Thread 0x00007f160015a800 Uncommon trap: reason=class_check action=maybe_recompile pc=0x00007f15f141a938 method=java.util.Arrays.hashCode([Ljava/lang/Object;)I @ 43
Event: 5.032 Thread 0x00007f160015a800 Uncommon trap: reason=class_check action=maybe_recompile pc=0x00007f15f140e3f8 method=java.util.Arrays.hashCode([Ljava/lang/Object;)I @ 43
Event: 5.201 Thread 0x00007f160015a800 Uncommon trap: reason=unstable_if action=reinterpret pc=0x00007f15f12d8a78 method=java.util.Arrays.equals([Ljava/lang/Object;[Ljava/lang/Object;)Z @ 23

Internal exceptions (5 events):
Event: 0.180 Thread 0x00007f160000a000 Exception <a 'java/lang/NoSuchMethodError': Method sun.misc.Unsafe.defineClass(Ljava/lang/String;[BII)Ljava/lang/Class; name or signature does not match> (0x00000000eab07cc0) thrown at [/HUDSON3/workspace/8-2-build-linux-amd64/jdk8u101/7261/hotspot/src/sh
Event: 0.180 Thread 0x00007f160000a000 Exception <a 'java/lang/NoSuchMethodError': Method sun.misc.Unsafe.prefetchRead(Ljava/lang/Object;J)V name or signature does not match> (0x00000000eab07fa8) thrown at [/HUDSON3/workspace/8-2-build-linux-amd64/jdk8u101/7261/hotspot/src/share/vm/prims/jni.c
Event: 4.180 Thread 0x00007f1600155800 Exception <a 'java/lang/ArrayIndexOutOfBoundsException': 18> (0x00000000ee581370) thrown at [/HUDSON3/workspace/8-2-build-linux-amd64/jdk8u101/7261/hotspot/src/share/vm/interpreter/interpreterRuntime.cpp, line 366]
Event: 4.185 Thread 0x00007f1600155800 Exception <a 'java/lang/ArrayIndexOutOfBoundsException': 145> (0x00000000ee582ef0) thrown at [/HUDSON3/workspace/8-2-build-linux-amd64/jdk8u101/7261/hotspot/src/share/vm/interpreter/interpreterRuntime.cpp, line 366]
Event: 4.186 Thread 0x00007f1600155800 Exception <a 'java/lang/ArrayIndexOutOfBoundsException': 40> (0x00000000ee5841d8) thrown at [/HUDSON3/workspace/8-2-build-linux-amd64/jdk8u101/7261/hotspot/src/share/vm/interpreter/interpreterRuntime.cpp, line 366]

Events (10 events):
Event: 5.267 Thread 0x00007f160015a800 DEOPT PACKING pc=0x00007f15f16a17f9 sp=0x00007f15ec42cff0
Event: 5.267 Thread 0x00007f160015a800 DEOPT UNPACKING pc=0x00007f15f1047633 sp=0x00007f15ec42cd90 mode 0
Event: 5.285 Thread 0x00007f160015a800 DEOPT PACKING pc=0x00007f15f16aaf29 sp=0x00007f15ec42cf10
Event: 5.285 Thread 0x00007f160015a800 DEOPT UNPACKING pc=0x00007f15f1047633 sp=0x00007f15ec42cc90 mode 0
Event: 5.300 Thread 0x00007f160015a800 DEOPT PACKING pc=0x00007f15f16b113d sp=0x00007f15ec42cfb0
Event: 5.300 Thread 0x00007f160015a800 DEOPT UNPACKING pc=0x00007f15f1047633 sp=0x00007f15ec42cd28 mode 0
Event: 5.306 Thread 0x00007f160015a800 DEOPT PACKING pc=0x00007f15f16ad0f9 sp=0x00007f15ec42cf00
Event: 5.306 Thread 0x00007f160015a800 DEOPT UNPACKING pc=0x00007f15f1047633 sp=0x00007f15ec42cca8 mode 0
Event: 5.307 Thread 0x00007f160015a800 DEOPT PACKING pc=0x00007f15f16b35c0 sp=0x00007f15ec42cdb0
Event: 5.307 Thread 0x00007f160015a800 DEOPT UNPACKING pc=0x00007f15f1047633 sp=0x00007f15ec42cb50 mode 0


Dynamic libraries:
00400000-00401000 r-xp 00000000 08:01 4592730                            /usr/lib/jvm/java-8-oracle/bin/java
00600000-00601000 rw-p 00000000 08:01 4592730                            /usr/lib/jvm/java-8-oracle/bin/java
02135000-02156000 rw-p 00000000 00:00 0                                  [heap]
c0000000-c5300000 rw-p 00000000 00:00 0 
c5300000-eab00000 ---p 00000000 00:00 0 
eab00000-f4900000 rw-p 00000000 00:00 0 
f4900000-100000000 ---p 00000000 00:00 0 
100000000-1000c0000 rw-p 00000000 00:00 0 
1000c0000-140000000 ---p 00000000 00:00 0 
7f15a0000000-7f15a0021000 rw-p 00000000 00:00 0 
7f15a0021000-7f15a4000000 ---p 00000000 00:00 0 
7f15a8000000-7f15a82dc000 rw-p 00000000 00:00 0 
7f15a82dc000-7f15ac000000 ---p 00000000 00:00 0 
7f15ac000000-7f15ac046000 rw-p 00000000 00:00 0 
7f15ac046000-7f15b0000000 ---p 00000000 00:00 0 
7f15b0000000-7f15b002e000 rw-p 00000000 00:00 0 
7f15b002e000-7f15b4000000 ---p 00000000 00:00 0 
7f15b4000000-7f15b4021000 rw-p 00000000 00:00 0 
7f15b4021000-7f15b8000000 ---p 00000000 00:00 0 
7f15b8000000-7f15b8021000 rw-p 00000000 00:00 0 
7f15b8021000-7f15bc000000 ---p 00000000 00:00 0 
7f15bc000000-7f15bc021000 rw-p 00000000 00:00 0 
7f15bc021000-7f15c0000000 ---p 00000000 00:00 0 
7f15c0000000-7f15c0bbf000 rw-p 00000000 00:00 0 
7f15c0bbf000-7f15c4000000 ---p 00000000 00:00 0 
7f15c4000000-7f15c4885000 rw-p 00000000 00:00 0 
7f15c4885000-7f15c8000000 ---p 00000000 00:00 0 
7f15c8000000-7f15c8021000 rw-p 00000000 00:00 0 
7f15c8021000-7f15cc000000 ---p 00000000 00:00 0 
7f15cc000000-7f15cc7eb000 rw-p 00000000 00:00 0 
7f15cc7eb000-7f15d0000000 ---p 00000000 00:00 0 
7f15d0000000-7f15d0021000 rw-p 00000000 00:00 0 
7f15d0021000-7f15d4000000 ---p 00000000 00:00 0 
7f15d4000000-7f15d4021000 rw-p 00000000 00:00 0 
7f15d4021000-7f15d8000000 ---p 00000000 00:00 0 
7f15d8000000-7f15d8021000 rw-p 00000000 00:00 0 
7f15d8021000-7f15dc000000 ---p 00000000 00:00 0 
7f15dc000000-7f15dc021000 rw-p 00000000 00:00 0 
7f15dc021000-7f15e0000000 ---p 00000000 00:00 0 
7f15e0000000-7f15e0021000 rw-p 00000000 00:00 0 
7f15e0021000-7f15e4000000 ---p 00000000 00:00 0 
7f15e4000000-7f15e4021000 rw-p 00000000 00:00 0 
7f15e4021000-7f15e8000000 ---p 00000000 00:00 0 
7f15e8000000-7f15e8021000 rw-p 00000000 00:00 0 
7f15e8021000-7f15ec000000 ---p 00000000 00:00 0 
7f15ec02b000-7f15ec02e000 ---p 00000000 00:00 0 
7f15ec02e000-7f15ec12c000 rw-p 00000000 00:00 0 
7f15ec12c000-7f15ec12f000 ---p 00000000 00:00 0 
7f15ec12f000-7f15ec22d000 rw-p 00000000 00:00 0 
7f15ec22d000-7f15ec230000 ---p 00000000 00:00 0 
7f15ec230000-7f15ec32e000 rw-p 00000000 00:00 0 
7f15ec32e000-7f15ec331000 ---p 00000000 00:00 0 
7f15ec331000-7f15ec42f000 rw-p 00000000 00:00 0 
7f15ec42f000-7f15ec432000 ---p 00000000 00:00 0 
7f15ec432000-7f15ec530000 rw-p 00000000 00:00 0 
7f15ec530000-7f15ec531000 ---p 00000000 00:00 0 
7f15ec531000-7f15ec631000 rw-p 00000000 00:00 0 
7f15ec631000-7f15ec634000 ---p 00000000 00:00 0 
7f15ec634000-7f15ec732000 rw-p 00000000 00:00 0 
7f15ec732000-7f15ec735000 ---p 00000000 00:00 0 
7f15ec735000-7f15ec833000 rw-p 00000000 00:00 0 
7f15ec833000-7f15ec836000 ---p 00000000 00:00 0 
7f15ec836000-7f15ec934000 rw-p 00000000 00:00 0 
7f15ec934000-7f15ec937000 ---p 00000000 00:00 0 
7f15ec937000-7f15eca35000 rw-p 00000000 00:00 0 
7f15eca35000-7f15eca38000 ---p 00000000 00:00 0 
7f15eca38000-7f15ecb36000 rw-p 00000000 00:00 0 
7f15ecb36000-7f15ed4f5000 r--p 00000000 08:01 4332457                    /usr/lib/locale/locale-archive
7f15ed4f5000-7f15ed4f8000 ---p 00000000 00:00 0 
7f15ed4f8000-7f15ed5f6000 rw-p 00000000 00:00 0 
7f15ed5f6000-7f15ed5f9000 ---p 00000000 00:00 0 
7f15ed5f9000-7f15ed6f7000 rw-p 00000000 00:00 0 
7f15ed6f7000-7f15ed6f8000 ---p 00000000 00:00 0 
7f15ed6f8000-7f15ee627000 rw-p 00000000 00:00 0 
7f15ee627000-7f15ee800000 r--s 03d29000 08:01 4592778                    /usr/lib/jvm/java-8-oracle/jre/lib/rt.jar
7f15ee800000-7f15eeec0000 rw-p 00000000 00:00 0 
7f15eeec0000-7f15ef000000 ---p 00000000 00:00 0 
7f15ef000000-7f15f1000000 rw-p 00000000 00:00 0 
7f15f1000000-7f15f1720000 rwxp 00000000 00:00 0 
7f15f1720000-7f1600000000 ---p 00000000 00:00 0 
7f1600000000-7f16003a2000 rw-p 00000000 00:00 0 
7f16003a2000-7f1604000000 ---p 00000000 00:00 0 
7f1604013000-7f160441b000 rw-p 00000000 00:00 0 
7f160441b000-7f160441c000 ---p 00000000 00:00 0 
7f160441c000-7f160451c000 rw-p 00000000 00:00 0 
7f160451c000-7f160451d000 ---p 00000000 00:00 0 
7f160451d000-7f160461d000 rw-p 00000000 00:00 0 
7f160461d000-7f160461e000 ---p 00000000 00:00 0 
7f160461e000-7f160471e000 rw-p 00000000 00:00 0 
7f160471e000-7f160471f000 ---p 00000000 00:00 0 
7f160471f000-7f1604849000 rw-p 00000000 00:00 0 
7f1604849000-7f1604975000 ---p 00000000 00:00 0 
7f1604975000-7f160499f000 rw-p 00000000 00:00 0 
7f160499f000-7f1604aca000 ---p 00000000 00:00 0 
7f1604aca000-7f1604b1a000 rw-p 00000000 00:00 0 
7f1604b1a000-7f1604b75000 ---p 00000000 00:00 0 
7f1604b75000-7f1604b93000 rw-p 00000000 00:00 0 
7f1604b93000-7f1604f36000 ---p 00000000 00:00 0 
7f1604f36000-7f1604f50000 r-xp 00000000 08:01 4592807                    /usr/lib/jvm/java-8-oracle/jre/lib/amd64/libzip.so
7f1604f50000-7f1605150000 ---p 0001a000 08:01 4592807                    /usr/lib/jvm/java-8-oracle/jre/lib/amd64/libzip.so
7f1605150000-7f1605151000 rw-p 0001a000 08:01 4592807                    /usr/lib/jvm/java-8-oracle/jre/lib/amd64/libzip.so
7f1605151000-7f160515c000 r-xp 00000000 08:01 1839588                    /lib/x86_64-linux-gnu/libnss_files-2.23.so
7f160515c000-7f160535b000 ---p 0000b000 08:01 1839588                    /lib/x86_64-linux-gnu/libnss_files-2.23.so
7f160535b000-7f160535c000 r--p 0000a000 08:01 1839588                    /lib/x86_64-linux-gnu/libnss_files-2.23.so
7f160535c000-7f160535d000 rw-p 0000b000 08:01 1839588                    /lib/x86_64-linux-gnu/libnss_files-2.23.so
7f160535d000-7f1605363000 rw-p 00000000 00:00 0 
7f1605363000-7f160536e000 r-xp 00000000 08:01 1839598                    /lib/x86_64-linux-gnu/libnss_nis-2.23.so
7f160536e000-7f160556d000 ---p 0000b000 08:01 1839598                    /lib/x86_64-linux-gnu/libnss_nis-2.23.so
7f160556d000-7f160556e000 r--p 0000a000 08:01 1839598                    /lib/x86_64-linux-gnu/libnss_nis-2.23.so
7f160556e000-7f160556f000 rw-p 0000b000 08:01 1839598                    /lib/x86_64-linux-gnu/libnss_nis-2.23.so
7f160556f000-7f1605585000 r-xp 00000000 08:01 1839582                    /lib/x86_64-linux-gnu/libnsl-2.23.so
7f1605585000-7f1605784000 ---p 00016000 08:01 1839582                    /lib/x86_64-linux-gnu/libnsl-2.23.so
7f1605784000-7f1605785000 r--p 00015000 08:01 1839582                    /lib/x86_64-linux-gnu/libnsl-2.23.so
7f1605785000-7f1605786000 rw-p 00016000 08:01 1839582                    /lib/x86_64-linux-gnu/libnsl-2.23.so
7f1605786000-7f1605788000 rw-p 00000000 00:00 0 
7f1605788000-7f1605790000 r-xp 00000000 08:01 1839584                    /lib/x86_64-linux-gnu/libnss_compat-2.23.so
7f1605790000-7f160598f000 ---p 00008000 08:01 1839584                    /lib/x86_64-linux-gnu/libnss_compat-2.23.so
7f160598f000-7f1605990000 r--p 00007000 08:01 1839584                    /lib/x86_64-linux-gnu/libnss_compat-2.23.so
7f1605990000-7f1605991000 rw-p 00008000 08:01 1839584                    /lib/x86_64-linux-gnu/libnss_compat-2.23.so
7f1605991000-7f16059bb000 r-xp 00000000 08:01 4592831                    /usr/lib/jvm/java-8-oracle/jre/lib/amd64/libjava.so
7f16059bb000-7f1605bbb000 ---p 0002a000 08:01 4592831                    /usr/lib/jvm/java-8-oracle/jre/lib/amd64/libjava.so
7f1605bbb000-7f1605bbd000 rw-p 0002a000 08:01 4592831                    /usr/lib/jvm/java-8-oracle/jre/lib/amd64/libjava.so
7f1605bbd000-7f1605bca000 r-xp 00000000 08:01 4592787                    /usr/lib/jvm/java-8-oracle/jre/lib/amd64/libverify.so
7f1605bca000-7f1605dca000 ---p 0000d000 08:01 4592787                    /usr/lib/jvm/java-8-oracle/jre/lib/amd64/libverify.so
7f1605dca000-7f1605dcc000 rw-p 0000d000 08:01 4592787                    /usr/lib/jvm/java-8-oracle/jre/lib/amd64/libverify.so
7f1605dcc000-7f1605dd3000 r-xp 00000000 08:01 1839643                    /lib/x86_64-linux-gnu/librt-2.23.so
7f1605dd3000-7f1605fd2000 ---p 00007000 08:01 1839643                    /lib/x86_64-linux-gnu/librt-2.23.so
7f1605fd2000-7f1605fd3000 r--p 00006000 08:01 1839643                    /lib/x86_64-linux-gnu/librt-2.23.so
7f1605fd3000-7f1605fd4000 rw-p 00007000 08:01 1839643                    /lib/x86_64-linux-gnu/librt-2.23.so
7f1605fd4000-7f16060dc000 r-xp 00000000 08:01 1839559                    /lib/x86_64-linux-gnu/libm-2.23.so
7f16060dc000-7f16062db000 ---p 00108000 08:01 1839559                    /lib/x86_64-linux-gnu/libm-2.23.so
7f16062db000-7f16062dc000 r--p 00107000 08:01 1839559                    /lib/x86_64-linux-gnu/libm-2.23.so
7f16062dc000-7f16062dd000 rw-p 00108000 08:01 1839559                    /lib/x86_64-linux-gnu/libm-2.23.so
7f16062dd000-7f1606fa8000 r-xp 00000000 08:01 4719822                    /usr/lib/jvm/java-8-oracle/jre/lib/amd64/server/libjvm.so
7f1606fa8000-7f16071a7000 ---p 00ccb000 08:01 4719822                    /usr/lib/jvm/java-8-oracle/jre/lib/amd64/server/libjvm.so
7f16071a7000-7f1607280000 rw-p 00cca000 08:01 4719822                    /usr/lib/jvm/java-8-oracle/jre/lib/amd64/server/libjvm.so
7f1607280000-7f16072cb000 rw-p 00000000 00:00 0 
7f16072cb000-7f160748b000 r-xp 00000000 08:01 1839489                    /lib/x86_64-linux-gnu/libc-2.23.so
7f160748b000-7f160768a000 ---p 001c0000 08:01 1839489                    /lib/x86_64-linux-gnu/libc-2.23.so
7f160768a000-7f160768e000 r--p 001bf000 08:01 1839489                    /lib/x86_64-linux-gnu/libc-2.23.so
7f160768e000-7f1607690000 rw-p 001c3000 08:01 1839489                    /lib/x86_64-linux-gnu/libc-2.23.so
7f1607690000-7f1607694000 rw-p 00000000 00:00 0 
7f1607694000-7f1607697000 r-xp 00000000 08:01 1839513                    /lib/x86_64-linux-gnu/libdl-2.23.so
7f1607697000-7f1607896000 ---p 00003000 08:01 1839513                    /lib/x86_64-linux-gnu/libdl-2.23.so
7f1607896000-7f1607897000 r--p 00002000 08:01 1839513                    /lib/x86_64-linux-gnu/libdl-2.23.so
7f1607897000-7f1607898000 rw-p 00003000 08:01 1839513                    /lib/x86_64-linux-gnu/libdl-2.23.so
7f1607898000-7f16078ad000 r-xp 00000000 08:01 4461942                    /usr/lib/jvm/java-8-oracle/lib/amd64/jli/libjli.so
7f16078ad000-7f1607aad000 ---p 00015000 08:01 4461942                    /usr/lib/jvm/java-8-oracle/lib/amd64/jli/libjli.so
7f1607aad000-7f1607aae000 rw-p 00015000 08:01 4461942                    /usr/lib/jvm/java-8-oracle/lib/amd64/jli/libjli.so
7f1607aae000-7f1607ac6000 r-xp 00000000 08:01 1839635                    /lib/x86_64-linux-gnu/libpthread-2.23.so
7f1607ac6000-7f1607cc5000 ---p 00018000 08:01 1839635                    /lib/x86_64-linux-gnu/libpthread-2.23.so
7f1607cc5000-7f1607cc6000 r--p 00017000 08:01 1839635                    /lib/x86_64-linux-gnu/libpthread-2.23.so
7f1607cc6000-7f1607cc7000 rw-p 00018000 08:01 1839635                    /lib/x86_64-linux-gnu/libpthread-2.23.so
7f1607cc7000-7f1607ccb000 rw-p 00000000 00:00 0 
7f1607ccb000-7f1607cf1000 r-xp 00000000 08:01 1839461                    /lib/x86_64-linux-gnu/ld-2.23.so
7f1607cf7000-7f1607dd0000 rw-p 00000000 00:00 0 
7f1607dd0000-7f1607dd3000 ---p 00000000 00:00 0 
7f1607dd3000-7f1607ed5000 rw-p 00000000 00:00 0 
7f1607ed6000-7f1607ee4000 r--s 000e0000 08:01 8259611                    /home/ming/Android/Sdk/build-tools/24.0.2/lib/dx.jar
7f1607ee4000-7f1607eec000 rw-s 00000000 08:01 14680109                   /tmp/hsperfdata_ming/8189
7f1607eec000-7f1607eed000 rw-p 00000000 00:00 0 
7f1607eed000-7f1607eee000 r--p 00000000 00:00 0 
7f1607eee000-7f1607ef0000 rw-p 00000000 00:00 0 
7f1607ef0000-7f1607ef1000 r--p 00025000 08:01 1839461                    /lib/x86_64-linux-gnu/ld-2.23.so
7f1607ef1000-7f1607ef2000 rw-p 00026000 08:01 1839461                    /lib/x86_64-linux-gnu/ld-2.23.so
7f1607ef2000-7f1607ef3000 rw-p 00000000 00:00 0 
7ffdc5812000-7ffdc5833000 rw-p 00000000 00:00 0                          [stack]
7ffdc59f4000-7ffdc59f6000 r--p 00000000 00:00 0                          [vvar]
7ffdc59f6000-7ffdc59f8000 r-xp 00000000 00:00 0                          [vdso]
ffffffffff600000-ffffffffff601000 r-xp 00000000 00:00 0                  [vsyscall]

VM Arguments:
jvm_args: -Djava.awt.headless=true -Xmx1024M -Dfile.encoding=UTF-8 -Duser.country=IN -Duser.language=en -Duser.variant 
java_command: com.android.dx.command.Main --dex --force-jumbo --num-threads=4 --multi-dex --output /home/ming/AndroidStudioProjects/CropinSunnnyDatabase/app/build/intermediates/transforms/dex/debug/folders/1000/10/com.android.support-appcompat-v7-24.2.1_edf22040ce9f53bc0af93762ca4ce75959be4927 /home/ming/AndroidStudioProjects/CropinSunnnyDatabase/app/build/intermediates/exploded-aar/com.android.support/appcompat-v7/24.2.1/jars/classes.jar
java_class_path (initial): /home/ming/Android/Sdk/build-tools/24.0.2/lib/dx.jar
Launcher Type: SUN_STANDARD

Environment Variables:
JAVA_HOME=/usr/lib/jvm/java-8-openjdk-amd64
PATH=/home/ming/bin:/home/ming/.local/bin:/usr/local/sbin:/usr/local/bin:/usr/sbin:/usr/bin:/sbin:/bin:/usr/games:/usr/local/games:/snap/bin
SHELL=/bin/bash
DISPLAY=:0

Signal Handlers:
SIGSEGV: [libjvm.so+0xac4790], sa_mask[0]=11111111011111111101111111111110, sa_flags=SA_RESTART|SA_SIGINFO
SIGBUS: [libjvm.so+0xac4790], sa_mask[0]=11111111011111111101111111111110, sa_flags=SA_RESTART|SA_SIGINFO
SIGFPE: [libjvm.so+0x91f140], sa_mask[0]=11111111011111111101111111111110, sa_flags=SA_RESTART|SA_SIGINFO
SIGPIPE: [libjvm.so+0x91f140], sa_mask[0]=11111111011111111101111111111110, sa_flags=SA_RESTART|SA_SIGINFO
SIGXFSZ: [libjvm.so+0x91f140], sa_mask[0]=11111111011111111101111111111110, sa_flags=SA_RESTART|SA_SIGINFO
SIGILL: [libjvm.so+0x91f140], sa_mask[0]=11111111011111111101111111111110, sa_flags=SA_RESTART|SA_SIGINFO
SIGUSR1: SIG_DFL, sa_mask[0]=00000000000000000000000000000000, sa_flags=none
SIGUSR2: [libjvm.so+0x920770], sa_mask[0]=00100000000000000000000000000000, sa_flags=SA_RESTART|SA_SIGINFO
SIGHUP: [libjvm.so+0x921b70], sa_mask[0]=11111111011111111101111111111110, sa_flags=SA_RESTART|SA_SIGINFO
SIGINT: [libjvm.so+0x921b70], sa_mask[0]=11111111011111111101111111111110, sa_flags=SA_RESTART|SA_SIGINFO
SIGTERM: [libjvm.so+0x921b70], sa_mask[0]=11111111011111111101111111111110, sa_flags=SA_RESTART|SA_SIGINFO
SIGQUIT: [libjvm.so+0x921b70], sa_mask[0]=11111111011111111101111111111110, sa_flags=SA_RESTART|SA_SIGINFO


---------------  S Y S T E M  ---------------

OS:DISTRIB_ID=Ubuntu
DISTRIB_RELEASE=16.04
DISTRIB_CODENAME=xenial
DISTRIB_DESCRIPTION="Ubuntu 16.04.1 LTS"

uname:Linux 4.4.0-38-generic #57-Ubuntu SMP Tue Sep 6 15:42:33 UTC 2016 x86_64
libc:glibc 2.23 NPTL 2.23 
rlimit: STACK 8192k, CORE 0k, NPROC 31278, NOFILE 65536, AS infinity
load average:12.86 6.71 3.10

/proc/meminfo:
MemTotal:        8047424 kB
MemFree:         5408472 kB
MemAvailable:    5551384 kB
Buffers:           32840 kB
Cached:           487368 kB
SwapCached:            0 kB
Active:          2138280 kB
Inactive:         303220 kB
Active(anon):    1929692 kB
Inactive(anon):   167600 kB
Active(file):     208588 kB
Inactive(file):   135620 kB
Unevictable:         216 kB
Mlocked:             216 kB
SwapTotal:             0 kB
SwapFree:              0 kB
Dirty:             16788 kB
Writeback:             0 kB
AnonPages:       1921892 kB
Mapped:           228636 kB
Shmem:            175812 kB
Slab:              80348 kB
SReclaimable:      44396 kB
SUnreclaim:        35952 kB
KernelStack:        9760 kB
PageTables:        36660 kB
NFS_Unstable:          0 kB
Bounce:                0 kB
WritebackTmp:          0 kB
CommitLimit:     4023712 kB
Committed_AS:    5970448 kB
VmallocTotal:   34359738367 kB
VmallocUsed:           0 kB
VmallocChunk:          0 kB
HardwareCorrupted:     0 kB
AnonHugePages:    995328 kB
CmaTotal:              0 kB
CmaFree:               0 kB
HugePages_Total:       0
HugePages_Free:        0
HugePages_Rsvd:        0
HugePages_Surp:        0
Hugepagesize:       2048 kB
DirectMap4k:      153340 kB
DirectMap2M:     8108032 kB


CPU:total 4 (2 cores per cpu, 2 threads per core) family 6 model 58 stepping 9, cmov, cx8, fxsr, mmx, sse, sse2, sse3, ssse3, sse4.1, sse4.2, popcnt, avx, aes, clmul, erms, ht, tsc, tscinvbit, tscinv

/proc/cpuinfo:
processor	: 0
vendor_id	: GenuineIntel
cpu family	: 6
model		: 58
model name	: Intel(R) Core(TM) i5-3337U CPU @ 1.80GHz
stepping	: 9
microcode	: 0x17
cpu MHz		: 2499.960
cache size	: 3072 KB
physical id	: 0
siblings	: 4
core id		: 0
cpu cores	: 2
apicid		: 0
initial apicid	: 0
fpu		: yes
fpu_exception	: yes
cpuid level	: 13
wp		: yes
flags		: fpu vme de pse tsc msr pae mce cx8 apic sep mtrr pge mca cmov pat pse36 clflush dts acpi mmx fxsr sse sse2 ss ht tm pbe syscall nx rdtscp lm constant_tsc arch_perfmon pebs bts rep_good nopl xtopology nonstop_tsc aperfmperf eagerfpu pni pclmulqdq dtes64 monitor ds_cpl vmx est tm2 ssse3 cx16 xtpr pdcm pcid sse4_1 sse4_2 x2apic popcnt tsc_deadline_timer aes xsave avx f16c rdrand lahf_lm epb tpr_shadow vnmi flexpriority ept vpid fsgsbase smep erms xsaveopt dtherm ida arat pln pts
bugs		:
bogomips	: 3591.54
clflush size	: 64
cache_alignment	: 64
address sizes	: 36 bits physical, 48 bits virtual
power management:

processor	: 1
vendor_id	: GenuineIntel
cpu family	: 6
model		: 58
model name	: Intel(R) Core(TM) i5-3337U CPU @ 1.80GHz
stepping	: 9
microcode	: 0x17
cpu MHz		: 2499.960
cache size	: 3072 KB
physical id	: 0
siblings	: 4
core id		: 0
cpu cores	: 2
apicid		: 1
initial apicid	: 1
fpu		: yes
fpu_exception	: yes
cpuid level	: 13
wp		: yes
flags		: fpu vme de pse tsc msr pae mce cx8 apic sep mtrr pge mca cmov pat pse36 clflush dts acpi mmx fxsr sse sse2 ss ht tm pbe syscall nx rdtscp lm constant_tsc arch_perfmon pebs bts rep_good nopl xtopology nonstop_tsc aperfmperf eagerfpu pni pclmulqdq dtes64 monitor ds_cpl vmx est tm2 ssse3 cx16 xtpr pdcm pcid sse4_1 sse4_2 x2apic popcnt tsc_deadline_timer aes xsave avx f16c rdrand lahf_lm epb tpr_shadow vnmi flexpriority ept vpid fsgsbase smep erms xsaveopt dtherm ida arat pln pts
bugs		:
bogomips	: 3591.54
clflush size	: 64
cache_alignment	: 64
address sizes	: 36 bits physical, 48 bits virtual
power management:

processor	: 2
vendor_id	: GenuineIntel
cpu family	: 6
model		: 58
model name	: Intel(R) Core(TM) i5-3337U CPU @ 1.80GHz
stepping	: 9
microcode	: 0x17
cpu MHz		: 2499.960
cache size	: 3072 KB
physical id	: 0
siblings	: 4
core id		: 1
cpu cores	: 2
apicid		: 2
initial apicid	: 2
fpu		: yes
fpu_exception	: yes
cpuid level	: 13
wp		: yes
flags		: fpu vme de pse tsc msr pae mce cx8 apic sep mtrr pge mca cmov pat pse36 clflush dts acpi mmx fxsr sse sse2 ss ht tm pbe syscall nx rdtscp lm constant_tsc arch_perfmon pebs bts rep_good nopl xtopology nonstop_tsc aperfmperf eagerfpu pni pclmulqdq dtes64 monitor ds_cpl vmx est tm2 ssse3 cx16 xtpr pdcm pcid sse4_1 sse4_2 x2apic popcnt tsc_deadline_timer aes xsave avx f16c rdrand lahf_lm epb tpr_shadow vnmi flexpriority ept vpid fsgsbase smep erms xsaveopt dtherm ida arat pln pts
bugs		:
bogomips	: 3591.54
clflush size	: 64
cache_alignment	: 64
address sizes	: 36 bits physical, 48 bits virtual
power management:

processor	: 3
vendor_id	: GenuineIntel
cpu family	: 6
model		: 58
model name	: Intel(R) Core(TM) i5-3337U CPU @ 1.80GHz
stepping	: 9
microcode	: 0x17
cpu MHz		: 2499.960
cache size	: 3072 KB
physical id	: 0
siblings	: 4
core id		: 1
cpu cores	: 2
apicid		: 3
initial apicid	: 3
fpu		: yes
fpu_exception	: yes
cpuid level	: 13
wp		: yes
flags		: fpu vme de pse tsc msr pae mce cx8 apic sep mtrr pge mca cmov pat pse36 clflush dts acpi mmx fxsr sse sse2 ss ht tm pbe syscall nx rdtscp lm constant_tsc arch_perfmon pebs bts rep_good nopl xtopology nonstop_tsc aperfmperf eagerfpu pni pclmulqdq dtes64 monitor ds_cpl vmx est tm2 ssse3 cx16 xtpr pdcm pcid sse4_1 sse4_2 x2apic popcnt tsc_deadline_timer aes xsave avx f16c rdrand lahf_lm epb tpr_shadow vnmi flexpriority ept vpid fsgsbase smep erms xsaveopt dtherm ida arat pln pts
bugs		:
bogomips	: 3591.54
clflush size	: 64
cache_alignment	: 64
address sizes	: 36 bits physical, 48 bits virtual
power management:



Memory: 4k page, physical 8047424k(5408348k free), swap 0k(0k free)

vm_info: Java HotSpot(TM) 64-Bit Server VM (25.101-b13) for linux-amd64 JRE (1.8.0_101-b13), built on Jun 22 2016 02:59:44 by "java_re" with gcc 4.3.0 20080428 (Red Hat 4.3.0-8)

time: Tue Sep 27 12:08:31 2016
elapsed time: 5 seconds (0d 0h 0m 5s)

